;//  ASM code generated by mikroVirtualMachine for PIC - V. 3.0.0.0
;  Date/Time: 26/03/05 09:13:41
;  Info: http://www.mikroelektronika.co.yu


;// ADDRESS	OPCODE	ASM
; ----------------------------------------------
$0000	$2959	GOTO	RelogioDigital_main
$0004	$	RelogioDigital_interrupt:
$0004	$00F1	MOVWF	STACK_i_1
$0005	$0E03	SWAPF	STATUS, W
$0006	$0183	CLRF	STATUS
$0007	$00F2	MOVWF	STACK_i_2
$0008	$0804	MOVF	FSR, W
$0009	$00F0	MOVWF	STACK_i_0
$000A	$080A	MOVF	PCLATH, W
$000B	$00F3	MOVWF	STACK_i_3
$000C	$018A	CLRF	PCLATH
$000D	$3000	MOVLW	0
$000E	$190B	BTFSC	INTCON, 2
$000F	$3001	MOVLW	1
$0010	$00F5	MOVWF	STACK_i_5
$0011	$3001	MOVLW	1
$0012	$0275	SUBWF	STACK_i_5, W
$0013	$1D03	BTFSS	STATUS, Z
$0014	$2818	GOTO	RelogioDigital_L_50
$0015	$	RelogioDigital_L_49:
$0015	$30FF	MOVLW	255
$0016	$00F6	MOVWF	STACK_i_6
$0017	$2819	GOTO	RelogioDigital_L_52
$0018	$	RelogioDigital_L_50:
$0018	$01F6	CLRF	STACK_i_6
$0019	$	RelogioDigital_L_52:
$0019	$30FF	MOVLW	255
$001A	$0276	SUBWF	STACK_i_6, W
$001B	$1D03	BTFSS	STATUS, Z
$001C	$286F	GOTO	RelogioDigital_L_54
$001D	$	RelogioDigital_L_53:
$001D	$110B	BCF	INTCON, 2
$001E	$0AA0	INCF	main_global_indice, F
$001F	$	RelogioDigital_L_57:
$001F	$3001	MOVLW	1
$0020	$0220	SUBWF	main_global_indice, W
$0021	$1D03	BTFSS	STATUS, Z
$0022	$282F	GOTO	RelogioDigital_L_58
$0023	$	RelogioDigital_L_56:
$0023	$1206	BCF	PORTB, 4
$0024	$0820	MOVF	main_global_indice, W
$0025	$00F7	MOVWF	STACK_i_7
$0026	$03F7	DECF	STACK_i_7, F
$0027	$3021	MOVLW	main_global_vetor_display_1
$0028	$0084	MOVWF	FSR
$0029	$0877	MOVF	STACK_i_7, W
$002A	$0784	ADDWF	FSR, F
$002B	$	RelogioDigital_L_59:
$002B	$0800	MOVF	INDF, W
$002C	$0088	MOVWF	PORTD
$002D	$1486	BSF	PORTB, 1
$002E	$286F	GOTO	RelogioDigital_L_55
$002F	$	RelogioDigital_L_58:
$002F	$	RelogioDigital_L_61:
$002F	$3002	MOVLW	2
$0030	$0220	SUBWF	main_global_indice, W
$0031	$1D03	BTFSS	STATUS, Z
$0032	$284E	GOTO	RelogioDigital_L_62
$0033	$	RelogioDigital_L_60:
$0033	$1086	BCF	PORTB, 1
$0034	$0820	MOVF	main_global_indice, W
$0035	$00F7	MOVWF	STACK_i_7
$0036	$03F7	DECF	STACK_i_7, F
$0037	$3021	MOVLW	main_global_vetor_display_1
$0038	$0084	MOVWF	FSR
$0039	$0877	MOVF	STACK_i_7, W
$003A	$0784	ADDWF	FSR, F
$003B	$	RelogioDigital_L_63:
$003B	$0800	MOVF	INDF, W
$003C	$0088	MOVWF	PORTD
$003D	$30FF	MOVLW	255
$003E	$0225	SUBWF	main_global_pisca, W
$003F	$1D03	BTFSS	STATUS, Z
$0040	$2844	GOTO	RelogioDigital_L_65
$0041	$	RelogioDigital_L_64:
$0041	$30FF	MOVLW	255
$0042	$00F8	MOVWF	STACK_i_8
$0043	$2845	GOTO	RelogioDigital_L_67
$0044	$	RelogioDigital_L_65:
$0044	$01F8	CLRF	STACK_i_8
$0045	$	RelogioDigital_L_67:
$0045	$30FF	MOVLW	255
$0046	$0278	SUBWF	STACK_i_8, W
$0047	$1D03	BTFSS	STATUS, Z
$0048	$284C	GOTO	RelogioDigital_L_69
$0049	$	RelogioDigital_L_68:
$0049	$3080	MOVLW	128
$004A	$0408	IORWF	PORTD, W
$004B	$0088	MOVWF	PORTD
$004C	$	RelogioDigital_L_69:
$004C	$	RelogioDigital_L_66:
$004C	$1506	BSF	PORTB, 2
$004D	$286F	GOTO	RelogioDigital_L_55
$004E	$	RelogioDigital_L_62:
$004E	$	RelogioDigital_L_71:
$004E	$3003	MOVLW	3
$004F	$0220	SUBWF	main_global_indice, W
$0050	$1D03	BTFSS	STATUS, Z
$0051	$285E	GOTO	RelogioDigital_L_72
$0052	$	RelogioDigital_L_70:
$0052	$1106	BCF	PORTB, 2
$0053	$0820	MOVF	main_global_indice, W
$0054	$00F7	MOVWF	STACK_i_7
$0055	$03F7	DECF	STACK_i_7, F
$0056	$3021	MOVLW	main_global_vetor_display_1
$0057	$0084	MOVWF	FSR
$0058	$0877	MOVF	STACK_i_7, W
$0059	$0784	ADDWF	FSR, F
$005A	$	RelogioDigital_L_73:
$005A	$0800	MOVF	INDF, W
$005B	$0088	MOVWF	PORTD
$005C	$1586	BSF	PORTB, 3
$005D	$286F	GOTO	RelogioDigital_L_55
$005E	$	RelogioDigital_L_72:
$005E	$	RelogioDigital_L_75:
$005E	$3004	MOVLW	4
$005F	$0220	SUBWF	main_global_indice, W
$0060	$1D03	BTFSS	STATUS, Z
$0061	$286F	GOTO	RelogioDigital_L_76
$0062	$	RelogioDigital_L_74:
$0062	$1186	BCF	PORTB, 3
$0063	$0820	MOVF	main_global_indice, W
$0064	$00F7	MOVWF	STACK_i_7
$0065	$03F7	DECF	STACK_i_7, F
$0066	$3021	MOVLW	main_global_vetor_display_1
$0067	$0084	MOVWF	FSR
$0068	$0877	MOVF	STACK_i_7, W
$0069	$0784	ADDWF	FSR, F
$006A	$	RelogioDigital_L_77:
$006A	$0800	MOVF	INDF, W
$006B	$0088	MOVWF	PORTD
$006C	$1606	BSF	PORTB, 4
$006D	$01A0	CLRF	main_global_indice
$006E	$286F	GOTO	RelogioDigital_L_55
$006F	$	RelogioDigital_L_76:
$006F	$	RelogioDigital_L_55:
$006F	$	RelogioDigital_L_54:
$006F	$	RelogioDigital_L_51:
$006F	$3000	MOVLW	0
$0070	$180C	BTFSC	PIR1, 0
$0071	$3001	MOVLW	1
$0072	$00F9	MOVWF	STACK_i_9
$0073	$3001	MOVLW	1
$0074	$0279	SUBWF	STACK_i_9, W
$0075	$1D03	BTFSS	STATUS, Z
$0076	$287A	GOTO	RelogioDigital_L_79
$0077	$	RelogioDigital_L_78:
$0077	$30FF	MOVLW	255
$0078	$00FA	MOVWF	STACK_i_10
$0079	$287B	GOTO	RelogioDigital_L_81
$007A	$	RelogioDigital_L_79:
$007A	$01FA	CLRF	STACK_i_10
$007B	$	RelogioDigital_L_81:
$007B	$30FF	MOVLW	255
$007C	$027A	SUBWF	STACK_i_10, W
$007D	$1D03	BTFSS	STATUS, Z
$007E	$28DD	GOTO	RelogioDigital_L_83
$007F	$	RelogioDigital_L_82:
$007F	$300B	MOVLW	11
$0080	$008F	MOVWF	TMR1H
$0081	$30DC	MOVLW	220
$0082	$008E	MOVWF	TMR1L
$0083	$100C	BCF	PIR1, 0
$0084	$09A5	COMF	main_global_pisca, F
$0085	$03A6	DECF	main_global_vezes_tmr1, F
$0086	$3000	MOVLW	0
$0087	$0226	SUBWF	main_global_vezes_tmr1, W
$0088	$1D03	BTFSS	STATUS, Z
$0089	$288D	GOTO	RelogioDigital_L_85
$008A	$	RelogioDigital_L_84:
$008A	$30FF	MOVLW	255
$008B	$00FA	MOVWF	STACK_i_10
$008C	$288E	GOTO	RelogioDigital_L_87
$008D	$	RelogioDigital_L_85:
$008D	$01FA	CLRF	STACK_i_10
$008E	$	RelogioDigital_L_87:
$008E	$30FF	MOVLW	255
$008F	$027A	SUBWF	STACK_i_10, W
$0090	$1D03	BTFSS	STATUS, Z
$0091	$28DD	GOTO	RelogioDigital_L_89
$0092	$	RelogioDigital_L_88:
$0092	$3078	MOVLW	120
$0093	$00A6	MOVWF	main_global_vezes_tmr1
$0094	$0AA7	INCF	main_global_minuto_lsb, F
$0095	$300A	MOVLW	10
$0096	$0227	SUBWF	main_global_minuto_lsb, W
$0097	$1903	BTFSC	STATUS, Z
$0098	$289C	GOTO	RelogioDigital_L_91
$0099	$	RelogioDigital_L_90:
$0099	$30FF	MOVLW	255
$009A	$00FA	MOVWF	STACK_i_10
$009B	$289D	GOTO	RelogioDigital_L_93
$009C	$	RelogioDigital_L_91:
$009C	$01FA	CLRF	STACK_i_10
$009D	$	RelogioDigital_L_93:
$009D	$30FF	MOVLW	255
$009E	$027A	SUBWF	STACK_i_10, W
$009F	$1D03	BTFSS	STATUS, Z
$00A0	$28A2	GOTO	RelogioDigital_L_95
$00A1	$	RelogioDigital_L_94:
$00A1	$28DD	GOTO	RelogioDigital_interrupt_sai_int
$00A2	$	RelogioDigital_L_95:
$00A2	$	RelogioDigital_L_92:
$00A2	$01A7	CLRF	main_global_minuto_lsb
$00A3	$0AA8	INCF	main_global_minuto_msb, F
$00A4	$3006	MOVLW	6
$00A5	$0228	SUBWF	main_global_minuto_msb, W
$00A6	$1903	BTFSC	STATUS, Z
$00A7	$28AB	GOTO	RelogioDigital_L_97
$00A8	$	RelogioDigital_L_96:
$00A8	$30FF	MOVLW	255
$00A9	$00FA	MOVWF	STACK_i_10
$00AA	$28AC	GOTO	RelogioDigital_L_99
$00AB	$	RelogioDigital_L_97:
$00AB	$01FA	CLRF	STACK_i_10
$00AC	$	RelogioDigital_L_99:
$00AC	$30FF	MOVLW	255
$00AD	$027A	SUBWF	STACK_i_10, W
$00AE	$1D03	BTFSS	STATUS, Z
$00AF	$28B1	GOTO	RelogioDigital_L_101
$00B0	$	RelogioDigital_L_100:
$00B0	$28DD	GOTO	RelogioDigital_interrupt_sai_int
$00B1	$	RelogioDigital_L_101:
$00B1	$	RelogioDigital_L_98:
$00B1	$01A8	CLRF	main_global_minuto_msb
$00B2	$0AA9	INCF	main_global_hora_lsb, F
$00B3	$3002	MOVLW	2
$00B4	$022A	SUBWF	main_global_hora_msb, W
$00B5	$1D03	BTFSS	STATUS, Z
$00B6	$28BA	GOTO	RelogioDigital_L_103
$00B7	$	RelogioDigital_L_102:
$00B7	$30FF	MOVLW	255
$00B8	$00FA	MOVWF	STACK_i_10
$00B9	$28BB	GOTO	RelogioDigital_L_105
$00BA	$	RelogioDigital_L_103:
$00BA	$01FA	CLRF	STACK_i_10
$00BB	$	RelogioDigital_L_105:
$00BB	$30FF	MOVLW	255
$00BC	$027A	SUBWF	STACK_i_10, W
$00BD	$1D03	BTFSS	STATUS, Z
$00BE	$28CE	GOTO	RelogioDigital_L_107
$00BF	$	RelogioDigital_L_106:
$00BF	$3004	MOVLW	4
$00C0	$0229	SUBWF	main_global_hora_lsb, W
$00C1	$1D03	BTFSS	STATUS, Z
$00C2	$28C6	GOTO	RelogioDigital_L_109
$00C3	$	RelogioDigital_L_108:
$00C3	$30FF	MOVLW	255
$00C4	$00FA	MOVWF	STACK_i_10
$00C5	$28C7	GOTO	RelogioDigital_L_111
$00C6	$	RelogioDigital_L_109:
$00C6	$01FA	CLRF	STACK_i_10
$00C7	$	RelogioDigital_L_111:
$00C7	$30FF	MOVLW	255
$00C8	$027A	SUBWF	STACK_i_10, W
$00C9	$1D03	BTFSS	STATUS, Z
$00CA	$28CE	GOTO	RelogioDigital_L_113
$00CB	$	RelogioDigital_L_112:
$00CB	$01AA	CLRF	main_global_hora_msb
$00CC	$01A9	CLRF	main_global_hora_lsb
$00CD	$28DD	GOTO	RelogioDigital_interrupt_sai_int
$00CE	$	RelogioDigital_L_113:
$00CE	$	RelogioDigital_L_110:
$00CE	$	RelogioDigital_L_107:
$00CE	$	RelogioDigital_L_104:
$00CE	$300A	MOVLW	10
$00CF	$0229	SUBWF	main_global_hora_lsb, W
$00D0	$1903	BTFSC	STATUS, Z
$00D1	$28D5	GOTO	RelogioDigital_L_115
$00D2	$	RelogioDigital_L_114:
$00D2	$30FF	MOVLW	255
$00D3	$00FA	MOVWF	STACK_i_10
$00D4	$28D6	GOTO	RelogioDigital_L_117
$00D5	$	RelogioDigital_L_115:
$00D5	$01FA	CLRF	STACK_i_10
$00D6	$	RelogioDigital_L_117:
$00D6	$30FF	MOVLW	255
$00D7	$027A	SUBWF	STACK_i_10, W
$00D8	$1D03	BTFSS	STATUS, Z
$00D9	$28DB	GOTO	RelogioDigital_L_119
$00DA	$	RelogioDigital_L_118:
$00DA	$28DD	GOTO	RelogioDigital_interrupt_sai_int
$00DB	$	RelogioDigital_L_119:
$00DB	$	RelogioDigital_L_116:
$00DB	$01A9	CLRF	main_global_hora_lsb
$00DC	$0AAA	INCF	main_global_hora_msb, F
$00DD	$	RelogioDigital_L_89:
$00DD	$	RelogioDigital_L_86:
$00DD	$	RelogioDigital_L_83:
$00DD	$	RelogioDigital_L_80:
$00DD	$	RelogioDigital_interrupt_sai_int:
$00DD	$0873	MOVF	STACK_i_3, W
$00DE	$008A	MOVWF	PCLATH
$00DF	$0870	MOVF	STACK_i_0, W
$00E0	$0084	MOVWF	FSR
$00E1	$0E72	SWAPF	STACK_i_2, W
$00E2	$0083	MOVWF	STATUS
$00E3	$0EF1	SWAPF	STACK_i_1, F
$00E4	$0E71	SWAPF	STACK_i_1, W
$00E5	$0009	RETFIE
$00E6	$	RelogioDigital_converte_to_7seg:
$00E6	$	RelogioDigital_L_2:
$00E6	$3000	MOVLW	0
$00E7	$1303	BCF	STATUS,RP1
$00E8	$1283	BCF	STATUS,RP0
$00E9	$022C	SUBWF	relogiodigital_converte_to_7seg_param_dado, W
$00EA	$1D03	BTFSS	STATUS, Z
$00EB	$28EF	GOTO	RelogioDigital_L_3
$00EC	$	RelogioDigital_L_1:
$00EC	$303F	MOVLW	63
$00ED	$00AB	MOVWF	relogiodigital_converte_to_7seg_local_result
$00EE	$2958	GOTO	RelogioDigital_L_0
$00EF	$	RelogioDigital_L_3:
$00EF	$	RelogioDigital_L_5:
$00EF	$3001	MOVLW	1
$00F0	$022C	SUBWF	relogiodigital_converte_to_7seg_param_dado, W
$00F1	$1D03	BTFSS	STATUS, Z
$00F2	$28F6	GOTO	RelogioDigital_L_6
$00F3	$	RelogioDigital_L_4:
$00F3	$3006	MOVLW	6
$00F4	$00AB	MOVWF	relogiodigital_converte_to_7seg_local_result
$00F5	$2958	GOTO	RelogioDigital_L_0
$00F6	$	RelogioDigital_L_6:
$00F6	$	RelogioDigital_L_8:
$00F6	$3002	MOVLW	2
$00F7	$022C	SUBWF	relogiodigital_converte_to_7seg_param_dado, W
$00F8	$1D03	BTFSS	STATUS, Z
$00F9	$28FD	GOTO	RelogioDigital_L_9
$00FA	$	RelogioDigital_L_7:
$00FA	$305B	MOVLW	91
$00FB	$00AB	MOVWF	relogiodigital_converte_to_7seg_local_result
$00FC	$2958	GOTO	RelogioDigital_L_0
$00FD	$	RelogioDigital_L_9:
$00FD	$	RelogioDigital_L_11:
$00FD	$3003	MOVLW	3
$00FE	$022C	SUBWF	relogiodigital_converte_to_7seg_param_dado, W
$00FF	$1D03	BTFSS	STATUS, Z
$0100	$2904	GOTO	RelogioDigital_L_12
$0101	$	RelogioDigital_L_10:
$0101	$304F	MOVLW	79
$0102	$00AB	MOVWF	relogiodigital_converte_to_7seg_local_result
$0103	$2958	GOTO	RelogioDigital_L_0
$0104	$	RelogioDigital_L_12:
$0104	$	RelogioDigital_L_14:
$0104	$3004	MOVLW	4
$0105	$022C	SUBWF	relogiodigital_converte_to_7seg_param_dado, W
$0106	$1D03	BTFSS	STATUS, Z
$0107	$290B	GOTO	RelogioDigital_L_15
$0108	$	RelogioDigital_L_13:
$0108	$3066	MOVLW	102
$0109	$00AB	MOVWF	relogiodigital_converte_to_7seg_local_result
$010A	$2958	GOTO	RelogioDigital_L_0
$010B	$	RelogioDigital_L_15:
$010B	$	RelogioDigital_L_17:
$010B	$3005	MOVLW	5
$010C	$022C	SUBWF	relogiodigital_converte_to_7seg_param_dado, W
$010D	$1D03	BTFSS	STATUS, Z
$010E	$2912	GOTO	RelogioDigital_L_18
$010F	$	RelogioDigital_L_16:
$010F	$306D	MOVLW	109
$0110	$00AB	MOVWF	relogiodigital_converte_to_7seg_local_result
$0111	$2958	GOTO	RelogioDigital_L_0
$0112	$	RelogioDigital_L_18:
$0112	$	RelogioDigital_L_20:
$0112	$3006	MOVLW	6
$0113	$022C	SUBWF	relogiodigital_converte_to_7seg_param_dado, W
$0114	$1D03	BTFSS	STATUS, Z
$0115	$2919	GOTO	RelogioDigital_L_21
$0116	$	RelogioDigital_L_19:
$0116	$307D	MOVLW	125
$0117	$00AB	MOVWF	relogiodigital_converte_to_7seg_local_result
$0118	$2958	GOTO	RelogioDigital_L_0
$0119	$	RelogioDigital_L_21:
$0119	$	RelogioDigital_L_23:
$0119	$3007	MOVLW	7
$011A	$022C	SUBWF	relogiodigital_converte_to_7seg_param_dado, W
$011B	$1D03	BTFSS	STATUS, Z
$011C	$2920	GOTO	RelogioDigital_L_24
$011D	$	RelogioDigital_L_22:
$011D	$3007	MOVLW	7
$011E	$00AB	MOVWF	relogiodigital_converte_to_7seg_local_result
$011F	$2958	GOTO	RelogioDigital_L_0
$0120	$	RelogioDigital_L_24:
$0120	$	RelogioDigital_L_26:
$0120	$3008	MOVLW	8
$0121	$022C	SUBWF	relogiodigital_converte_to_7seg_param_dado, W
$0122	$1D03	BTFSS	STATUS, Z
$0123	$2927	GOTO	RelogioDigital_L_27
$0124	$	RelogioDigital_L_25:
$0124	$307F	MOVLW	127
$0125	$00AB	MOVWF	relogiodigital_converte_to_7seg_local_result
$0126	$2958	GOTO	RelogioDigital_L_0
$0127	$	RelogioDigital_L_27:
$0127	$	RelogioDigital_L_29:
$0127	$3009	MOVLW	9
$0128	$022C	SUBWF	relogiodigital_converte_to_7seg_param_dado, W
$0129	$1D03	BTFSS	STATUS, Z
$012A	$292E	GOTO	RelogioDigital_L_30
$012B	$	RelogioDigital_L_28:
$012B	$306F	MOVLW	111
$012C	$00AB	MOVWF	relogiodigital_converte_to_7seg_local_result
$012D	$2958	GOTO	RelogioDigital_L_0
$012E	$	RelogioDigital_L_30:
$012E	$	RelogioDigital_L_32:
$012E	$300A	MOVLW	10
$012F	$022C	SUBWF	relogiodigital_converte_to_7seg_param_dado, W
$0130	$1D03	BTFSS	STATUS, Z
$0131	$2935	GOTO	RelogioDigital_L_33
$0132	$	RelogioDigital_L_31:
$0132	$3077	MOVLW	119
$0133	$00AB	MOVWF	relogiodigital_converte_to_7seg_local_result
$0134	$2958	GOTO	RelogioDigital_L_0
$0135	$	RelogioDigital_L_33:
$0135	$	RelogioDigital_L_35:
$0135	$300B	MOVLW	11
$0136	$022C	SUBWF	relogiodigital_converte_to_7seg_param_dado, W
$0137	$1D03	BTFSS	STATUS, Z
$0138	$293C	GOTO	RelogioDigital_L_36
$0139	$	RelogioDigital_L_34:
$0139	$307C	MOVLW	124
$013A	$00AB	MOVWF	relogiodigital_converte_to_7seg_local_result
$013B	$2958	GOTO	RelogioDigital_L_0
$013C	$	RelogioDigital_L_36:
$013C	$	RelogioDigital_L_38:
$013C	$300C	MOVLW	12
$013D	$022C	SUBWF	relogiodigital_converte_to_7seg_param_dado, W
$013E	$1D03	BTFSS	STATUS, Z
$013F	$2943	GOTO	RelogioDigital_L_39
$0140	$	RelogioDigital_L_37:
$0140	$3039	MOVLW	57
$0141	$00AB	MOVWF	relogiodigital_converte_to_7seg_local_result
$0142	$2958	GOTO	RelogioDigital_L_0
$0143	$	RelogioDigital_L_39:
$0143	$	RelogioDigital_L_41:
$0143	$300D	MOVLW	13
$0144	$022C	SUBWF	relogiodigital_converte_to_7seg_param_dado, W
$0145	$1D03	BTFSS	STATUS, Z
$0146	$294A	GOTO	RelogioDigital_L_42
$0147	$	RelogioDigital_L_40:
$0147	$305E	MOVLW	94
$0148	$00AB	MOVWF	relogiodigital_converte_to_7seg_local_result
$0149	$2958	GOTO	RelogioDigital_L_0
$014A	$	RelogioDigital_L_42:
$014A	$	RelogioDigital_L_44:
$014A	$300E	MOVLW	14
$014B	$022C	SUBWF	relogiodigital_converte_to_7seg_param_dado, W
$014C	$1D03	BTFSS	STATUS, Z
$014D	$2951	GOTO	RelogioDigital_L_45
$014E	$	RelogioDigital_L_43:
$014E	$3079	MOVLW	121
$014F	$00AB	MOVWF	relogiodigital_converte_to_7seg_local_result
$0150	$2958	GOTO	RelogioDigital_L_0
$0151	$	RelogioDigital_L_45:
$0151	$	RelogioDigital_L_47:
$0151	$300F	MOVLW	15
$0152	$022C	SUBWF	relogiodigital_converte_to_7seg_param_dado, W
$0153	$1D03	BTFSS	STATUS, Z
$0154	$2958	GOTO	RelogioDigital_L_48
$0155	$	RelogioDigital_L_46:
$0155	$3071	MOVLW	113
$0156	$00AB	MOVWF	relogiodigital_converte_to_7seg_local_result
$0157	$2958	GOTO	RelogioDigital_L_0
$0158	$	RelogioDigital_L_48:
$0158	$	RelogioDigital_L_0:
$0158	$0008	RETURN
$0159	$	RelogioDigital_main:
$0159	$	RelogioDigital_main_main:
$0159	$1303	BCF	STATUS,RP1
$015A	$1683	BSF	STATUS,RP0
$015B	$0185	CLRF	TRISA
$015C	$0186	CLRF	TRISB
$015D	$0188	CLRF	TRISD
$015E	$3080	MOVLW	128
$015F	$0081	MOVWF	OPTION_REG
$0160	$1283	BCF	STATUS,RP0
$0161	$01A0	CLRF	main_global_indice
$0162	$01AA	CLRF	main_global_hora_msb
$0163	$01A9	CLRF	main_global_hora_lsb
$0164	$01A8	CLRF	main_global_minuto_msb
$0165	$01A7	CLRF	main_global_minuto_lsb
$0166	$3001	MOVLW	1
$0167	$1683	BSF	STATUS,RP0
$0168	$008C	MOVWF	PIE1
$0169	$3031	MOVLW	49
$016A	$1283	BCF	STATUS,RP0
$016B	$0090	MOVWF	T1CON
$016C	$300B	MOVLW	11
$016D	$008F	MOVWF	TMR1H
$016E	$30DC	MOVLW	220
$016F	$008E	MOVWF	TMR1L
$0170	$3078	MOVLW	120
$0171	$00A6	MOVWF	main_global_vezes_tmr1
$0172	$01A5	CLRF	main_global_pisca
$0173	$30E0	MOVLW	224
$0174	$008B	MOVWF	INTCON
$0175	$	RelogioDigital_main_loop_principal:
$0175	$	RelogioDigital_L_120:
$0175	$	RelogioDigital_L_121:
$0175	$082A	MOVF	main_global_hora_msb, W
$0176	$00AC	MOVWF	relogiodigital_converte_to_7seg_param_dado
$0177	$20E6	CALL	RelogioDigital_converte_to_7seg
$0178	$1303	BCF	STATUS,RP1
$0179	$1283	BCF	STATUS,RP0
$017A	$082B	MOVF	relogiodigital_converte_to_7seg_local_result, W
$017B	$00A1	MOVWF	main_global_vetor_display_1
$017C	$0829	MOVF	main_global_hora_lsb, W
$017D	$00AC	MOVWF	relogiodigital_converte_to_7seg_param_dado
$017E	$20E6	CALL	RelogioDigital_converte_to_7seg
$017F	$1303	BCF	STATUS,RP1
$0180	$1283	BCF	STATUS,RP0
$0181	$082B	MOVF	relogiodigital_converte_to_7seg_local_result, W
$0182	$00A2	MOVWF	main_global_vetor_display_2
$0183	$0828	MOVF	main_global_minuto_msb, W
$0184	$00AC	MOVWF	relogiodigital_converte_to_7seg_param_dado
$0185	$20E6	CALL	RelogioDigital_converte_to_7seg
$0186	$1303	BCF	STATUS,RP1
$0187	$1283	BCF	STATUS,RP0
$0188	$082B	MOVF	relogiodigital_converte_to_7seg_local_result, W
$0189	$00A3	MOVWF	main_global_vetor_display_3
$018A	$0827	MOVF	main_global_minuto_lsb, W
$018B	$00AC	MOVWF	relogiodigital_converte_to_7seg_param_dado
$018C	$20E6	CALL	RelogioDigital_converte_to_7seg
$018D	$1303	BCF	STATUS,RP1
$018E	$1283	BCF	STATUS,RP0
$018F	$082B	MOVF	relogiodigital_converte_to_7seg_local_result, W
$0190	$00A4	MOVWF	main_global_vetor_display_4
$0191	$2975	GOTO	RelogioDigital_L_120
$0192	$	RelogioDigital_L_122:
$0192	$	RelogioDigital_L_123:
$0192	$2992	GOTO	RelogioDigital_L_123


//** Procedures locations **
//ADDRESS		PROCEDURE
//----------------------------------------------
$0004		interrupt
$00E6		Converte_to_7seg
$0159		main
;*** procedure  	Converte_to_7seg  ***;
;*** procedure  	interrupt  ***;
;*** procedure  	main  ***;


//** Labels locations **
//ADDRESS		LABEL
//----------------------------------------------
$0004		RelogioDigital_interrupt:
$0015		RelogioDigital_L_49:
$0018		RelogioDigital_L_50:
$0019		RelogioDigital_L_52:
$001D		RelogioDigital_L_53:
$001F		RelogioDigital_L_57:
$0023		RelogioDigital_L_56:
$002B		RelogioDigital_L_59:
$002F		RelogioDigital_L_58:
$002F		RelogioDigital_L_61:
$0033		RelogioDigital_L_60:
$003B		RelogioDigital_L_63:
$0041		RelogioDigital_L_64:
$0044		RelogioDigital_L_65:
$0045		RelogioDigital_L_67:
$0049		RelogioDigital_L_68:
$004C		RelogioDigital_L_66:
$004C		RelogioDigital_L_69:
$004E		RelogioDigital_L_62:
$004E		RelogioDigital_L_71:
$0052		RelogioDigital_L_70:
$005A		RelogioDigital_L_73:
$005E		RelogioDigital_L_72:
$005E		RelogioDigital_L_75:
$0062		RelogioDigital_L_74:
$006A		RelogioDigital_L_77:
$006F		RelogioDigital_L_51:
$006F		RelogioDigital_L_54:
$006F		RelogioDigital_L_55:
$006F		RelogioDigital_L_76:
$0077		RelogioDigital_L_78:
$007A		RelogioDigital_L_79:
$007B		RelogioDigital_L_81:
$007F		RelogioDigital_L_82:
$008A		RelogioDigital_L_84:
$008D		RelogioDigital_L_85:
$008E		RelogioDigital_L_87:
$0092		RelogioDigital_L_88:
$0099		RelogioDigital_L_90:
$009C		RelogioDigital_L_91:
$009D		RelogioDigital_L_93:
$00A1		RelogioDigital_L_94:
$00A2		RelogioDigital_L_92:
$00A2		RelogioDigital_L_95:
$00A8		RelogioDigital_L_96:
$00AB		RelogioDigital_L_97:
$00AC		RelogioDigital_L_99:
$00B0		RelogioDigital_L_100:
$00B1		RelogioDigital_L_101:
$00B1		RelogioDigital_L_98:
$00B7		RelogioDigital_L_102:
$00BA		RelogioDigital_L_103:
$00BB		RelogioDigital_L_105:
$00BF		RelogioDigital_L_106:
$00C3		RelogioDigital_L_108:
$00C6		RelogioDigital_L_109:
$00C7		RelogioDigital_L_111:
$00CB		RelogioDigital_L_112:
$00CE		RelogioDigital_L_104:
$00CE		RelogioDigital_L_107:
$00CE		RelogioDigital_L_110:
$00CE		RelogioDigital_L_113:
$00D2		RelogioDigital_L_114:
$00D5		RelogioDigital_L_115:
$00D6		RelogioDigital_L_117:
$00DA		RelogioDigital_L_118:
$00DB		RelogioDigital_L_116:
$00DB		RelogioDigital_L_119:
$00DD		RelogioDigital_interrupt_sai_int:
$00DD		RelogioDigital_L_80:
$00DD		RelogioDigital_L_83:
$00DD		RelogioDigital_L_86:
$00DD		RelogioDigital_L_89:
$00E6		RelogioDigital_converte_to_7seg:
$00E6		RelogioDigital_L_2:
$00EC		RelogioDigital_L_1:
$00EF		RelogioDigital_L_3:
$00EF		RelogioDigital_L_5:
$00F3		RelogioDigital_L_4:
$00F6		RelogioDigital_L_6:
$00F6		RelogioDigital_L_8:
$00FA		RelogioDigital_L_7:
$00FD		RelogioDigital_L_11:
$00FD		RelogioDigital_L_9:
$0101		RelogioDigital_L_10:
$0104		RelogioDigital_L_12:
$0104		RelogioDigital_L_14:
$0108		RelogioDigital_L_13:
$010B		RelogioDigital_L_15:
$010B		RelogioDigital_L_17:
$010F		RelogioDigital_L_16:
$0112		RelogioDigital_L_18:
$0112		RelogioDigital_L_20:
$0116		RelogioDigital_L_19:
$0119		RelogioDigital_L_21:
$0119		RelogioDigital_L_23:
$011D		RelogioDigital_L_22:
$0120		RelogioDigital_L_24:
$0120		RelogioDigital_L_26:
$0124		RelogioDigital_L_25:
$0127		RelogioDigital_L_27:
$0127		RelogioDigital_L_29:
$012B		RelogioDigital_L_28:
$012E		RelogioDigital_L_30:
$012E		RelogioDigital_L_32:
$0132		RelogioDigital_L_31:
$0135		RelogioDigital_L_33:
$0135		RelogioDigital_L_35:
$0139		RelogioDigital_L_34:
$013C		RelogioDigital_L_36:
$013C		RelogioDigital_L_38:
$0140		RelogioDigital_L_37:
$0143		RelogioDigital_L_39:
$0143		RelogioDigital_L_41:
$0147		RelogioDigital_L_40:
$014A		RelogioDigital_L_42:
$014A		RelogioDigital_L_44:
$014E		RelogioDigital_L_43:
$0151		RelogioDigital_L_45:
$0151		RelogioDigital_L_47:
$0155		RelogioDigital_L_46:
$0158		RelogioDigital_L_0:
$0158		RelogioDigital_L_48:
$0159		RelogioDigital_main:
$0159		RelogioDigital_main_main:
$0175		RelogioDigital_L_120:
$0175		RelogioDigital_L_121:
$0175		RelogioDigital_main_loop_principal:
$0192		RelogioDigital_L_122:
$0192		RelogioDigital_L_123:


//** Variables locations **
//ADDRESS		VARIABLE
//----------------------------------------------
$0000		INDF
$0002		PCL
$0003		STATUS
$0004		FSR
$0006		PORTB
$0008		PORTD
$000A		PCLATH
$000B		INTCON
$000C		PIR1
$000E		TMR1L
$000F		TMR1H
$0010		T1CON
$0020		main_global_indice
$0021		main_global_vetor_display
$0025		main_global_pisca
$0026		main_global_vezes_tmr1
$0027		main_global_minuto_lsb
$0028		main_global_minuto_msb
$0029		main_global_hora_lsb
$002A		main_global_hora_msb
$002B		relogiodigital_converte_to_7seg_local_result
$002C		relogiodigital_converte_to_7seg_param_dado
$0070		STACK_I_0
$0071		STACK_I_1
$0072		STACK_I_2
$0073		STACK_I_3
$0074		STACK_I_4
$0075		STACK_I_5
$0076		STACK_I_6
$0077		STACK_I_7
$0078		STACK_I_8
$0079		STACK_I_9
$007A		STACK_I_10
$007B		STACK_I_11
$007C		STACK_0
$007D		STACK_1
$007E		STACK_2
$007F		STACK_3
$0081		OPTION_REG
$0085		TRISA
$0086		TRISB
$0088		TRISD
$008C		PIE1


