;//  ASM code generated by mikroVirtualMachine for PIC - V. 3.0.0.0
;  Date/Time: 28/03/05 21:18:51
;  Info: http://www.mikroelektronika.co.yu


;// ADDRESS	OPCODE	ASM
; ----------------------------------------------
$0000	$2963	GOTO	Relogio_main
$0004	$	Relogio_interrupt:
$0004	$00F1	MOVWF	STACK_i_1
$0005	$0E03	SWAPF	STATUS, W
$0006	$0183	CLRF	STATUS
$0007	$00F2	MOVWF	STACK_i_2
$0008	$0804	MOVF	FSR, W
$0009	$00F0	MOVWF	STACK_i_0
$000A	$080A	MOVF	PCLATH, W
$000B	$00F3	MOVWF	STACK_i_3
$000C	$018A	CLRF	PCLATH
$000D	$3000	MOVLW	0
$000E	$190B	BTFSC	INTCON, 2
$000F	$3001	MOVLW	1
$0010	$00F5	MOVWF	STACK_i_5
$0011	$3001	MOVLW	1
$0012	$0275	SUBWF	STACK_i_5, W
$0013	$1D03	BTFSS	STATUS, Z
$0014	$2818	GOTO	Relogio_L_50
$0015	$	Relogio_L_49:
$0015	$30FF	MOVLW	255
$0016	$00F6	MOVWF	STACK_i_6
$0017	$2819	GOTO	Relogio_L_52
$0018	$	Relogio_L_50:
$0018	$01F6	CLRF	STACK_i_6
$0019	$	Relogio_L_52:
$0019	$30FF	MOVLW	255
$001A	$0276	SUBWF	STACK_i_6, W
$001B	$1D03	BTFSS	STATUS, Z
$001C	$288C	GOTO	Relogio_L_54
$001D	$	Relogio_L_53:
$001D	$110B	BCF	INTCON, 2
$001E	$0AA0	INCF	main_global_indice, F
$001F	$3001	MOVLW	1
$0020	$0220	SUBWF	main_global_indice, W
$0021	$1D03	BTFSS	STATUS, Z
$0022	$2826	GOTO	Relogio_L_56
$0023	$	Relogio_L_55:
$0023	$30FF	MOVLW	255
$0024	$00F6	MOVWF	STACK_i_6
$0025	$2827	GOTO	Relogio_L_58
$0026	$	Relogio_L_56:
$0026	$01F6	CLRF	STACK_i_6
$0027	$	Relogio_L_58:
$0027	$30FF	MOVLW	255
$0028	$0276	SUBWF	STACK_i_6, W
$0029	$1D03	BTFSS	STATUS, Z
$002A	$2836	GOTO	Relogio_L_60
$002B	$	Relogio_L_59:
$002B	$1206	BCF	PORTB, 4
$002C	$0820	MOVF	main_global_indice, W
$002D	$00F6	MOVWF	STACK_i_6
$002E	$03F6	DECF	STACK_i_6, F
$002F	$3021	MOVLW	main_global_vetor_display_1
$0030	$0084	MOVWF	FSR
$0031	$0876	MOVF	STACK_i_6, W
$0032	$0784	ADDWF	FSR, F
$0033	$	Relogio_L_61:
$0033	$0800	MOVF	INDF, W
$0034	$0088	MOVWF	PORTD
$0035	$1486	BSF	PORTB, 1
$0036	$	Relogio_L_60:
$0036	$	Relogio_L_57:
$0036	$3002	MOVLW	2
$0037	$0220	SUBWF	main_global_indice, W
$0038	$1D03	BTFSS	STATUS, Z
$0039	$283D	GOTO	Relogio_L_63
$003A	$	Relogio_L_62:
$003A	$30FF	MOVLW	255
$003B	$00F8	MOVWF	STACK_i_8
$003C	$283E	GOTO	Relogio_L_65
$003D	$	Relogio_L_63:
$003D	$01F8	CLRF	STACK_i_8
$003E	$	Relogio_L_65:
$003E	$30FF	MOVLW	255
$003F	$0278	SUBWF	STACK_i_8, W
$0040	$1D03	BTFSS	STATUS, Z
$0041	$285C	GOTO	Relogio_L_67
$0042	$	Relogio_L_66:
$0042	$1086	BCF	PORTB, 1
$0043	$0820	MOVF	main_global_indice, W
$0044	$00F8	MOVWF	STACK_i_8
$0045	$03F8	DECF	STACK_i_8, F
$0046	$3021	MOVLW	main_global_vetor_display_1
$0047	$0084	MOVWF	FSR
$0048	$0878	MOVF	STACK_i_8, W
$0049	$0784	ADDWF	FSR, F
$004A	$	Relogio_L_68:
$004A	$0800	MOVF	INDF, W
$004B	$0088	MOVWF	PORTD
$004C	$30FF	MOVLW	255
$004D	$0225	SUBWF	main_global_pisca, W
$004E	$1D03	BTFSS	STATUS, Z
$004F	$2853	GOTO	Relogio_L_70
$0050	$	Relogio_L_69:
$0050	$30FF	MOVLW	255
$0051	$00F9	MOVWF	STACK_i_9
$0052	$2854	GOTO	Relogio_L_72
$0053	$	Relogio_L_70:
$0053	$01F9	CLRF	STACK_i_9
$0054	$	Relogio_L_72:
$0054	$30FF	MOVLW	255
$0055	$0279	SUBWF	STACK_i_9, W
$0056	$1D03	BTFSS	STATUS, Z
$0057	$285B	GOTO	Relogio_L_74
$0058	$	Relogio_L_73:
$0058	$3080	MOVLW	128
$0059	$0408	IORWF	PORTD, W
$005A	$0088	MOVWF	PORTD
$005B	$	Relogio_L_74:
$005B	$	Relogio_L_71:
$005B	$1506	BSF	PORTB, 2
$005C	$	Relogio_L_67:
$005C	$	Relogio_L_64:
$005C	$3003	MOVLW	3
$005D	$0220	SUBWF	main_global_indice, W
$005E	$1D03	BTFSS	STATUS, Z
$005F	$2863	GOTO	Relogio_L_76
$0060	$	Relogio_L_75:
$0060	$30FF	MOVLW	255
$0061	$00FA	MOVWF	STACK_i_10
$0062	$2864	GOTO	Relogio_L_78
$0063	$	Relogio_L_76:
$0063	$01FA	CLRF	STACK_i_10
$0064	$	Relogio_L_78:
$0064	$30FF	MOVLW	255
$0065	$027A	SUBWF	STACK_i_10, W
$0066	$1D03	BTFSS	STATUS, Z
$0067	$2873	GOTO	Relogio_L_80
$0068	$	Relogio_L_79:
$0068	$1106	BCF	PORTB, 2
$0069	$0820	MOVF	main_global_indice, W
$006A	$00FA	MOVWF	STACK_i_10
$006B	$03FA	DECF	STACK_i_10, F
$006C	$3021	MOVLW	main_global_vetor_display_1
$006D	$0084	MOVWF	FSR
$006E	$087A	MOVF	STACK_i_10, W
$006F	$0784	ADDWF	FSR, F
$0070	$	Relogio_L_81:
$0070	$0800	MOVF	INDF, W
$0071	$0088	MOVWF	PORTD
$0072	$1586	BSF	PORTB, 3
$0073	$	Relogio_L_80:
$0073	$	Relogio_L_77:
$0073	$3004	MOVLW	4
$0074	$0220	SUBWF	main_global_indice, W
$0075	$1D03	BTFSS	STATUS, Z
$0076	$287A	GOTO	Relogio_L_83
$0077	$	Relogio_L_82:
$0077	$30FF	MOVLW	255
$0078	$00FC	MOVWF	STACK_i_12
$0079	$287B	GOTO	Relogio_L_85
$007A	$	Relogio_L_83:
$007A	$01FC	CLRF	STACK_i_12
$007B	$	Relogio_L_85:
$007B	$30FF	MOVLW	255
$007C	$027C	SUBWF	STACK_i_12, W
$007D	$1D03	BTFSS	STATUS, Z
$007E	$288B	GOTO	Relogio_L_87
$007F	$	Relogio_L_86:
$007F	$1186	BCF	PORTB, 3
$0080	$0820	MOVF	main_global_indice, W
$0081	$00FC	MOVWF	STACK_i_12
$0082	$03FC	DECF	STACK_i_12, F
$0083	$3021	MOVLW	main_global_vetor_display_1
$0084	$0084	MOVWF	FSR
$0085	$087C	MOVF	STACK_i_12, W
$0086	$0784	ADDWF	FSR, F
$0087	$	Relogio_L_88:
$0087	$0800	MOVF	INDF, W
$0088	$0088	MOVWF	PORTD
$0089	$1606	BSF	PORTB, 4
$008A	$01A0	CLRF	main_global_indice
$008B	$	Relogio_L_87:
$008B	$	Relogio_L_84:
$008B	$28E7	goto	Relogio_L_51
$008C	$	Relogio_L_54:
$008C	$300B	MOVLW	11
$008D	$008F	MOVWF	TMR1H
$008E	$30DC	MOVLW	220
$008F	$008E	MOVWF	TMR1L
$0090	$100C	BCF	PIR1, 0
$0091	$09A5	COMF	main_global_pisca, F
$0092	$03A6	DECF	main_global_vezes_tmr1, F
$0093	$3000	MOVLW	0
$0094	$0226	SUBWF	main_global_vezes_tmr1, W
$0095	$1D03	BTFSS	STATUS, Z
$0096	$289A	GOTO	Relogio_L_90
$0097	$	Relogio_L_89:
$0097	$30FF	MOVLW	255
$0098	$00FF	MOVWF	STACK_i_15
$0099	$289B	GOTO	Relogio_L_92
$009A	$	Relogio_L_90:
$009A	$01FF	CLRF	STACK_i_15
$009B	$	Relogio_L_92:
$009B	$30FF	MOVLW	255
$009C	$027F	SUBWF	STACK_i_15, W
$009D	$1D03	BTFSS	STATUS, Z
$009E	$28E7	GOTO	Relogio_L_94
$009F	$	Relogio_L_93:
$009F	$3078	MOVLW	120
$00A0	$00A6	MOVWF	main_global_vezes_tmr1
$00A1	$0AA7	INCF	main_global_minuto_lsb, F
$00A2	$300A	MOVLW	10
$00A3	$0227	SUBWF	main_global_minuto_lsb, W
$00A4	$1D03	BTFSS	STATUS, Z
$00A5	$28A9	GOTO	Relogio_L_96
$00A6	$	Relogio_L_95:
$00A6	$30FF	MOVLW	255
$00A7	$00FF	MOVWF	STACK_i_15
$00A8	$28AA	GOTO	Relogio_L_98
$00A9	$	Relogio_L_96:
$00A9	$01FF	CLRF	STACK_i_15
$00AA	$	Relogio_L_98:
$00AA	$30FF	MOVLW	255
$00AB	$027F	SUBWF	STACK_i_15, W
$00AC	$1D03	BTFSS	STATUS, Z
$00AD	$28E7	GOTO	Relogio_L_100
$00AE	$	Relogio_L_99:
$00AE	$01A7	CLRF	main_global_minuto_lsb
$00AF	$0AA8	INCF	main_global_minuto_msb, F
$00B0	$3006	MOVLW	6
$00B1	$0228	SUBWF	main_global_minuto_msb, W
$00B2	$1D03	BTFSS	STATUS, Z
$00B3	$28B7	GOTO	Relogio_L_102
$00B4	$	Relogio_L_101:
$00B4	$30FF	MOVLW	255
$00B5	$00FF	MOVWF	STACK_i_15
$00B6	$28B8	GOTO	Relogio_L_104
$00B7	$	Relogio_L_102:
$00B7	$01FF	CLRF	STACK_i_15
$00B8	$	Relogio_L_104:
$00B8	$30FF	MOVLW	255
$00B9	$027F	SUBWF	STACK_i_15, W
$00BA	$1D03	BTFSS	STATUS, Z
$00BB	$28E7	GOTO	Relogio_L_106
$00BC	$	Relogio_L_105:
$00BC	$01A8	CLRF	main_global_minuto_msb
$00BD	$0AA9	INCF	main_global_hora_lsb, F
$00BE	$3002	MOVLW	2
$00BF	$022A	SUBWF	main_global_hora_msb, W
$00C0	$1D03	BTFSS	STATUS, Z
$00C1	$28C5	GOTO	Relogio_L_108
$00C2	$	Relogio_L_107:
$00C2	$30FF	MOVLW	255
$00C3	$00FF	MOVWF	STACK_i_15
$00C4	$28C6	GOTO	Relogio_L_110
$00C5	$	Relogio_L_108:
$00C5	$01FF	CLRF	STACK_i_15
$00C6	$	Relogio_L_110:
$00C6	$30FF	MOVLW	255
$00C7	$027F	SUBWF	STACK_i_15, W
$00C8	$1D03	BTFSS	STATUS, Z
$00C9	$28D9	GOTO	Relogio_L_112
$00CA	$	Relogio_L_111:
$00CA	$3004	MOVLW	4
$00CB	$0229	SUBWF	main_global_hora_lsb, W
$00CC	$1D03	BTFSS	STATUS, Z
$00CD	$28D1	GOTO	Relogio_L_114
$00CE	$	Relogio_L_113:
$00CE	$30FF	MOVLW	255
$00CF	$00FF	MOVWF	STACK_i_15
$00D0	$28D2	GOTO	Relogio_L_116
$00D1	$	Relogio_L_114:
$00D1	$01FF	CLRF	STACK_i_15
$00D2	$	Relogio_L_116:
$00D2	$30FF	MOVLW	255
$00D3	$027F	SUBWF	STACK_i_15, W
$00D4	$1D03	BTFSS	STATUS, Z
$00D5	$28D8	GOTO	Relogio_L_118
$00D6	$	Relogio_L_117:
$00D6	$01AA	CLRF	main_global_hora_msb
$00D7	$01A9	CLRF	main_global_hora_lsb
$00D8	$	Relogio_L_118:
$00D8	$	Relogio_L_115:
$00D8	$28E7	goto	Relogio_L_109
$00D9	$	Relogio_L_112:
$00D9	$300A	MOVLW	10
$00DA	$0229	SUBWF	main_global_hora_lsb, W
$00DB	$1D03	BTFSS	STATUS, Z
$00DC	$28E0	GOTO	Relogio_L_120
$00DD	$	Relogio_L_119:
$00DD	$30FF	MOVLW	255
$00DE	$00FF	MOVWF	STACK_i_15
$00DF	$28E1	GOTO	Relogio_L_122
$00E0	$	Relogio_L_120:
$00E0	$01FF	CLRF	STACK_i_15
$00E1	$	Relogio_L_122:
$00E1	$30FF	MOVLW	255
$00E2	$027F	SUBWF	STACK_i_15, W
$00E3	$1D03	BTFSS	STATUS, Z
$00E4	$28E6	GOTO	Relogio_L_124
$00E5	$	Relogio_L_123:
$00E5	$01A9	CLRF	main_global_hora_lsb
$00E6	$	Relogio_L_124:
$00E6	$	Relogio_L_121:
$00E6	$0AAA	INCF	main_global_hora_msb, F
$00E7	$	Relogio_L_109:
$00E7	$	Relogio_L_106:
$00E7	$	Relogio_L_103:
$00E7	$	Relogio_L_100:
$00E7	$	Relogio_L_97:
$00E7	$	Relogio_L_94:
$00E7	$	Relogio_L_91:
$00E7	$	Relogio_L_51:
$00E7	$0873	MOVF	STACK_i_3, W
$00E8	$008A	MOVWF	PCLATH
$00E9	$0870	MOVF	STACK_i_0, W
$00EA	$0084	MOVWF	FSR
$00EB	$0E72	SWAPF	STACK_i_2, W
$00EC	$0083	MOVWF	STATUS
$00ED	$0EF1	SWAPF	STACK_i_1, F
$00EE	$0E71	SWAPF	STACK_i_1, W
$00EF	$0009	RETFIE
$00F0	$	Relogio_converte_to_7seg:
$00F0	$	Relogio_L_2:
$00F0	$3000	MOVLW	0
$00F1	$1303	BCF	STATUS,RP1
$00F2	$1283	BCF	STATUS,RP0
$00F3	$022C	SUBWF	relogio_converte_to_7seg_param_dado, W
$00F4	$1D03	BTFSS	STATUS, Z
$00F5	$28F9	GOTO	Relogio_L_3
$00F6	$	Relogio_L_1:
$00F6	$303F	MOVLW	63
$00F7	$00AB	MOVWF	relogio_converte_to_7seg_local_result
$00F8	$2962	GOTO	Relogio_L_0
$00F9	$	Relogio_L_3:
$00F9	$	Relogio_L_5:
$00F9	$3001	MOVLW	1
$00FA	$022C	SUBWF	relogio_converte_to_7seg_param_dado, W
$00FB	$1D03	BTFSS	STATUS, Z
$00FC	$2900	GOTO	Relogio_L_6
$00FD	$	Relogio_L_4:
$00FD	$3006	MOVLW	6
$00FE	$00AB	MOVWF	relogio_converte_to_7seg_local_result
$00FF	$2962	GOTO	Relogio_L_0
$0100	$	Relogio_L_6:
$0100	$	Relogio_L_8:
$0100	$3002	MOVLW	2
$0101	$022C	SUBWF	relogio_converte_to_7seg_param_dado, W
$0102	$1D03	BTFSS	STATUS, Z
$0103	$2907	GOTO	Relogio_L_9
$0104	$	Relogio_L_7:
$0104	$305B	MOVLW	91
$0105	$00AB	MOVWF	relogio_converte_to_7seg_local_result
$0106	$2962	GOTO	Relogio_L_0
$0107	$	Relogio_L_9:
$0107	$	Relogio_L_11:
$0107	$3003	MOVLW	3
$0108	$022C	SUBWF	relogio_converte_to_7seg_param_dado, W
$0109	$1D03	BTFSS	STATUS, Z
$010A	$290E	GOTO	Relogio_L_12
$010B	$	Relogio_L_10:
$010B	$304F	MOVLW	79
$010C	$00AB	MOVWF	relogio_converte_to_7seg_local_result
$010D	$2962	GOTO	Relogio_L_0
$010E	$	Relogio_L_12:
$010E	$	Relogio_L_14:
$010E	$3004	MOVLW	4
$010F	$022C	SUBWF	relogio_converte_to_7seg_param_dado, W
$0110	$1D03	BTFSS	STATUS, Z
$0111	$2915	GOTO	Relogio_L_15
$0112	$	Relogio_L_13:
$0112	$3066	MOVLW	102
$0113	$00AB	MOVWF	relogio_converte_to_7seg_local_result
$0114	$2962	GOTO	Relogio_L_0
$0115	$	Relogio_L_15:
$0115	$	Relogio_L_17:
$0115	$3005	MOVLW	5
$0116	$022C	SUBWF	relogio_converte_to_7seg_param_dado, W
$0117	$1D03	BTFSS	STATUS, Z
$0118	$291C	GOTO	Relogio_L_18
$0119	$	Relogio_L_16:
$0119	$306D	MOVLW	109
$011A	$00AB	MOVWF	relogio_converte_to_7seg_local_result
$011B	$2962	GOTO	Relogio_L_0
$011C	$	Relogio_L_18:
$011C	$	Relogio_L_20:
$011C	$3006	MOVLW	6
$011D	$022C	SUBWF	relogio_converte_to_7seg_param_dado, W
$011E	$1D03	BTFSS	STATUS, Z
$011F	$2923	GOTO	Relogio_L_21
$0120	$	Relogio_L_19:
$0120	$307D	MOVLW	125
$0121	$00AB	MOVWF	relogio_converte_to_7seg_local_result
$0122	$2962	GOTO	Relogio_L_0
$0123	$	Relogio_L_21:
$0123	$	Relogio_L_23:
$0123	$3007	MOVLW	7
$0124	$022C	SUBWF	relogio_converte_to_7seg_param_dado, W
$0125	$1D03	BTFSS	STATUS, Z
$0126	$292A	GOTO	Relogio_L_24
$0127	$	Relogio_L_22:
$0127	$3007	MOVLW	7
$0128	$00AB	MOVWF	relogio_converte_to_7seg_local_result
$0129	$2962	GOTO	Relogio_L_0
$012A	$	Relogio_L_24:
$012A	$	Relogio_L_26:
$012A	$3008	MOVLW	8
$012B	$022C	SUBWF	relogio_converte_to_7seg_param_dado, W
$012C	$1D03	BTFSS	STATUS, Z
$012D	$2931	GOTO	Relogio_L_27
$012E	$	Relogio_L_25:
$012E	$307F	MOVLW	127
$012F	$00AB	MOVWF	relogio_converte_to_7seg_local_result
$0130	$2962	GOTO	Relogio_L_0
$0131	$	Relogio_L_27:
$0131	$	Relogio_L_29:
$0131	$3009	MOVLW	9
$0132	$022C	SUBWF	relogio_converte_to_7seg_param_dado, W
$0133	$1D03	BTFSS	STATUS, Z
$0134	$2938	GOTO	Relogio_L_30
$0135	$	Relogio_L_28:
$0135	$306F	MOVLW	111
$0136	$00AB	MOVWF	relogio_converte_to_7seg_local_result
$0137	$2962	GOTO	Relogio_L_0
$0138	$	Relogio_L_30:
$0138	$	Relogio_L_32:
$0138	$300A	MOVLW	10
$0139	$022C	SUBWF	relogio_converte_to_7seg_param_dado, W
$013A	$1D03	BTFSS	STATUS, Z
$013B	$293F	GOTO	Relogio_L_33
$013C	$	Relogio_L_31:
$013C	$3077	MOVLW	119
$013D	$00AB	MOVWF	relogio_converte_to_7seg_local_result
$013E	$2962	GOTO	Relogio_L_0
$013F	$	Relogio_L_33:
$013F	$	Relogio_L_35:
$013F	$300B	MOVLW	11
$0140	$022C	SUBWF	relogio_converte_to_7seg_param_dado, W
$0141	$1D03	BTFSS	STATUS, Z
$0142	$2946	GOTO	Relogio_L_36
$0143	$	Relogio_L_34:
$0143	$307C	MOVLW	124
$0144	$00AB	MOVWF	relogio_converte_to_7seg_local_result
$0145	$2962	GOTO	Relogio_L_0
$0146	$	Relogio_L_36:
$0146	$	Relogio_L_38:
$0146	$300C	MOVLW	12
$0147	$022C	SUBWF	relogio_converte_to_7seg_param_dado, W
$0148	$1D03	BTFSS	STATUS, Z
$0149	$294D	GOTO	Relogio_L_39
$014A	$	Relogio_L_37:
$014A	$3039	MOVLW	57
$014B	$00AB	MOVWF	relogio_converte_to_7seg_local_result
$014C	$2962	GOTO	Relogio_L_0
$014D	$	Relogio_L_39:
$014D	$	Relogio_L_41:
$014D	$300D	MOVLW	13
$014E	$022C	SUBWF	relogio_converte_to_7seg_param_dado, W
$014F	$1D03	BTFSS	STATUS, Z
$0150	$2954	GOTO	Relogio_L_42
$0151	$	Relogio_L_40:
$0151	$305E	MOVLW	94
$0152	$00AB	MOVWF	relogio_converte_to_7seg_local_result
$0153	$2962	GOTO	Relogio_L_0
$0154	$	Relogio_L_42:
$0154	$	Relogio_L_44:
$0154	$300E	MOVLW	14
$0155	$022C	SUBWF	relogio_converte_to_7seg_param_dado, W
$0156	$1D03	BTFSS	STATUS, Z
$0157	$295B	GOTO	Relogio_L_45
$0158	$	Relogio_L_43:
$0158	$3079	MOVLW	121
$0159	$00AB	MOVWF	relogio_converte_to_7seg_local_result
$015A	$2962	GOTO	Relogio_L_0
$015B	$	Relogio_L_45:
$015B	$	Relogio_L_47:
$015B	$300F	MOVLW	15
$015C	$022C	SUBWF	relogio_converte_to_7seg_param_dado, W
$015D	$1D03	BTFSS	STATUS, Z
$015E	$2962	GOTO	Relogio_L_48
$015F	$	Relogio_L_46:
$015F	$3071	MOVLW	113
$0160	$00AB	MOVWF	relogio_converte_to_7seg_local_result
$0161	$2962	GOTO	Relogio_L_0
$0162	$	Relogio_L_48:
$0162	$	Relogio_L_0:
$0162	$0008	RETURN
$0163	$	Relogio_main:
$0163	$1303	BCF	STATUS,RP1
$0164	$1683	BSF	STATUS,RP0
$0165	$0185	CLRF	TRISA
$0166	$0186	CLRF	TRISB
$0167	$0188	CLRF	TRISD
$0168	$3080	MOVLW	128
$0169	$0081	MOVWF	OPTION_REG
$016A	$1283	BCF	STATUS,RP0
$016B	$01A0	CLRF	main_global_indice
$016C	$01AA	CLRF	main_global_hora_msb
$016D	$01A9	CLRF	main_global_hora_lsb
$016E	$01A8	CLRF	main_global_minuto_msb
$016F	$01A7	CLRF	main_global_minuto_lsb
$0170	$3001	MOVLW	1
$0171	$1683	BSF	STATUS,RP0
$0172	$008C	MOVWF	PIE1
$0173	$3031	MOVLW	49
$0174	$1283	BCF	STATUS,RP0
$0175	$0090	MOVWF	T1CON
$0176	$300B	MOVLW	11
$0177	$008F	MOVWF	TMR1H
$0178	$30DC	MOVLW	220
$0179	$008E	MOVWF	TMR1L
$017A	$3078	MOVLW	120
$017B	$00A6	MOVWF	main_global_vezes_tmr1
$017C	$01A5	CLRF	main_global_pisca
$017D	$30E0	MOVLW	224
$017E	$008B	MOVWF	INTCON
$017F	$	Relogio_L_125:
$017F	$	Relogio_L_126:
$017F	$082A	MOVF	main_global_hora_msb, W
$0180	$00AC	MOVWF	relogio_converte_to_7seg_param_dado
$0181	$20F0	CALL	Relogio_converte_to_7seg
$0182	$1303	BCF	STATUS,RP1
$0183	$1283	BCF	STATUS,RP0
$0184	$082B	MOVF	relogio_converte_to_7seg_local_result, W
$0185	$00A1	MOVWF	main_global_vetor_display_1
$0186	$0829	MOVF	main_global_hora_lsb, W
$0187	$00AC	MOVWF	relogio_converte_to_7seg_param_dado
$0188	$20F0	CALL	Relogio_converte_to_7seg
$0189	$1303	BCF	STATUS,RP1
$018A	$1283	BCF	STATUS,RP0
$018B	$082B	MOVF	relogio_converte_to_7seg_local_result, W
$018C	$00A2	MOVWF	main_global_vetor_display_2
$018D	$0828	MOVF	main_global_minuto_msb, W
$018E	$00AC	MOVWF	relogio_converte_to_7seg_param_dado
$018F	$20F0	CALL	Relogio_converte_to_7seg
$0190	$1303	BCF	STATUS,RP1
$0191	$1283	BCF	STATUS,RP0
$0192	$082B	MOVF	relogio_converte_to_7seg_local_result, W
$0193	$00A3	MOVWF	main_global_vetor_display_3
$0194	$0827	MOVF	main_global_minuto_lsb, W
$0195	$00AC	MOVWF	relogio_converte_to_7seg_param_dado
$0196	$20F0	CALL	Relogio_converte_to_7seg
$0197	$1303	BCF	STATUS,RP1
$0198	$1283	BCF	STATUS,RP0
$0199	$082B	MOVF	relogio_converte_to_7seg_local_result, W
$019A	$00A4	MOVWF	main_global_vetor_display_4
$019B	$297F	GOTO	Relogio_L_125
$019C	$	Relogio_L_127:
$019C	$	Relogio_L_128:
$019C	$299C	GOTO	Relogio_L_128


//** Procedures locations **
//ADDRESS		PROCEDURE
//----------------------------------------------
$0004		interrupt
$00F0		Converte_to_7seg
$0163		main
;*** procedure  	Converte_to_7seg  ***;
;*** procedure  	interrupt  ***;
;*** procedure  	main  ***;


//** Labels locations **
//ADDRESS		LABEL
//----------------------------------------------
$0004		Relogio_interrupt:
$0015		Relogio_L_49:
$0018		Relogio_L_50:
$0019		Relogio_L_52:
$001D		Relogio_L_53:
$0023		Relogio_L_55:
$0026		Relogio_L_56:
$0027		Relogio_L_58:
$002B		Relogio_L_59:
$0033		Relogio_L_61:
$0036		Relogio_L_57:
$0036		Relogio_L_60:
$003A		Relogio_L_62:
$003D		Relogio_L_63:
$003E		Relogio_L_65:
$0042		Relogio_L_66:
$004A		Relogio_L_68:
$0050		Relogio_L_69:
$0053		Relogio_L_70:
$0054		Relogio_L_72:
$0058		Relogio_L_73:
$005B		Relogio_L_71:
$005B		Relogio_L_74:
$005C		Relogio_L_64:
$005C		Relogio_L_67:
$0060		Relogio_L_75:
$0063		Relogio_L_76:
$0064		Relogio_L_78:
$0068		Relogio_L_79:
$0070		Relogio_L_81:
$0073		Relogio_L_77:
$0073		Relogio_L_80:
$0077		Relogio_L_82:
$007A		Relogio_L_83:
$007B		Relogio_L_85:
$007F		Relogio_L_86:
$0087		Relogio_L_88:
$008B		Relogio_L_84:
$008B		Relogio_L_87:
$008C		Relogio_L_54:
$0097		Relogio_L_89:
$009A		Relogio_L_90:
$009B		Relogio_L_92:
$009F		Relogio_L_93:
$00A6		Relogio_L_95:
$00A9		Relogio_L_96:
$00AA		Relogio_L_98:
$00AE		Relogio_L_99:
$00B4		Relogio_L_101:
$00B7		Relogio_L_102:
$00B8		Relogio_L_104:
$00BC		Relogio_L_105:
$00C2		Relogio_L_107:
$00C5		Relogio_L_108:
$00C6		Relogio_L_110:
$00CA		Relogio_L_111:
$00CE		Relogio_L_113:
$00D1		Relogio_L_114:
$00D2		Relogio_L_116:
$00D6		Relogio_L_117:
$00D8		Relogio_L_115:
$00D8		Relogio_L_118:
$00D9		Relogio_L_112:
$00DD		Relogio_L_119:
$00E0		Relogio_L_120:
$00E1		Relogio_L_122:
$00E5		Relogio_L_123:
$00E6		Relogio_L_121:
$00E6		Relogio_L_124:
$00E7		Relogio_L_100:
$00E7		Relogio_L_103:
$00E7		Relogio_L_106:
$00E7		Relogio_L_109:
$00E7		Relogio_L_51:
$00E7		Relogio_L_91:
$00E7		Relogio_L_94:
$00E7		Relogio_L_97:
$00F0		Relogio_converte_to_7seg:
$00F0		Relogio_L_2:
$00F6		Relogio_L_1:
$00F9		Relogio_L_3:
$00F9		Relogio_L_5:
$00FD		Relogio_L_4:
$0100		Relogio_L_6:
$0100		Relogio_L_8:
$0104		Relogio_L_7:
$0107		Relogio_L_11:
$0107		Relogio_L_9:
$010B		Relogio_L_10:
$010E		Relogio_L_12:
$010E		Relogio_L_14:
$0112		Relogio_L_13:
$0115		Relogio_L_15:
$0115		Relogio_L_17:
$0119		Relogio_L_16:
$011C		Relogio_L_18:
$011C		Relogio_L_20:
$0120		Relogio_L_19:
$0123		Relogio_L_21:
$0123		Relogio_L_23:
$0127		Relogio_L_22:
$012A		Relogio_L_24:
$012A		Relogio_L_26:
$012E		Relogio_L_25:
$0131		Relogio_L_27:
$0131		Relogio_L_29:
$0135		Relogio_L_28:
$0138		Relogio_L_30:
$0138		Relogio_L_32:
$013C		Relogio_L_31:
$013F		Relogio_L_33:
$013F		Relogio_L_35:
$0143		Relogio_L_34:
$0146		Relogio_L_36:
$0146		Relogio_L_38:
$014A		Relogio_L_37:
$014D		Relogio_L_39:
$014D		Relogio_L_41:
$0151		Relogio_L_40:
$0154		Relogio_L_42:
$0154		Relogio_L_44:
$0158		Relogio_L_43:
$015B		Relogio_L_45:
$015B		Relogio_L_47:
$015F		Relogio_L_46:
$0162		Relogio_L_0:
$0162		Relogio_L_48:
$0163		Relogio_main:
$017F		Relogio_L_125:
$017F		Relogio_L_126:
$019C		Relogio_L_127:
$019C		Relogio_L_128:


//** Variables locations **
//ADDRESS		VARIABLE
//----------------------------------------------
$0000		INDF
$0002		PCL
$0003		STATUS
$0004		FSR
$0006		PORTB
$0008		PORTD
$000A		PCLATH
$000B		INTCON
$000C		PIR1
$000E		TMR1L
$000F		TMR1H
$0010		T1CON
$0020		main_global_indice
$0021		main_global_vetor_display
$0025		main_global_pisca
$0026		main_global_vezes_tmr1
$0027		main_global_minuto_lsb
$0028		main_global_minuto_msb
$0029		main_global_hora_lsb
$002A		main_global_hora_msb
$002B		relogio_converte_to_7seg_local_result
$002C		relogio_converte_to_7seg_param_dado
$002D		STACK_I_16
$002E		STACK_0
$002F		STACK_1
$0030		STACK_2
$0031		STACK_3
$0070		STACK_I_0
$0071		STACK_I_1
$0072		STACK_I_2
$0073		STACK_I_3
$0074		STACK_I_4
$0075		STACK_I_5
$0076		STACK_I_6
$0077		STACK_I_7
$0078		STACK_I_8
$0079		STACK_I_9
$007A		STACK_I_10
$007B		STACK_I_11
$007C		STACK_I_12
$007D		STACK_I_13
$007E		STACK_I_14
$007F		STACK_I_15
$0081		OPTION_REG
$0085		TRISA
$0086		TRISB
$0088		TRISD
$008C		PIE1


