

HI-TECH Software PICC Macro Assembler V9.60
                                                      Tue Jul 31 11:51:04 2007


     1                           	processor	16F877A
     2                           	opt	pw 79
     3                           	psect	text0,local,class=CODE,delta=2
     4                           	psect	text1,local,class=CODE,delta=2
     5                           	psect	temp,global,ovrld,class=BANK0,space=1,de
      +                          lta=1
     6  0000                     
     7  0000                     
     8  0000                     
     9  0000                     
    10  0000                     
    11  0000                     
    12  0000                     
    13  0000                     
    14  0000                     
    15  0000                     
    16                           
    17                           	psect	text0
    18  07AD                     _main
    19                           ;	_x assigned to ?a_main+0
    20  0000                     _main$x	set	?a_main
    21                           ;teclamatricial.c: 24: void main(void)
    22  07AD  1683               	bsf	3,5
    23  07AE  1303               	bcf	3,6	;carry unused
    24  07AF  0186               	clrf	6	;volatile
    25                           ;teclamatricial.c: 30: TRISD=0b00000000;
    26  07B0  0188               	clrf	8	;volatile
    27                           ;teclamatricial.c: 32: TRISA=0b00110000;
    28  07B1  3030               	movlw	48
    29  07B2  0085               	movwf	5	;volatile
    30                           ;teclamatricial.c: 34: TRISE=0b00000001;
    31  07B3  3001               	movlw	1
    32  07B4  0089               	movwf	9	;volatile
    33                           ;teclamatricial.c: 36: PORTB=0b00000000;
    34  07B5  1283               	bcf	3,5
    35  07B6  0186               	clrf	6	;volatile
    36                           ;teclamatricial.c: 38: ADCON1=0b00000111;
    37  07B7  3007               	movlw	7
    38  07B8  1683               	bsf	3,5
    39  07B9  009F               	movwf	31	;volatile
    40  07BA                     l3
    41                           ;teclamatricial.c: 40: while(1)
    42                           ;teclamatricial.c: 41: {
    43  07BA  30FE               	movlw	-2
    44  07BB  1283               	bcf	3,5
    45  07BC  0088               	movwf	8	;volatile
    46                           ;teclamatricial.c: 45: if (RA4==0)
    47  07BD  1A05               	btfsc	5,4
    48  07BE  2FD3               	goto	l5
    49                           ;teclamatricial.c: 46: {
    50  07BF  3006               	movlw	6
    51  07C0  0088               	movwf	8	;volatile
    52                           ;teclamatricial.c: 48: RB1=1;
    53  07C1  1486               	bsf	6,1
    54                           ;teclamatricial.c: 49: for (x=1;x<1000;x++);
    55  07C2  01A0               	clrf	?a_main
    56  07C3  0AA0               	incf	?a_main
    57  07C4  01A1               	clrf	?a_main+1
    58  07C5                     l6
    59  07C5  0AA0               	incf	?a_main
    60  07C6  1903               	btfsc	3,2
    61  07C7  0AA1               	incf	?a_main+1
    62  07C8  0821               	movf	?a_main+1,w
    63  07C9  3A80               	xorlw	128
    64  07CA  00FF               	movwf	btemp
    65  07CB  3083               	movlw	131
    66  07CC  027F               	subwf	btemp,w
    67  07CD  30E8               	movlw	232
    68                           ;set	bank bits for (((?a_main+0)))
    69  07CE  1903               	btfsc	3,2
    70  07CF  0220               	subwf	?a_main,w
    71  07D0  1C03               	btfss	3,0
    72  07D1  2FC5               	goto	l6
    73                           ;teclamatricial.c: 50: RB1=0;
    74  07D2  1086               	bcf	6,1
    75  07D3                     l5
    76                           ;teclamatricial.c: 51: }
    77  07D3  1A85               	btfsc	5,5
    78  07D4  2FE9               	goto	l9
    79                           ;teclamatricial.c: 55: {
    80  07D5  305B               	movlw	91
    81  07D6  0088               	movwf	8	;volatile
    82                           ;teclamatricial.c: 57: RB1=1;
    83  07D7  1486               	bsf	6,1
    84                           ;teclamatricial.c: 58: for (x=1;x<1000;x++);
    85  07D8  01A0               	clrf	?a_main
    86  07D9  0AA0               	incf	?a_main
    87  07DA  01A1               	clrf	?a_main+1
    88  07DB                     l10
    89  07DB  0AA0               	incf	?a_main
    90  07DC  1903               	btfsc	3,2
    91  07DD  0AA1               	incf	?a_main+1
    92  07DE  0821               	movf	?a_main+1,w
    93  07DF  3A80               	xorlw	128
    94  07E0  00FF               	movwf	btemp
    95  07E1  3083               	movlw	131
    96  07E2  027F               	subwf	btemp,w
    97  07E3  30E8               	movlw	232
    98                           ;set	bank bits for (((?a_main+0)))
    99  07E4  1903               	btfsc	3,2
   100  07E5  0220               	subwf	?a_main,w
   101  07E6  1C03               	btfss	3,0
   102  07E7  2FDB               	goto	l10
   103                           ;teclamatricial.c: 59: RB1=0;
   104  07E8  1086               	bcf	6,1
   105  07E9                     l9
   106                           ;teclamatricial.c: 60: }
   107  07E9  1809               	btfsc	9,0
   108  07EA  2FBA               	goto	l3
   109                           ;teclamatricial.c: 63: {
   110  07EB  304F               	movlw	79
   111  07EC  0088               	movwf	8	;volatile
   112                           ;teclamatricial.c: 65: RB1=1;
   113  07ED  1486               	bsf	6,1
   114                           ;teclamatricial.c: 66: for (x=1;x<1000;x++);
   115  07EE  01A0               	clrf	?a_main
   116  07EF  0AA0               	incf	?a_main
   117  07F0  01A1               	clrf	?a_main+1
   118  07F1                     l14
   119  07F1  0AA0               	incf	?a_main
   120  07F2  1903               	btfsc	3,2
   121  07F3  0AA1               	incf	?a_main+1
   122  07F4  0821               	movf	?a_main+1,w
   123  07F5  3A80               	xorlw	128
   124  07F6  00FF               	movwf	btemp
   125  07F7  3083               	movlw	131
   126  07F8  027F               	subwf	btemp,w
   127  07F9  30E8               	movlw	232
   128                           ;set	bank bits for (((?a_main+0)))
   129  07FA  1903               	btfsc	3,2
   130  07FB  0220               	subwf	?a_main,w
   131  07FC  1C03               	btfss	3,0
   132  07FD  2FF1               	goto	l14
   133                           ;teclamatricial.c: 67: RB1=0;
   134  07FE  1086               	bcf	6,1
   135  07FF  2FBA               	goto	l3
   136                           
   137                           	psect	text1
   138  0000                     
   139  0000                     
   140  0000                     
   141  0000                     
   142  0000                     
   143  0000                     
   144  0000                     
   145  0000                     
   146  0000                     
   147  0000                     
   148  0000                     
   149  0000                     
   150  0000                     
   151  0000                     
   152  0000                     
   153  0000                     
   154  0000                     
   155  0000                     
   156  0000                     
   157  0000                     
   158  0000                     
   159  0000                     
   160  0000                     
   161  0000                     
   162  0000                     
   163  0000                     
   164  0000                     
   165  0000                     
   166  0000                     
   167  0000                     
   168  0000                     
   169  0000                     
   170  0000                     
   171  0000                     
   172  0000                     
   173  0000                     
   174  0000                     
   175  0000                     
   176  0000                     
   177  0000                     
   178  0000                     
   179  0000                     
   180  0000                     
   181  0000                     
   182  0000                     
   183  0000                     
   184  0000                     
   185  0000                     
   186  0000                     
   187  0000                     
   188  0000                     
   189  0000                     
   190  0000                     
   191  0000                     
   192  0000                     
   193  0000                     
   194  0000                     
   195  0000                     
   196  0000                     
   197  0000                     
   198  0000                     
   199  0000                     
   200  0000                     
   201  0000                     
   202  0000                     
   203  0000                     
   204  0000                     
   205  0000                     
   206  0000                     
   207  0000                     
   208  0000                     
   209  0000                     
   210  0000                     
   211  0000                     
   212  0000                     
   213  0000                     
   214  0000                     
   215  0000                     
   216  0000                     
   217  0000                     
   218  0000                     
   219  0000                     
   220  0000                     
   221  0000                     
   222  0000                     
   223  0000                     
   224  0000                     
   225  0000                     
   226  0000                     
   227  0000                     
   228  0000                     
   229  0000                     
   230  0000                     
   231  0000                     
   232  0000                     
   233  0000                     
   234  0000                     
   235  0000                     
   236  0000                     
   237  0000                     
   238  0000                     
   239  0000                     
   240  0000                     
   241  0000                     
   242  0000                     
   243  0000                     
   244  0000                     
   245  0000                     
   246  0000                     
   247  0000                     
   248  0000                     
   249  0000                     
   250  0000                     
   251  0000                     
   252  0000                     
   253  0000                     
   254  0000                     
   255  0000                     
   256  0000                     
   257  0000                     
   258  0000                     
   259  0000                     
   260  0000                     
   261  0000                     
   262  0000                     
   263  0000                     
   264  0000                     
   265  0000                     
   266  0000                     
   267  0000                     
   268  0000                     
   269  0000                     
   270  0000                     
   271  0000                     
   272  0000                     
   273  0000                     
   274  0000                     
   275  0000                     
   276  0000                     
   277  0000                     
   278  0000                     
   279  0000                     
   280  0000                     
   281  0000                     
   282  0000                     
   283  0000                     
   284  0000                     
   285  0000                     
   286  0000                     
   287  0000                     
   288  0000                     
   289  0000                     
   290  0000                     
   291  0000                     
   292  0000                     
   293  0000                     
   294  0000                     
   295  0000                     
   296  0000                     
   297  0000                     
   298  0000                     
   299  0000                     
   300  0000                     
   301  0000                     
   302  0000                     
   303  0000                     
   304  0000                     
   305  0000                     
   306  0000                     
   307  0000                     
   308  0000                     
   309  0000                     
   310  0000                     
   311  0000                     
   312  0000                     
   313  0000                     
   314  0000                     
   315  0000                     
   316  0000                     
   317  0000                     
   318  0000                     
   319  0000                     
   320  0000                     
   321  0000                     
   322  0000                     
   323  0000                     
   324  0000                     
   325  0000                     
   326  0000                     
   327  0000                     
   328  0000                     
   329  0000                     
   330  0000                     
   331  0000                     
   332  0000                     
   333  0000                     
   334  0000                     
   335  0000                     
   336  0000                     
   337  0000                     
   338  0000                     
   339  0000                     
   340  0000                     
   341  0000                     
   342  0000                     
   343  0000                     
   344  0000                     
   345  0000                     
   346  0000                     
   347  0000                     
   348  0000                     
   349  0000                     
   350  0000                     
   351  0000                     
   352  0000                     
   353  0000                     
   354  0000                     
   355  0000                     
   356  0000                     
   357  0000                     
   358  0000                     
   359  0000                     
   360  0000                     
   361  0000                     
   362  0000                     
   363  0000                     
   364  0000                     
   365  0000                     
   366  0000                     
   367  0000                     
   368  0000                     
   369  0000                     
   370  0000                     
   371  0000                     
   372  0000                     
   373  0000                     
   374  0000                     
   375  0000                     
   376  0000                     
   377  0000                     
   378  0000                     
   379  0000                     
   380  0000                     
   381  0000                     
   382  0000                     
   383  0000                     
   384  0000                     
   385  0000                     
   386  0000                     
   387  0000                     
   388  0000                     
   389  0000                     
   390  0000                     
   391  0000                     
   392  0000                     
   393  0000                     
   394  0000                     
   395  0000                     
   396  0000                     
   397  0000                     
   398  0000                     
   399  0000                     
   400  0000                     
   401  0000                     
   402  0000                     
   403  0000                     
   404  0000                     
   405  0000                     
   406  0000                     
   407  0000                     
   408  0000                     
   409  0000                     
   410  0000                     
   411  0000                     
   412  0000                     
   413  0000                     
   414  0000                     
   415                           
   416                           	psect	temp
   417  007F                     btemp
                     btemp
   418  007F                     	ds	1


HI-TECH Software PICC Macro Assembler V9.60
Symbol Table                                          Tue Jul 31 11:51:04 2007

    ?a_main 0020           l3 07BA           l5 07D3           l6 07C5  
         l9 07E9          l10 07DB          l14 07F1        _main 07AD  
      btemp 007F        start 0000       status 0003  used_btemp0 0001  
