;  ASM code generated by mikroVirtualMachine for PIC - V. 5.0.0.2
;  Date/Time: 29/05/06 17:33:38
;  Info: http://www.mikroelektronika.co.yu


; ADDRESS	OPCODE	ASM
; ----------------------------------------------
$0000	$2918			GOTO	RelogioDigital_main
$0004	$	RelogioDigital_interrupt:
$0004	$00FF			MOVWF	STACK_15
$0005	$0E03			SWAPF	STATUS, 0
$0006	$0183			CLRF	STATUS
$0007	$00AC			MOVWF	?saveSTATUS
$0008	$0804			MOVF	FSR, 0
$0009	$00AB			MOVWF	?saveFSR
$000A	$080A			MOVF	PCLATH, 0
$000B	$00AD			MOVWF	?savePCLATH
$000C	$018A			CLRF	PCLATH
$000D	$0870			MOVF	STACK_0, 0
$000E	$00B0			MOVWF	STSAVED_0
^RelogioDigital.pbas, 100 :: 		sub procedure interrupt
^RelogioDigital.pbas, 102 :: 		if  testbit(intcon,t0if) = 1 then 'Tratamento da interrupção
$000F	$3000			MOVLW	0
$0010	$190B			BTFSC	INTCON, 2
$0011	$3001			MOVLW	1
$0012	$00F1			MOVWF	STACK_1
$0013	$0871			MOVF	STACK_1, 0
$0014	$3A01			XORLW	1
$0015	$1D03			BTFSS	STATUS, Z
$0016	$2863			GOTO	RelogioDigital_L_52
$0017	$	RelogioDigital_L_51:
^RelogioDigital.pbas, 103 :: 		clearbit(intcon,t0if)         'de timer 0
$0017	$110B			BCF	INTCON, 2
^RelogioDigital.pbas, 104 :: 		inc(indice)
$0018	$0AA0			INCF	main_global_indice, 1
^RelogioDigital.pbas, 106 :: 		case 1
$0019	$	RelogioDigital_L_56:
$0019	$0820			MOVF	main_global_indice, 0
$001A	$3A01			XORLW	1
$001B	$1D03			BTFSS	STATUS, Z
$001C	$282A			GOTO	RelogioDigital_L_57
$001D	$	RelogioDigital_L_55:
^RelogioDigital.pbas, 107 :: 		clearbit(portb,4)
$001D	$1206			BCF	PORTB, 4
^RelogioDigital.pbas, 108 :: 		portd=vetor_display[indice-1]
$001E	$3021			MOVLW	main_global_vetor_display
$001F	$00F1			MOVWF	STACK_1
$0020	$0320			DECF	main_global_indice, 0
$0021	$00F0			MOVWF	STACK_0
$0022	$0871			MOVF	STACK_1, 0
$0023	$07F0			ADDWF	STACK_0, 1
$0024	$0870			MOVF	STACK_0, 0
$0025	$0084			MOVWF	FSR
$0026	$0800			MOVF	INDF, 0
$0027	$0088			MOVWF	PORTD
^RelogioDigital.pbas, 109 :: 		setbit(portb,1)
$0028	$1486			BSF	PORTB, 1
$0029	$2863			GOTO	RelogioDigital_L_54
$002A	$	RelogioDigital_L_57:
^RelogioDigital.pbas, 110 :: 		case 2
$002A	$	RelogioDigital_L_59:
$002A	$0820			MOVF	main_global_indice, 0
$002B	$3A02			XORLW	2
$002C	$1D03			BTFSS	STATUS, Z
$002D	$2840			GOTO	RelogioDigital_L_60
$002E	$	RelogioDigital_L_58:
^RelogioDigital.pbas, 111 :: 		clearbit(portb,1)
$002E	$1086			BCF	PORTB, 1
^RelogioDigital.pbas, 112 :: 		portd=vetor_display[indice-1]
$002F	$3021			MOVLW	main_global_vetor_display
$0030	$00F1			MOVWF	STACK_1
$0031	$0320			DECF	main_global_indice, 0
$0032	$00F0			MOVWF	STACK_0
$0033	$0871			MOVF	STACK_1, 0
$0034	$07F0			ADDWF	STACK_0, 1
$0035	$0870			MOVF	STACK_0, 0
$0036	$0084			MOVWF	FSR
$0037	$0800			MOVF	INDF, 0
$0038	$0088			MOVWF	PORTD
^RelogioDigital.pbas, 113 :: 		if pisca=255 then
$0039	$0825			MOVF	main_global_pisca, 0
$003A	$3AFF			XORLW	255
$003B	$1D03			BTFSS	STATUS, Z
$003C	$283E			GOTO	RelogioDigital_L_62
$003D	$	RelogioDigital_L_61:
^RelogioDigital.pbas, 114 :: 		portd=portd or %10000000 'acende o ponto
$003D	$1788			BSF	PORTD, 7
$003E	$	RelogioDigital_L_62:
^RelogioDigital.pbas, 115 :: 		end if
$003E	$	RelogioDigital_L_63:
^RelogioDigital.pbas, 116 :: 		setbit(portb,2)
$003E	$1506			BSF	PORTB, 2
$003F	$2863			GOTO	RelogioDigital_L_54
$0040	$	RelogioDigital_L_60:
^RelogioDigital.pbas, 117 :: 		case 3
$0040	$	RelogioDigital_L_65:
$0040	$0820			MOVF	main_global_indice, 0
$0041	$3A03			XORLW	3
$0042	$1D03			BTFSS	STATUS, Z
$0043	$2851			GOTO	RelogioDigital_L_66
$0044	$	RelogioDigital_L_64:
^RelogioDigital.pbas, 118 :: 		clearbit(portb,2)
$0044	$1106			BCF	PORTB, 2
^RelogioDigital.pbas, 119 :: 		portd=vetor_display[indice-1]
$0045	$3021			MOVLW	main_global_vetor_display
$0046	$00F1			MOVWF	STACK_1
$0047	$0320			DECF	main_global_indice, 0
$0048	$00F0			MOVWF	STACK_0
$0049	$0871			MOVF	STACK_1, 0
$004A	$07F0			ADDWF	STACK_0, 1
$004B	$0870			MOVF	STACK_0, 0
$004C	$0084			MOVWF	FSR
$004D	$0800			MOVF	INDF, 0
$004E	$0088			MOVWF	PORTD
^RelogioDigital.pbas, 120 :: 		setbit(portb,3)
$004F	$1586			BSF	PORTB, 3
$0050	$2863			GOTO	RelogioDigital_L_54
$0051	$	RelogioDigital_L_66:
^RelogioDigital.pbas, 121 :: 		case 4
$0051	$	RelogioDigital_L_68:
$0051	$0820			MOVF	main_global_indice, 0
$0052	$3A04			XORLW	4
$0053	$1D03			BTFSS	STATUS, Z
$0054	$2863			GOTO	RelogioDigital_L_69
$0055	$	RelogioDigital_L_67:
^RelogioDigital.pbas, 122 :: 		clearbit(portb,3)
$0055	$1186			BCF	PORTB, 3
^RelogioDigital.pbas, 123 :: 		portd=vetor_display[indice-1]
$0056	$3021			MOVLW	main_global_vetor_display
$0057	$00F1			MOVWF	STACK_1
$0058	$0320			DECF	main_global_indice, 0
$0059	$00F0			MOVWF	STACK_0
$005A	$0871			MOVF	STACK_1, 0
$005B	$07F0			ADDWF	STACK_0, 1
$005C	$0870			MOVF	STACK_0, 0
$005D	$0084			MOVWF	FSR
$005E	$0800			MOVF	INDF, 0
$005F	$0088			MOVWF	PORTD
^RelogioDigital.pbas, 124 :: 		setbit(portb,4)
$0060	$1606			BSF	PORTB, 4
^RelogioDigital.pbas, 125 :: 		indice=0       'reinicia o indice
$0061	$01A0			CLRF	main_global_indice, 1
$0062	$2863			GOTO	RelogioDigital_L_54
$0063	$	RelogioDigital_L_69:
$0063	$	RelogioDigital_L_54:
^RelogioDigital.pbas, 126 :: 		end select
$0063	$	RelogioDigital_L_52:
^RelogioDigital.pbas, 127 :: 		end if
$0063	$	RelogioDigital_L_53:
^RelogioDigital.pbas, 129 :: 		if testbit(pir1,tmr1if) = 1 then
$0063	$3001			MOVLW	1
$0064	$050C			ANDWF	PIR1, 0
$0065	$00F1			MOVWF	STACK_1
$0066	$0871			MOVF	STACK_1, 0
$0067	$3A01			XORLW	1
$0068	$1D03			BTFSS	STATUS, Z
$0069	$2898			GOTO	RelogioDigital_L_71
$006A	$	RelogioDigital_L_70:
^RelogioDigital.pbas, 130 :: 		tmr1h=$0B
$006A	$300B			MOVLW	11
$006B	$008F			MOVWF	TMR1H
^RelogioDigital.pbas, 131 :: 		tmr1l=$DC
$006C	$30DC			MOVLW	220
$006D	$008E			MOVWF	TMR1L
^RelogioDigital.pbas, 132 :: 		clearbit(pir1,tmr1if)   'limpa flag de interrupção
$006E	$100C			BCF	PIR1, 0
^RelogioDigital.pbas, 133 :: 		pisca=not pisca      'inverte o estado do pisca
$006F	$09A5			COMF	main_global_pisca, F
^RelogioDigital.pbas, 134 :: 		dec(vezes_tmr1)         'decrementa variável para dar 1 segundo
$0070	$03A6			DECF	main_global_vezes_tmr1, 1
^RelogioDigital.pbas, 135 :: 		if vezes_tmr1=0 then
$0071	$0826			MOVF	main_global_vezes_tmr1, 0
$0072	$3A00			XORLW	0
$0073	$1D03			BTFSS	STATUS, Z
$0074	$2898			GOTO	RelogioDigital_L_74
$0075	$	RelogioDigital_L_73:
^RelogioDigital.pbas, 136 :: 		vezes_tmr1=120
$0075	$3078			MOVLW	120
$0076	$00A6			MOVWF	main_global_vezes_tmr1
^RelogioDigital.pbas, 137 :: 		inc(minuto_lsb)
$0077	$0AA7			INCF	main_global_minuto_lsb, 1
^RelogioDigital.pbas, 138 :: 		if minuto_lsb<>10 then
$0078	$0827			MOVF	main_global_minuto_lsb, 0
$0079	$3A0A			XORLW	10
$007A	$1903			BTFSC	STATUS, Z
$007B	$287D			GOTO	RelogioDigital_L_77
$007C	$	RelogioDigital_L_76:
^RelogioDigital.pbas, 139 :: 		goto sai_int
$007C	$2898			GOTO	RelogioDigital_interrupt_sai_int
$007D	$	RelogioDigital_L_77:
^RelogioDigital.pbas, 140 :: 		end if
$007D	$	RelogioDigital_L_78:
^RelogioDigital.pbas, 142 :: 		minuto_lsb=0
$007D	$01A7			CLRF	main_global_minuto_lsb, 1
^RelogioDigital.pbas, 143 :: 		inc(minuto_msb)
$007E	$0AA8			INCF	main_global_minuto_msb, 1
^RelogioDigital.pbas, 144 :: 		if minuto_msb<>6 then
$007F	$0828			MOVF	main_global_minuto_msb, 0
$0080	$3A06			XORLW	6
$0081	$1903			BTFSC	STATUS, Z
$0082	$2884			GOTO	RelogioDigital_L_80
$0083	$	RelogioDigital_L_79:
^RelogioDigital.pbas, 145 :: 		goto sai_int
$0083	$2898			GOTO	RelogioDigital_interrupt_sai_int
$0084	$	RelogioDigital_L_80:
^RelogioDigital.pbas, 146 :: 		end if
$0084	$	RelogioDigital_L_81:
^RelogioDigital.pbas, 148 :: 		minuto_msb=0
$0084	$01A8			CLRF	main_global_minuto_msb, 1
^RelogioDigital.pbas, 149 :: 		inc(hora_lsb)
$0085	$0AA9			INCF	main_global_hora_lsb, 1
^RelogioDigital.pbas, 150 :: 		if hora_msb=2 then
$0086	$082A			MOVF	main_global_hora_msb, 0
$0087	$3A02			XORLW	2
$0088	$1D03			BTFSS	STATUS, Z
$0089	$2891			GOTO	RelogioDigital_L_83
$008A	$	RelogioDigital_L_82:
^RelogioDigital.pbas, 151 :: 		if hora_lsb=4 then
$008A	$0829			MOVF	main_global_hora_lsb, 0
$008B	$3A04			XORLW	4
$008C	$1D03			BTFSS	STATUS, Z
$008D	$2891			GOTO	RelogioDigital_L_86
$008E	$	RelogioDigital_L_85:
^RelogioDigital.pbas, 152 :: 		hora_msb=0
$008E	$01AA			CLRF	main_global_hora_msb, 1
^RelogioDigital.pbas, 153 :: 		hora_lsb=0
$008F	$01A9			CLRF	main_global_hora_lsb, 1
^RelogioDigital.pbas, 154 :: 		goto sai_int
$0090	$2898			GOTO	RelogioDigital_interrupt_sai_int
$0091	$	RelogioDigital_L_86:
^RelogioDigital.pbas, 155 :: 		end if
$0091	$	RelogioDigital_L_87:
$0091	$	RelogioDigital_L_83:
^RelogioDigital.pbas, 156 :: 		end if
$0091	$	RelogioDigital_L_84:
^RelogioDigital.pbas, 158 :: 		if hora_lsb<>10 then
$0091	$0829			MOVF	main_global_hora_lsb, 0
$0092	$3A0A			XORLW	10
$0093	$1903			BTFSC	STATUS, Z
$0094	$2896			GOTO	RelogioDigital_L_89
$0095	$	RelogioDigital_L_88:
^RelogioDigital.pbas, 159 :: 		goto sai_int
$0095	$2898			GOTO	RelogioDigital_interrupt_sai_int
$0096	$	RelogioDigital_L_89:
^RelogioDigital.pbas, 160 :: 		end if
$0096	$	RelogioDigital_L_90:
^RelogioDigital.pbas, 162 :: 		hora_lsb=0
$0096	$01A9			CLRF	main_global_hora_lsb, 1
^RelogioDigital.pbas, 163 :: 		inc(hora_msb)
$0097	$0AAA			INCF	main_global_hora_msb, 1
$0098	$	RelogioDigital_L_74:
^RelogioDigital.pbas, 164 :: 		end if
$0098	$	RelogioDigital_L_75:
$0098	$	RelogioDigital_L_71:
^RelogioDigital.pbas, 165 :: 		end if
$0098	$	RelogioDigital_L_72:
^RelogioDigital.pbas, 166 :: 		sai_int:
$0098	$	RelogioDigital_interrupt_sai_int:
$0098	$	RelogioDigital_L_50:
$0098	$0830			MOVF	STSAVED_0, 0
$0099	$00F0			MOVWF	STACK_0
$009A	$082D			MOVF	?savePCLATH, 0
$009B	$008A			MOVWF	PCLATH
$009C	$082B			MOVF	?saveFSR, 0
$009D	$0084			MOVWF	FSR
$009E	$0E2C			SWAPF	?saveSTATUS, 0
$009F	$0083			MOVWF	STATUS
$00A0	$0EFF			SWAPF	STACK_15, 1
$00A1	$0E7F			SWAPF	STACK_15, 0
$00A2	$0009			RETFIE
$00A3	$	RelogioDigital_converte_to_7seg:
^RelogioDigital.pbas, 61 :: 		sub function Converte_to_7seg(dim dado as byte) as byte
^RelogioDigital.pbas, 64 :: 		case 0
$00A3	$	RelogioDigital_L_3:
$00A3	$1303			BCF	STATUS, RP1
$00A4	$1283			BCF	STATUS, RP0
$00A5	$082E			MOVF	FARG_Converte_to_7seg, 0
$00A6	$3A00			XORLW	0
$00A7	$1D03			BTFSS	STATUS, Z
$00A8	$28AC			GOTO	RelogioDigital_L_4
$00A9	$	RelogioDigital_L_2:
^RelogioDigital.pbas, 65 :: 		result=CHR_0
$00A9	$303F			MOVLW	63
$00AA	$00AF			MOVWF	relogiodigital_converte_to_7seg_local_result
$00AB	$2915			GOTO	RelogioDigital_L_1
$00AC	$	RelogioDigital_L_4:
^RelogioDigital.pbas, 66 :: 		case 1
$00AC	$	RelogioDigital_L_6:
$00AC	$082E			MOVF	FARG_Converte_to_7seg, 0
$00AD	$3A01			XORLW	1
$00AE	$1D03			BTFSS	STATUS, Z
$00AF	$28B3			GOTO	RelogioDigital_L_7
$00B0	$	RelogioDigital_L_5:
^RelogioDigital.pbas, 67 :: 		result=CHR_1
$00B0	$3006			MOVLW	6
$00B1	$00AF			MOVWF	relogiodigital_converte_to_7seg_local_result
$00B2	$2915			GOTO	RelogioDigital_L_1
$00B3	$	RelogioDigital_L_7:
^RelogioDigital.pbas, 68 :: 		case 2
$00B3	$	RelogioDigital_L_9:
$00B3	$082E			MOVF	FARG_Converte_to_7seg, 0
$00B4	$3A02			XORLW	2
$00B5	$1D03			BTFSS	STATUS, Z
$00B6	$28BA			GOTO	RelogioDigital_L_10
$00B7	$	RelogioDigital_L_8:
^RelogioDigital.pbas, 69 :: 		result=CHR_2
$00B7	$305B			MOVLW	91
$00B8	$00AF			MOVWF	relogiodigital_converte_to_7seg_local_result
$00B9	$2915			GOTO	RelogioDigital_L_1
$00BA	$	RelogioDigital_L_10:
^RelogioDigital.pbas, 70 :: 		case 3
$00BA	$	RelogioDigital_L_12:
$00BA	$082E			MOVF	FARG_Converte_to_7seg, 0
$00BB	$3A03			XORLW	3
$00BC	$1D03			BTFSS	STATUS, Z
$00BD	$28C1			GOTO	RelogioDigital_L_13
$00BE	$	RelogioDigital_L_11:
^RelogioDigital.pbas, 71 :: 		result=CHR_3
$00BE	$304F			MOVLW	79
$00BF	$00AF			MOVWF	relogiodigital_converte_to_7seg_local_result
$00C0	$2915			GOTO	RelogioDigital_L_1
$00C1	$	RelogioDigital_L_13:
^RelogioDigital.pbas, 72 :: 		case 4
$00C1	$	RelogioDigital_L_15:
$00C1	$082E			MOVF	FARG_Converte_to_7seg, 0
$00C2	$3A04			XORLW	4
$00C3	$1D03			BTFSS	STATUS, Z
$00C4	$28C8			GOTO	RelogioDigital_L_16
$00C5	$	RelogioDigital_L_14:
^RelogioDigital.pbas, 73 :: 		result=CHR_4
$00C5	$3066			MOVLW	102
$00C6	$00AF			MOVWF	relogiodigital_converte_to_7seg_local_result
$00C7	$2915			GOTO	RelogioDigital_L_1
$00C8	$	RelogioDigital_L_16:
^RelogioDigital.pbas, 74 :: 		case 5
$00C8	$	RelogioDigital_L_18:
$00C8	$082E			MOVF	FARG_Converte_to_7seg, 0
$00C9	$3A05			XORLW	5
$00CA	$1D03			BTFSS	STATUS, Z
$00CB	$28CF			GOTO	RelogioDigital_L_19
$00CC	$	RelogioDigital_L_17:
^RelogioDigital.pbas, 75 :: 		result=CHR_5
$00CC	$306D			MOVLW	109
$00CD	$00AF			MOVWF	relogiodigital_converte_to_7seg_local_result
$00CE	$2915			GOTO	RelogioDigital_L_1
$00CF	$	RelogioDigital_L_19:
^RelogioDigital.pbas, 76 :: 		case 6
$00CF	$	RelogioDigital_L_21:
$00CF	$082E			MOVF	FARG_Converte_to_7seg, 0
$00D0	$3A06			XORLW	6
$00D1	$1D03			BTFSS	STATUS, Z
$00D2	$28D6			GOTO	RelogioDigital_L_22
$00D3	$	RelogioDigital_L_20:
^RelogioDigital.pbas, 77 :: 		result=CHR_6
$00D3	$307D			MOVLW	125
$00D4	$00AF			MOVWF	relogiodigital_converte_to_7seg_local_result
$00D5	$2915			GOTO	RelogioDigital_L_1
$00D6	$	RelogioDigital_L_22:
^RelogioDigital.pbas, 78 :: 		case 7
$00D6	$	RelogioDigital_L_24:
$00D6	$082E			MOVF	FARG_Converte_to_7seg, 0
$00D7	$3A07			XORLW	7
$00D8	$1D03			BTFSS	STATUS, Z
$00D9	$28DD			GOTO	RelogioDigital_L_25
$00DA	$	RelogioDigital_L_23:
^RelogioDigital.pbas, 79 :: 		result=CHR_7
$00DA	$3007			MOVLW	7
$00DB	$00AF			MOVWF	relogiodigital_converte_to_7seg_local_result
$00DC	$2915			GOTO	RelogioDigital_L_1
$00DD	$	RelogioDigital_L_25:
^RelogioDigital.pbas, 80 :: 		case 8
$00DD	$	RelogioDigital_L_27:
$00DD	$082E			MOVF	FARG_Converte_to_7seg, 0
$00DE	$3A08			XORLW	8
$00DF	$1D03			BTFSS	STATUS, Z
$00E0	$28E4			GOTO	RelogioDigital_L_28
$00E1	$	RelogioDigital_L_26:
^RelogioDigital.pbas, 81 :: 		result=CHR_8
$00E1	$307F			MOVLW	127
$00E2	$00AF			MOVWF	relogiodigital_converte_to_7seg_local_result
$00E3	$2915			GOTO	RelogioDigital_L_1
$00E4	$	RelogioDigital_L_28:
^RelogioDigital.pbas, 82 :: 		case 9
$00E4	$	RelogioDigital_L_30:
$00E4	$082E			MOVF	FARG_Converte_to_7seg, 0
$00E5	$3A09			XORLW	9
$00E6	$1D03			BTFSS	STATUS, Z
$00E7	$28EB			GOTO	RelogioDigital_L_31
$00E8	$	RelogioDigital_L_29:
^RelogioDigital.pbas, 83 :: 		result=CHR_9
$00E8	$306F			MOVLW	111
$00E9	$00AF			MOVWF	relogiodigital_converte_to_7seg_local_result
$00EA	$2915			GOTO	RelogioDigital_L_1
$00EB	$	RelogioDigital_L_31:
^RelogioDigital.pbas, 84 :: 		case 10
$00EB	$	RelogioDigital_L_33:
$00EB	$082E			MOVF	FARG_Converte_to_7seg, 0
$00EC	$3A0A			XORLW	10
$00ED	$1D03			BTFSS	STATUS, Z
$00EE	$28F2			GOTO	RelogioDigital_L_34
$00EF	$	RelogioDigital_L_32:
^RelogioDigital.pbas, 85 :: 		result=CHR_A
$00EF	$3077			MOVLW	119
$00F0	$00AF			MOVWF	relogiodigital_converte_to_7seg_local_result
$00F1	$2915			GOTO	RelogioDigital_L_1
$00F2	$	RelogioDigital_L_34:
^RelogioDigital.pbas, 86 :: 		case 11
$00F2	$	RelogioDigital_L_36:
$00F2	$082E			MOVF	FARG_Converte_to_7seg, 0
$00F3	$3A0B			XORLW	11
$00F4	$1D03			BTFSS	STATUS, Z
$00F5	$28F9			GOTO	RelogioDigital_L_37
$00F6	$	RelogioDigital_L_35:
^RelogioDigital.pbas, 87 :: 		result=CHR_B
$00F6	$307C			MOVLW	124
$00F7	$00AF			MOVWF	relogiodigital_converte_to_7seg_local_result
$00F8	$2915			GOTO	RelogioDigital_L_1
$00F9	$	RelogioDigital_L_37:
^RelogioDigital.pbas, 88 :: 		case 12
$00F9	$	RelogioDigital_L_39:
$00F9	$082E			MOVF	FARG_Converte_to_7seg, 0
$00FA	$3A0C			XORLW	12
$00FB	$1D03			BTFSS	STATUS, Z
$00FC	$2900			GOTO	RelogioDigital_L_40
$00FD	$	RelogioDigital_L_38:
^RelogioDigital.pbas, 89 :: 		result=CHR_C
$00FD	$3039			MOVLW	57
$00FE	$00AF			MOVWF	relogiodigital_converte_to_7seg_local_result
$00FF	$2915			GOTO	RelogioDigital_L_1
$0100	$	RelogioDigital_L_40:
^RelogioDigital.pbas, 90 :: 		case 13
$0100	$	RelogioDigital_L_42:
$0100	$082E			MOVF	FARG_Converte_to_7seg, 0
$0101	$3A0D			XORLW	13
$0102	$1D03			BTFSS	STATUS, Z
$0103	$2907			GOTO	RelogioDigital_L_43
$0104	$	RelogioDigital_L_41:
^RelogioDigital.pbas, 91 :: 		result=CHR_D
$0104	$305E			MOVLW	94
$0105	$00AF			MOVWF	relogiodigital_converte_to_7seg_local_result
$0106	$2915			GOTO	RelogioDigital_L_1
$0107	$	RelogioDigital_L_43:
^RelogioDigital.pbas, 92 :: 		case 14
$0107	$	RelogioDigital_L_45:
$0107	$082E			MOVF	FARG_Converte_to_7seg, 0
$0108	$3A0E			XORLW	14
$0109	$1D03			BTFSS	STATUS, Z
$010A	$290E			GOTO	RelogioDigital_L_46
$010B	$	RelogioDigital_L_44:
^RelogioDigital.pbas, 93 :: 		result=CHR_E
$010B	$3079			MOVLW	121
$010C	$00AF			MOVWF	relogiodigital_converte_to_7seg_local_result
$010D	$2915			GOTO	RelogioDigital_L_1
$010E	$	RelogioDigital_L_46:
^RelogioDigital.pbas, 94 :: 		case 15
$010E	$	RelogioDigital_L_48:
$010E	$082E			MOVF	FARG_Converte_to_7seg, 0
$010F	$3A0F			XORLW	15
$0110	$1D03			BTFSS	STATUS, Z
$0111	$2915			GOTO	RelogioDigital_L_49
$0112	$	RelogioDigital_L_47:
^RelogioDigital.pbas, 95 :: 		result=CHR_F
$0112	$3071			MOVLW	113
$0113	$00AF			MOVWF	relogiodigital_converte_to_7seg_local_result
$0114	$2915			GOTO	RelogioDigital_L_1
$0115	$	RelogioDigital_L_49:
$0115	$	RelogioDigital_L_1:
^RelogioDigital.pbas, 96 :: 		end select
$0115	$	RelogioDigital_L_0:
$0115	$082F			MOVF	relogiodigital_converte_to_7seg_local_result, 0
$0116	$00F0			MOVWF	STACK_0
$0117	$0008			RETURN
$0118	$	RelogioDigital_main:
^RelogioDigital.pbas, 174 :: 		Main:
$0118	$	RelogioDigital_main_main:
^RelogioDigital.pbas, 176 :: 		trisa=%00000000
$0118	$1303			BCF	STATUS, RP1
$0119	$1683			BSF	STATUS, RP0
$011A	$0185			CLRF	TRISA, 1
^RelogioDigital.pbas, 177 :: 		trisb=%00000000
$011B	$0186			CLRF	TRISB, 1
^RelogioDigital.pbas, 178 :: 		trisd=%00000000            'configura i/os
$011C	$0188			CLRF	TRISD, 1
^RelogioDigital.pbas, 179 :: 		option_reg=%10000000       'configura prescaler do timer 0
$011D	$3080			MOVLW	128
$011E	$0081			MOVWF	OPTION_REG
^RelogioDigital.pbas, 180 :: 		indice=0                   'inicializa a variável de índice
$011F	$1283			BCF	STATUS, RP0
$0120	$01A0			CLRF	main_global_indice, 1
^RelogioDigital.pbas, 181 :: 		hora_msb=0
$0121	$01AA			CLRF	main_global_hora_msb, 1
^RelogioDigital.pbas, 182 :: 		hora_lsb=0
$0122	$01A9			CLRF	main_global_hora_lsb, 1
^RelogioDigital.pbas, 183 :: 		minuto_msb=0
$0123	$01A8			CLRF	main_global_minuto_msb, 1
^RelogioDigital.pbas, 184 :: 		minuto_lsb=0               'inicializa as variáveis de tempo
$0124	$01A7			CLRF	main_global_minuto_lsb, 1
^RelogioDigital.pbas, 185 :: 		pie1=%00000001             'habilita interrupção de timer 1
$0125	$3001			MOVLW	1
$0126	$1683			BSF	STATUS, RP0
$0127	$008C			MOVWF	PIE1
^RelogioDigital.pbas, 186 :: 		t1con=%00110001            'configura timer 1 para prescaler de 1:8
$0128	$3031			MOVLW	49
$0129	$1283			BCF	STATUS, RP0
$012A	$0090			MOVWF	T1CON
^RelogioDigital.pbas, 187 :: 		tmr1h=$0B
$012B	$300B			MOVLW	11
$012C	$008F			MOVWF	TMR1H
^RelogioDigital.pbas, 188 :: 		tmr1l=$DC
$012D	$30DC			MOVLW	220
$012E	$008E			MOVWF	TMR1L
^RelogioDigital.pbas, 189 :: 		vezes_tmr1=120             'inicializa variável de contagem
$012F	$3078			MOVLW	120
$0130	$00A6			MOVWF	main_global_vezes_tmr1
^RelogioDigital.pbas, 190 :: 		pisca=0                    'inicializa variável de piscagem
$0131	$01A5			CLRF	main_global_pisca, 1
^RelogioDigital.pbas, 191 :: 		intcon=%11100000           'configura interrupção de timer0
$0132	$30E0			MOVLW	224
$0133	$008B			MOVWF	INTCON
^RelogioDigital.pbas, 193 :: 		loop_principal:
$0134	$	RelogioDigital_main_loop_principal:
^RelogioDigital.pbas, 194 :: 		while true
$0134	$	RelogioDigital_L_93:
^RelogioDigital.pbas, 195 :: 		vetor_display[0]=Converte_to_7seg(hora_msb)
$0134	$082A			MOVF	main_global_hora_msb, 0
$0135	$00AE			MOVWF	FARG_Converte_to_7seg
$0136	$20A3			CALL	RelogioDigital_converte_to_7seg
$0137	$0870			MOVF	STACK_0, 0
$0138	$00A1			MOVWF	main_global_vetor_display+0
^RelogioDigital.pbas, 196 :: 		vetor_display[1]=Converte_to_7seg(hora_lsb)
$0139	$0829			MOVF	main_global_hora_lsb, 0
$013A	$00AE			MOVWF	FARG_Converte_to_7seg
$013B	$20A3			CALL	RelogioDigital_converte_to_7seg
$013C	$0870			MOVF	STACK_0, 0
$013D	$00A2			MOVWF	main_global_vetor_display+1
^RelogioDigital.pbas, 197 :: 		vetor_display[2]=Converte_to_7seg(minuto_msb)
$013E	$0828			MOVF	main_global_minuto_msb, 0
$013F	$00AE			MOVWF	FARG_Converte_to_7seg
$0140	$20A3			CALL	RelogioDigital_converte_to_7seg
$0141	$0870			MOVF	STACK_0, 0
$0142	$00A3			MOVWF	main_global_vetor_display+2
^RelogioDigital.pbas, 198 :: 		vetor_display[3]=Converte_to_7seg(minuto_lsb)
$0143	$0827			MOVF	main_global_minuto_lsb, 0
$0144	$00AE			MOVWF	FARG_Converte_to_7seg
$0145	$20A3			CALL	RelogioDigital_converte_to_7seg
$0146	$0870			MOVF	STACK_0, 0
$0147	$00A4			MOVWF	main_global_vetor_display+3
$0148	$2934			GOTO	RelogioDigital_L_93
^RelogioDigital.pbas, 199 :: 		wend
$0149	$2949			GOTO	$


//** Procedures locations **
//ADDRESS		PROCEDURE
//----------------------------------------------
$0004		interrupt
$00A3		Converte_to_7seg
$0118		main


//** Labels locations **
//ADDRESS		LABEL
//----------------------------------------------
$0004		RelogioDigital_interrupt:
$0017		RelogioDigital_L_51:
$0019		RelogioDigital_L_56:
$001D		RelogioDigital_L_55:
$002A		RelogioDigital_L_57:
$002A		RelogioDigital_L_59:
$002E		RelogioDigital_L_58:
$003D		RelogioDigital_L_61:
$003E		RelogioDigital_L_62:
$003E		RelogioDigital_L_63:
$0040		RelogioDigital_L_60:
$0040		RelogioDigital_L_65:
$0044		RelogioDigital_L_64:
$0051		RelogioDigital_L_66:
$0051		RelogioDigital_L_68:
$0055		RelogioDigital_L_67:
$0063		RelogioDigital_L_52:
$0063		RelogioDigital_L_53:
$0063		RelogioDigital_L_54:
$0063		RelogioDigital_L_69:
$006A		RelogioDigital_L_70:
$0075		RelogioDigital_L_73:
$007C		RelogioDigital_L_76:
$007D		RelogioDigital_L_77:
$007D		RelogioDigital_L_78:
$0083		RelogioDigital_L_79:
$0084		RelogioDigital_L_80:
$0084		RelogioDigital_L_81:
$008A		RelogioDigital_L_82:
$008E		RelogioDigital_L_85:
$0091		RelogioDigital_L_83:
$0091		RelogioDigital_L_84:
$0091		RelogioDigital_L_86:
$0091		RelogioDigital_L_87:
$0095		RelogioDigital_L_88:
$0096		RelogioDigital_L_89:
$0096		RelogioDigital_L_90:
$0098		RelogioDigital_interrupt_sai_int:
$0098		RelogioDigital_L_50:
$0098		RelogioDigital_L_71:
$0098		RelogioDigital_L_72:
$0098		RelogioDigital_L_74:
$0098		RelogioDigital_L_75:
$00A3		RelogioDigital_converte_to_7seg:
$00A3		RelogioDigital_L_3:
$00A9		RelogioDigital_L_2:
$00AC		RelogioDigital_L_4:
$00AC		RelogioDigital_L_6:
$00B0		RelogioDigital_L_5:
$00B3		RelogioDigital_L_7:
$00B3		RelogioDigital_L_9:
$00B7		RelogioDigital_L_8:
$00BA		RelogioDigital_L_10:
$00BA		RelogioDigital_L_12:
$00BE		RelogioDigital_L_11:
$00C1		RelogioDigital_L_13:
$00C1		RelogioDigital_L_15:
$00C5		RelogioDigital_L_14:
$00C8		RelogioDigital_L_16:
$00C8		RelogioDigital_L_18:
$00CC		RelogioDigital_L_17:
$00CF		RelogioDigital_L_19:
$00CF		RelogioDigital_L_21:
$00D3		RelogioDigital_L_20:
$00D6		RelogioDigital_L_22:
$00D6		RelogioDigital_L_24:
$00DA		RelogioDigital_L_23:
$00DD		RelogioDigital_L_25:
$00DD		RelogioDigital_L_27:
$00E1		RelogioDigital_L_26:
$00E4		RelogioDigital_L_28:
$00E4		RelogioDigital_L_30:
$00E8		RelogioDigital_L_29:
$00EB		RelogioDigital_L_31:
$00EB		RelogioDigital_L_33:
$00EF		RelogioDigital_L_32:
$00F2		RelogioDigital_L_34:
$00F2		RelogioDigital_L_36:
$00F6		RelogioDigital_L_35:
$00F9		RelogioDigital_L_37:
$00F9		RelogioDigital_L_39:
$00FD		RelogioDigital_L_38:
$0100		RelogioDigital_L_40:
$0100		RelogioDigital_L_42:
$0104		RelogioDigital_L_41:
$0107		RelogioDigital_L_43:
$0107		RelogioDigital_L_45:
$010B		RelogioDigital_L_44:
$010E		RelogioDigital_L_46:
$010E		RelogioDigital_L_48:
$0112		RelogioDigital_L_47:
$0115		RelogioDigital_L_0:
$0115		RelogioDigital_L_1:
$0115		RelogioDigital_L_49:
$0118		RelogioDigital_main:
$0118		RelogioDigital_main_main:
$0134		RelogioDigital_L_93:
$0134		RelogioDigital_main_loop_principal:


//** Variables locations **
//ADDRESS		VARIABLE
//----------------------------------------------
$0000		INDF
$0002		PCL
$0003		STATUS
$0004		FSR
$0006		PORTB
$0008		PORTD
$000A		PCLATH
$000B		INTCON
$000C		PIR1
$000E		TMR1L
$000F		TMR1H
$0010		T1CON
$0020		main_global_indice
$0021		main_global_vetor_display
$0025		main_global_pisca
$0026		main_global_vezes_tmr1
$0027		main_global_minuto_lsb
$0028		main_global_minuto_msb
$0029		main_global_hora_lsb
$002A		main_global_hora_msb
$002B		?saveFSR
$002C		?saveSTATUS
$002D		?savePCLATH
$002E		FARG_Converte_to_7seg
$002F		relogiodigital_converte_to_7seg_local_result
$0070		STACK_0
$0071		STACK_1
$0072		STACK_2
$0073		STACK_3
$0074		STACK_4
$0075		STACK_5
$0076		STACK_6
$0077		STACK_7
$0078		STACK_8
$0079		STACK_9
$007A		STACK_10
$007B		STACK_11
$007C		STACK_12
$007D		STACK_13
$007E		STACK_14
$007F		STACK_15
$0081		OPTION_REG
$0085		TRISA
$0086		TRISB
$0088		TRISD
$008C		PIE1


