
ROM used: 179 (2%)
          179 (2%) including unused fragments

          0 Average locations per line
          4 Average locations per statement

RAM used: 8 (2%) at main() level
          8 (2%) worst case

Stack used: 0 worst case (out of 8 total available)

Lines Stmts  %   Files
----- ----- ---  -----
   72    45 100  exercicio1.c
  313     0   0  16F877A.h
----- -----
  385    45 Total

Page ROM  %  RAM   Vol Diff  Functions:
---- --- --- ---   --- ----  ----------
0    175  98   2  1644  6.4  main

Program metrics:
    Functions               1
    Statements              45
    Comments                75
    Volume (V)              1644
    Difficilty (D)          6.4
    Effort to implement (E) 10485
    Time to implement (T)   10 minutes
    Est Delivered Bugs (B)  0
    Cyclomatic Complexity   19
    Maintainability (MI)    104

 Segment     Used  Free
-----------  ----  ----
00000-00003     4  0  
00004-007FF   175  1869  
00800-00FFF     0  2048  
01000-017FF     0  2048  
01800-01FFF     0  2048  



