
ROM used: 204 (2%)
          204 (2%) including unused fragments

          1 Average locations per line
          41 Average locations per statement

RAM used: 8 (2%) at main() level
          16 (4%) worst case

Stack used: 2 worst case (out of 8 total available)

Lines Stmts  %   Files
----- ----- ---  -----
   22     5 100  exercicio3.c
  309     0   0  ..\..\..\..\..\..\..\..\Program Files\PICC\devices\16F877A.h
----- -----
  331     5 Total

Page ROM  %  RAM   Vol Diff  Functions:
---- --- --- ---   --- ----  ----------
0     23  11   1             @delay_ms1
0     49  24   2   112  2.4  main
0     21  10   3             @DIV88
0    107  52   6             @PRINTF_D_9600_62_63

Program metrics:
    Functions               1
    Statements              5
    Comments                73
    Volume (V)              118
    Difficilty (D)          1.9
    Effort to implement (E) 228
    Time to implement (T)   0 minutes
    Est Delivered Bugs (B)  0
    Cyclomatic Complexity   1
    Maintainability (MI)    151

 Segment     Used  Free
-----------  ----  ----
00000-00003     4  0  
00004-007FF   200  1844  
00800-00FFF     0  2048  
01000-017FF     0  2048  
01800-01FFF     0  2048  



