
ROM used: 337 (4%)
          337 (4%) including unused fragments

          1 Average locations per line
          42 Average locations per statement

RAM used: 10 (3%) at main() level
          19 (5%) worst case

Stack used: 2 worst case (out of 8 total available)

Lines Stmts  %   Files
----- ----- ---  -----
   26     8 100  exercicio4.c
  309     0   0  ..\..\..\..\..\..\..\..\Program Files\PICC\devices\16F877A.h
----- -----
  335     8 Total

Page ROM  %  RAM   Vol Diff  Functions:
---- --- --- ---   --- ----  ----------
0     23   7   1             @delay_ms1
0    124  37   4   255  3.2  main
0     17   5   0   204  3.6  @const55
0     21   6   3             @DIV88
0    105  31   6             @PRINTF_D_9600_62_63
0     17   5   0             @const62
0     26   8   0             @const63

Program metrics:
    Functions               2
    Statements              8
    Comments                73
    Volume (V)              564
    Difficilty (D)          6.1
    Effort to implement (E) 3453
    Time to implement (T)   3 minutes
    Est Delivered Bugs (B)  0
    Cyclomatic Complexity   2
    Maintainability (MI)    122

 Segment     Used  Free
-----------  ----  ----
00000-00003     4  0  
00004-007FF   333  1711  
00800-00FFF     0  2048  
01000-017FF     0  2048  
01800-01FFF     0  2048  



