
ROM used: 136 (2%)
          136 (2%) including unused fragments

          0 Average locations per line
          7 Average locations per statement

RAM used: 8 (2%) at main() level
          8 (2%) worst case

Stack used: 1 worst case (out of 8 total available)

Lines Stmts  %   Files
----- ----- ---  -----
   38    19 100  exercicio1.c
  309     0   0  ..\..\..\..\..\..\..\..\Program Files\PICC\devices\16F877A.h
----- -----
  347    19 Total

Page ROM  %  RAM   Vol Diff  Functions:
---- --- --- ---   --- ----  ----------
0     92  68   2   429  4.1  main
0     20  15   0   204  3.6  @const54
0     20  15   0             @const55

Program metrics:
    Functions               2
    Statements              19
    Comments                73
    Volume (V)              750
    Difficilty (D)          7.6
    Effort to implement (E) 5669
    Time to implement (T)   5 minutes
    Est Delivered Bugs (B)  0
    Cyclomatic Complexity   7
    Maintainability (MI)    106

 Segment     Used  Free
-----------  ----  ----
00000-00003     4  0  
00004-007FF   132  1912  
00800-00FFF     0  2048  
01000-017FF     0  2048  
01800-01FFF     0  2048  



