
ROM used: 328 (4%)
          328 (4%) including unused fragments

          1 Average locations per line
          16 Average locations per statement

RAM used: 11 (3%) at main() level
          19 (5%) worst case

Stack used: 2 worst case (out of 8 total available)

Lines Stmts  %   Files
----- ----- ---  -----
   42    21 100  exercicio2c.c
  309     0   0  ..\..\..\..\..\..\..\..\Program Files\PICC\devices\16F877A.h
----- -----
  351    21 Total

Page ROM  %  RAM   Vol Diff  Functions:
---- --- --- ---   --- ----  ----------
0    134  41   5   567  4.8  main
0     32  10   0   204  3.6  @const56
0     21   6   3             @DIV88
0    105  32   6             @PRINTF_D_9600_62_63
0     32  10   0             @const63

Program metrics:
    Functions               2
    Statements              21
    Comments                73
    Volume (V)              905
    Difficilty (D)          8.0
    Effort to implement (E) 7270
    Time to implement (T)   7 minutes
    Est Delivered Bugs (B)  0
    Cyclomatic Complexity   7
    Maintainability (MI)    104

 Segment     Used  Free
-----------  ----  ----
00000-00003     4  0  
00004-007FF   324  1720  
00800-00FFF     0  2048  
01000-017FF     0  2048  
01800-01FFF     0  2048  



