
ROM used: 399 (5%)
          399 (5%) including unused fragments

          1 Average locations per line
          19 Average locations per statement

RAM used: 9 (2%) at main() level
          18 (5%) worst case

Stack used: 2 worst case (out of 8 total available)

Lines Stmts  %   Files
----- ----- ---  -----
   36    21 100  exercicio5.c
  309     0   0  ..\..\..\..\..\..\..\..\Program Files\PICC\devices\16F877A.h
----- -----
  345    21 Total

Page ROM  %  RAM   Vol Diff  Functions:
---- --- --- ---   --- ----  ----------
0    201  50   3   685  4.7  main
0     17   4   0   204  3.6  @const54
0     21   5   3             @DIV88
0    105  26   6             @PRINTF_D_9600_62_63
0     17   4   0             @const61
0     17   4   0             @const62
0     17   4   0             @const63

Program metrics:
    Functions               2
    Statements              21
    Comments                73
    Volume (V)              1037
    Difficilty (D)          7.8
    Effort to implement (E) 8074
    Time to implement (T)   7 minutes
    Est Delivered Bugs (B)  0
    Cyclomatic Complexity   7
    Maintainability (MI)    103

 Segment     Used  Free
-----------  ----  ----
00000-00003     4  0  
00004-007FF   395  1649  
00800-00FFF     0  2048  
01000-017FF     0  2048  
01800-01FFF     0  2048  



