MPASM 03.80.04 Internal                                AD.ASM   3-19-2006  18:00:05         PAGE  1


LOC  OBJECT CODE     LINE SOURCE TEXT
  VALUE

                      00001 ;*      *       *       *       *       *       *       *       *       *
                      00002 ;*                        Programação em Assembly                       *
                      00003 ;*               EXEMPLO4: UTILIZANDO O AD INTERNO DO PIC               *
                      00004 ;*                   APOSTILA MÓDULO B  -  PIC16F877A                   *
                      00005 ;*                    ÁPICE TECNOLOGIA E TREINAMENTO                    *
                      00006 ;*          VERSÃO 1.0                          DATA:03/05/2005         *
                      00007 ;*                                                                      *
                      00008 ;*      *       *       *       *       *       *       *       *       *
                      00009 
                      00010 ;*      *       *       *       *       *       *       *       *       *
                      00011 ;*                       OBJETIVO DO ARQUIVO FONTE                      *
                      00012 ;*                                                                      *
                      00013 ;*  DEMONSTRAR A UTILIZAÇÃO DO A/D INTERNO DO PIC. O VALOR LIDO DO A/D  *
                      00014 ;*  SERÁ MOSTRADO NO DISPLAY EM FORMA DECIMAL E EM VOLTS. ALÉM DISSO, O *
                      00015 ;*  O VALOR CONVERTIDO IRÁ ACIONAR A SAÍDA DE LEDS EM FORMA PROPORCIONAL*
                      00016 ;*                        A TENSÃO DE ENTRADA.                          *
                      00017 ;*      *       *       *       *       *       *       *       *       *
                      00018 
                      00019  #INCLUDE <P16F877.INC>         ;ARQUIVO PADRÃO PARA PIC16F877A
                      00001         LIST
                      00002 ; P16F877.INC  Standard Header File, Version 1.00    Microchip Technology, Inc.
                      00373         LIST
2007   3F35           00020  __CONFIG _CP_OFF & _XT_OSC & _PWRTE_ON & _LVP_OFF & _WDT_ON & _BODEN_OFF & _CPD_OFF & _DEBUG_OFF
                      00021         
                      00022         ;NESTE PONTO É INFORMADO A CONFIGURAÇÃO DA MÁQUINA, OU SEJA, SE TERÁ
                      00023         ;CÓDIGO DE PROTEÇÃO OU O TIPO DE CRISTAL QUE SERÁ UTILIZADO     
                      00024 
                      00025         ;CONFIGURAÇÃO DA MÁQUINA
                      00026         ; CODE PROTECT                  -> DESLIGADO
                      00027         ; OSCILADOR                     -> CRISTAL OU RESSONADOR
                      00028         ; POWER-UP                      -> LIGADO
                      00029         ; DEBUF                         -> DESLIGADO            
                      00030         ; PROGRAMAÇÃO EM BAIXA VOLTAGEM -> DESLIGADO
                      00031         ; WATCH DOG                     -> LIGADO
                      00032         ; BROWN-OUT RESET               -> DESLIGADO
                      00033         ; PROTEÇÃO DE EEPROM            -> DESLIGADO
                      00034                 
                      00035 ;*      *       *       *       *       *       *       *       *       *
                      00036 ;*                         PAGINAÇÃO DE MEMÓRIA                         *
                      00037 ;*      *       *       *       *       *       *       *       *       *
                      00038 
                      00039 ; AQUI CRIAREMOS UM PSEUDÔNIMO PARA UM COMANDO. POR EXEMPLO, O COMANDO
                      00040 ; "BCF STATUS,RP0" PODE SER SUBSTITUÍDO SEM PROBLEMAS POR "BANK0". O 
                      00041 ; COMPILADOR IRÁ SUBSTITUIR INTERNAMENTE "BANK0" POR "BCF STATUS,RP0".
                      00042 ; ESTA APLICAÇÃO É VÁLIDA PARA OUTROS TIPOS DE COMANDOS
                      00043 
                      00044 #DEFINE BANK0   BCF     STATUS,RP0      ; ESCOLHE BANCO DE MEMÓRIA 0
                      00045 #DEFINE BANK1   BSF     STATUS,RP0      ; ESCOLHE BANCO DE MEMÓRIA 1
                      00046 
                      00047 ;*      *       *       *       *       *       *       *       *       *
                      00048 ;*                           DEFINICAO DE RAM                           *
                      00049 ;*      *       *       *       *       *       *       *       *       *
                      00050 
MPASM 03.80.04 Internal                                AD.ASM   3-19-2006  18:00:05         PAGE  2


LOC  OBJECT CODE     LINE SOURCE TEXT
  VALUE

                      00051 ; AQUI IREMOS CRIAR AS VARIÁVEIS DO NOSSO SISTEMA
                      00052 
                      00053         CBLOCK 0x20      ; INÍCIO DO BLOCO DE RAM(GPR)
  00000020            00054                 TEMPO1   ; VARIÁVEL DA ROTINA DE TEMPO          
  00000021            00055                 TEMPO2   ; VARIÁVEL DA ROTINA DE TEMPO                          
  00000022            00056                 TEMP     ; VARIÁVEL DE USO GERAL
  00000023            00057                 CENTENA  ; CENTENA DA VARIÁVEL CONVERTIDA
  00000024            00058                 DEZENA   ; DEZENA DA VARIÁVEL CONVERTIDA
  00000025            00059                 UNIDADE  ; UNIDADE DA VARIÁVEL CONVERTIDA
  00000026            00060                 CONVERSAO_4 ; RESULTADO DA CONVERSÃO BINÁRIO PARA DECIMAL
  00000027            00061                 CONVERSAO_3 ; RESULTADO DA CONVERSÃO BINÁRIO PARA DECIMAL
  00000028            00062                 CONVERSAO_2 ; RESULTADO DA CONVERSÃO BINÁRIO PARA DECIMAL
  00000029            00063                 CONVERSAO_1 ; RESULTADO DA CONVERSÃO BINÁRIO PARA DECIMAL
  0000002A            00064                 CONVERSAO_0 ; RESULTADO DA CONVERSÃO BINÁRIO PARA DECIMAL
  0000002B            00065                 MSB         ; VARIÁVEIS DE ENTRADA DA CONVERSÃO BINÁRIO 
  0000002C            00066                 LSB         ; PARA DECIMAL
  0000002D            00067                 ARG0        ; ARGUMENTO LSB PARA ROTINA DE MULTIPLICAÇÃO        
  0000002E            00068                 ARG1        ; ARGUMENTO MSB PARA ROTINA DE MULTIPLICAÇÃO                
  0000002F            00069                 MUL0        ; VARIÁVEL AUXILIAR PARA A ROTINA DE MULTIPLICAÇÃO  
  00000030            00070                 MUL1        ; VARIÁVEL AUXILIAR PARA A ROTINA DE MULTIPLICAÇÃO                  
  00000031            00071                 BYTE_LED    ; SAÍDA PARA OS LEDS
                      00072         ENDC             ; FIM DO BLOCO DE RAM(GPR)
                      00073                 
                      00074 ;*      *       *       *       *       *       *       *       *       *
                      00075 ;*                        DEFINICAO DE FLAGS                            *
                      00076 ;*      *       *       *       *       *       *       *       *       *
                      00077 
                      00078 ; AQUI SÃO DEFINIDOS OS FLAGS QUE SERÃO UTILIZADOS PELO SISTEMA
                      00079         
                      00080 ;*      *       *       *       *       *       *       *       *       *
                      00081 ;*                      DEFINICAO DE CONSTANTES                         *
                      00082 ;*      *       *       *       *       *       *       *       *       *
                      00083 
                      00084 ; AQUI SÃO DEFINIDOS AS CONSTANTES QUE SERÃO UTILIZADOS PELO SISTEMA
                      00085 
                      00086 #DEFINE LINHA_SUP       0x80    ; CONSTANTE PARA LINHA SUPERIOR
                      00087 #DEFINE LINHA_INF       0xC0    ; CONSTANTE PARA LINHA INFERIOR
                      00088 
                      00089 #DEFINE LIMITE_1        (.256/.8)*1-1 ; DEFINE LIMITES PARA OS LEDS
                      00090 #DEFINE LIMITE_2        (.256/.8)*2-1
                      00091 #DEFINE LIMITE_3        (.256/.8)*3-1
                      00092 #DEFINE LIMITE_4        (.256/.8)*4-1
                      00093 #DEFINE LIMITE_5        (.256/.8)*5-1
                      00094 #DEFINE LIMITE_6        (.256/.8)*6-1
                      00095 #DEFINE LIMITE_7        (.256/.8)*7-1
                      00096 #DEFINE LIMITE_8        (.256/.8)*8-1
                      00097 
                      00098 ;*      *       *       *       *       *       *       *       *       *
                      00099 ;*                        ENTRADAS DO SISTEMA                           *
                      00100 ;*      *       *       *       *       *       *       *       *       *
                      00101 
                      00102 ;*      *       *       *       *       *       *       *       *       *
                      00103 ;*                        SAÍDAS DO SISTEMA                             *
MPASM 03.80.04 Internal                                AD.ASM   3-19-2006  18:00:05         PAGE  3


LOC  OBJECT CODE     LINE SOURCE TEXT
  VALUE

                      00104 ;*      *       *       *       *       *       *       *       *       *
                      00105 
                      00106 ; AQUI SÃO DEFINIDAS AS SAÍDAS QUE SERÃO UTILIZADOS PELO SISTEMA
                      00107 
                      00108 #DEFINE BUS             PORTD   ; DEFINE O BARRAMENTO COMO O PORTD 
                      00109 #DEFINE RS              PORTE,2 ; RS DO DISPLAY
                      00110 #DEFINE EN              PORTE,1 ; EN DO DISPLAY
                      00111 #DEFINE SEL_LEDS        PORTB,5 ; SELEÇÃO DOS LEDS
                      00112 
                      00113 ;*      *       *       *       *       *       *       *       *       *
                      00114 ;*                          VETOR DE RESET                              *
                      00115 ;*      *       *       *       *       *       *       *       *       *
                      00116 
0000                  00117         ORG     0x0000          ; ENDEREÇO INICIAL DA MÁQUINA
0000   28E6           00118         GOTO    CONFIG_         ; SALTA PARA CONFIGURAR A MÁQUINA
                      00119 
                      00120 ;*      *       *       *       *       *       *       *       *       *
                      00121 ;*                       VETOR DE INTERRUPÇÃO                           *
                      00122 ;*      *       *       *       *       *       *       *       *       *
                      00123 
0004                  00124         ORG     0x0004          ; ENDEREÇO INICIAL DO VETOR DE INTERRUPÇÃO
0004   0009           00125         RETFIE                  ; RETORNA DA INTERRUPÇÃO
                      00126 
                      00127 ;*      *       *       *       *       *       *       *       *       *
                      00128 ;*                    ROTINA DE MULTIPLICAÇÃO 8x8                       *
                      00129 ;*                        ENTRADAS: ARG1:ARG0                           *       
                      00130 ;*                         SAÍDA: ARG1:ARG0                             *
                      00131 ;*                  VARIÁVEIS AUXILIARES: MUL1:MUL0                     *
                      00132 ;*      *       *       *       *       *       *       *       *       *
                      00133 
0005                  00134 MULTIPLICACAO
                      00135 
0005   08AD           00136         MOVF    ARG0,F          ; VERIFICA SE ALGUMA DAS VARIÁVEIS
0006   1903           00137         BTFSC   STATUS,Z        ; É NULA        
0007   2818           00138         GOTO    SAI_EM_0
                      00139         
0008   08AE           00140         MOVF    ARG1,F
0009   1903           00141         BTFSC   STATUS,Z
000A   2818           00142         GOTO    SAI_EM_0
                      00143         
000B   01B0           00144         CLRF    MUL1
000C   01AF           00145         CLRF    MUL0
                      00146         
000D                  00147 MULT
000D   082D           00148         MOVF    ARG0,W          ; FAZ A SOMA SUCESSIVA, OU SEJA
000E   07AF           00149         ADDWF   MUL0,F          ; A MULTIPLICAÇÃO
000F   1803           00150         BTFSC   STATUS,C
0010   0AB0           00151         INCF    MUL1,F
                      00152         
0011   0BAE           00153         DECFSZ  ARG1,F
0012   280D           00154         GOTO    MULT
                      00155         
0013   0830           00156         MOVF    MUL1,W          ; RETORNA O VALOR DA MULTIPLICAÇÃO
MPASM 03.80.04 Internal                                AD.ASM   3-19-2006  18:00:05         PAGE  4


LOC  OBJECT CODE     LINE SOURCE TEXT
  VALUE

0014   00AE           00157         MOVWF   ARG1
0015   082F           00158         MOVF    MUL0,W
0016   00AD           00159         MOVWF   ARG0
0017   0008           00160         RETURN
                      00161                 
0018                  00162 SAI_EM_0
                      00163         
0018   01AD           00164         CLRF    ARG0
0019   01AE           00165         CLRF    ARG1
001A   0008           00166         RETURN  
                      00167         
                      00168 ;*      *       *       *       *       *       *       *       *       *
                      00169 ;*                    ROTINA DE DELAY DE 1ms A 256ms                    *
                      00170 ;*      *       *       *       *       *       *       *       *       *
                      00171 
001B                  00172 DELAY_MS
                      00173         
001B   0064           00174         CLRWDT
                      00175         
001C   00A1           00176         MOVWF   TEMPO2          ; SALVA O VALOR MULTIPLICADOR
001D   01A0           00177         CLRF    TEMPO1          ; LIMPA REGISTRADOR
                      00178 
001E                  00179 DELAY_A
                      00180         
001E   0000           00181         NOP                     ; PERDE 1 CICLO DE MÁQUINA
001F   0BA0           00182         DECFSZ  TEMPO1,F        ; DECREMENTA REGISTRADOR, ACABOU?
0020   281E           00183         GOTO    $-2             ; NÃO, ENTÃO RETORNA DUAS POSIÇÕES 
0021   0BA1           00184         DECFSZ  TEMPO2,F
0022   281E           00185         GOTO    DELAY_A
                      00186         
0023   0008           00187         RETURN                  ; RETORNA DA INTERRUPÇÃO
                      00188 
                      00189 ;*      *       *       *       *       *       *       *       *       *
                      00190 ;*                ROTINA PARA ESCREVER DADOS NO DISPLAY                 *
                      00191 ;*      *       *       *       *       *       *       *       *       *
                      00192 
0024                  00193 ENVIA_COMANDO
                      00194         
0024   1109           00195         BCF     RS              ; PÕE EM MODO DE COMANDO
                      00196         
0025                  00197 ENVIA_DADO
                      00198         
0025   1286           00199         BCF     SEL_LEDS        ; DESLIGA A SAÍDA DOS LEDS
0026   0088           00200         MOVWF   BUS             ; MOVE DADO PARA O PORTD
                      00201                 
0027   2828           00202         GOTO    $+1             ; DEÇAY PARA ACOMODAÇÃO
0028   2829           00203         GOTO    $+1             
                      00204         
0029   1489           00205         BSF     EN              ; GERA PULSO DE CLOCK
002A   282B           00206         GOTO    $+1
002B   1089           00207         BCF     EN
                      00208         
002C   1509           00209         BSF     RS              ; VOLTA PARA O MODO DADOS
MPASM 03.80.04 Internal                                AD.ASM   3-19-2006  18:00:05         PAGE  5


LOC  OBJECT CODE     LINE SOURCE TEXT
  VALUE

                      00210         
002D   0831           00211         MOVF    BYTE_LED,W
002E   0088           00212         MOVWF   BUS             ; ATUALIZA A SAÍDA DE LEDS
002F   1686           00213         BSF     SEL_LEDS        ; LIGA A SAÍDA DE LEDS
                      00214         
0030   3001           00215         MOVLW   .1
0031   201B           00216         CALL    DELAY_MS
0032   0008           00217         RETURN                  ; RETORNA DA INTERRUPÇÃO
                      00218 
                      00219 ;*      *       *       *       *       *       *       *       *       *
                      00220 ;*                ROTINA DE CONVERSÃO BINÁRIO PARA DECIMAL              *
                      00221 ;*                           ENTRADAS: MSB:LSB                          *
                      00222 ;*  SAÍDA: CONVERSAO_4:CONVERSAO_3:CONVERSAO_2:CONVERSAO_1:CONVERSAO_0  *
                      00223 ;*      *       *       *       *       *       *       *       *       *
                      00224 
0033                  00225 BIN_TO_DEC
                      00226         
0033   01AA           00227         CLRF    CONVERSAO_0     ; INICIALIZA VARIÁVEIS DE CONVERSÃO
0034   01A9           00228         CLRF    CONVERSAO_1
0035   01A8           00229         CLRF    CONVERSAO_2
0036   01A7           00230         CLRF    CONVERSAO_3
0037   01A6           00231         CLRF    CONVERSAO_4
                      00232                 
0038   08AC           00233         MOVF    LSB,F           ; VERIFICA SE ALGUMA DAS VARIÁVEIS É NULA
0039   1D03           00234         BTFSS   STATUS,Z
003A   2841           00235         GOTO    INC_MSB
                      00236         
003B   08AB           00237         MOVF    MSB,F
003C   1903           00238         BTFSC   STATUS,Z
003D   0008           00239         RETURN
                      00240         
003E   08AC           00241         MOVF    LSB,F
003F   1903           00242         BTFSC   STATUS,Z
0040   2842           00243         GOTO    CONVERSAO_A
                      00244         
0041                  00245 INC_MSB 
                      00246 
0041   0AAB           00247         INCF    MSB,F
                      00248                 
0042                  00249 CONVERSAO_A
                      00250 
0042   0064           00251         CLRWDT  
0043   0AAA           00252         INCF    CONVERSAO_0,F           ; FAZ A CONVERSÃO DO
0044   300A           00253         MOVLW   .10                     ; RESULTADO PASSADO COMO ARGUMENTO
0045   062A           00254         XORWF   CONVERSAO_0,W
0046   1D03           00255         BTFSS   STATUS,Z
0047   285C           00256         GOTO    CONVERSAO_B
                      00257         
0048   01AA           00258         CLRF    CONVERSAO_0
0049   0AA9           00259         INCF    CONVERSAO_1,F
004A   300A           00260         MOVLW   .10
004B   0629           00261         XORWF   CONVERSAO_1,W
004C   1D03           00262         BTFSS   STATUS,Z
MPASM 03.80.04 Internal                                AD.ASM   3-19-2006  18:00:05         PAGE  6


LOC  OBJECT CODE     LINE SOURCE TEXT
  VALUE

004D   285C           00263         GOTO    CONVERSAO_B
                      00264         
004E   01A9           00265         CLRF    CONVERSAO_1
004F   0AA8           00266         INCF    CONVERSAO_2,F
0050   300A           00267         MOVLW   .10
0051   0628           00268         XORWF   CONVERSAO_2,W
0052   1D03           00269         BTFSS   STATUS,Z
0053   285C           00270         GOTO    CONVERSAO_B
                      00271         
0054   01A8           00272         CLRF    CONVERSAO_2
0055   0AA7           00273         INCF    CONVERSAO_3,F
0056   300A           00274         MOVLW   .10
0057   0627           00275         XORWF   CONVERSAO_3,W
0058   1D03           00276         BTFSS   STATUS,Z
0059   285C           00277         GOTO    CONVERSAO_B
                      00278         
005A   01A7           00279         CLRF    CONVERSAO_3
005B   0AA6           00280         INCF    CONVERSAO_4,F
                      00281         
005C                  00282 CONVERSAO_B     
                      00283 
005C   0BAC           00284         DECFSZ  LSB,F
005D   2842           00285         GOTO    CONVERSAO_A
                      00286         
005E   0BAB           00287         DECFSZ  MSB,F
005F   2842           00288         GOTO    CONVERSAO_A
                      00289                 
0060   0008           00290         RETURN  
                      00291 
                      00292 ;*      *       *       *       *       *       *       *       *       *
                      00293 ;*                   ROTINA DE ATUALIZAÇÃO DA TELA DO LCD               *
                      00294 ;*      *       *       *       *       *       *       *       *       *
                      00295 
0061                  00296 ATUALIZA_TELA
                      00297         
0061   00A2           00298         MOVWF   TEMP            ; SALVA O DADO EM TEMP
                      00299         
0062   3081           00300         MOVLW   0x81
0063   2024           00301         CALL    ENVIA_COMANDO   ; COMANDO PARA POSICIONAR O DISPLAY
                      00302         
0064   3056           00303         MOVLW   'V'
0065   2025           00304         CALL    ENVIA_DADO      ; ENVIA CARACTER ASCII  
                      00305         
0066   3061           00306         MOVLW   'a'
0067   2025           00307         CALL    ENVIA_DADO      ; ENVIA CARACTER ASCII  
                      00308         
0068   306C           00309         MOVLW   'l'
0069   2025           00310         CALL    ENVIA_DADO      ; ENVIA CARACTER ASCII  
                      00311         
006A   306F           00312         MOVLW   'o'
006B   2025           00313         CALL    ENVIA_DADO      ; ENVIA CARACTER ASCII  
                      00314         
006C   3072           00315         MOVLW   'r'
MPASM 03.80.04 Internal                                AD.ASM   3-19-2006  18:00:05         PAGE  7


LOC  OBJECT CODE     LINE SOURCE TEXT
  VALUE

006D   2025           00316         CALL    ENVIA_DADO      ; ENVIA CARACTER ASCII  
                      00317         
006E   3020           00318         MOVLW   ' '
006F   2025           00319         CALL    ENVIA_DADO      ; ENVIA CARACTER ASCII  
                      00320         
0070   3041           00321         MOVLW   'A'
0071   2025           00322         CALL    ENVIA_DADO      ; ENVIA CARACTER ASCII  
                      00323         
0072   302F           00324         MOVLW   '/'
0073   2025           00325         CALL    ENVIA_DADO      ; ENVIA CARACTER ASCII  
                      00326         
0074   3044           00327         MOVLW   'D'
0075   2025           00328         CALL    ENVIA_DADO      ; ENVIA CARACTER ASCII  
                      00329         
0076   3020           00330         MOVLW   ' '
0077   2025           00331         CALL    ENVIA_DADO      ; ENVIA CARACTER ASCII  
                      00332         
0078   0822           00333         MOVF    TEMP,W          ; FAZ CONVERSÃO DA PARA
0079   00AC           00334         MOVWF   LSB             ; DECIMAL DA LEITURA DO A/D
007A   01AB           00335         CLRF    MSB
007B   2033           00336         CALL    BIN_TO_DEC
                      00337         
007C   0828           00338         MOVF    CONVERSAO_2,W   ; APRESENTA VALOR NO DISPLAY
007D   3E30           00339         ADDLW   0x30
007E   2025           00340         CALL    ENVIA_DADO
                      00341         
007F   0829           00342         MOVF    CONVERSAO_1,W
0080   3E30           00343         ADDLW   0x30
0081   2025           00344         CALL    ENVIA_DADO
                      00345         
0082   082A           00346         MOVF    CONVERSAO_0,W
0083   3E30           00347         ADDLW   0x30
0084   2025           00348         CALL    ENVIA_DADO
                      00349                 
0085   30C1           00350         MOVLW   0xC1
0086   2024           00351         CALL    ENVIA_COMANDO   ; COMANDO PARA POSICIONAR O DISPLAY
                      00352 
0087   3054           00353         MOVLW   'T'
0088   2025           00354         CALL    ENVIA_DADO      ; ENVIA CARACTER ASCII  
                      00355          
0089   3065           00356         MOVLW   'e'
008A   2025           00357         CALL    ENVIA_DADO      ; ENVIA CARACTER ASCII  
                      00358          
008B   306E           00359         MOVLW   'n'
008C   2025           00360         CALL    ENVIA_DADO      ; ENVIA CARACTER ASCII  
                      00361                 
008D   3073           00362         MOVLW   's'
008E   2025           00363         CALL    ENVIA_DADO      ; ENVIA CARACTER ASCII  
                      00364          
008F   3061           00365         MOVLW   'a'
0090   2025           00366         CALL    ENVIA_DADO      ; ENVIA CARACTER ASCII  
                      00367          
0091   306F           00368         MOVLW   'o'
MPASM 03.80.04 Internal                                AD.ASM   3-19-2006  18:00:05         PAGE  8


LOC  OBJECT CODE     LINE SOURCE TEXT
  VALUE

0092   2025           00369         CALL    ENVIA_DADO      ; ENVIA CARACTER ASCII  
                      00370         
0093   3020           00371         MOVLW   ' '
0094   2025           00372         CALL    ENVIA_DADO      ; ENVIA CARACTER ASCII  
                      00373         
0095   0822           00374         MOVF    TEMP,W          ; FAZ CONVERSÃO PARA VOLTS
0096   00AD           00375         MOVWF   ARG0
0097   3014           00376         MOVLW   .20 
0098   00AE           00377         MOVWF   ARG1
0099   2005           00378         CALL    MULTIPLICACAO
                      00379         
009A   082E           00380         MOVF    ARG1,W
009B   00AB           00381         MOVWF   MSB
009C   082D           00382         MOVF    ARG0,W
009D   00AC           00383         MOVWF   LSB
009E   2033           00384         CALL    BIN_TO_DEC
                      00385         
009F   0827           00386         MOVF    CONVERSAO_3,W   ; APRESENTA O RESULTADO NO DISPLAY
00A0   3E30           00387         ADDLW   0x30
00A1   2025           00388         CALL    ENVIA_DADO
                      00389         
00A2   302C           00390         MOVLW   ','
00A3   2025           00391         CALL    ENVIA_DADO
                      00392         
00A4   0828           00393         MOVF    CONVERSAO_2,W
00A5   3E30           00394         ADDLW   0x30
00A6   2025           00395         CALL    ENVIA_DADO
                      00396         
00A7   0829           00397         MOVF    CONVERSAO_1,W
00A8   3E30           00398         ADDLW   0x30
00A9   2025           00399         CALL    ENVIA_DADO
                      00400         
00AA   3020           00401         MOVLW   ' '
00AB   2025           00402         CALL    ENVIA_DADO      ; ENVIA CARACTER ASCII  
                      00403                  
00AC   3056           00404         MOVLW   'V'
00AD   2025           00405         CALL    ENVIA_DADO      ; ENVIA CARACTER ASCII  
                      00406         
00AE   01B1           00407         CLRF    BYTE_LED
                      00408         
00AF   20B3           00409         CALL    ATUALIZA_LEDS   ; CHAMA ROTINA PARA ATUALIZAR OS LEDS
                      00410         
00B0   3064           00411         MOVLW   .100            ; AGUARDA 100ms
00B1   201B           00412         CALL    DELAY_MS
                      00413                         
00B2   0008           00414         RETURN                  ; RETORNA DA ROTINA     
                      00415 
                      00416 ;*      *       *       *       *       *       *       *       *       *
                      00417 ;*                        ROTINA DE ATUALIZAÇÃO DOS LEDS                *
                      00418 ;*      *       *       *       *       *       *       *       *       *
                      00419 
00B3                  00420 ATUALIZA_LEDS
                      00421         
MPASM 03.80.04 Internal                                AD.ASM   3-19-2006  18:00:05         PAGE  9


LOC  OBJECT CODE     LINE SOURCE TEXT
  VALUE

00B3   301F           00422         MOVLW   LIMITE_1        ; VERIFICA SE O VALOR DA CONVERSÃO
00B4   0222           00423         SUBWF   TEMP,W          ; É MAIOR QUE A PRIMEIRA CONSTANTE
00B5   1903           00424         BTFSC   STATUS,Z        
00B6   1431           00425         BSF     BYTE_LED,0      ; CASO SEJA, SETA O PRIMEIRO BIT
00B7   1803           00426         BTFSC   STATUS,C        ; NO RESULTADO QUE SERÁ APRESENTADO
00B8   1431           00427         BSF     BYTE_LED,0      ; NOS LEDS
                      00428 
00B9   303F           00429         MOVLW   LIMITE_2        ; VERIFICA SE O VALOR DA CONVERSÃO
00BA   0222           00430         SUBWF   TEMP,W          ; É MAIOR QUE A SEGUNDA CONSTANTE
00BB   1903           00431         BTFSC   STATUS,Z        
00BC   14B1           00432         BSF     BYTE_LED,1      ; CASO SEJA, SETA O SEGUNDO BIT
00BD   1803           00433         BTFSC   STATUS,C        ; NO RESULTADO QUE SERÁ APRESENTADO
00BE   14B1           00434         BSF     BYTE_LED,1      ; NOS LEDS
                      00435         
00BF   305F           00436         MOVLW   LIMITE_3        ; VERIFICA SE O VALOR DA CONVERSÃO
00C0   0222           00437         SUBWF   TEMP,W          ; É MAIOR QUE A TERCEIRA CONSTANTE
00C1   1903           00438         BTFSC   STATUS,Z        
00C2   1531           00439         BSF     BYTE_LED,2      ; CASO SEJA, SETA O TERCEIRO BIT
00C3   1803           00440         BTFSC   STATUS,C        ; NO RESULTADO QUE SERÁ APRESENTADO
00C4   1531           00441         BSF     BYTE_LED,2      ; NOS LEDS
                      00442 
00C5   307F           00443         MOVLW   LIMITE_4        ; VERIFICA SE O VALOR DA CONVERSÃO
00C6   0222           00444         SUBWF   TEMP,W          ; É MAIOR QUE A QUARTA CONSTANTE
00C7   1903           00445         BTFSC   STATUS,Z        
00C8   15B1           00446         BSF     BYTE_LED,3      ; CASO SEJA, SETA O QUARTO BIT
00C9   1803           00447         BTFSC   STATUS,C        ; NO RESULTADO QUE SERÁ APRESENTADO
00CA   15B1           00448         BSF     BYTE_LED,3      ; NOS LEDS
                      00449         
00CB   309F           00450         MOVLW   LIMITE_5        ; VERIFICA SE O VALOR DA CONVERSÃO
00CC   0222           00451         SUBWF   TEMP,W          ; É MAIOR QUE A QUINTA CONSTANTE
00CD   1903           00452         BTFSC   STATUS,Z        
00CE   1631           00453         BSF     BYTE_LED,4      ; CASO SEJA, SETA O QUINTO BIT
00CF   1803           00454         BTFSC   STATUS,C        ; NO RESULTADO QUE SERÁ APRESENTADO
00D0   1631           00455         BSF     BYTE_LED,4      ; NOS LEDS
                      00456 
00D1   30BF           00457         MOVLW   LIMITE_6        ; VERIFICA SE O VALOR DA CONVERSÃO
00D2   0222           00458         SUBWF   TEMP,W          ; É MAIOR QUE A SEXTA CONSTANTE
00D3   1903           00459         BTFSC   STATUS,Z        
00D4   16B1           00460         BSF     BYTE_LED,5      ; CASO SEJA, SETA O SEXTO BIT
00D5   1803           00461         BTFSC   STATUS,C        ; NO RESULTADO QUE SERÁ APRESENTADO
00D6   16B1           00462         BSF     BYTE_LED,5      ; NOS LEDS
                      00463         
00D7   30DF           00464         MOVLW   LIMITE_7        ; VERIFICA SE O VALOR DA CONVERSÃO
00D8   0222           00465         SUBWF   TEMP,W          ; É MAIOR QUE A SÉTIMA CONSTANTE
00D9   1903           00466         BTFSC   STATUS,Z        
00DA   1731           00467         BSF     BYTE_LED,6      ; CASO SEJA, SETA O SÉTIMO BIT
00DB   1803           00468         BTFSC   STATUS,C        ; NO RESULTADO QUE SERÁ APRESENTADO
00DC   1731           00469         BSF     BYTE_LED,6      ; NOS LEDS
                      00470 
00DD   30FF           00471         MOVLW   LIMITE_8        ; VERIFICA SE O VALOR DA CONVERSÃO
00DE   0222           00472         SUBWF   TEMP,W          ; É MAIOR QUE A OITAVA CONSTANTE
00DF   1903           00473         BTFSC   STATUS,Z        
00E0   17B1           00474         BSF     BYTE_LED,7      ; CASO SEJA, SETA O OITAVO BIT
MPASM 03.80.04 Internal                                AD.ASM   3-19-2006  18:00:05         PAGE 10


LOC  OBJECT CODE     LINE SOURCE TEXT
  VALUE

00E1   1803           00475         BTFSC   STATUS,C        ; NO RESULTADO QUE SERÁ APRESENTADO
00E2   17B1           00476         BSF     BYTE_LED,7      ; NOS LEDS
                      00477         
00E3   0831           00478         MOVF    BYTE_LED,W
00E4   0088           00479         MOVWF   BUS             ; ATUALIZA O BARRAMENTO
                      00480         
00E5   0008           00481         RETURN                  ; RETORNA DA ROTINA
                      00482                         
                      00483 ;*      *       *       *       *       *       *       *       *       *
                      00484 ;*                        CONFIGURACOES INICIAIS                        *
                      00485 ;*      *       *       *       *       *       *       *       *       *
                      00486 
00E6                  00487 CONFIG_
                      00488 
00E6   0185           00489         CLRF    PORTA           ; LIMPA O PORTA
00E7   0186           00490         CLRF    PORTB           ; LIMPA O PORTB
00E8   0187           00491         CLRF    PORTC           ; LIMPA O PORTC
00E9   0188           00492         CLRF    PORTD           ; LIMPA O PORTD
00EA   0189           00493         CLRF    PORTE           ; LIMPA O PORTE
                      00494         
00EB   1683           00495         BANK1                   ; SELECIONA BANCO1 DE MEMÓRIA
                      00496         
00EC   30FF           00497         MOVLW   B'11111111'     
Message[302]: Register in operand not in bank 0.  Ensure that bank bits are correct.
00ED   0085           00498         MOVWF   TRISA           ; CONFIGURA I/O DO PORTB
                      00499         
00EE   30C0           00500         MOVLW   B'11000000'
Message[302]: Register in operand not in bank 0.  Ensure that bank bits are correct.
00EF   0086           00501         MOVWF   TRISB           ; CONFIGURA I/O DO PORTB
                      00502         
00F0   30DF           00503         MOVLW   B'11011111'
Message[302]: Register in operand not in bank 0.  Ensure that bank bits are correct.
00F1   0087           00504         MOVWF   TRISC           ; CONFIGURA I/O DO PORTB
                      00505         
00F2   3000           00506         MOVLW   B'00000000'     ; CONFIGURA TODOS OS PINOS DESTE
Message[302]: Register in operand not in bank 0.  Ensure that bank bits are correct.
00F3   0088           00507         MOVWF   TRISD           ; PORTB COMO SAÍDA
                      00508         
00F4   3001           00509         MOVLW   B'00000001'
Message[302]: Register in operand not in bank 0.  Ensure that bank bits are correct.
00F5   0089           00510         MOVWF   TRISE           ; CONFIGURA I/O DO PORTE
                      00511         
00F6   308F           00512         MOVLW   B'10001111'     ; DESLIGA PULL-UPS
Message[302]: Register in operand not in bank 0.  Ensure that bank bits are correct.
00F7   0081           00513         MOVWF   OPTION_REG      ; WDT 1:128
                      00514         
00F8   3000           00515         MOVLW   B'00000000'     
00F9   008B           00516         MOVWF   INTCON          ; HABILITA A INTERRUPÇÃO DE TIMER 0
                      00517                                 ; LIGA A CHAVE GERAL DE INTERRUPÇÃO
                      00518         
00FA   3006           00519         MOVLW   B'00000110'     ; CONFIGURA RA0, RA1 E RA3 COMO ENTRADA DO
Message[302]: Register in operand not in bank 0.  Ensure that bank bits are correct.
00FB   009F           00520         MOVWF   ADCON1          ; A/D
MPASM 03.80.04 Internal                                AD.ASM   3-19-2006  18:00:05         PAGE 11


LOC  OBJECT CODE     LINE SOURCE TEXT
  VALUE

                      00521         
00FC   1283           00522         BANK0
                      00523         
00FD   3041           00524         MOVLW   B'01000001'
00FE   009F           00525         MOVWF   ADCON0          ; CLOCK DO CONVERSOR-> 1:8
                      00526                                 ; CANAL 0 ESTÁ SELECIONADO
                      00527                                 ; AD ESTÁ LIGADO                
                      00528         
00FF   1A03           00529         BTFSC   STATUS,NOT_TO   ; ESTOURO POR WDT?
0100   2900           00530         GOTO    $               ; NÃO, ENTÃO AGUARDA
                      00531                 
0101                  00532 LIMPEZA_DA_RAM
                      00533                                 ; ROTINA DE LIMPEZA DA RAM
                      00534                                 
0101   3020           00535         MOVLW   0x20
0102   0084           00536         MOVWF   FSR
0103   0180           00537         CLRF    INDF
0104   0A84           00538         INCF    FSR,F
0105   3080           00539         MOVLW   0x80
0106   0604           00540         XORWF   FSR,W
0107   1D03           00541         BTFSS   STATUS,Z
0108   2903           00542         GOTO    $-5
                      00543 
                      00544 ;*      *       *       *       *       *       *       *       *       *
                      00545 ;*                       INICIALIZAÇÃO DO DISPLAY                       *
                      00546 ;*      *       *       *       *       *       *       *       *       *
                      00547         
                      00548 
                      00549 
0109   3030           00550         MOVLW   0x30                    
010A   2024           00551         CALL    ENVIA_COMANDO           ; COMANDO DE INICIALIZAÇÃO
                      00552         
010B   3003           00553         MOVLW   .3                      
010C   201B           00554         CALL    DELAY_MS                ; DELAY DE 3ms
                      00555         
010D   3030           00556         MOVLW   0x30                    
010E   2024           00557         CALL    ENVIA_COMANDO           ; COMANDO DE INICIALIZAÇÃO      
                      00558         
010F   3030           00559         MOVLW   0x30                    
0110   2024           00560         CALL    ENVIA_COMANDO           ; COMANDO DE INICIALIZAÇÃO
                      00561         
0111   3038           00562         MOVLW   0x38                    
0112   2024           00563         CALL    ENVIA_COMANDO           ; INTERFACE DE 8 VIAS
                      00564         
0113   3001           00565         MOVLW   0x01                    
0114   2024           00566         CALL    ENVIA_COMANDO           ; LIMPA O DISPLAY
                      00567         
0115   3001           00568         MOVLW   .1
0116   201B           00569         CALL    DELAY_MS                ; CHAMA DELAY DE 3ms
                      00570         
0117   300C           00571         MOVLW   0x0C                    
0118   2024           00572         CALL    ENVIA_COMANDO           ; LIGAR O DISPLAY SEM CURSOR
                      00573         
MPASM 03.80.04 Internal                                AD.ASM   3-19-2006  18:00:05         PAGE 12


LOC  OBJECT CODE     LINE SOURCE TEXT
  VALUE

0119   3006           00574         MOVLW   0x06                    
011A   2024           00575         CALL    ENVIA_COMANDO           ; LIGAR O DISPLAY SEM CURSOR
                      00576         
                      00577                                                                 
                      00578 ;*      *       *       *       *       *       *       *       *       *
                      00579 ;*                       INICIALIZAÇÃO DAS VARIÁVEIS                    *
                      00580 ;*      *       *       *       *       *       *       *       *       *
                      00581         
                      00582 ;*      *       *       *       *       *       *       *       *       *
                      00583 ;*                          ROTINA PRINCIPAL                            *
                      00584 ;*      *       *       *       *       *       *       *       *       *
                      00585 
011B                  00586 LOOP
011B   0064           00587         CLRWDT                  ; LIMPA O WATCHDOG
                      00588         
011C   151F           00589         BSF     ADCON0,GO       ; INICIA A CONVERSÃO
                      00590         
011D   191F           00591         BTFSC   ADCON0,GO
011E   291D           00592         GOTO    $-1             ; AGUARDA O FIM DA CONVERSÃO
                      00593         
011F   081E           00594         MOVF    ADRESH,W        
0120   2061           00595         CALL    ATUALIZA_TELA   ; CHAMA ROTINA PARA ATUALIZAR O DISPLAY
                      00596         
0121   291B           00597         GOTO    LOOP            ; SALTA PARA O LOOP PRINCIPAL
                      00598                 
                      00599 ;*      *       *       *       *       *       *       *       *       *
                      00600 ;*                           FIM DO PROGRAMA                            *
                      00601 ;*      *       *       *       *       *       *       *       *       *
                      00602 
                      00603 
                      00604         END                     ; FIM DO PROGRAMA
MPASM 03.80.04 Internal                                AD.ASM   3-19-2006  18:00:05         PAGE 13


SYMBOL TABLE
  LABEL                             VALUE 

ACKDT                             00000005
ACKEN                             00000004
ACKSTAT                           00000006
ADCON0                            0000001F
ADCON1                            0000009F
ADCS0                             00000006
ADCS1                             00000007
ADDEN                             00000003
ADFM                              00000007
ADIE                              00000006
ADIF                              00000006
ADON                              00000000
ADRESH                            0000001E
ADRESL                            0000009E
ARG0                              0000002D
ARG1                              0000002E
ATUALIZA_LEDS                     000000B3
ATUALIZA_TELA                     00000061
BANK0                             BCF     STATUS,RP0
BANK1                             BSF     STATUS,RP0
BCLIE                             00000003
BCLIF                             00000003
BF                                00000000
BIN_TO_DEC                        00000033
BRGH                              00000002
BUS                               PORTD
BYTE_LED                          00000031
C                                 00000000
CCP1CON                           00000017
CCP1IE                            00000002
CCP1IF                            00000002
CCP1M0                            00000000
CCP1M1                            00000001
CCP1M2                            00000002
CCP1M3                            00000003
CCP1X                             00000005
CCP1Y                             00000004
CCP2CON                           0000001D
CCP2IE                            00000000
CCP2IF                            00000000
CCP2M0                            00000000
CCP2M1                            00000001
CCP2M2                            00000002
CCP2M3                            00000003
CCP2X                             00000005
CCP2Y                             00000004
CCPR1H                            00000016
CCPR1L                            00000015
CCPR2H                            0000001C
CCPR2L                            0000001B
CENTENA                           00000023
CHS0                              00000003
CHS1                              00000004
MPASM 03.80.04 Internal                                AD.ASM   3-19-2006  18:00:05         PAGE 14


SYMBOL TABLE
  LABEL                             VALUE 

CHS2                              00000005
CKE                               00000006
CKP                               00000004
CONFIG_                           000000E6
CONVERSAO_0                       0000002A
CONVERSAO_1                       00000029
CONVERSAO_2                       00000028
CONVERSAO_3                       00000027
CONVERSAO_4                       00000026
CONVERSAO_A                       00000042
CONVERSAO_B                       0000005C
CREN                              00000004
CSRC                              00000007
D                                 00000005
DATA_ADDRESS                      00000005
DC                                00000001
DELAY_A                           0000001E
DELAY_MS                          0000001B
DEZENA                            00000024
D_A                               00000005
EEADR                             0000010D
EEADRH                            0000010F
EECON1                            0000018C
EECON2                            0000018D
EEDATA                            0000010C
EEDATH                            0000010E
EEIE                              00000004
EEIF                              00000004
EEPGD                             00000007
EN                                PORTE,1
ENVIA_COMANDO                     00000024
ENVIA_DADO                        00000025
F                                 00000001
FERR                              00000002
FSR                               00000004
GCEN                              00000007
GIE                               00000007
GO                                00000002
GO_DONE                           00000002
I2C_DATA                          00000005
I2C_READ                          00000002
I2C_START                         00000003
I2C_STOP                          00000004
IBF                               00000007
IBOV                              00000005
INC_MSB                           00000041
INDF                              00000000
INTCON                            0000000B
INTE                              00000004
INTEDG                            00000006
INTF                              00000001
IRP                               00000007
LIMITE_1                          (.256/.8)*1-1
MPASM 03.80.04 Internal                                AD.ASM   3-19-2006  18:00:05         PAGE 15


SYMBOL TABLE
  LABEL                             VALUE 

LIMITE_2                          (.256/.8)*2-1
LIMITE_3                          (.256/.8)*3-1
LIMITE_4                          (.256/.8)*4-1
LIMITE_5                          (.256/.8)*5-1
LIMITE_6                          (.256/.8)*6-1
LIMITE_7                          (.256/.8)*7-1
LIMITE_8                          (.256/.8)*8-1
LIMPEZA_DA_RAM                    00000101
LINHA_INF                         0xC0
LINHA_SUP                         0x80
LOOP                              0000011B
LSB                               0000002C
MSB                               0000002B
MUL0                              0000002F
MUL1                              00000030
MULT                              0000000D
MULTIPLICACAO                     00000005
NOT_A                             00000005
NOT_ADDRESS                       00000005
NOT_BO                            00000000
NOT_BOR                           00000000
NOT_DONE                          00000002
NOT_PD                            00000003
NOT_POR                           00000001
NOT_RBPU                          00000007
NOT_RC8                           00000006
NOT_T1SYNC                        00000002
NOT_TO                            00000004
NOT_TX8                           00000006
NOT_W                             00000002
NOT_WRITE                         00000002
OBF                               00000006
OERR                              00000001
OPTION_REG                        00000081
P                                 00000004
PCFG0                             00000000
PCFG1                             00000001
PCFG2                             00000002
PCFG3                             00000003
PCL                               00000002
PCLATH                            0000000A
PCON                              0000008E
PEIE                              00000006
PEN                               00000002
PIE1                              0000008C
PIE2                              0000008D
PIR1                              0000000C
PIR2                              0000000D
PORTA                             00000005
PORTB                             00000006
PORTC                             00000007
PORTD                             00000008
PORTE                             00000009
MPASM 03.80.04 Internal                                AD.ASM   3-19-2006  18:00:05         PAGE 16


SYMBOL TABLE
  LABEL                             VALUE 

PR2                               00000092
PS0                               00000000
PS1                               00000001
PS2                               00000002
PSA                               00000003
PSPIE                             00000007
PSPIF                             00000007
PSPMODE                           00000004
R                                 00000002
RBIE                              00000003
RBIF                              00000000
RC8_9                             00000006
RC9                               00000006
RCD8                              00000000
RCEN                              00000003
RCIE                              00000005
RCIF                              00000005
RCREG                             0000001A
RCSTA                             00000018
RD                                00000000
READ_WRITE                        00000002
RP0                               00000005
RP1                               00000006
RS                                PORTE,2
RSEN                              00000001
RX9                               00000006
RX9D                              00000000
R_W                               00000002
S                                 00000003
SAI_EM_0                          00000018
SEL_LEDS                          PORTB,5
SEN                               00000000
SMP                               00000007
SPBRG                             00000099
SPEN                              00000007
SREN                              00000005
SSPADD                            00000093
SSPBUF                            00000013
SSPCON                            00000014
SSPCON2                           00000091
SSPEN                             00000005
SSPIE                             00000003
SSPIF                             00000003
SSPM0                             00000000
SSPM1                             00000001
SSPM2                             00000002
SSPM3                             00000003
SSPOV                             00000006
SSPSTAT                           00000094
STATUS                            00000003
SYNC                              00000004
T0CS                              00000005
T0IE                              00000005
MPASM 03.80.04 Internal                                AD.ASM   3-19-2006  18:00:05         PAGE 17


SYMBOL TABLE
  LABEL                             VALUE 

T0IF                              00000002
T0SE                              00000004
T1CKPS0                           00000004
T1CKPS1                           00000005
T1CON                             00000010
T1INSYNC                          00000002
T1OSCEN                           00000003
T1SYNC                            00000002
T2CKPS0                           00000000
T2CKPS1                           00000001
T2CON                             00000012
TEMP                              00000022
TEMPO1                            00000020
TEMPO2                            00000021
TMR0                              00000001
TMR1CS                            00000001
TMR1H                             0000000F
TMR1IE                            00000000
TMR1IF                            00000000
TMR1L                             0000000E
TMR1ON                            00000000
TMR2                              00000011
TMR2IE                            00000001
TMR2IF                            00000001
TMR2ON                            00000002
TOUTPS0                           00000003
TOUTPS1                           00000004
TOUTPS2                           00000005
TOUTPS3                           00000006
TRISA                             00000085
TRISB                             00000086
TRISC                             00000087
TRISD                             00000088
TRISE                             00000089
TRISE0                            00000000
TRISE1                            00000001
TRISE2                            00000002
TRMT                              00000001
TX8_9                             00000006
TX9                               00000006
TX9D                              00000000
TXD8                              00000000
TXEN                              00000005
TXIE                              00000004
TXIF                              00000004
TXREG                             00000019
TXSTA                             00000098
UA                                00000001
UNIDADE                           00000025
W                                 00000000
WCOL                              00000007
WR                                00000001
WREN                              00000002
MPASM 03.80.04 Internal                                AD.ASM   3-19-2006  18:00:05         PAGE 18


SYMBOL TABLE
  LABEL                             VALUE 

WRERR                             00000003
Z                                 00000002
_BODEN_OFF                        00003FBF
_BODEN_ON                         00003FFF
_CPD_OFF                          00003FFF
_CPD_ON                           00003EFF
_CP_ALL                           00000FCF
_CP_HALF                          00001FDF
_CP_OFF                           00003FFF
_CP_UPPER_256                     00002FEF
_DEBUG_OFF                        00003FFF
_DEBUG_ON                         000037FF
_HS_OSC                           00003FFE
_LP_OSC                           00003FFC
_LVP_OFF                          00003F7F
_LVP_ON                           00003FFF
_PWRTE_OFF                        00003FFF
_PWRTE_ON                         00003FF7
_RC_OSC                           00003FFF
_WDT_OFF                          00003FFB
_WDT_ON                           00003FFF
_WRT_ENABLE_OFF                   00003DFF
_WRT_ENABLE_ON                    00003FFF
_XT_OSC                           00003FFD
__16F877                          00000001


MEMORY USAGE MAP ('X' = Used,  '-' = Unused)

0000 : X---XXXXXXXXXXXX XXXXXXXXXXXXXXXX XXXXXXXXXXXXXXXX XXXXXXXXXXXXXXXX
0040 : XXXXXXXXXXXXXXXX XXXXXXXXXXXXXXXX XXXXXXXXXXXXXXXX XXXXXXXXXXXXXXXX
0080 : XXXXXXXXXXXXXXXX XXXXXXXXXXXXXXXX XXXXXXXXXXXXXXXX XXXXXXXXXXXXXXXX
00C0 : XXXXXXXXXXXXXXXX XXXXXXXXXXXXXXXX XXXXXXXXXXXXXXXX XXXXXXXXXXXXXXXX
0100 : XXXXXXXXXXXXXXXX XXXXXXXXXXXXXXXX XX-------------- ----------------
2000 : -------X-------- ---------------- ---------------- ----------------

All other memory blocks unused.

Program Memory Words Used:   287
Program Memory Words Free:  7905


Errors   :     0
Warnings :     0 reported,     0 suppressed
Messages :     7 reported,     0 suppressed

Error[173]  : source file path exceeds 62 characters (C:\CERNE\TREINAMENTO\CURSO\PIC\ASSEMBLY\MóDULO B\EXEMPLOS\AD\AD.ASM)
