
ROM used: 924 (11%)
          924 (11%) including unused fragments

          2 Average locations per line
          13 Average locations per statement

RAM used: 18 (10%) at main() level
          30 (17%) worst case

Lines Stmts  %   Files
----- ----- ---  -----
  237    73 100  C:\Cerne\CDs\kit PICLAB16f877A\Exemplos\Exemplos C\Calculadora\calc.c
  306     0   0  C:\Arquivos de programas\PICC\devices\16F877A.h
----- -----
 1086   146 Total

Page ROM  %  RAM  Functions:
---- --- --- ---  ----------
0     21   2   1  @delay_ms1
0     30   3   0  main
0     91  10   1  Inicializa
0     17   2   0  Isr_Serial
0     56   6   4  Soma
0     88  10   8  @PRINTF_LU_327
0     22   2   0  @const10085
0     84   9   8  @PRINTF_LU_9600_62_63
0     86   9   4  Subtrai
0      8   1   0  @const10116
0     27   3   0  @const10128
0     60   6   4  Multiplica
0     23   2   5  @MUL1616
0     31   3   0  @const10147
0     60   6   4  Divide
0     40   4   5  @DIV1616
0     25   3   0  @const10169
0     20   2   0  @const10179
0     20   2   0  @const10184
0     31   3   1  Lcd_Inst
0     31   3   1  Lcd_Dado

 Segment   Used  Free
---------  ----  ----
00000-00003     4  0  
00004-00034    49  0  
00035-007FF   871  1124  
00800-00FFF     0  2048  
01000-017FF     0  2048  
01800-01FFF     0  2048  

