;//  ASM code generated by mikroVirtualMachine for PIC - V. 3.0.0.0
;  Date/Time: 28/03/05 20:37:28
;  Info: http://www.mikroelektronika.co.yu


;// ADDRESS	OPCODE	ASM
; ----------------------------------------------
$0000	$2906	GOTO	som_main
$0004	$	delays_delay_22us:
$0004	$3007	MOVLW	7
$0005	$1303	BCF	STATUS,RP1
$0006	$1283	BCF	STATUS,RP0
$0007	$00F0	MOVWF	STACK_0
$0008	$	delays_L_1:
$0008	$0BF0	DECFSZ	STACK_0, F
$0009	$2808	GOTO	delays_L_1
$000A	$0008	RETURN
$000B	$	delays_delay_cyc:
$000B	$	delays_L_9:
$000B	$	delays_L_10:
$000B	$1303	BCF	STATUS,RP1
$000C	$1283	BCF	STATUS,RP0
$000D	$03B4	DECF	delays_delay_cyc_param_cycles_div_by_10, F
$000E	$1903	BTFSC  STATUS, Z
$000F	$0008	RETURN
$0010	$0000	nop
$0011	$0000	nop
$0012	$0000	nop
$0013	$280B	GOTO	delays_L_9
$0014	$	delays_L_11:
$0014	$0008	RETURN
$0015	$	sound_sound_init:
$0015	$1303	BCF	STATUS,RP1
$0016	$1283	BCF	STATUS,RP0
$0017	$082F	MOVF	sound_sound_init_param_port, W
$0018	$0084	MOVWF	FSR
$0019	$0800	MOVF	INDF, W
$001A	$00F0	MOVWF	STACK_0
$001B	$082F	MOVF	sound_sound_init_param_port, W
$001C	$0084	MOVWF	FSR
$001D	$0870	MOVF	STACK_0, W
$001E	$0080	MOVWF	INDF
$001F	$082B	MOVF	sound_main_global_soundportaddress, W
$0020	$00F0	MOVWF	STACK_0
$0021	$0870	MOVF	STACK_0, W
$0022	$00AB	MOVWF	sound_main_global_soundportaddress
$0023	$0804	MOVF     FSR,W
$0024	$00AB	MOVWF    SOUND_MAIN_GLOBAL_SOUNDPORTADDRESS
$0025	$1784	BSF      FSR,7
$0026	$3001	MOVLW	1
$0027	$00F1	MOVWF	STACK_1
$0028	$0830	MOVF	sound_sound_init_param_pin, W
$0029	$00F2	MOVWF	STACK_2
$002A	$	sound_L_0:
$002A	$3000	MOVLW	0
$002B	$0272	SUBWF	STACK_2, W
$002C	$1903	BTFSC	STATUS, Z
$002D	$2832	GOTO	sound_L_1
$002E	$0DF1	RLF	STACK_1, F
$002F	$1071	BCF	STACK_1, 0
$0030	$0BF2	DECFSZ	STACK_2, F
$0031	$282A	GOTO	sound_L_0
$0032	$	sound_L_1:
$0032	$09F1	COMF	STACK_1, F
$0033	$0871	MOVF	STACK_1, W
$0034	$0580	ANDWF	INDF, F
$0035	$0830	MOVF	sound_sound_init_param_pin, W
$0036	$00AC	MOVWF	sound_main_global_soundpin
$0037	$0008	RETURN
$0038	$	adclib_a_c_adc_read:
$0038	$1303	BCF	STATUS,RP1
$0039	$1283	BCF	STATUS,RP0
$003A	$019F	CLRF	ADCON0
$003B	$30C0	MOVLW	192
$003C	$041F	IORWF	ADCON0, W
$003D	$009F	MOVWF	ADCON0
$003E	$1683	BSF	STATUS,RP0
$003F	$171F	BSF	ADCON1, 6
$0040	$179F	BSF	ADCON1, 7
$0041	$1283	BCF	STATUS,RP0
$0042	$0831	MOVF	adclib_a_c_adc_read_param_channel, W
$0043	$00F1	MOVWF	STACK_1
$0044	$3003	MOVLW	3
$0045	$00F2	MOVWF	STACK_2
$0046	$	adclib_a_c_L_0:
$0046	$3000	MOVLW	0
$0047	$0272	SUBWF	STACK_2, W
$0048	$1903	BTFSC	STATUS, Z
$0049	$284E	GOTO	adclib_a_c_L_1
$004A	$0DF1	RLF	STACK_1, F
$004B	$1071	BCF	STACK_1, 0
$004C	$0BF2	DECFSZ	STACK_2, F
$004D	$2846	GOTO	adclib_a_c_L_0
$004E	$	adclib_a_c_L_1:
$004E	$081F	MOVF	ADCON0, W
$004F	$0471	IORWF	STACK_1, W
$0050	$009F	MOVWF	ADCON0
$0051	$141F	BSF	ADCON0, 0
$0052	$2004	CALL	delays_delay_22us
$0053	$1303	BCF	STATUS,RP1
$0054	$1283	BCF	STATUS,RP0
$0055	$151F	BSF	ADCON0, 2
$0056	$	adclib_a_c_L_2:
$0056	$3000	MOVLW	0
$0057	$1303	BCF	STATUS,RP1
$0058	$1283	BCF	STATUS,RP0
$0059	$191F	BTFSC	ADCON0, 2
$005A	$3001	MOVLW	1
$005B	$00F1	MOVWF	STACK_1
$005C	$3001	MOVLW	1
$005D	$0271	SUBWF	STACK_1, W
$005E	$1D03	BTFSS	STATUS, Z
$005F	$2865	GOTO	adclib_a_c_L_4
$0060	$	adclib_a_c_L_3:
$0060	$30FF	MOVLW	255
$0061	$1303	BCF	STATUS,RP1
$0062	$1283	BCF	STATUS,RP0
$0063	$00F2	MOVWF	STACK_2
$0064	$2868	GOTO	adclib_a_c_L_5
$0065	$	adclib_a_c_L_4:
$0065	$1303	BCF	STATUS,RP1
$0066	$1283	BCF	STATUS,RP0
$0067	$01F2	CLRF	STACK_2
$0068	$	adclib_a_c_L_5:
$0068	$30FF	MOVLW	255
$0069	$1303	BCF	STATUS,RP1
$006A	$1283	BCF	STATUS,RP0
$006B	$0272	SUBWF	STACK_2, W
$006C	$1D03	BTFSS	STATUS, Z
$006D	$2870	GOTO	adclib_a_c_L_7
$006E	$	adclib_a_c_L_6:
$006E	$0000	nop
$006F	$2856	GOTO	adclib_a_c_L_2
$0070	$	adclib_a_c_L_7:
$0070	$1303	BCF	STATUS,RP1
$0071	$1283	BCF	STATUS,RP0
$0072	$081E	MOVF	ADRESH, W
$0073	$00AF	MOVWF	adclib_a_c_adc_read_local_result_1
$0074	$01B0	CLRF	adclib_a_c_adc_read_local_result_2
$0075	$3008	MOVLW	8
$0076	$00F0	MOVWF	STACK_0
$0077	$	adclib_a_c_L_8:
$0077	$3000	MOVLW	0
$0078	$1303	BCF	STATUS,RP1
$0079	$1283	BCF	STATUS,RP0
$007A	$0270	SUBWF	STACK_0, W
$007B	$1903	BTFSC	STATUS, Z
$007C	$2882	GOTO	adclib_a_c_L_9
$007D	$0DAF	RLF	adclib_a_c_adc_read_local_result_1, F
$007E	$0DB0	RLF	adclib_a_c_adc_read_local_result_2, F
$007F	$102F	BCF	adclib_a_c_adc_read_local_result_1, 0
$0080	$0BF0	DECFSZ	STACK_0, F
$0081	$2877	GOTO	adclib_a_c_L_8
$0082	$	adclib_a_c_L_9:
$0082	$1303	BCF	STATUS,RP1
$0083	$1683	BSF	STATUS,RP0
$0084	$081E	MOVF	ADRESL, W
$0085	$1283	BCF	STATUS,RP0
$0086	$042F	IORWF	adclib_a_c_adc_read_local_result_1, W
$0087	$00F0	MOVWF	STACK_0
$0088	$0830	MOVF	adclib_a_c_adc_read_local_result_2, W
$0089	$00F1	MOVWF	STACK_1
$008A	$0870	MOVF	STACK_0, W
$008B	$00AF	MOVWF	adclib_a_c_adc_read_local_result_1
$008C	$0871	MOVF	STACK_1, W
$008D	$00B0	MOVWF	adclib_a_c_adc_read_local_result_2
$008E	$101F	BCF	ADCON0, 0
$008F	$0008	RETURN
$0090	$	math_div_16x16_u:
$0090	$1303	BCF	STATUS,RP1
$0091	$1283	BCF	STATUS,RP0
$0092	$01A4	CLRF   MATH_MAIN_GLOBAL_REMAINDER_1
$0093	$01A5	CLRF   MATH_MAIN_GLOBAL_REMAINDER_2
$0094	$3010	MOVLW  16
$0095	$00AA	MOVWF  MATH_MAIN_GLOBAL_LOOPCOUNT
$0096	$0D29	RLF    MATH_MAIN_GLOBAL_X_2,W
$0097	$0DA4	RLF    MATH_MAIN_GLOBAL_REMAINDER_1,F
$0098	$0DA5	RLF    MATH_MAIN_GLOBAL_REMAINDER_2,F
$0099	$0826	MOVF   MATH_MAIN_GLOBAL_Y_1,W
$009A	$02A4	SUBWF  MATH_MAIN_GLOBAL_REMAINDER_1,F
$009B	$0827	MOVF   MATH_MAIN_GLOBAL_Y_2,W
$009C	$1C03	BTFSS  STATUS,C
$009D	$0F27	INCFSZ MATH_MAIN_GLOBAL_Y_2,W
$009E	$02A5	SUBWF  MATH_MAIN_GLOBAL_REMAINDER_2,F
$009F	$1803	BTFSC  STATUS,C
$00A0	$28A8	GOTO   $+8
$00A1	$0826	MOVF   MATH_MAIN_GLOBAL_Y_1,W
$00A2	$07A4	ADDWF  MATH_MAIN_GLOBAL_REMAINDER_1,F
$00A3	$0827	MOVF   MATH_MAIN_GLOBAL_Y_2,W
$00A4	$1803	BTFSC  STATUS,C
$00A5	$0F27	INCFSZ MATH_MAIN_GLOBAL_Y_2,W
$00A6	$07A5	ADDWF  MATH_MAIN_GLOBAL_REMAINDER_2,F
$00A7	$1003	BCF    STATUS,C
$00A8	$0DA8	RLF    MATH_MAIN_GLOBAL_X_1,F
$00A9	$0DA9	RLF    MATH_MAIN_GLOBAL_X_2,F
$00AA	$0BAA	DECFSZ MATH_MAIN_GLOBAL_LOOPCOUNT,F
$00AB	$2896	GOTO   $-21
$00AC	$0008	RETURN
$00AD	$	sound_sound_play:
$00AD	$1303	BCF	STATUS,RP1
$00AE	$1283	BCF	STATUS,RP0
$00AF	$0831	MOVF	sound_sound_play_param_period_div_10, W
$00B0	$00F0	MOVWF	STACK_0
$00B1	$3001	MOVLW	1
$00B2	$00F1	MOVWF	STACK_1
$00B3	$	sound_L_2:
$00B3	$3000	MOVLW	0
$00B4	$1303	BCF	STATUS,RP1
$00B5	$1283	BCF	STATUS,RP0
$00B6	$0271	SUBWF	STACK_1, W
$00B7	$1903	BTFSC	STATUS, Z
$00B8	$28BD	GOTO	sound_L_3
$00B9	$0CF0	RRF	STACK_0, F
$00BA	$13F0	BCF	STACK_0, 7
$00BB	$0BF1	DECFSZ	STACK_1, F
$00BC	$28B3	GOTO	sound_L_2
$00BD	$	sound_L_3:
$00BD	$1303	BCF	STATUS,RP1
$00BE	$1283	BCF	STATUS,RP0
$00BF	$0870	MOVF	STACK_0, W
$00C0	$00B1	MOVWF	sound_sound_play_param_period_div_10
$00C1	$082B	MOVF	sound_main_global_soundportaddress, W
$00C2	$0084	MOVWF	FSR
$00C3	$3001	MOVLW	1
$00C4	$00AF	MOVWF	sound_sound_play_local_i_1
$00C5	$01B0	CLRF	sound_sound_play_local_i_2
$00C6	$	sound_L_4:
$00C6	$1303	BCF	STATUS,RP1
$00C7	$1283	BCF	STATUS,RP0
$00C8	$0830	MOVF	sound_sound_play_local_i_2, W
$00C9	$0233	SUBWF	sound_sound_play_param_num_of_periods_2, W
$00CA	$1D03	BTFSS	STATUS, Z
$00CB	$28CE	GOTO	sound_L_7
$00CC	$082F	MOVF	sound_sound_play_local_i_1, W
$00CD	$0232	SUBWF	sound_sound_play_param_num_of_periods_1, W
$00CE	$	sound_L_7:
$00CE	$1C03	BTFSS	STATUS, C
$00CF	$2905	GOTO	sound_L_6
$00D0	$	sound_L_5:
$00D0	$3001	MOVLW	1
$00D1	$1303	BCF	STATUS,RP1
$00D2	$1283	BCF	STATUS,RP0
$00D3	$00F3	MOVWF	STACK_3
$00D4	$082C	MOVF	sound_main_global_soundpin, W
$00D5	$00F4	MOVWF	STACK_4
$00D6	$	sound_L_8:
$00D6	$3000	MOVLW	0
$00D7	$1303	BCF	STATUS,RP1
$00D8	$1283	BCF	STATUS,RP0
$00D9	$0274	SUBWF	STACK_4, W
$00DA	$1903	BTFSC	STATUS, Z
$00DB	$28E0	GOTO	sound_L_9
$00DC	$0DF3	RLF	STACK_3, F
$00DD	$1073	BCF	STACK_3, 0
$00DE	$0BF4	DECFSZ	STACK_4, F
$00DF	$28D6	GOTO	sound_L_8
$00E0	$	sound_L_9:
$00E0	$1303	BCF	STATUS,RP1
$00E1	$1283	BCF	STATUS,RP0
$00E2	$0873	MOVF	STACK_3, W
$00E3	$0480	IORWF	INDF, F
$00E4	$0831	MOVF	sound_sound_play_param_period_div_10, W
$00E5	$00B4	MOVWF	delays_delay_cyc_param_cycles_div_by_10
$00E6	$200B	CALL	delays_delay_cyc
$00E7	$3001	MOVLW	1
$00E8	$1303	BCF	STATUS,RP1
$00E9	$1283	BCF	STATUS,RP0
$00EA	$00F3	MOVWF	STACK_3
$00EB	$082C	MOVF	sound_main_global_soundpin, W
$00EC	$00F4	MOVWF	STACK_4
$00ED	$	sound_L_10:
$00ED	$3000	MOVLW	0
$00EE	$1303	BCF	STATUS,RP1
$00EF	$1283	BCF	STATUS,RP0
$00F0	$0274	SUBWF	STACK_4, W
$00F1	$1903	BTFSC	STATUS, Z
$00F2	$28F7	GOTO	sound_L_11
$00F3	$0DF3	RLF	STACK_3, F
$00F4	$1073	BCF	STACK_3, 0
$00F5	$0BF4	DECFSZ	STACK_4, F
$00F6	$28ED	GOTO	sound_L_10
$00F7	$	sound_L_11:
$00F7	$1303	BCF	STATUS,RP1
$00F8	$1283	BCF	STATUS,RP0
$00F9	$09F3	COMF	STACK_3, F
$00FA	$0873	MOVF	STACK_3, W
$00FB	$0580	ANDWF	INDF, F
$00FC	$0831	MOVF	sound_sound_play_param_period_div_10, W
$00FD	$00B4	MOVWF	delays_delay_cyc_param_cycles_div_by_10
$00FE	$200B	CALL	delays_delay_cyc
$00FF	$1303	BCF	STATUS,RP1
$0100	$1283	BCF	STATUS,RP0
$0101	$0AAF	INCF	sound_sound_play_local_i_1, F
$0102	$1903	BTFSC	STATUS, Z
$0103	$0AB0	INCF	sound_sound_play_local_i_2, F
$0104	$28C6	GOTO	sound_L_4
$0105	$	sound_L_6:
$0105	$0008	RETURN
$0106	$	som_main:
$0106	$1303	BCF	STATUS,RP1
$0107	$1683	BSF	STATUS,RP0
$0108	$0187	CLRF	TRISC
$0109	$0188	CLRF	TRISD
$010A	$0186	CLRF	TRISB
$010B	$3084	MOVLW	132
$010C	$009F	MOVWF	ADCON1
$010D	$3041	MOVLW	65
$010E	$1283	BCF	STATUS,RP0
$010F	$009F	MOVWF	ADCON0
$0110	$3007	MOVLW	PORTC
$0111	$00AF	MOVWF	sound_sound_init_param_port
$0112	$3005	MOVLW	5
$0113	$00B0	MOVWF	sound_sound_init_param_pin
$0114	$2015	CALL	sound_sound_init
$0115	$3020	MOVLW	32
$0116	$1303	BCF	STATUS,RP1
$0117	$1283	BCF	STATUS,RP0
$0118	$0086	MOVWF	PORTB
$0119	$	som_L_0:
$0119	$	som_L_1:
$0119	$1303	BCF	STATUS,RP1
$011A	$1283	BCF	STATUS,RP0
$011B	$1303	BCF	STATUS,RP1
$011C	$1283	BCF	STATUS,RP0
$011D	$01B1	CLRF	adclib_a_c_adc_read_param_channel
$011E	$2038	CALL	adclib_a_c_adc_read
$011F	$1303	BCF	STATUS,RP1
$0120	$1283	BCF	STATUS,RP0
$0121	$082F	MOVF	adclib_a_c_adc_read_local_result_1, W
$0122	$00AD	MOVWF	main_global_valoradc_1
$0123	$0830	MOVF	adclib_a_c_adc_read_local_result_2, W
$0124	$00AE	MOVWF	main_global_valoradc_2
$0125	$3004	MOVLW	4
$0126	$00A6	MOVWF	Math_main_global_Y_1
$0127	$3000	MOVLW	0
$0128	$00A7	MOVWF	Math_main_global_Y_2
$0129	$082D	MOVF	main_global_valoradc_1, W
$012A	$00A8	MOVWF	Math_main_global_X_1
$012B	$082E	MOVF	main_global_valoradc_2, W
$012C	$00A9	MOVWF	Math_main_global_X_2
$012D	$2090	CALL	Math_Div_16X16_U
$012E	$0828	MOVF	Math_main_global_X_1, W
$012F	$00F1	MOVWF	STACK_1
$0130	$0829	MOVF	Math_main_global_X_2, W
$0131	$00F2	MOVWF	STACK_2
$0132	$0871	MOVF	STACK_1, W
$0133	$00AD	MOVWF	main_global_valoradc_1
$0134	$0872	MOVF	STACK_2, W
$0135	$00AE	MOVWF	main_global_valoradc_2
$0136	$0188	CLRF	PORTD
$0137	$30FA	MOVLW	250
$0138	$00F3	MOVWF	STACK_3
$0139	$3000	MOVLW	0
$013A	$022E	SUBWF	main_global_valoradc_2, W
$013B	$1D03	BTFSS	STATUS, Z
$013C	$293F	GOTO	som_L_6
$013D	$0873	MOVF	STACK_3, W
$013E	$022D	SUBWF	main_global_valoradc_1, W
$013F	$	som_L_6:
$013F	$1C03	BTFSS	STATUS, C
$0140	$2944	GOTO	som_L_4
$0141	$	som_L_3:
$0141	$30FF	MOVLW	255
$0142	$00F2	MOVWF	STACK_2
$0143	$2945	GOTO	som_L_7
$0144	$	som_L_4:
$0144	$01F2	CLRF	STACK_2
$0145	$	som_L_7:
$0145	$30FF	MOVLW	255
$0146	$0272	SUBWF	STACK_2, W
$0147	$1D03	BTFSS	STATUS, Z
$0148	$294A	GOTO	som_L_9
$0149	$	som_L_8:
$0149	$1788	BSF	PORTD, 7
$014A	$	som_L_9:
$014A	$	som_L_5:
$014A	$30E0	MOVLW	224
$014B	$00F3	MOVWF	STACK_3
$014C	$3000	MOVLW	0
$014D	$022E	SUBWF	main_global_valoradc_2, W
$014E	$1D03	BTFSS	STATUS, Z
$014F	$2952	GOTO	som_L_13
$0150	$0873	MOVF	STACK_3, W
$0151	$022D	SUBWF	main_global_valoradc_1, W
$0152	$	som_L_13:
$0152	$1C03	BTFSS	STATUS, C
$0153	$2957	GOTO	som_L_11
$0154	$	som_L_10:
$0154	$30FF	MOVLW	255
$0155	$00F2	MOVWF	STACK_2
$0156	$2958	GOTO	som_L_14
$0157	$	som_L_11:
$0157	$01F2	CLRF	STACK_2
$0158	$	som_L_14:
$0158	$30FF	MOVLW	255
$0159	$0272	SUBWF	STACK_2, W
$015A	$1D03	BTFSS	STATUS, Z
$015B	$295D	GOTO	som_L_16
$015C	$	som_L_15:
$015C	$1708	BSF	PORTD, 6
$015D	$	som_L_16:
$015D	$	som_L_12:
$015D	$30C0	MOVLW	192
$015E	$00F3	MOVWF	STACK_3
$015F	$3000	MOVLW	0
$0160	$022E	SUBWF	main_global_valoradc_2, W
$0161	$1D03	BTFSS	STATUS, Z
$0162	$2965	GOTO	som_L_20
$0163	$0873	MOVF	STACK_3, W
$0164	$022D	SUBWF	main_global_valoradc_1, W
$0165	$	som_L_20:
$0165	$1C03	BTFSS	STATUS, C
$0166	$296A	GOTO	som_L_18
$0167	$	som_L_17:
$0167	$30FF	MOVLW	255
$0168	$00F2	MOVWF	STACK_2
$0169	$296B	GOTO	som_L_21
$016A	$	som_L_18:
$016A	$01F2	CLRF	STACK_2
$016B	$	som_L_21:
$016B	$30FF	MOVLW	255
$016C	$0272	SUBWF	STACK_2, W
$016D	$1D03	BTFSS	STATUS, Z
$016E	$2970	GOTO	som_L_23
$016F	$	som_L_22:
$016F	$1688	BSF	PORTD, 5
$0170	$	som_L_23:
$0170	$	som_L_19:
$0170	$30A0	MOVLW	160
$0171	$00F3	MOVWF	STACK_3
$0172	$3000	MOVLW	0
$0173	$022E	SUBWF	main_global_valoradc_2, W
$0174	$1D03	BTFSS	STATUS, Z
$0175	$2978	GOTO	som_L_27
$0176	$0873	MOVF	STACK_3, W
$0177	$022D	SUBWF	main_global_valoradc_1, W
$0178	$	som_L_27:
$0178	$1C03	BTFSS	STATUS, C
$0179	$297D	GOTO	som_L_25
$017A	$	som_L_24:
$017A	$30FF	MOVLW	255
$017B	$00F2	MOVWF	STACK_2
$017C	$297E	GOTO	som_L_28
$017D	$	som_L_25:
$017D	$01F2	CLRF	STACK_2
$017E	$	som_L_28:
$017E	$30FF	MOVLW	255
$017F	$0272	SUBWF	STACK_2, W
$0180	$1D03	BTFSS	STATUS, Z
$0181	$2983	GOTO	som_L_30
$0182	$	som_L_29:
$0182	$1608	BSF	PORTD, 4
$0183	$	som_L_30:
$0183	$	som_L_26:
$0183	$3080	MOVLW	128
$0184	$00F3	MOVWF	STACK_3
$0185	$3000	MOVLW	0
$0186	$022E	SUBWF	main_global_valoradc_2, W
$0187	$1D03	BTFSS	STATUS, Z
$0188	$298B	GOTO	som_L_34
$0189	$0873	MOVF	STACK_3, W
$018A	$022D	SUBWF	main_global_valoradc_1, W
$018B	$	som_L_34:
$018B	$1C03	BTFSS	STATUS, C
$018C	$2990	GOTO	som_L_32
$018D	$	som_L_31:
$018D	$30FF	MOVLW	255
$018E	$00F2	MOVWF	STACK_2
$018F	$2991	GOTO	som_L_35
$0190	$	som_L_32:
$0190	$01F2	CLRF	STACK_2
$0191	$	som_L_35:
$0191	$30FF	MOVLW	255
$0192	$0272	SUBWF	STACK_2, W
$0193	$1D03	BTFSS	STATUS, Z
$0194	$2996	GOTO	som_L_37
$0195	$	som_L_36:
$0195	$1588	BSF	PORTD, 3
$0196	$	som_L_37:
$0196	$	som_L_33:
$0196	$3060	MOVLW	96
$0197	$00F3	MOVWF	STACK_3
$0198	$3000	MOVLW	0
$0199	$022E	SUBWF	main_global_valoradc_2, W
$019A	$1D03	BTFSS	STATUS, Z
$019B	$299E	GOTO	som_L_41
$019C	$0873	MOVF	STACK_3, W
$019D	$022D	SUBWF	main_global_valoradc_1, W
$019E	$	som_L_41:
$019E	$1C03	BTFSS	STATUS, C
$019F	$29A3	GOTO	som_L_39
$01A0	$	som_L_38:
$01A0	$30FF	MOVLW	255
$01A1	$00F2	MOVWF	STACK_2
$01A2	$29A4	GOTO	som_L_42
$01A3	$	som_L_39:
$01A3	$01F2	CLRF	STACK_2
$01A4	$	som_L_42:
$01A4	$30FF	MOVLW	255
$01A5	$0272	SUBWF	STACK_2, W
$01A6	$1D03	BTFSS	STATUS, Z
$01A7	$29A9	GOTO	som_L_44
$01A8	$	som_L_43:
$01A8	$1508	BSF	PORTD, 2
$01A9	$	som_L_44:
$01A9	$	som_L_40:
$01A9	$3040	MOVLW	64
$01AA	$00F3	MOVWF	STACK_3
$01AB	$3000	MOVLW	0
$01AC	$022E	SUBWF	main_global_valoradc_2, W
$01AD	$1D03	BTFSS	STATUS, Z
$01AE	$29B1	GOTO	som_L_48
$01AF	$0873	MOVF	STACK_3, W
$01B0	$022D	SUBWF	main_global_valoradc_1, W
$01B1	$	som_L_48:
$01B1	$1C03	BTFSS	STATUS, C
$01B2	$29B6	GOTO	som_L_46
$01B3	$	som_L_45:
$01B3	$30FF	MOVLW	255
$01B4	$00F2	MOVWF	STACK_2
$01B5	$29B7	GOTO	som_L_49
$01B6	$	som_L_46:
$01B6	$01F2	CLRF	STACK_2
$01B7	$	som_L_49:
$01B7	$30FF	MOVLW	255
$01B8	$0272	SUBWF	STACK_2, W
$01B9	$1D03	BTFSS	STATUS, Z
$01BA	$29BC	GOTO	som_L_51
$01BB	$	som_L_50:
$01BB	$1488	BSF	PORTD, 1
$01BC	$	som_L_51:
$01BC	$	som_L_47:
$01BC	$3020	MOVLW	32
$01BD	$00F3	MOVWF	STACK_3
$01BE	$3000	MOVLW	0
$01BF	$022E	SUBWF	main_global_valoradc_2, W
$01C0	$1D03	BTFSS	STATUS, Z
$01C1	$29C4	GOTO	som_L_55
$01C2	$0873	MOVF	STACK_3, W
$01C3	$022D	SUBWF	main_global_valoradc_1, W
$01C4	$	som_L_55:
$01C4	$1C03	BTFSS	STATUS, C
$01C5	$29C9	GOTO	som_L_53
$01C6	$	som_L_52:
$01C6	$30FF	MOVLW	255
$01C7	$00F2	MOVWF	STACK_2
$01C8	$29CA	GOTO	som_L_56
$01C9	$	som_L_53:
$01C9	$01F2	CLRF	STACK_2
$01CA	$	som_L_56:
$01CA	$30FF	MOVLW	255
$01CB	$0272	SUBWF	STACK_2, W
$01CC	$1D03	BTFSS	STATUS, Z
$01CD	$29CF	GOTO	som_L_58
$01CE	$	som_L_57:
$01CE	$1408	BSF	PORTD, 0
$01CF	$	som_L_58:
$01CF	$	som_L_54:
$01CF	$082D	MOVF	main_global_valoradc_1, W
$01D0	$00B1	MOVWF	sound_sound_play_param_period_div_10
$01D1	$30C8	MOVLW	200
$01D2	$00B2	MOVWF	sound_sound_play_param_num_of_periods_1
$01D3	$01B3	CLRF	sound_sound_play_param_num_of_periods_2
$01D4	$20AD	CALL	sound_sound_play
$01D5	$2919	GOTO	som_L_0
$01D6	$	som_L_2:
$01D6	$	som_L_59:
$01D6	$29D6	GOTO	som_L_59


//** Procedures locations **
//ADDRESS		PROCEDURE
//----------------------------------------------
$0004		Delay_22us
$000B		Delay_Cyc
$0015		Sound_Init
$0038		ADC_read
$0090		Div_16x16_U
$00AD		Sound_Play
$0106		main
;*** procedure  	ADC_read  ***;
;*** procedure  	Delay_22us  ***;
;*** procedure  	Delay_Cyc  ***;
;*** procedure  	Div_16x16_U  ***;
;*** procedure  	main  ***;
;*** procedure  	Sound_Init  ***;
;*** procedure  	Sound_Play  ***;


//** Labels locations **
//ADDRESS		LABEL
//----------------------------------------------
$0004		delays_delay_22us:
$0008		delays_L_1:
$000B		delays_delay_cyc:
$000B		delays_L_10:
$000B		delays_L_9:
$0014		delays_L_11:
$0015		sound_sound_init:
$002A		sound_L_0:
$0032		sound_L_1:
$0038		adclib_a_c_adc_read:
$0046		adclib_a_c_L_0:
$004E		adclib_a_c_L_1:
$0056		adclib_a_c_L_2:
$0060		adclib_a_c_L_3:
$0065		adclib_a_c_L_4:
$0068		adclib_a_c_L_5:
$006E		adclib_a_c_L_6:
$0070		adclib_a_c_L_7:
$0077		adclib_a_c_L_8:
$0082		adclib_a_c_L_9:
$0090		math_div_16x16_u:
$00AD		sound_sound_play:
$00B3		sound_L_2:
$00BD		sound_L_3:
$00C6		sound_L_4:
$00CE		sound_L_7:
$00D0		sound_L_5:
$00D6		sound_L_8:
$00E0		sound_L_9:
$00ED		sound_L_10:
$00F7		sound_L_11:
$0105		sound_L_6:
$0106		som_main:
$0119		som_L_0:
$0119		som_L_1:
$013F		som_L_6:
$0141		som_L_3:
$0144		som_L_4:
$0145		som_L_7:
$0149		som_L_8:
$014A		som_L_5:
$014A		som_L_9:
$0152		som_L_13:
$0154		som_L_10:
$0157		som_L_11:
$0158		som_L_14:
$015C		som_L_15:
$015D		som_L_12:
$015D		som_L_16:
$0165		som_L_20:
$0167		som_L_17:
$016A		som_L_18:
$016B		som_L_21:
$016F		som_L_22:
$0170		som_L_19:
$0170		som_L_23:
$0178		som_L_27:
$017A		som_L_24:
$017D		som_L_25:
$017E		som_L_28:
$0182		som_L_29:
$0183		som_L_26:
$0183		som_L_30:
$018B		som_L_34:
$018D		som_L_31:
$0190		som_L_32:
$0191		som_L_35:
$0195		som_L_36:
$0196		som_L_33:
$0196		som_L_37:
$019E		som_L_41:
$01A0		som_L_38:
$01A3		som_L_39:
$01A4		som_L_42:
$01A8		som_L_43:
$01A9		som_L_40:
$01A9		som_L_44:
$01B1		som_L_48:
$01B3		som_L_45:
$01B6		som_L_46:
$01B7		som_L_49:
$01BB		som_L_50:
$01BC		som_L_47:
$01BC		som_L_51:
$01C4		som_L_55:
$01C6		som_L_52:
$01C9		som_L_53:
$01CA		som_L_56:
$01CE		som_L_57:
$01CF		som_L_54:
$01CF		som_L_58:
$01D6		som_L_2:
$01D6		som_L_59:


//** Variables locations **
//ADDRESS		VARIABLE
//----------------------------------------------
$0000		INDF
$0002		PCL
$0003		STATUS
$0004		FSR
$0006		PORTB
$0007		PORTC
$0008		PORTD
$000A		PCLATH
$001E		ADRESH
$001F		ADCON0
$0020		math_main_global_lowerword
$0022		math_main_global_upperword
$0024		math_main_global_remainder
$0026		math_main_global_y
$0028		math_main_global_x
$002A		math_main_global_loopcount
$002B		sound_main_global_soundportaddress
$002C		sound_main_global_soundpin
$002D		main_global_valoradc
$002F		adclib_a_c_adc_read_local_result
$002F		sound_sound_init_param_port
$002F		sound_sound_play_local_i
$0030		sound_sound_init_param_pin
$0031		adclib_a_c_adc_read_param_channel
$0031		sound_sound_play_param_period_div_10
$0032		sound_sound_play_param_num_of_periods
$0034		delays_delay_cyc_param_cycles_div_by_10
$0070		STACK_0
$0071		STACK_1
$0072		STACK_2
$0073		STACK_3
$0074		STACK_4
$0075		STACK_5
$0086		TRISB
$0087		TRISC
$0088		TRISD
$009E		ADRESL
$009F		ADCON1


