
ROM used: 74 (1%)
          74 (1%) including unused fragments

          0 Average locations per line
          0 Average locations per statement

RAM used: 13 (4%) at main() level
          13 (4%) worst case

Stack used: 0 worst case (out of 8 total available)

Lines Stmts  %   Files
----- ----- ---  -----
   30    13   3  principal.c
  313     0   0  16f877a.h
 1360   380  73  stdlib.h
   28     0   0  stddef.h
  417   126  24  string.h
   28     0   0  ctype.h
----- -----
 2176   519 Total

Page ROM  %  RAM   Vol Diff  Functions:
---- --- --- ---   --- ----  ----------
0     70  95   1   357  5.5  MAIN

Program metrics:
    Functions               1
    Statements              519
    Comments                861
    Volume (V)              357
    Difficilty (D)          5.5
    Effort to implement (E) 1976
    Time to implement (T)   2 minutes
    Est Delivered Bugs (B)  0
    Cyclomatic Complexity   4
    Maintainability (MI)    88

 Segment     Used  Free
-----------  ----  ----
00000-00003     4  0  
00004-007FF    70  1974  
00800-00FFF     0  2048  
01000-017FF     0  2048  
01800-01FFF     0  2048  



