;//  ASM code generated by mikroVirtualMachine for PIC - V. 3.0.0.0
;  Date/Time: 28/03/05 19:36:33
;  Info: http://www.mikroelektronika.co.yu


;// ADDRESS	OPCODE	ASM
; ----------------------------------------------
$0000	$2AF1	GOTO	pwm_main
$0004	$	delays_delay_1us:
$0004	$0000	nop
$0005	$0008	RETURN
$0006	$	delays_delay_5500us:
$0006	$3008	MOVLW	8
$0007	$1303	BCF	STATUS,RP1
$0008	$1283	BCF	STATUS,RP0
$0009	$00F0	MOVWF	STACK_0
$000A	$30FF	MOVLW	255
$000B	$00F1	MOVWF	STACK_1
$000C	$	delays_L_5:
$000C	$0BF0	DECFSZ	STACK_0, F
$000D	$280F	GOTO	delays_L_6
$000E	$2812	GOTO	delays_L_7
$000F	$	delays_L_6:
$000F	$0BF1	DECFSZ	STACK_1,F
$0010	$280F	GOTO	delays_L_6
$0011	$280C	GOTO	delays_L_5
$0012	$	delays_L_7:
$0012	$301E	MOVLW	30
$0013	$00F0	MOVWF	STACK_0
$0014	$	delays_L_8:
$0014	$0BF0	DECFSZ	STACK_0, F
$0015	$2814	GOTO	delays_L_8
$0016	$0008	RETURN
$0017	$	delays_delay_500us:
$0017	$30A5	MOVLW	165
$0018	$1303	BCF	STATUS,RP1
$0019	$1283	BCF	STATUS,RP0
$001A	$00F0	MOVWF	STACK_0
$001B	$	delays_L_4:
$001B	$0BF0	DECFSZ	STACK_0, F
$001C	$281B	GOTO	delays_L_4
$001D	$0000	nop
$001E	$0000	nop
$001F	$0008	RETURN
$0020	$	lcd8bit_lcd8_cmd:
$0020	$1303	BCF	STATUS,RP1
$0021	$1283	BCF	STATUS,RP0
$0022	$082B	MOVF	lcd8bit_main_global_dataaddress, W
$0023	$0084	MOVWF	FSR
$0024	$0180	CLRF	INDF
$0025	$0848	MOVF	lcd8bit_lcd8_cmd_param_out_char, W
$0026	$00F0	MOVWF	STACK_0
$0027	$0870	MOVF	STACK_0, W
$0028	$00C8	MOVWF	lcd8bit_lcd8_cmd_param_out_char
$0029	$1BC8	BTFSC    LCD8BIT_LCD8_CMD_PARAM_OUT_CHAR, 7
$002A	$1780	BSF      INDF, __LCD8_DB7
$002B	$1B48	BTFSC    LCD8BIT_LCD8_CMD_PARAM_OUT_CHAR, 6
$002C	$1700	BSF      INDF, __LCD8_DB6
$002D	$1AC8	BTFSC    LCD8BIT_LCD8_CMD_PARAM_OUT_CHAR, 5
$002E	$1680	BSF      INDF, __LCD8_DB5
$002F	$1A48	BTFSC    LCD8BIT_LCD8_CMD_PARAM_OUT_CHAR, 4
$0030	$1600	BSF      INDF, __LCD8_DB4
$0031	$19C8	BTFSC    LCD8BIT_LCD8_CMD_PARAM_OUT_CHAR, 3
$0032	$1580	BSF      INDF, __LCD8_DB3
$0033	$1948	BTFSC    LCD8BIT_LCD8_CMD_PARAM_OUT_CHAR, 2
$0034	$1500	BSF      INDF, __LCD8_DB2
$0035	$18C8	BTFSC    LCD8BIT_LCD8_CMD_PARAM_OUT_CHAR, 1
$0036	$1480	BSF      INDF, __LCD8_DB1
$0037	$1848	BTFSC    LCD8BIT_LCD8_CMD_PARAM_OUT_CHAR, 0
$0038	$1400	BSF      INDF, __LCD8_DB0
$0039	$082C	MOVF	lcd8bit_main_global_ctrladdress, W
$003A	$0084	MOVWF	FSR
$003B	$3001	MOVLW	1
$003C	$022D	SUBWF	lcd8bit_main_global_com, W
$003D	$1D03	BTFSS	STATUS, Z
$003E	$2842	GOTO	lcd8bit_L_1
$003F	$	lcd8bit_L_0:
$003F	$30FF	MOVLW	255
$0040	$00F1	MOVWF	STACK_1
$0041	$2843	GOTO	lcd8bit_L_3
$0042	$	lcd8bit_L_1:
$0042	$01F1	CLRF	STACK_1
$0043	$	lcd8bit_L_3:
$0043	$30FF	MOVLW	255
$0044	$0271	SUBWF	STACK_1, W
$0045	$1D03	BTFSS	STATUS, Z
$0046	$2849	GOTO	lcd8bit_L_5
$0047	$	lcd8bit_L_4:
$0047	$1100	BCF      INDF, __LCD8_RS
$0048	$284A	goto	lcd8bit_L_2
$0049	$	lcd8bit_L_5:
$0049	$1500	BSF INDF, __LCD8_RS
$004A	$	lcd8bit_L_2:
$004A	$1480	BSF      INDF, __LCD8_ENABLE
$004B	$2004	CALL	delays_delay_1us
$004C	$1080	BCF      INDF, __LCD8_ENABLE
$004D	$3001	MOVLW	1
$004E	$1303	BCF	STATUS,RP1
$004F	$1283	BCF	STATUS,RP0
$0050	$022D	SUBWF	lcd8bit_main_global_com, W
$0051	$1D03	BTFSS	STATUS, Z
$0052	$2858	GOTO	lcd8bit_L_7
$0053	$	lcd8bit_L_6:
$0053	$30FF	MOVLW	255
$0054	$1303	BCF	STATUS,RP1
$0055	$1283	BCF	STATUS,RP0
$0056	$00F1	MOVWF	STACK_1
$0057	$285B	GOTO	lcd8bit_L_9
$0058	$	lcd8bit_L_7:
$0058	$1303	BCF	STATUS,RP1
$0059	$1283	BCF	STATUS,RP0
$005A	$01F1	CLRF	STACK_1
$005B	$	lcd8bit_L_9:
$005B	$30FF	MOVLW	255
$005C	$1303	BCF	STATUS,RP1
$005D	$1283	BCF	STATUS,RP0
$005E	$0271	SUBWF	STACK_1, W
$005F	$1D03	BTFSS	STATUS, Z
$0060	$2863	GOTO	lcd8bit_L_11
$0061	$	lcd8bit_L_10:
$0061	$2006	CALL	delays_delay_5500us
$0062	$2864	goto	lcd8bit_L_8
$0063	$	lcd8bit_L_11:
$0063	$2017	CALL	delays_delay_500us
$0064	$	lcd8bit_L_8:
$0064	$0008	RETURN
$0065	$	delays_delay_22us:
$0065	$3007	MOVLW	7
$0066	$1303	BCF	STATUS,RP1
$0067	$1283	BCF	STATUS,RP0
$0068	$00F0	MOVWF	STACK_0
$0069	$	delays_L_1:
$0069	$1303	BCF	STATUS,RP1
$006A	$1283	BCF	STATUS,RP0
$006B	$0BF0	DECFSZ	STACK_0, F
$006C	$2869	GOTO	delays_L_1
$006D	$0008	RETURN
$006E	$	math_mul_16x16_u:
$006E	$1303	BCF	STATUS,RP1
$006F	$1283	BCF	STATUS,RP0
$0070	$01A6	CLRF   MATH_MAIN_GLOBAL_UPPERWORD_2
$0071	$01A5	CLRF   MATH_MAIN_GLOBAL_UPPERWORD_1
$0072	$01A4	CLRF   MATH_MAIN_GLOBAL_LOWERWORD_2
$0073	$3080	MOVLW  128
$0074	$00A3	MOVWF  MATH_MAIN_GLOBAL_LOWERWORD_1
$0075	$0CAA	RRF    MATH_MAIN_GLOBAL_X_2,F
$0076	$0CA9	RRF    MATH_MAIN_GLOBAL_X_1,F
$0077	$1C03	BTFSS  STATUS,C
$0078	$2882	GOTO   $+10
$0079	$0827	MOVF   MATH_MAIN_GLOBAL_Y_1,W
$007A	$07A4	ADDWF  MATH_MAIN_GLOBAL_LOWERWORD_2,F
$007B	$0828	MOVF   MATH_MAIN_GLOBAL_Y_2,W
$007C	$1803	BTFSC  STATUS,C
$007D	$0F28	INCFSZ MATH_MAIN_GLOBAL_Y_2,W
$007E	$07A5	ADDWF  MATH_MAIN_GLOBAL_UPPERWORD_1,F
$007F	$1803	BTFSC  STATUS,C
$0080	$0AA6	INCF   MATH_MAIN_GLOBAL_UPPERWORD_2,F
$0081	$1003	BCF    STATUS,C
$0082	$1FA9	BTFSS  MATH_MAIN_GLOBAL_X_1,7
$0083	$288A	GOTO   $+7
$0084	$0827	MOVF   MATH_MAIN_GLOBAL_Y_1,W
$0085	$07A5	ADDWF  MATH_MAIN_GLOBAL_UPPERWORD_1,F
$0086	$0828	MOVF   MATH_MAIN_GLOBAL_Y_2,W
$0087	$1803	BTFSC  STATUS,C
$0088	$0F28	INCFSZ MATH_MAIN_GLOBAL_Y_2,W
$0089	$07A6	ADDWF  MATH_MAIN_GLOBAL_UPPERWORD_2,F
$008A	$0CA6	RRF    MATH_MAIN_GLOBAL_UPPERWORD_2,F
$008B	$0CA5	RRF    MATH_MAIN_GLOBAL_UPPERWORD_1,F
$008C	$0CA4	RRF    MATH_MAIN_GLOBAL_LOWERWORD_2,F
$008D	$0CA3	RRF    MATH_MAIN_GLOBAL_LOWERWORD_1,F
$008E	$1C03	BTFSS  STATUS,C
$008F	$2875	GOTO   $-26
$0090	$0008	RETURN
$0091	$	math_div_16x16_u:
$0091	$1303	BCF	STATUS,RP1
$0092	$1283	BCF	STATUS,RP0
$0093	$01A0	CLRF   MATH_MAIN_GLOBAL_REMAINDER_1
$0094	$01A1	CLRF   MATH_MAIN_GLOBAL_REMAINDER_2
$0095	$3010	MOVLW  16
$0096	$00A2	MOVWF  MATH_MAIN_GLOBAL_LOOPCOUNT
$0097	$0D2A	RLF    MATH_MAIN_GLOBAL_X_2,W
$0098	$0DA0	RLF    MATH_MAIN_GLOBAL_REMAINDER_1,F
$0099	$0DA1	RLF    MATH_MAIN_GLOBAL_REMAINDER_2,F
$009A	$0827	MOVF   MATH_MAIN_GLOBAL_Y_1,W
$009B	$02A0	SUBWF  MATH_MAIN_GLOBAL_REMAINDER_1,F
$009C	$0828	MOVF   MATH_MAIN_GLOBAL_Y_2,W
$009D	$1C03	BTFSS  STATUS,C
$009E	$0F28	INCFSZ MATH_MAIN_GLOBAL_Y_2,W
$009F	$02A1	SUBWF  MATH_MAIN_GLOBAL_REMAINDER_2,F
$00A0	$1803	BTFSC  STATUS,C
$00A1	$28A9	GOTO   $+8
$00A2	$0827	MOVF   MATH_MAIN_GLOBAL_Y_1,W
$00A3	$07A0	ADDWF  MATH_MAIN_GLOBAL_REMAINDER_1,F
$00A4	$0828	MOVF   MATH_MAIN_GLOBAL_Y_2,W
$00A5	$1803	BTFSC  STATUS,C
$00A6	$0F28	INCFSZ MATH_MAIN_GLOBAL_Y_2,W
$00A7	$07A1	ADDWF  MATH_MAIN_GLOBAL_REMAINDER_2,F
$00A8	$1003	BCF    STATUS,C
$00A9	$0DA9	RLF    MATH_MAIN_GLOBAL_X_1,F
$00AA	$0DAA	RLF    MATH_MAIN_GLOBAL_X_2,F
$00AB	$0BA2	DECFSZ MATH_MAIN_GLOBAL_LOOPCOUNT,F
$00AC	$2897	GOTO   $-21
$00AD	$0008	RETURN
$00AE	$	lcd8bit_lcd8_init:
$00AE	$2006	CALL	delays_delay_5500us
$00AF	$2006	CALL	delays_delay_5500us
$00B0	$2006	CALL	delays_delay_5500us
$00B1	$1303	BCF	STATUS,RP1
$00B2	$1283	BCF	STATUS,RP0
$00B3	$0844	MOVF	lcd8bit_lcd8_init_param_portdata, W
$00B4	$00AB	MOVWF	lcd8bit_main_global_dataaddress
$00B5	$0843	MOVF	lcd8bit_lcd8_init_param_portctrl, W
$00B6	$00AC	MOVWF	lcd8bit_main_global_ctrladdress
$00B7	$082B	MOVF	lcd8bit_main_global_dataaddress, W
$00B8	$0084	MOVWF	FSR
$00B9	$1784	BSF	FSR, 7
$00BA	$0180	CLRF	INDF
$00BB	$082C	MOVF	lcd8bit_main_global_ctrladdress, W
$00BC	$0084	MOVWF	FSR
$00BD	$1180	BCF     INDF, __LCD8_RW
$00BE	$1784	BSF	FSR, 7
$00BF	$1100	BCF   INDF, __LCD8_RS
$00C0	$1180	BCF   INDF, __LCD8_RW
$00C1	$1080	BCF   INDF, __LCD8_ENABLE
$00C2	$1384	BCF	FSR, 7
$00C3	$082B	MOVF	lcd8bit_main_global_dataaddress, W
$00C4	$0084	MOVWF	FSR
$00C5	$3030	MOVLW	48
$00C6	$0080	MOVWF	INDF
$00C7	$2006	CALL	delays_delay_5500us
$00C8	$2006	CALL	delays_delay_5500us
$00C9	$1303	BCF	STATUS,RP1
$00CA	$1283	BCF	STATUS,RP0
$00CB	$082C	MOVF	lcd8bit_main_global_ctrladdress, W
$00CC	$0084	MOVWF	FSR
$00CD	$1480	BSF      INDF, __LCD8_ENABLE
$00CE	$2004	CALL	delays_delay_1us
$00CF	$1080	BCF      INDF, __LCD8_ENABLE
$00D0	$1303	BCF	STATUS,RP1
$00D1	$1283	BCF	STATUS,RP0
$00D2	$082B	MOVF	lcd8bit_main_global_dataaddress, W
$00D3	$0084	MOVWF	FSR
$00D4	$3030	MOVLW	48
$00D5	$0080	MOVWF	INDF
$00D6	$2006	CALL	delays_delay_5500us
$00D7	$2006	CALL	delays_delay_5500us
$00D8	$1303	BCF	STATUS,RP1
$00D9	$1283	BCF	STATUS,RP0
$00DA	$082C	MOVF	lcd8bit_main_global_ctrladdress, W
$00DB	$0084	MOVWF	FSR
$00DC	$1480	BSF      INDF, __LCD8_ENABLE
$00DD	$2004	CALL	delays_delay_1us
$00DE	$1080	BCF      INDF, __LCD8_ENABLE
$00DF	$1303	BCF	STATUS,RP1
$00E0	$1283	BCF	STATUS,RP0
$00E1	$082B	MOVF	lcd8bit_main_global_dataaddress, W
$00E2	$0084	MOVWF	FSR
$00E3	$3030	MOVLW	48
$00E4	$0080	MOVWF	INDF
$00E5	$2006	CALL	delays_delay_5500us
$00E6	$2006	CALL	delays_delay_5500us
$00E7	$1303	BCF	STATUS,RP1
$00E8	$1283	BCF	STATUS,RP0
$00E9	$082C	MOVF	lcd8bit_main_global_ctrladdress, W
$00EA	$0084	MOVWF	FSR
$00EB	$1480	BSF      INDF, __LCD8_ENABLE
$00EC	$2004	CALL	delays_delay_1us
$00ED	$1080	BCF      INDF, __LCD8_ENABLE
$00EE	$1303	BCF	STATUS,RP1
$00EF	$1283	BCF	STATUS,RP0
$00F0	$082B	MOVF	lcd8bit_main_global_dataaddress, W
$00F1	$0084	MOVWF	FSR
$00F2	$3038	MOVLW	56
$00F3	$0080	MOVWF	INDF
$00F4	$2006	CALL	delays_delay_5500us
$00F5	$2006	CALL	delays_delay_5500us
$00F6	$1303	BCF	STATUS,RP1
$00F7	$1283	BCF	STATUS,RP0
$00F8	$082C	MOVF	lcd8bit_main_global_ctrladdress, W
$00F9	$0084	MOVWF	FSR
$00FA	$1480	BSF      INDF, __LCD8_ENABLE
$00FB	$2004	CALL	delays_delay_1us
$00FC	$1080	BCF      INDF, __LCD8_ENABLE
$00FD	$1303	BCF	STATUS,RP1
$00FE	$1283	BCF	STATUS,RP0
$00FF	$082B	MOVF	lcd8bit_main_global_dataaddress, W
$0100	$0084	MOVWF	FSR
$0101	$3010	MOVLW	16
$0102	$0080	MOVWF	INDF
$0103	$2006	CALL	delays_delay_5500us
$0104	$2006	CALL	delays_delay_5500us
$0105	$1303	BCF	STATUS,RP1
$0106	$1283	BCF	STATUS,RP0
$0107	$082C	MOVF	lcd8bit_main_global_ctrladdress, W
$0108	$0084	MOVWF	FSR
$0109	$1480	BSF      INDF, __LCD8_ENABLE
$010A	$2004	CALL	delays_delay_1us
$010B	$1080	BCF      INDF, __LCD8_ENABLE
$010C	$1303	BCF	STATUS,RP1
$010D	$1283	BCF	STATUS,RP0
$010E	$082B	MOVF	lcd8bit_main_global_dataaddress, W
$010F	$0084	MOVWF	FSR
$0110	$3001	MOVLW	1
$0111	$0080	MOVWF	INDF
$0112	$2006	CALL	delays_delay_5500us
$0113	$2006	CALL	delays_delay_5500us
$0114	$1303	BCF	STATUS,RP1
$0115	$1283	BCF	STATUS,RP0
$0116	$082C	MOVF	lcd8bit_main_global_ctrladdress, W
$0117	$0084	MOVWF	FSR
$0118	$1480	BSF      INDF, __LCD8_ENABLE
$0119	$2004	CALL	delays_delay_1us
$011A	$1080	BCF      INDF, __LCD8_ENABLE
$011B	$1303	BCF	STATUS,RP1
$011C	$1283	BCF	STATUS,RP0
$011D	$082B	MOVF	lcd8bit_main_global_dataaddress, W
$011E	$0084	MOVWF	FSR
$011F	$300F	MOVLW	15
$0120	$0080	MOVWF	INDF
$0121	$2006	CALL	delays_delay_5500us
$0122	$2006	CALL	delays_delay_5500us
$0123	$1303	BCF	STATUS,RP1
$0124	$1283	BCF	STATUS,RP0
$0125	$082C	MOVF	lcd8bit_main_global_ctrladdress, W
$0126	$0084	MOVWF	FSR
$0127	$1480	BSF      INDF, __LCD8_ENABLE
$0128	$2004	CALL	delays_delay_1us
$0129	$1080	BCF      INDF, __LCD8_ENABLE
$012A	$3001	MOVLW	1
$012B	$1303	BCF	STATUS,RP1
$012C	$1283	BCF	STATUS,RP0
$012D	$00AD	MOVWF	lcd8bit_main_global_com
$012E	$0008	RETURN
$012F	$	lcd8bit_lcd8_out:
$012F	$0000	nop
$0130	$	lcd8bit_L_27:
$0130	$3001	MOVLW	1
$0131	$1303	BCF	STATUS,RP1
$0132	$1283	BCF	STATUS,RP0
$0133	$0245	SUBWF	lcd8bit_lcd8_out_param_row, W
$0134	$1D03	BTFSS	STATUS, Z
$0135	$293B	GOTO	lcd8bit_L_28
$0136	$	lcd8bit_L_26:
$0136	$3080	MOVLW	128
$0137	$1303	BCF	STATUS,RP1
$0138	$1283	BCF	STATUS,RP0
$0139	$00C5	MOVWF	lcd8bit_lcd8_out_param_row
$013A	$2960	GOTO	lcd8bit_L_25
$013B	$	lcd8bit_L_28:
$013B	$	lcd8bit_L_30:
$013B	$3002	MOVLW	2
$013C	$1303	BCF	STATUS,RP1
$013D	$1283	BCF	STATUS,RP0
$013E	$0245	SUBWF	lcd8bit_lcd8_out_param_row, W
$013F	$1D03	BTFSS	STATUS, Z
$0140	$2946	GOTO	lcd8bit_L_31
$0141	$	lcd8bit_L_29:
$0141	$30C0	MOVLW	192
$0142	$1303	BCF	STATUS,RP1
$0143	$1283	BCF	STATUS,RP0
$0144	$00C5	MOVWF	lcd8bit_lcd8_out_param_row
$0145	$2960	GOTO	lcd8bit_L_25
$0146	$	lcd8bit_L_31:
$0146	$	lcd8bit_L_33:
$0146	$3003	MOVLW	3
$0147	$1303	BCF	STATUS,RP1
$0148	$1283	BCF	STATUS,RP0
$0149	$0245	SUBWF	lcd8bit_lcd8_out_param_row, W
$014A	$1D03	BTFSS	STATUS, Z
$014B	$2951	GOTO	lcd8bit_L_34
$014C	$	lcd8bit_L_32:
$014C	$3094	MOVLW	148
$014D	$1303	BCF	STATUS,RP1
$014E	$1283	BCF	STATUS,RP0
$014F	$00C5	MOVWF	lcd8bit_lcd8_out_param_row
$0150	$2960	GOTO	lcd8bit_L_25
$0151	$	lcd8bit_L_34:
$0151	$	lcd8bit_L_36:
$0151	$3004	MOVLW	4
$0152	$1303	BCF	STATUS,RP1
$0153	$1283	BCF	STATUS,RP0
$0154	$0245	SUBWF	lcd8bit_lcd8_out_param_row, W
$0155	$1D03	BTFSS	STATUS, Z
$0156	$295C	GOTO	lcd8bit_L_37
$0157	$	lcd8bit_L_35:
$0157	$30D4	MOVLW	212
$0158	$1303	BCF	STATUS,RP1
$0159	$1283	BCF	STATUS,RP0
$015A	$00C5	MOVWF	lcd8bit_lcd8_out_param_row
$015B	$2960	GOTO	lcd8bit_L_25
$015C	$	lcd8bit_L_37:
$015C	$3080	MOVLW	128
$015D	$1303	BCF	STATUS,RP1
$015E	$1283	BCF	STATUS,RP0
$015F	$00C5	MOVWF	lcd8bit_lcd8_out_param_row
$0160	$	lcd8bit_L_25:
$0160	$1303	BCF	STATUS,RP1
$0161	$1283	BCF	STATUS,RP0
$0162	$0846	MOVF	lcd8bit_lcd8_out_param_column, W
$0163	$0745	ADDWF	lcd8bit_lcd8_out_param_row, W
$0164	$00F1	MOVWF	STACK_1
$0165	$03F1	DECF	STACK_1, F
$0166	$0871	MOVF	STACK_1, W
$0167	$00C5	MOVWF	lcd8bit_lcd8_out_param_row
$0168	$0845	MOVF	lcd8bit_lcd8_out_param_row, W
$0169	$00C8	MOVWF	lcd8bit_lcd8_cmd_param_out_char
$016A	$2020	CALL	lcd8bit_lcd8_cmd
$016B	$1303	BCF	STATUS,RP1
$016C	$1283	BCF	STATUS,RP0
$016D	$01AD	CLRF	lcd8bit_main_global_com
$016E	$01C3	CLRF	lcd8bit_lcd8_out_local_i
$016F	$0847	MOVF	lcd8bit_lcd8_out_param_text, W
$0170	$0084	MOVWF	FSR
$0171	$3000	MOVLW	0
$0172	$0784	ADDWF	FSR, F
$0173	$0800	MOVF	INDF, W
$0174	$00C4	MOVWF	lcd8bit_lcd8_out_local_a
$0175	$	lcd8bit_L_38:
$0175	$3000	MOVLW	0
$0176	$1303	BCF	STATUS,RP1
$0177	$1283	BCF	STATUS,RP0
$0178	$0244	SUBWF	lcd8bit_lcd8_out_local_a, W
$0179	$1903	BTFSC	STATUS, Z
$017A	$2980	GOTO	lcd8bit_L_40
$017B	$	lcd8bit_L_39:
$017B	$30FF	MOVLW	255
$017C	$1303	BCF	STATUS,RP1
$017D	$1283	BCF	STATUS,RP0
$017E	$00F1	MOVWF	STACK_1
$017F	$2983	GOTO	lcd8bit_L_41
$0180	$	lcd8bit_L_40:
$0180	$1303	BCF	STATUS,RP1
$0181	$1283	BCF	STATUS,RP0
$0182	$01F1	CLRF	STACK_1
$0183	$	lcd8bit_L_41:
$0183	$30FF	MOVLW	255
$0184	$1303	BCF	STATUS,RP1
$0185	$1283	BCF	STATUS,RP0
$0186	$0271	SUBWF	STACK_1, W
$0187	$1D03	BTFSS	STATUS, Z
$0188	$299A	GOTO	lcd8bit_L_43
$0189	$	lcd8bit_L_42:
$0189	$1303	BCF	STATUS,RP1
$018A	$1283	BCF	STATUS,RP0
$018B	$0844	MOVF	lcd8bit_lcd8_out_local_a, W
$018C	$00C8	MOVWF	lcd8bit_lcd8_cmd_param_out_char
$018D	$2020	CALL	lcd8bit_lcd8_cmd
$018E	$1303	BCF	STATUS,RP1
$018F	$1283	BCF	STATUS,RP0
$0190	$0AC3	INCF	lcd8bit_lcd8_out_local_i, F
$0191	$0847	MOVF	lcd8bit_lcd8_out_param_text, W
$0192	$0084	MOVWF	FSR
$0193	$0843	MOVF	lcd8bit_lcd8_out_local_i, W
$0194	$0784	ADDWF	FSR, F
$0195	$	lcd8bit_L_44:
$0195	$0800	MOVF	INDF, W
$0196	$1303	BCF	STATUS,RP1
$0197	$1283	BCF	STATUS,RP0
$0198	$00C4	MOVWF	lcd8bit_lcd8_out_local_a
$0199	$2975	GOTO	lcd8bit_L_38
$019A	$	lcd8bit_L_43:
$019A	$3001	MOVLW	1
$019B	$1303	BCF	STATUS,RP1
$019C	$1283	BCF	STATUS,RP0
$019D	$00AD	MOVWF	lcd8bit_main_global_com
$019E	$0008	RETURN
$019F	$	pwmlib_p_a_pwm_init:
$019F	$1303	BCF	STATUS,RP1
$01A0	$1283	BCF	STATUS,RP0
$01A1	$0195	CLRF	CCPR1L
$01A2	$1217	BCF	CCP1CON, 4
$01A3	$1297	BCF	CCP1CON, 5
$01A4	$0008	RETURN
$01A5	$	pwmlib_p_a_pwm_start:
$01A5	$1303	BCF	STATUS,RP1
$01A6	$1683	BSF	STATUS,RP0
$01A7	$1107	BCF	TRISC, 2
$01A8	$1283	BCF	STATUS,RP0
$01A9	$1512	BSF	T2CON, 2
$01AA	$300C	MOVLW	12
$01AB	$0417	IORWF	CCP1CON, W
$01AC	$0097	MOVWF	CCP1CON
$01AD	$0008	RETURN
$01AE	$	adclib_a_c_adc_read:
$01AE	$1303	BCF	STATUS,RP1
$01AF	$1283	BCF	STATUS,RP0
$01B0	$019F	CLRF	ADCON0
$01B1	$30C0	MOVLW	192
$01B2	$041F	IORWF	ADCON0, W
$01B3	$009F	MOVWF	ADCON0
$01B4	$1683	BSF	STATUS,RP0
$01B5	$171F	BSF	ADCON1, 6
$01B6	$179F	BSF	ADCON1, 7
$01B7	$1283	BCF	STATUS,RP0
$01B8	$0845	MOVF	adclib_a_c_adc_read_param_channel, W
$01B9	$00F1	MOVWF	STACK_1
$01BA	$3003	MOVLW	3
$01BB	$00F2	MOVWF	STACK_2
$01BC	$	adclib_a_c_L_0:
$01BC	$3000	MOVLW	0
$01BD	$1303	BCF	STATUS,RP1
$01BE	$1283	BCF	STATUS,RP0
$01BF	$0272	SUBWF	STACK_2, W
$01C0	$1903	BTFSC	STATUS, Z
$01C1	$29C6	GOTO	adclib_a_c_L_1
$01C2	$0DF1	RLF	STACK_1, F
$01C3	$1071	BCF	STACK_1, 0
$01C4	$0BF2	DECFSZ	STACK_2, F
$01C5	$29BC	GOTO	adclib_a_c_L_0
$01C6	$	adclib_a_c_L_1:
$01C6	$1303	BCF	STATUS,RP1
$01C7	$1283	BCF	STATUS,RP0
$01C8	$081F	MOVF	ADCON0, W
$01C9	$0471	IORWF	STACK_1, W
$01CA	$009F	MOVWF	ADCON0
$01CB	$141F	BSF	ADCON0, 0
$01CC	$2065	CALL	delays_delay_22us
$01CD	$1303	BCF	STATUS,RP1
$01CE	$1283	BCF	STATUS,RP0
$01CF	$151F	BSF	ADCON0, 2
$01D0	$	adclib_a_c_L_2:
$01D0	$3000	MOVLW	0
$01D1	$1303	BCF	STATUS,RP1
$01D2	$1283	BCF	STATUS,RP0
$01D3	$191F	BTFSC	ADCON0, 2
$01D4	$3001	MOVLW	1
$01D5	$00F1	MOVWF	STACK_1
$01D6	$3001	MOVLW	1
$01D7	$0271	SUBWF	STACK_1, W
$01D8	$1D03	BTFSS	STATUS, Z
$01D9	$29DF	GOTO	adclib_a_c_L_4
$01DA	$	adclib_a_c_L_3:
$01DA	$30FF	MOVLW	255
$01DB	$1303	BCF	STATUS,RP1
$01DC	$1283	BCF	STATUS,RP0
$01DD	$00F2	MOVWF	STACK_2
$01DE	$29E2	GOTO	adclib_a_c_L_5
$01DF	$	adclib_a_c_L_4:
$01DF	$1303	BCF	STATUS,RP1
$01E0	$1283	BCF	STATUS,RP0
$01E1	$01F2	CLRF	STACK_2
$01E2	$	adclib_a_c_L_5:
$01E2	$30FF	MOVLW	255
$01E3	$1303	BCF	STATUS,RP1
$01E4	$1283	BCF	STATUS,RP0
$01E5	$0272	SUBWF	STACK_2, W
$01E6	$1D03	BTFSS	STATUS, Z
$01E7	$29EA	GOTO	adclib_a_c_L_7
$01E8	$	adclib_a_c_L_6:
$01E8	$0000	nop
$01E9	$29D0	GOTO	adclib_a_c_L_2
$01EA	$	adclib_a_c_L_7:
$01EA	$1303	BCF	STATUS,RP1
$01EB	$1283	BCF	STATUS,RP0
$01EC	$081E	MOVF	ADRESH, W
$01ED	$00C3	MOVWF	adclib_a_c_adc_read_local_result_1
$01EE	$01C4	CLRF	adclib_a_c_adc_read_local_result_2
$01EF	$3008	MOVLW	8
$01F0	$00F0	MOVWF	STACK_0
$01F1	$	adclib_a_c_L_8:
$01F1	$3000	MOVLW	0
$01F2	$1303	BCF	STATUS,RP1
$01F3	$1283	BCF	STATUS,RP0
$01F4	$0270	SUBWF	STACK_0, W
$01F5	$1903	BTFSC	STATUS, Z
$01F6	$29FC	GOTO	adclib_a_c_L_9
$01F7	$0DC3	RLF	adclib_a_c_adc_read_local_result_1, F
$01F8	$0DC4	RLF	adclib_a_c_adc_read_local_result_2, F
$01F9	$1043	BCF	adclib_a_c_adc_read_local_result_1, 0
$01FA	$0BF0	DECFSZ	STACK_0, F
$01FB	$29F1	GOTO	adclib_a_c_L_8
$01FC	$	adclib_a_c_L_9:
$01FC	$1303	BCF	STATUS,RP1
$01FD	$1683	BSF	STATUS,RP0
$01FE	$081E	MOVF	ADRESL, W
$01FF	$1283	BCF	STATUS,RP0
$0200	$0443	IORWF	adclib_a_c_adc_read_local_result_1, W
$0201	$00F0	MOVWF	STACK_0
$0202	$0844	MOVF	adclib_a_c_adc_read_local_result_2, W
$0203	$00F1	MOVWF	STACK_1
$0204	$0870	MOVF	STACK_0, W
$0205	$00C3	MOVWF	adclib_a_c_adc_read_local_result_1
$0206	$0871	MOVF	STACK_1, W
$0207	$00C4	MOVWF	adclib_a_c_adc_read_local_result_2
$0208	$101F	BCF	ADCON0, 0
$0209	$0008	RETURN
$020A	$	pwmlib_p_a_pwm_change_duty:
$020A	$1303	BCF	STATUS,RP1
$020B	$1683	BSF	STATUS,RP0
$020C	$0812	MOVF	PR2, W
$020D	$00F0	MOVWF	STACK_0
$020E	$01F1	CLRF	STACK_1
$020F	$0AF0	INCF	STACK_0, F
$0210	$1903	BTFSC	STATUS, Z
$0211	$0AF1	INCF	STACK_1, F
$0212	$0870	MOVF	STACK_0, W
$0213	$1283	BCF	STATUS,RP0
$0214	$00A7	MOVWF	Math_main_global_Y_1
$0215	$0871	MOVF	STACK_1, W
$0216	$00A8	MOVWF	Math_main_global_Y_2
$0217	$0846	MOVF	pwmlib_p_a_pwm_change_duty_param_new_duty, W
$0218	$00A9	MOVWF	Math_main_global_X_1
$0219	$01AA	CLRF	Math_main_global_X_2
$021A	$206E	CALL	Math_Mul_16X16_U
$021B	$0823	MOVF	Math_Main_global_LowerWord_1, W
$021C	$00F0	MOVWF	STACK_0
$021D	$0824	MOVF	Math_Main_global_LowerWord_2, W
$021E	$00F1	MOVWF	STACK_1
$021F	$0870	MOVF	STACK_0, W
$0220	$00C3	MOVWF	pwmlib_p_a_pwm_change_duty_local_vrednost_1
$0221	$0871	MOVF	STACK_1, W
$0222	$00C4	MOVWF	pwmlib_p_a_pwm_change_duty_local_vrednost_2
$0223	$3006	MOVLW	6
$0224	$00F2	MOVWF	STACK_2
$0225	$	pwmlib_p_a_L_0:
$0225	$3000	MOVLW	0
$0226	$0272	SUBWF	STACK_2, W
$0227	$1903	BTFSC	STATUS, Z
$0228	$2A2E	GOTO	pwmlib_p_a_L_1
$0229	$0CC4	RRF	pwmlib_p_a_pwm_change_duty_local_vrednost_2, F
$022A	$0CC3	RRF	pwmlib_p_a_pwm_change_duty_local_vrednost_1, F
$022B	$13C4	BCF	pwmlib_p_a_pwm_change_duty_local_vrednost_2, 7
$022C	$0BF2	DECFSZ	STACK_2, F
$022D	$2A25	GOTO	pwmlib_p_a_L_0
$022E	$	pwmlib_p_a_L_1:
$022E	$0843	MOVF	pwmlib_p_a_pwm_change_duty_local_vrednost_1, W
$022F	$00F0	MOVWF	STACK_0
$0230	$3004	MOVLW	4
$0231	$00F1	MOVWF	STACK_1
$0232	$	pwmlib_p_a_L_2:
$0232	$3000	MOVLW	0
$0233	$0271	SUBWF	STACK_1, W
$0234	$1903	BTFSC	STATUS, Z
$0235	$2A3A	GOTO	pwmlib_p_a_L_3
$0236	$0DF0	RLF	STACK_0, F
$0237	$1070	BCF	STACK_0, 0
$0238	$0BF1	DECFSZ	STACK_1, F
$0239	$2A32	GOTO	pwmlib_p_a_L_2
$023A	$	pwmlib_p_a_L_3:
$023A	$3030	MOVLW	48
$023B	$05F0	ANDWF	STACK_0, F
$023C	$0870	MOVF	STACK_0, W
$023D	$00C5	MOVWF	pwmlib_p_a_pwm_change_duty_local_temp
$023E	$0843	MOVF	pwmlib_p_a_pwm_change_duty_local_vrednost_1, W
$023F	$00F0	MOVWF	STACK_0
$0240	$0844	MOVF	pwmlib_p_a_pwm_change_duty_local_vrednost_2, W
$0241	$00F1	MOVWF	STACK_1
$0242	$3002	MOVLW	2
$0243	$00F2	MOVWF	STACK_2
$0244	$	pwmlib_p_a_L_4:
$0244	$3000	MOVLW	0
$0245	$0272	SUBWF	STACK_2, W
$0246	$1903	BTFSC	STATUS, Z
$0247	$2A4D	GOTO	pwmlib_p_a_L_5
$0248	$0CF1	RRF	STACK_1, F
$0249	$0CF0	RRF	STACK_0, F
$024A	$13F1	BCF	STACK_1, 7
$024B	$0BF2	DECFSZ	STACK_2, F
$024C	$2A44	GOTO	pwmlib_p_a_L_4
$024D	$	pwmlib_p_a_L_5:
$024D	$0870	MOVF	STACK_0, W
$024E	$0095	MOVWF	CCPR1L
$024F	$300F	MOVLW	15
$0250	$0517	ANDWF	CCP1CON, W
$0251	$0097	MOVWF	CCP1CON
$0252	$0817	MOVF	CCP1CON, W
$0253	$0445	IORWF	pwmlib_p_a_pwm_change_duty_local_temp, W
$0254	$0097	MOVWF	CCP1CON
$0255	$0008	RETURN
$0256	$	conv_wordtostr:
$0256	$1303	BCF	STATUS,RP1
$0257	$1283	BCF	STATUS,RP0
$0258	$0846	MOVF	conv_wordtostr_param_output, W
$0259	$0084	MOVWF	FSR
$025A	$3020	MOVLW	32
$025B	$0080	MOVWF	INDF
$025C	$0A84	INCF	FSR, F
$025D	$0080	MOVWF	INDF
$025E	$0A84	INCF	FSR, F
$025F	$0080	MOVWF	INDF
$0260	$0A84	INCF	FSR, F
$0261	$0080	MOVWF	INDF
$0262	$0A84	INCF	FSR, F
$0263	$0080	MOVWF	INDF
$0264	$0A84	INCF	FSR, F
$0265	$0180	CLRF	INDF
$0266	$3001	MOVLW	1
$0267	$00C3	MOVWF	conv_wordtostr_local_len
$0268	$3009	MOVLW	9
$0269	$00F2	MOVWF	STACK_2
$026A	$3000	MOVLW	0
$026B	$00F3	MOVWF	STACK_3
$026C	$0845	MOVF	conv_wordtostr_param_input_2, W
$026D	$0273	SUBWF	STACK_3, W
$026E	$1D03	BTFSS	STATUS, Z
$026F	$2A72	GOTO	conv_L_23
$0270	$0844	MOVF	conv_wordtostr_param_input_1, W
$0271	$0272	SUBWF	STACK_2, W
$0272	$	conv_L_23:
$0272	$1803	BTFSC	STATUS, C
$0273	$2A77	GOTO	conv_L_21
$0274	$	conv_L_20:
$0274	$30FF	MOVLW	255
$0275	$00F1	MOVWF	STACK_1
$0276	$2A78	GOTO	conv_L_24
$0277	$	conv_L_21:
$0277	$01F1	CLRF	STACK_1
$0278	$	conv_L_24:
$0278	$30FF	MOVLW	255
$0279	$0271	SUBWF	STACK_1, W
$027A	$1D03	BTFSS	STATUS, Z
$027B	$2A7D	GOTO	conv_L_26
$027C	$	conv_L_25:
$027C	$0AC3	INCF	conv_wordtostr_local_len, F
$027D	$	conv_L_26:
$027D	$	conv_L_22:
$027D	$3063	MOVLW	99
$027E	$00F2	MOVWF	STACK_2
$027F	$3000	MOVLW	0
$0280	$00F3	MOVWF	STACK_3
$0281	$0845	MOVF	conv_wordtostr_param_input_2, W
$0282	$0273	SUBWF	STACK_3, W
$0283	$1D03	BTFSS	STATUS, Z
$0284	$2A87	GOTO	conv_L_30
$0285	$0844	MOVF	conv_wordtostr_param_input_1, W
$0286	$0272	SUBWF	STACK_2, W
$0287	$	conv_L_30:
$0287	$1803	BTFSC	STATUS, C
$0288	$2A8C	GOTO	conv_L_28
$0289	$	conv_L_27:
$0289	$30FF	MOVLW	255
$028A	$00F1	MOVWF	STACK_1
$028B	$2A8D	GOTO	conv_L_31
$028C	$	conv_L_28:
$028C	$01F1	CLRF	STACK_1
$028D	$	conv_L_31:
$028D	$30FF	MOVLW	255
$028E	$0271	SUBWF	STACK_1, W
$028F	$1D03	BTFSS	STATUS, Z
$0290	$2A92	GOTO	conv_L_33
$0291	$	conv_L_32:
$0291	$0AC3	INCF	conv_wordtostr_local_len, F
$0292	$	conv_L_33:
$0292	$	conv_L_29:
$0292	$30E7	MOVLW	231
$0293	$00F2	MOVWF	STACK_2
$0294	$3003	MOVLW	3
$0295	$00F3	MOVWF	STACK_3
$0296	$0845	MOVF	conv_wordtostr_param_input_2, W
$0297	$0273	SUBWF	STACK_3, W
$0298	$1D03	BTFSS	STATUS, Z
$0299	$2A9C	GOTO	conv_L_37
$029A	$0844	MOVF	conv_wordtostr_param_input_1, W
$029B	$0272	SUBWF	STACK_2, W
$029C	$	conv_L_37:
$029C	$1803	BTFSC	STATUS, C
$029D	$2AA1	GOTO	conv_L_35
$029E	$	conv_L_34:
$029E	$30FF	MOVLW	255
$029F	$00F1	MOVWF	STACK_1
$02A0	$2AA2	GOTO	conv_L_38
$02A1	$	conv_L_35:
$02A1	$01F1	CLRF	STACK_1
$02A2	$	conv_L_38:
$02A2	$30FF	MOVLW	255
$02A3	$0271	SUBWF	STACK_1, W
$02A4	$1D03	BTFSS	STATUS, Z
$02A5	$2AA7	GOTO	conv_L_40
$02A6	$	conv_L_39:
$02A6	$0AC3	INCF	conv_wordtostr_local_len, F
$02A7	$	conv_L_40:
$02A7	$	conv_L_36:
$02A7	$300F	MOVLW	15
$02A8	$00F2	MOVWF	STACK_2
$02A9	$3027	MOVLW	39
$02AA	$00F3	MOVWF	STACK_3
$02AB	$0845	MOVF	conv_wordtostr_param_input_2, W
$02AC	$0273	SUBWF	STACK_3, W
$02AD	$1D03	BTFSS	STATUS, Z
$02AE	$2AB1	GOTO	conv_L_44
$02AF	$0844	MOVF	conv_wordtostr_param_input_1, W
$02B0	$0272	SUBWF	STACK_2, W
$02B1	$	conv_L_44:
$02B1	$1803	BTFSC	STATUS, C
$02B2	$2AB6	GOTO	conv_L_42
$02B3	$	conv_L_41:
$02B3	$30FF	MOVLW	255
$02B4	$00F1	MOVWF	STACK_1
$02B5	$2AB7	GOTO	conv_L_45
$02B6	$	conv_L_42:
$02B6	$01F1	CLRF	STACK_1
$02B7	$	conv_L_45:
$02B7	$30FF	MOVLW	255
$02B8	$0271	SUBWF	STACK_1, W
$02B9	$1D03	BTFSS	STATUS, Z
$02BA	$2ABC	GOTO	conv_L_47
$02BB	$	conv_L_46:
$02BB	$0AC3	INCF	conv_wordtostr_local_len, F
$02BC	$	conv_L_47:
$02BC	$	conv_L_43:
$02BC	$0846	MOVF	conv_wordtostr_param_output, W
$02BD	$0084	MOVWF	FSR
$02BE	$3004	MOVLW	4
$02BF	$0784	ADDWF	FSR, F
$02C0	$3030	MOVLW	48
$02C1	$0080	MOVWF	INDF
$02C2	$	conv_L_48:
$02C2	$01F2	CLRF	STACK_2
$02C3	$0843	MOVF	conv_wordtostr_local_len, W
$02C4	$0272	SUBWF	STACK_2, W
$02C5	$1803	BTFSC	STATUS, C
$02C6	$2ACA	GOTO	conv_L_50
$02C7	$	conv_L_49:
$02C7	$30FF	MOVLW	255
$02C8	$00F1	MOVWF	STACK_1
$02C9	$2ACB	GOTO	conv_L_51
$02CA	$	conv_L_50:
$02CA	$01F1	CLRF	STACK_1
$02CB	$	conv_L_51:
$02CB	$30FF	MOVLW	255
$02CC	$0271	SUBWF	STACK_1, W
$02CD	$1D03	BTFSS	STATUS, Z
$02CE	$2AF0	GOTO	conv_L_53
$02CF	$	conv_L_52:
$02CF	$300A	MOVLW	10
$02D0	$00A7	MOVWF	Math_main_global_Y_1
$02D1	$3000	MOVLW	0
$02D2	$00A8	MOVWF	Math_main_global_Y_2
$02D3	$0844	MOVF	conv_wordtostr_param_input_1, W
$02D4	$00A9	MOVWF	Math_main_global_X_1
$02D5	$0845	MOVF	conv_wordtostr_param_input_2, W
$02D6	$00AA	MOVWF	Math_main_global_X_2
$02D7	$2091	CALL	Math_Div_16X16_U
$02D8	$0820	MOVF	Math_main_Global_Remainder_1, W
$02D9	$0080	MOVWF	INDF
$02DA	$300A	MOVLW	10
$02DB	$00A7	MOVWF	Math_main_global_Y_1
$02DC	$3000	MOVLW	0
$02DD	$00A8	MOVWF	Math_main_global_Y_2
$02DE	$0844	MOVF	conv_wordtostr_param_input_1, W
$02DF	$00A9	MOVWF	Math_main_global_X_1
$02E0	$0845	MOVF	conv_wordtostr_param_input_2, W
$02E1	$00AA	MOVWF	Math_main_global_X_2
$02E2	$2091	CALL	Math_Div_16X16_U
$02E3	$0829	MOVF	Math_main_global_X_1, W
$02E4	$00F2	MOVWF	STACK_2
$02E5	$082A	MOVF	Math_main_global_X_2, W
$02E6	$00F3	MOVWF	STACK_3
$02E7	$0872	MOVF	STACK_2, W
$02E8	$00C4	MOVWF	conv_wordtostr_param_input_1
$02E9	$0873	MOVF	STACK_3, W
$02EA	$00C5	MOVWF	conv_wordtostr_param_input_2
$02EB	$3030	MOVLW    48
$02EC	$0780	ADDWF    INDF,F
$02ED	$0384	DECF     FSR,F
$02EE	$03C3	DECF	conv_wordtostr_local_len, F
$02EF	$2AC2	GOTO	conv_L_48
$02F0	$	conv_L_53:
$02F0	$0008	RETURN
$02F1	$	pwm_main:
$02F1	$3084	MOVLW	132
$02F2	$1303	BCF	STATUS,RP1
$02F3	$1683	BSF	STATUS,RP0
$02F4	$009F	MOVWF	ADCON1
$02F5	$3041	MOVLW	65
$02F6	$1283	BCF	STATUS,RP0
$02F7	$009F	MOVWF	ADCON0
$02F8	$30FF	MOVLW	255
$02F9	$1683	BSF	STATUS,RP0
$02FA	$0085	MOVWF	TRISA
$02FB	$0187	CLRF	TRISC
$02FC	$0188	CLRF	TRISD
$02FD	$3001	MOVLW	1
$02FE	$0089	MOVWF	TRISE
$02FF	$3080	MOVLW	128
$0300	$0081	MOVWF	OPTION_REG
$0301	$3009	MOVLW	PORTE
$0302	$1283	BCF	STATUS,RP0
$0303	$00C3	MOVWF	Lcd8bit_Lcd8_Init_param_portctrl
$0304	$3008	MOVLW	PORTD
$0305	$00C4	MOVWF	Lcd8bit_Lcd8_Init_param_portdata
$0306	$20AE	CALL	Lcd8bit_Lcd8_Init
$0307	$3001	MOVLW	1
$0308	$1303	BCF	STATUS,RP1
$0309	$1283	BCF	STATUS,RP0
$030A	$00C8	MOVWF	lcd8bit_lcd8_cmd_param_out_char
$030B	$2020	CALL	lcd8bit_lcd8_cmd
$030C	$300C	MOVLW	12
$030D	$1303	BCF	STATUS,RP1
$030E	$1283	BCF	STATUS,RP0
$030F	$00C8	MOVWF	lcd8bit_lcd8_cmd_param_out_char
$0310	$2020	CALL	lcd8bit_lcd8_cmd
$0311	$3001	MOVLW	1
$0312	$1303	BCF	STATUS,RP1
$0313	$1283	BCF	STATUS,RP0
$0314	$00C5	MOVWF	lcd8bit_lcd8_out_param_row
$0315	$3003	MOVLW	3
$0316	$00C6	MOVWF	lcd8bit_lcd8_out_param_column
$0317	$3044	MOVLW	68
$0318	$00B6	MOVWF	pwm_main_local_local_text_1
$0319	$3075	MOVLW	117
$031A	$00B7	MOVWF	pwm_main_local_local_text_2
$031B	$3074	MOVLW	116
$031C	$00B8	MOVWF	pwm_main_local_local_text_3
$031D	$3079	MOVLW	121
$031E	$00B9	MOVWF	pwm_main_local_local_text_4
$031F	$302D	MOVLW	45
$0320	$00BA	MOVWF	pwm_main_local_local_text_5
$0321	$3043	MOVLW	67
$0322	$00BB	MOVWF	pwm_main_local_local_text_6
$0323	$3079	MOVLW	121
$0324	$00BC	MOVWF	pwm_main_local_local_text_7
$0325	$3063	MOVLW	99
$0326	$00BD	MOVWF	pwm_main_local_local_text_8
$0327	$306C	MOVLW	108
$0328	$00BE	MOVWF	pwm_main_local_local_text_9
$0329	$3065	MOVLW	101
$032A	$00BF	MOVWF	pwm_main_local_local_text_10
$032B	$01C0	CLRF	pwm_main_local_local_text_11
$032C	$3036	MOVLW	pwm_main_local_local_text_1
$032D	$00C7	MOVWF	lcd8bit_lcd8_out_param_text
$032E	$212F	CALL	lcd8bit_lcd8_out
$032F	$1303	BCF	STATUS,RP1
$0330	$1283	BCF	STATUS,RP0
$0331	$1412	BSF	T2CON, T2CKPS0
$0332	$30F9	MOVLW	249
$0333	$1683	BSF	STATUS,RP0
$0334	$0092	MOVWF	PR2
$0335	$219F	CALL	pwmlib_p_a_pwm_init
$0336	$21A5	CALL	pwmlib_p_a_pwm_start
$0337	$	pwm_L_0:
$0337	$	pwm_L_1:
$0337	$1303	BCF	STATUS,RP1
$0338	$1283	BCF	STATUS,RP0
$0339	$01C5	CLRF	adclib_a_c_adc_read_param_channel
$033A	$21AE	CALL	adclib_a_c_adc_read
$033B	$3004	MOVLW	4
$033C	$1303	BCF	STATUS,RP1
$033D	$1283	BCF	STATUS,RP0
$033E	$00A7	MOVWF	Math_main_global_Y_1
$033F	$3000	MOVLW	0
$0340	$00A8	MOVWF	Math_main_global_Y_2
$0341	$0843	MOVF	adclib_a_c_adc_read_local_result_1, W
$0342	$00A9	MOVWF	Math_main_global_X_1
$0343	$0844	MOVF	adclib_a_c_adc_read_local_result_2, W
$0344	$00AA	MOVWF	Math_main_global_X_2
$0345	$2091	CALL	Math_Div_16X16_U
$0346	$0829	MOVF	Math_main_global_X_1, W
$0347	$00AE	MOVWF	main_global_leitura_ad_1
$0348	$082A	MOVF	Math_main_global_X_2, W
$0349	$00AF	MOVWF	main_global_leitura_ad_2
$034A	$082E	MOVF	main_global_leitura_ad_1, W
$034B	$00C6	MOVWF	pwmlib_p_a_pwm_change_duty_param_new_duty
$034C	$220A	CALL	pwmlib_p_a_pwm_change_duty
$034D	$3064	MOVLW	100
$034E	$1303	BCF	STATUS,RP1
$034F	$1283	BCF	STATUS,RP0
$0350	$00A7	MOVWF	Math_main_global_Y_1
$0351	$3000	MOVLW	0
$0352	$00A8	MOVWF	Math_main_global_Y_2
$0353	$082E	MOVF	main_global_leitura_ad_1, W
$0354	$00A9	MOVWF	Math_main_global_X_1
$0355	$082F	MOVF	main_global_leitura_ad_2, W
$0356	$00AA	MOVWF	Math_main_global_X_2
$0357	$206E	CALL	Math_Mul_16X16_U
$0358	$0823	MOVF	Math_Main_global_LowerWord_1, W
$0359	$00F1	MOVWF	STACK_1
$035A	$0824	MOVF	Math_Main_global_LowerWord_2, W
$035B	$00F2	MOVWF	STACK_2
$035C	$30FF	MOVLW	255
$035D	$00A7	MOVWF	Math_main_global_Y_1
$035E	$3000	MOVLW	0
$035F	$00A8	MOVWF	Math_main_global_Y_2
$0360	$0871	MOVF	STACK_1, W
$0361	$00A9	MOVWF	Math_main_global_X_1
$0362	$0872	MOVF	STACK_2, W
$0363	$00AA	MOVWF	Math_main_global_X_2
$0364	$2091	CALL	Math_Div_16X16_U
$0365	$0829	MOVF	Math_main_global_X_1, W
$0366	$00F1	MOVWF	STACK_1
$0367	$082A	MOVF	Math_main_global_X_2, W
$0368	$00F2	MOVWF	STACK_2
$0369	$0871	MOVF	STACK_1, W
$036A	$00AE	MOVWF	main_global_leitura_ad_1
$036B	$0872	MOVF	STACK_2, W
$036C	$00AF	MOVWF	main_global_leitura_ad_2
$036D	$082E	MOVF	main_global_leitura_ad_1, W
$036E	$00C4	MOVWF	conv_wordtostr_param_input_1
$036F	$082F	MOVF	main_global_leitura_ad_2, W
$0370	$00C5	MOVWF	conv_wordtostr_param_input_2
$0371	$3030	MOVLW	main_global_string_ad_1
$0372	$00C6	MOVWF	conv_wordtostr_param_output
$0373	$2256	CALL	conv_wordtostr
$0374	$3002	MOVLW	2
$0375	$1303	BCF	STATUS,RP1
$0376	$1283	BCF	STATUS,RP0
$0377	$00C5	MOVWF	lcd8bit_lcd8_out_param_row
$0378	$3005	MOVLW	5
$0379	$00C6	MOVWF	lcd8bit_lcd8_out_param_column
$037A	$0847	MOVF	lcd8bit_lcd8_out_param_text, W
$037B	$0084	MOVWF	FSR
$037C	$00F1	MOVWF	STACK_1
$037D	$3030	MOVLW	main_global_string_ad_1
$037E	$0084	MOVWF	FSR
$037F	$	pwm_L_4:
$037F	$3000	MOVLW	0
$0380	$0200	SUBWF	INDF, W
$0381	$1903	BTFSC	STATUS, Z
$0382	$2B91	GOTO	pwm_L_3
$0383	$0804	MOVF	FSR, W
$0384	$1303	BCF	STATUS,RP1
$0385	$1283	BCF	STATUS,RP0
$0386	$00F2	MOVWF	STACK_2
$0387	$0800	MOVF	INDF, W
$0388	$00F3	MOVWF	STACK_3
$0389	$0871	MOVF	STACK_1, W
$038A	$0084	MOVWF	FSR
$038B	$0873	MOVF	STACK_3, W
$038C	$0080	MOVWF	INDF
$038D	$0AF1	INCF	STACK_1, F
$038E	$0A72	INCF	STACK_2, W
$038F	$0084	MOVWF	FSR
$0390	$2B7F	GOTO	pwm_L_4
$0391	$	pwm_L_3:
$0391	$1303	BCF	STATUS,RP1
$0392	$1283	BCF	STATUS,RP0
$0393	$0871	MOVF	STACK_1, W
$0394	$0084	MOVWF	FSR
$0395	$3020	MOVLW	32
$0396	$0080	MOVWF	INDF
$0397	$0A84	INCF	FSR, F
$0398	$3025	MOVLW	37
$0399	$0080	MOVWF	INDF
$039A	$0A84	INCF	FSR, F
$039B	$0180	CLRF	INDF
$039C	$212F	CALL	lcd8bit_lcd8_out
$039D	$2B37	GOTO	pwm_L_0
$039E	$	pwm_L_2:
$039E	$	pwm_L_5:
$039E	$2B9E	GOTO	pwm_L_5


//** Procedures locations **
//ADDRESS		PROCEDURE
//----------------------------------------------
$0004		Delay_1us
$0006		Delay_5500us
$0017		Delay_500us
$0020		Lcd8_Cmd
$0065		Delay_22us
$006E		Mul_16x16_U
$0091		Div_16x16_U
$00AE		Lcd8_Init
$012F		Lcd8_Out
$019F		PWM_Init
$01A5		PWM_Start
$01AE		ADC_read
$020A		PWM_Change_Duty
$0256		WordToStr
$02F1		main
;*** procedure  	ADC_read  ***;
;*** procedure  	Delay_1us  ***;
;*** procedure  	Delay_22us  ***;
;*** procedure  	Delay_500us  ***;
;*** procedure  	Delay_5500us  ***;
;*** procedure  	Div_16x16_U  ***;
;*** procedure  	Lcd8_Cmd  ***;
;*** procedure  	Lcd8_Init  ***;
;*** procedure  	Lcd8_Out  ***;
;*** procedure  	main  ***;
;*** procedure  	Mul_16x16_U  ***;
;*** procedure  	PWM_Change_Duty  ***;
;*** procedure  	PWM_Init  ***;
;*** procedure  	PWM_Start  ***;
;*** procedure  	WordToStr  ***;


//** Labels locations **
//ADDRESS		LABEL
//----------------------------------------------
$0004		delays_delay_1us:
$0006		delays_delay_5500us:
$000C		delays_L_5:
$000F		delays_L_6:
$0012		delays_L_7:
$0014		delays_L_8:
$0017		delays_delay_500us:
$001B		delays_L_4:
$0020		lcd8bit_lcd8_cmd:
$003F		lcd8bit_L_0:
$0042		lcd8bit_L_1:
$0043		lcd8bit_L_3:
$0047		lcd8bit_L_4:
$0049		lcd8bit_L_5:
$004A		lcd8bit_L_2:
$0053		lcd8bit_L_6:
$0058		lcd8bit_L_7:
$005B		lcd8bit_L_9:
$0061		lcd8bit_L_10:
$0063		lcd8bit_L_11:
$0064		lcd8bit_L_8:
$0065		delays_delay_22us:
$0069		delays_L_1:
$006E		math_mul_16x16_u:
$0091		math_div_16x16_u:
$00AE		lcd8bit_lcd8_init:
$012F		lcd8bit_lcd8_out:
$0130		lcd8bit_L_27:
$0136		lcd8bit_L_26:
$013B		lcd8bit_L_28:
$013B		lcd8bit_L_30:
$0141		lcd8bit_L_29:
$0146		lcd8bit_L_31:
$0146		lcd8bit_L_33:
$014C		lcd8bit_L_32:
$0151		lcd8bit_L_34:
$0151		lcd8bit_L_36:
$0157		lcd8bit_L_35:
$015C		lcd8bit_L_37:
$0160		lcd8bit_L_25:
$0175		lcd8bit_L_38:
$017B		lcd8bit_L_39:
$0180		lcd8bit_L_40:
$0183		lcd8bit_L_41:
$0189		lcd8bit_L_42:
$0195		lcd8bit_L_44:
$019A		lcd8bit_L_43:
$019F		pwmlib_p_a_pwm_init:
$01A5		pwmlib_p_a_pwm_start:
$01AE		adclib_a_c_adc_read:
$01BC		adclib_a_c_L_0:
$01C6		adclib_a_c_L_1:
$01D0		adclib_a_c_L_2:
$01DA		adclib_a_c_L_3:
$01DF		adclib_a_c_L_4:
$01E2		adclib_a_c_L_5:
$01E8		adclib_a_c_L_6:
$01EA		adclib_a_c_L_7:
$01F1		adclib_a_c_L_8:
$01FC		adclib_a_c_L_9:
$020A		pwmlib_p_a_pwm_change_duty:
$0225		pwmlib_p_a_L_0:
$022E		pwmlib_p_a_L_1:
$0232		pwmlib_p_a_L_2:
$023A		pwmlib_p_a_L_3:
$0244		pwmlib_p_a_L_4:
$024D		pwmlib_p_a_L_5:
$0256		conv_wordtostr:
$0272		conv_L_23:
$0274		conv_L_20:
$0277		conv_L_21:
$0278		conv_L_24:
$027C		conv_L_25:
$027D		conv_L_22:
$027D		conv_L_26:
$0287		conv_L_30:
$0289		conv_L_27:
$028C		conv_L_28:
$028D		conv_L_31:
$0291		conv_L_32:
$0292		conv_L_29:
$0292		conv_L_33:
$029C		conv_L_37:
$029E		conv_L_34:
$02A1		conv_L_35:
$02A2		conv_L_38:
$02A6		conv_L_39:
$02A7		conv_L_36:
$02A7		conv_L_40:
$02B1		conv_L_44:
$02B3		conv_L_41:
$02B6		conv_L_42:
$02B7		conv_L_45:
$02BB		conv_L_46:
$02BC		conv_L_43:
$02BC		conv_L_47:
$02C2		conv_L_48:
$02C7		conv_L_49:
$02CA		conv_L_50:
$02CB		conv_L_51:
$02CF		conv_L_52:
$02F0		conv_L_53:
$02F1		pwm_main:
$0337		pwm_L_0:
$0337		pwm_L_1:
$037F		pwm_L_4:
$0391		pwm_L_3:
$039E		pwm_L_2:
$039E		pwm_L_5:


//** Variables locations **
//ADDRESS		VARIABLE
//----------------------------------------------
$0000		INDF
$0002		PCL
$0003		STATUS
$0004		FSR
$000A		PCLATH
$0012		T2CON
$0015		CCPR1L
$0017		CCP1CON
$001E		ADRESH
$001F		ADCON0
$0020		math_main_global_remainder
$0022		math_main_global_loopcount
$0023		math_main_global_lowerword
$0025		math_main_global_upperword
$0027		math_main_global_y
$0029		math_main_global_x
$002B		lcd8bit_main_global_dataaddress
$002C		lcd8bit_main_global_ctrladdress
$002D		lcd8bit_main_global_com
$002E		main_global_leitura_ad
$0030		main_global_string_ad
$0036		pwm_main_local_local_text
$0043		adclib_a_c_adc_read_local_result
$0043		conv_wordtostr_local_len
$0043		lcd8bit_lcd8_init_param_portctrl
$0043		lcd8bit_lcd8_out_local_i
$0043		pwmlib_p_a_pwm_change_duty_local_vrednost
$0043		pwmlib_p_a_pwm_init_param_pwm_freq
$0044		conv_wordtostr_param_input
$0044		lcd8bit_lcd8_init_param_portdata
$0044		lcd8bit_lcd8_out_local_a
$0045		adclib_a_c_adc_read_param_channel
$0045		lcd8bit_lcd8_out_param_row
$0045		pwmlib_p_a_pwm_change_duty_local_temp
$0046		conv_wordtostr_param_output
$0046		lcd8bit_lcd8_out_param_column
$0046		pwmlib_p_a_pwm_change_duty_param_new_duty
$0047		lcd8bit_lcd8_out_param_text
$0048		lcd8bit_lcd8_cmd_param_out_char
$0070		STACK_0
$0071		STACK_1
$0072		STACK_2
$0073		STACK_3
$0074		STACK_4
$0081		OPTION_REG
$0085		TRISA
$0087		TRISC
$0088		TRISD
$0089		TRISE
$0092		PR2
$009E		ADRESL
$009F		ADCON1


