
ROM used: 479 (6%)
          479 (6%) including unused fragments

          1 Average locations per line
          17 Average locations per statement

RAM used: 9 (2%) at main() level
          13 (4%) worst case

Stack used: 2 worst case (out of 8 total available)

Lines Stmts  %   Files
----- ----- ---  -----
   45    29 100  exercicio1.c
  313     0   0  16f877a.h
----- -----
  358    29 Total

Page ROM  %  RAM   Vol Diff  Functions:
---- --- --- ---   --- ----  ----------
0     21   4   1   720  4.7  @delay_ms1
0    221  46   3   845  4.8  main
0     15   3   0   352  2.8  @const66
0     18   4   0   259  3.8  @const67
0     21   4   3   380  4.7  @DIV88
0     56  12   2   246  6.0  @PRINTF_U_9600_62_63
0     28   6   0   531  5.2  @const74
0     20   4   0   152  1.3  @const75
0     25   5   0   219  5.0  @const77
0     29   6   0   318  6.5  @const78
0     21   4   1    59  1.6  leAd

Program metrics:
    Functions               11
    Statements              29
    Comments                75
    Volume (V)              6534
    Difficilty (D)          45.1
    Effort to implement (E) 294933
    Time to implement (T)   4 hours, 33 minutes
    Est Delivered Bugs (B)  1
    Cyclomatic Complexity   18
    Maintainability (MI)    82

 Segment     Used  Free
-----------  ----  ----
00000-00003     4  0  
00004-007FF   475  1569  
00800-00FFF     0  2048  
01000-017FF     0  2048  
01800-01FFF     0  2048  



