;//  ASM code generated by mikroVirtualMachine for PIC - V. 3.0.0.0
;  Date/Time: 26/03/05 20:16:24
;  Info: http://www.mikroelektronika.co.yu


;// ADDRESS	OPCODE	ASM
; ----------------------------------------------
$0000	$283E	GOTO	DisplayLCD_main
$0004	$	DisplayLCD_interrupt:
$0004	$00F1	MOVWF	STACK_i_1
$0005	$0E03	SWAPF	STATUS, W
$0006	$0183	CLRF	STATUS
$0007	$00F2	MOVWF	STACK_i_2
$0008	$0804	MOVF	FSR, W
$0009	$00F0	MOVWF	STACK_i_0
$000A	$080A	MOVF	PCLATH, W
$000B	$00F3	MOVWF	STACK_i_3
$000C	$018A	CLRF	PCLATH
$000D	$3000	MOVLW	0
$000E	$190B	BTFSC	INTCON, 2
$000F	$3001	MOVLW	1
$0010	$00F5	MOVWF	STACK_i_5
$0011	$3001	MOVLW	1
$0012	$0275	SUBWF	STACK_i_5, W
$0013	$1D03	BTFSS	STATUS, Z
$0014	$2818	GOTO	DisplayLCD_L_50
$0015	$	DisplayLCD_L_49:
$0015	$30FF	MOVLW	255
$0016	$00F6	MOVWF	STACK_i_6
$0017	$2819	GOTO	DisplayLCD_L_52
$0018	$	DisplayLCD_L_50:
$0018	$01F6	CLRF	STACK_i_6
$0019	$	DisplayLCD_L_52:
$0019	$30FF	MOVLW	255
$001A	$0276	SUBWF	STACK_i_6, W
$001B	$1D03	BTFSS	STATUS, Z
$001C	$2835	GOTO	DisplayLCD_L_54
$001D	$	DisplayLCD_L_53:
$001D	$110B	BCF	INTCON, 2
$001E	$0AA0	INCF	main_global_indice, F
$001F	$	DisplayLCD_L_57:
$001F	$3001	MOVLW	1
$0020	$0220	SUBWF	main_global_indice, W
$0021	$1D03	BTFSS	STATUS, Z
$0022	$2835	GOTO	DisplayLCD_L_58
$0023	$	DisplayLCD_L_56:
$0023	$3000	MOVLW	0
$0024	$1A05	BTFSC	PORTA, 4
$0025	$3001	MOVLW	1
$0026	$00F7	MOVWF	STACK_i_7
$0027	$3000	MOVLW	0
$0028	$0277	SUBWF	STACK_i_7, W
$0029	$1D03	BTFSS	STATUS, Z
$002A	$282E	GOTO	DisplayLCD_L_60
$002B	$	DisplayLCD_L_59:
$002B	$30FF	MOVLW	255
$002C	$00F8	MOVWF	STACK_i_8
$002D	$282F	GOTO	DisplayLCD_L_62
$002E	$	DisplayLCD_L_60:
$002E	$01F8	CLRF	STACK_i_8
$002F	$	DisplayLCD_L_62:
$002F	$30FF	MOVLW	255
$0030	$0278	SUBWF	STACK_i_8, W
$0031	$1D03	BTFSS	STATUS, Z
$0032	$2834	GOTO	DisplayLCD_L_64
$0033	$	DisplayLCD_L_63:
$0033	$14A1	BSF	main_global_teclado0, 1
$0034	$	DisplayLCD_L_64:
$0034	$	DisplayLCD_L_61:
$0034	$2835	GOTO	DisplayLCD_L_55
$0035	$	DisplayLCD_L_58:
$0035	$	DisplayLCD_L_55:
$0035	$	DisplayLCD_L_54:
$0035	$	DisplayLCD_L_51:
$0035	$0873	MOVF	STACK_i_3, W
$0036	$008A	MOVWF	PCLATH
$0037	$0870	MOVF	STACK_i_0, W
$0038	$0084	MOVWF	FSR
$0039	$0E72	SWAPF	STACK_i_2, W
$003A	$0083	MOVWF	STATUS
$003B	$0EF1	SWAPF	STACK_i_1, F
$003C	$0E71	SWAPF	STACK_i_1, W
$003D	$0009	RETFIE
$003E	$	DisplayLCD_main:
$003E	$3030	MOVLW	48
$003F	$1303	BCF	STATUS,RP1
$0040	$1683	BSF	STATUS,RP0
$0041	$0085	MOVWF	TRISA
$0042	$0186	CLRF	TRISB
$0043	$0188	CLRF	TRISD
$0044	$3001	MOVLW	1
$0045	$0089	MOVWF	TRISE
$0046	$3080	MOVLW	128
$0047	$0081	MOVWF	OPTION_REG
$0048	$1283	BCF	STATUS,RP0
$0049	$01A0	CLRF	main_global_indice
$004A	$01A1	CLRF	main_global_teclado0
$004B	$01A2	CLRF	main_global_teclado1
$004C	$3007	MOVLW	7
$004D	$1683	BSF	STATUS,RP0
$004E	$009F	MOVWF	ADCON1
$004F	$30A0	MOVLW	160
$0050	$008B	MOVWF	INTCON
$0051	$	DisplayLCD_main_loop_principal:
$0051	$	DisplayLCD_L_65:
$0051	$	DisplayLCD_L_66:
$0051	$2851	GOTO	DisplayLCD_L_65
$0052	$	DisplayLCD_L_67:
$0052	$	DisplayLCD_L_68:
$0052	$2852	GOTO	DisplayLCD_L_68


//** Procedures locations **
//ADDRESS		PROCEDURE
//----------------------------------------------
$0004		interrupt
$003E		main
;*** procedure  	interrupt  ***;
;*** procedure  	main  ***;


//** Labels locations **
//ADDRESS		LABEL
//----------------------------------------------
$0004		DisplayLCD_interrupt:
$0015		DisplayLCD_L_49:
$0018		DisplayLCD_L_50:
$0019		DisplayLCD_L_52:
$001D		DisplayLCD_L_53:
$001F		DisplayLCD_L_57:
$0023		DisplayLCD_L_56:
$002B		DisplayLCD_L_59:
$002E		DisplayLCD_L_60:
$002F		DisplayLCD_L_62:
$0033		DisplayLCD_L_63:
$0034		DisplayLCD_L_61:
$0034		DisplayLCD_L_64:
$0035		DisplayLCD_L_51:
$0035		DisplayLCD_L_54:
$0035		DisplayLCD_L_55:
$0035		DisplayLCD_L_58:
$003E		DisplayLCD_main:
$0051		DisplayLCD_L_65:
$0051		DisplayLCD_L_66:
$0051		DisplayLCD_main_loop_principal:
$0052		DisplayLCD_L_67:
$0052		DisplayLCD_L_68:


//** Variables locations **
//ADDRESS		VARIABLE
//----------------------------------------------
$0000		INDF
$0002		PCL
$0003		STATUS
$0004		FSR
$0005		PORTA
$000A		PCLATH
$000B		INTCON
$0020		main_global_indice
$0021		main_global_teclado0
$0022		main_global_teclado1
$0070		STACK_I_0
$0071		STACK_I_1
$0072		STACK_I_2
$0073		STACK_I_3
$0074		STACK_I_4
$0075		STACK_I_5
$0076		STACK_I_6
$0077		STACK_I_7
$0078		STACK_I_8
$0079		STACK_I_9
$007A		STACK_0
$0081		OPTION_REG
$0085		TRISA
$0086		TRISB
$0088		TRISD
$0089		TRISE
$009F		ADCON1


