;//  ASM code generated by mikroVirtualMachine for PIC - V. 3.0.0.0
;  Date/Time: 26/03/05 22:49:13
;  Info: http://www.mikroelektronika.co.yu


;// ADDRESS	OPCODE	ASM
; ----------------------------------------------
$0000	$2B03	GOTO	LiquidCristal_main
$0004	$	delays_delay_1us:
$0004	$0000	nop
$0005	$0008	RETURN
$0006	$	delays_delay_5500us:
$0006	$3008	MOVLW	8
$0007	$1303	BCF	STATUS,RP1
$0008	$1283	BCF	STATUS,RP0
$0009	$00F0	MOVWF	STACK_0
$000A	$30FF	MOVLW	255
$000B	$00F1	MOVWF	STACK_1
$000C	$	delays_L_5:
$000C	$0BF0	DECFSZ	STACK_0, F
$000D	$280F	GOTO	delays_L_6
$000E	$2812	GOTO	delays_L_7
$000F	$	delays_L_6:
$000F	$0BF1	DECFSZ	STACK_1,F
$0010	$280F	GOTO	delays_L_6
$0011	$280C	GOTO	delays_L_5
$0012	$	delays_L_7:
$0012	$301E	MOVLW	30
$0013	$00F0	MOVWF	STACK_0
$0014	$	delays_L_8:
$0014	$0BF0	DECFSZ	STACK_0, F
$0015	$2814	GOTO	delays_L_8
$0016	$0008	RETURN
$0017	$	delays_delay_500us:
$0017	$30A5	MOVLW	165
$0018	$1303	BCF	STATUS,RP1
$0019	$1283	BCF	STATUS,RP0
$001A	$00F0	MOVWF	STACK_0
$001B	$	delays_L_4:
$001B	$0BF0	DECFSZ	STACK_0, F
$001C	$281B	GOTO	delays_L_4
$001D	$0000	nop
$001E	$0000	nop
$001F	$0008	RETURN
$0020	$	lcd8bit_lcd8_cmd:
$0020	$1303	BCF	STATUS,RP1
$0021	$1283	BCF	STATUS,RP0
$0022	$0820	MOVF	lcd8bit_main_global_dataaddress, W
$0023	$0084	MOVWF	FSR
$0024	$0180	CLRF	INDF
$0025	$083E	MOVF	lcd8bit_lcd8_cmd_param_out_char, W
$0026	$00F0	MOVWF	STACK_0
$0027	$0870	MOVF	STACK_0, W
$0028	$00BE	MOVWF	lcd8bit_lcd8_cmd_param_out_char
$0029	$1BBE	BTFSC    LCD8BIT_LCD8_CMD_PARAM_OUT_CHAR, 7
$002A	$1780	BSF      INDF, __LCD8_DB7
$002B	$1B3E	BTFSC    LCD8BIT_LCD8_CMD_PARAM_OUT_CHAR, 6
$002C	$1700	BSF      INDF, __LCD8_DB6
$002D	$1ABE	BTFSC    LCD8BIT_LCD8_CMD_PARAM_OUT_CHAR, 5
$002E	$1680	BSF      INDF, __LCD8_DB5
$002F	$1A3E	BTFSC    LCD8BIT_LCD8_CMD_PARAM_OUT_CHAR, 4
$0030	$1600	BSF      INDF, __LCD8_DB4
$0031	$19BE	BTFSC    LCD8BIT_LCD8_CMD_PARAM_OUT_CHAR, 3
$0032	$1580	BSF      INDF, __LCD8_DB3
$0033	$193E	BTFSC    LCD8BIT_LCD8_CMD_PARAM_OUT_CHAR, 2
$0034	$1500	BSF      INDF, __LCD8_DB2
$0035	$18BE	BTFSC    LCD8BIT_LCD8_CMD_PARAM_OUT_CHAR, 1
$0036	$1480	BSF      INDF, __LCD8_DB1
$0037	$183E	BTFSC    LCD8BIT_LCD8_CMD_PARAM_OUT_CHAR, 0
$0038	$1400	BSF      INDF, __LCD8_DB0
$0039	$0821	MOVF	lcd8bit_main_global_ctrladdress, W
$003A	$0084	MOVWF	FSR
$003B	$3001	MOVLW	1
$003C	$0222	SUBWF	lcd8bit_main_global_com, W
$003D	$1D03	BTFSS	STATUS, Z
$003E	$2842	GOTO	lcd8bit_L_1
$003F	$	lcd8bit_L_0:
$003F	$30FF	MOVLW	255
$0040	$00F1	MOVWF	STACK_1
$0041	$2843	GOTO	lcd8bit_L_3
$0042	$	lcd8bit_L_1:
$0042	$01F1	CLRF	STACK_1
$0043	$	lcd8bit_L_3:
$0043	$30FF	MOVLW	255
$0044	$0271	SUBWF	STACK_1, W
$0045	$1D03	BTFSS	STATUS, Z
$0046	$2849	GOTO	lcd8bit_L_5
$0047	$	lcd8bit_L_4:
$0047	$1100	BCF      INDF, __LCD8_RS
$0048	$284A	goto	lcd8bit_L_2
$0049	$	lcd8bit_L_5:
$0049	$1500	BSF INDF, __LCD8_RS
$004A	$	lcd8bit_L_2:
$004A	$1480	BSF      INDF, __LCD8_ENABLE
$004B	$2004	CALL	delays_delay_1us
$004C	$1080	BCF      INDF, __LCD8_ENABLE
$004D	$3001	MOVLW	1
$004E	$1303	BCF	STATUS,RP1
$004F	$1283	BCF	STATUS,RP0
$0050	$0222	SUBWF	lcd8bit_main_global_com, W
$0051	$1D03	BTFSS	STATUS, Z
$0052	$2858	GOTO	lcd8bit_L_7
$0053	$	lcd8bit_L_6:
$0053	$30FF	MOVLW	255
$0054	$1303	BCF	STATUS,RP1
$0055	$1283	BCF	STATUS,RP0
$0056	$00F1	MOVWF	STACK_1
$0057	$285B	GOTO	lcd8bit_L_9
$0058	$	lcd8bit_L_7:
$0058	$1303	BCF	STATUS,RP1
$0059	$1283	BCF	STATUS,RP0
$005A	$01F1	CLRF	STACK_1
$005B	$	lcd8bit_L_9:
$005B	$30FF	MOVLW	255
$005C	$1303	BCF	STATUS,RP1
$005D	$1283	BCF	STATUS,RP0
$005E	$0271	SUBWF	STACK_1, W
$005F	$1D03	BTFSS	STATUS, Z
$0060	$2863	GOTO	lcd8bit_L_11
$0061	$	lcd8bit_L_10:
$0061	$2006	CALL	delays_delay_5500us
$0062	$2864	goto	lcd8bit_L_8
$0063	$	lcd8bit_L_11:
$0063	$2017	CALL	delays_delay_500us
$0064	$	lcd8bit_L_8:
$0064	$0008	RETURN
$0065	$	lcd8bit_lcd8_init:
$0065	$2006	CALL	delays_delay_5500us
$0066	$2006	CALL	delays_delay_5500us
$0067	$2006	CALL	delays_delay_5500us
$0068	$1303	BCF	STATUS,RP1
$0069	$1283	BCF	STATUS,RP0
$006A	$083A	MOVF	lcd8bit_lcd8_init_param_portdata, W
$006B	$00A0	MOVWF	lcd8bit_main_global_dataaddress
$006C	$0839	MOVF	lcd8bit_lcd8_init_param_portctrl, W
$006D	$00A1	MOVWF	lcd8bit_main_global_ctrladdress
$006E	$0820	MOVF	lcd8bit_main_global_dataaddress, W
$006F	$0084	MOVWF	FSR
$0070	$1784	BSF	FSR, 7
$0071	$0180	CLRF	INDF
$0072	$0821	MOVF	lcd8bit_main_global_ctrladdress, W
$0073	$0084	MOVWF	FSR
$0074	$1180	BCF     INDF, __LCD8_RW
$0075	$1784	BSF	FSR, 7
$0076	$1100	BCF   INDF, __LCD8_RS
$0077	$1180	BCF   INDF, __LCD8_RW
$0078	$1080	BCF   INDF, __LCD8_ENABLE
$0079	$1384	BCF	FSR, 7
$007A	$0820	MOVF	lcd8bit_main_global_dataaddress, W
$007B	$0084	MOVWF	FSR
$007C	$3030	MOVLW	48
$007D	$0080	MOVWF	INDF
$007E	$2006	CALL	delays_delay_5500us
$007F	$2006	CALL	delays_delay_5500us
$0080	$1303	BCF	STATUS,RP1
$0081	$1283	BCF	STATUS,RP0
$0082	$0821	MOVF	lcd8bit_main_global_ctrladdress, W
$0083	$0084	MOVWF	FSR
$0084	$1480	BSF      INDF, __LCD8_ENABLE
$0085	$2004	CALL	delays_delay_1us
$0086	$1080	BCF      INDF, __LCD8_ENABLE
$0087	$1303	BCF	STATUS,RP1
$0088	$1283	BCF	STATUS,RP0
$0089	$0820	MOVF	lcd8bit_main_global_dataaddress, W
$008A	$0084	MOVWF	FSR
$008B	$3030	MOVLW	48
$008C	$0080	MOVWF	INDF
$008D	$2006	CALL	delays_delay_5500us
$008E	$2006	CALL	delays_delay_5500us
$008F	$1303	BCF	STATUS,RP1
$0090	$1283	BCF	STATUS,RP0
$0091	$0821	MOVF	lcd8bit_main_global_ctrladdress, W
$0092	$0084	MOVWF	FSR
$0093	$1480	BSF      INDF, __LCD8_ENABLE
$0094	$2004	CALL	delays_delay_1us
$0095	$1080	BCF      INDF, __LCD8_ENABLE
$0096	$1303	BCF	STATUS,RP1
$0097	$1283	BCF	STATUS,RP0
$0098	$0820	MOVF	lcd8bit_main_global_dataaddress, W
$0099	$0084	MOVWF	FSR
$009A	$3030	MOVLW	48
$009B	$0080	MOVWF	INDF
$009C	$2006	CALL	delays_delay_5500us
$009D	$2006	CALL	delays_delay_5500us
$009E	$1303	BCF	STATUS,RP1
$009F	$1283	BCF	STATUS,RP0
$00A0	$0821	MOVF	lcd8bit_main_global_ctrladdress, W
$00A1	$0084	MOVWF	FSR
$00A2	$1480	BSF      INDF, __LCD8_ENABLE
$00A3	$2004	CALL	delays_delay_1us
$00A4	$1080	BCF      INDF, __LCD8_ENABLE
$00A5	$1303	BCF	STATUS,RP1
$00A6	$1283	BCF	STATUS,RP0
$00A7	$0820	MOVF	lcd8bit_main_global_dataaddress, W
$00A8	$0084	MOVWF	FSR
$00A9	$3038	MOVLW	56
$00AA	$0080	MOVWF	INDF
$00AB	$2006	CALL	delays_delay_5500us
$00AC	$2006	CALL	delays_delay_5500us
$00AD	$1303	BCF	STATUS,RP1
$00AE	$1283	BCF	STATUS,RP0
$00AF	$0821	MOVF	lcd8bit_main_global_ctrladdress, W
$00B0	$0084	MOVWF	FSR
$00B1	$1480	BSF      INDF, __LCD8_ENABLE
$00B2	$2004	CALL	delays_delay_1us
$00B3	$1080	BCF      INDF, __LCD8_ENABLE
$00B4	$1303	BCF	STATUS,RP1
$00B5	$1283	BCF	STATUS,RP0
$00B6	$0820	MOVF	lcd8bit_main_global_dataaddress, W
$00B7	$0084	MOVWF	FSR
$00B8	$3010	MOVLW	16
$00B9	$0080	MOVWF	INDF
$00BA	$2006	CALL	delays_delay_5500us
$00BB	$2006	CALL	delays_delay_5500us
$00BC	$1303	BCF	STATUS,RP1
$00BD	$1283	BCF	STATUS,RP0
$00BE	$0821	MOVF	lcd8bit_main_global_ctrladdress, W
$00BF	$0084	MOVWF	FSR
$00C0	$1480	BSF      INDF, __LCD8_ENABLE
$00C1	$2004	CALL	delays_delay_1us
$00C2	$1080	BCF      INDF, __LCD8_ENABLE
$00C3	$1303	BCF	STATUS,RP1
$00C4	$1283	BCF	STATUS,RP0
$00C5	$0820	MOVF	lcd8bit_main_global_dataaddress, W
$00C6	$0084	MOVWF	FSR
$00C7	$3001	MOVLW	1
$00C8	$0080	MOVWF	INDF
$00C9	$2006	CALL	delays_delay_5500us
$00CA	$2006	CALL	delays_delay_5500us
$00CB	$1303	BCF	STATUS,RP1
$00CC	$1283	BCF	STATUS,RP0
$00CD	$0821	MOVF	lcd8bit_main_global_ctrladdress, W
$00CE	$0084	MOVWF	FSR
$00CF	$1480	BSF      INDF, __LCD8_ENABLE
$00D0	$2004	CALL	delays_delay_1us
$00D1	$1080	BCF      INDF, __LCD8_ENABLE
$00D2	$1303	BCF	STATUS,RP1
$00D3	$1283	BCF	STATUS,RP0
$00D4	$0820	MOVF	lcd8bit_main_global_dataaddress, W
$00D5	$0084	MOVWF	FSR
$00D6	$300F	MOVLW	15
$00D7	$0080	MOVWF	INDF
$00D8	$2006	CALL	delays_delay_5500us
$00D9	$2006	CALL	delays_delay_5500us
$00DA	$1303	BCF	STATUS,RP1
$00DB	$1283	BCF	STATUS,RP0
$00DC	$0821	MOVF	lcd8bit_main_global_ctrladdress, W
$00DD	$0084	MOVWF	FSR
$00DE	$1480	BSF      INDF, __LCD8_ENABLE
$00DF	$2004	CALL	delays_delay_1us
$00E0	$1080	BCF      INDF, __LCD8_ENABLE
$00E1	$3001	MOVLW	1
$00E2	$1303	BCF	STATUS,RP1
$00E3	$1283	BCF	STATUS,RP0
$00E4	$00A2	MOVWF	lcd8bit_main_global_com
$00E5	$0008	RETURN
$00E6	$	lcd8bit_lcd8_out:
$00E6	$0000	nop
$00E7	$	lcd8bit_L_27:
$00E7	$3001	MOVLW	1
$00E8	$1303	BCF	STATUS,RP1
$00E9	$1283	BCF	STATUS,RP0
$00EA	$023B	SUBWF	lcd8bit_lcd8_out_param_row, W
$00EB	$1D03	BTFSS	STATUS, Z
$00EC	$28F2	GOTO	lcd8bit_L_28
$00ED	$	lcd8bit_L_26:
$00ED	$3080	MOVLW	128
$00EE	$1303	BCF	STATUS,RP1
$00EF	$1283	BCF	STATUS,RP0
$00F0	$00BB	MOVWF	lcd8bit_lcd8_out_param_row
$00F1	$2917	GOTO	lcd8bit_L_25
$00F2	$	lcd8bit_L_28:
$00F2	$	lcd8bit_L_30:
$00F2	$3002	MOVLW	2
$00F3	$1303	BCF	STATUS,RP1
$00F4	$1283	BCF	STATUS,RP0
$00F5	$023B	SUBWF	lcd8bit_lcd8_out_param_row, W
$00F6	$1D03	BTFSS	STATUS, Z
$00F7	$28FD	GOTO	lcd8bit_L_31
$00F8	$	lcd8bit_L_29:
$00F8	$30C0	MOVLW	192
$00F9	$1303	BCF	STATUS,RP1
$00FA	$1283	BCF	STATUS,RP0
$00FB	$00BB	MOVWF	lcd8bit_lcd8_out_param_row
$00FC	$2917	GOTO	lcd8bit_L_25
$00FD	$	lcd8bit_L_31:
$00FD	$	lcd8bit_L_33:
$00FD	$3003	MOVLW	3
$00FE	$1303	BCF	STATUS,RP1
$00FF	$1283	BCF	STATUS,RP0
$0100	$023B	SUBWF	lcd8bit_lcd8_out_param_row, W
$0101	$1D03	BTFSS	STATUS, Z
$0102	$2908	GOTO	lcd8bit_L_34
$0103	$	lcd8bit_L_32:
$0103	$3094	MOVLW	148
$0104	$1303	BCF	STATUS,RP1
$0105	$1283	BCF	STATUS,RP0
$0106	$00BB	MOVWF	lcd8bit_lcd8_out_param_row
$0107	$2917	GOTO	lcd8bit_L_25
$0108	$	lcd8bit_L_34:
$0108	$	lcd8bit_L_36:
$0108	$3004	MOVLW	4
$0109	$1303	BCF	STATUS,RP1
$010A	$1283	BCF	STATUS,RP0
$010B	$023B	SUBWF	lcd8bit_lcd8_out_param_row, W
$010C	$1D03	BTFSS	STATUS, Z
$010D	$2913	GOTO	lcd8bit_L_37
$010E	$	lcd8bit_L_35:
$010E	$30D4	MOVLW	212
$010F	$1303	BCF	STATUS,RP1
$0110	$1283	BCF	STATUS,RP0
$0111	$00BB	MOVWF	lcd8bit_lcd8_out_param_row
$0112	$2917	GOTO	lcd8bit_L_25
$0113	$	lcd8bit_L_37:
$0113	$3080	MOVLW	128
$0114	$1303	BCF	STATUS,RP1
$0115	$1283	BCF	STATUS,RP0
$0116	$00BB	MOVWF	lcd8bit_lcd8_out_param_row
$0117	$	lcd8bit_L_25:
$0117	$1303	BCF	STATUS,RP1
$0118	$1283	BCF	STATUS,RP0
$0119	$083C	MOVF	lcd8bit_lcd8_out_param_column, W
$011A	$073B	ADDWF	lcd8bit_lcd8_out_param_row, W
$011B	$00F1	MOVWF	STACK_1
$011C	$03F1	DECF	STACK_1, F
$011D	$0871	MOVF	STACK_1, W
$011E	$00BB	MOVWF	lcd8bit_lcd8_out_param_row
$011F	$083B	MOVF	lcd8bit_lcd8_out_param_row, W
$0120	$00BE	MOVWF	lcd8bit_lcd8_cmd_param_out_char
$0121	$2020	CALL	lcd8bit_lcd8_cmd
$0122	$1303	BCF	STATUS,RP1
$0123	$1283	BCF	STATUS,RP0
$0124	$01A2	CLRF	lcd8bit_main_global_com
$0125	$01B9	CLRF	lcd8bit_lcd8_out_local_i
$0126	$083D	MOVF	lcd8bit_lcd8_out_param_text, W
$0127	$0084	MOVWF	FSR
$0128	$3000	MOVLW	0
$0129	$0784	ADDWF	FSR, F
$012A	$0800	MOVF	INDF, W
$012B	$00BA	MOVWF	lcd8bit_lcd8_out_local_a
$012C	$	lcd8bit_L_38:
$012C	$3000	MOVLW	0
$012D	$1303	BCF	STATUS,RP1
$012E	$1283	BCF	STATUS,RP0
$012F	$023A	SUBWF	lcd8bit_lcd8_out_local_a, W
$0130	$1903	BTFSC	STATUS, Z
$0131	$2937	GOTO	lcd8bit_L_40
$0132	$	lcd8bit_L_39:
$0132	$30FF	MOVLW	255
$0133	$1303	BCF	STATUS,RP1
$0134	$1283	BCF	STATUS,RP0
$0135	$00F1	MOVWF	STACK_1
$0136	$293A	GOTO	lcd8bit_L_41
$0137	$	lcd8bit_L_40:
$0137	$1303	BCF	STATUS,RP1
$0138	$1283	BCF	STATUS,RP0
$0139	$01F1	CLRF	STACK_1
$013A	$	lcd8bit_L_41:
$013A	$30FF	MOVLW	255
$013B	$1303	BCF	STATUS,RP1
$013C	$1283	BCF	STATUS,RP0
$013D	$0271	SUBWF	STACK_1, W
$013E	$1D03	BTFSS	STATUS, Z
$013F	$2951	GOTO	lcd8bit_L_43
$0140	$	lcd8bit_L_42:
$0140	$1303	BCF	STATUS,RP1
$0141	$1283	BCF	STATUS,RP0
$0142	$083A	MOVF	lcd8bit_lcd8_out_local_a, W
$0143	$00BE	MOVWF	lcd8bit_lcd8_cmd_param_out_char
$0144	$2020	CALL	lcd8bit_lcd8_cmd
$0145	$1303	BCF	STATUS,RP1
$0146	$1283	BCF	STATUS,RP0
$0147	$0AB9	INCF	lcd8bit_lcd8_out_local_i, F
$0148	$083D	MOVF	lcd8bit_lcd8_out_param_text, W
$0149	$0084	MOVWF	FSR
$014A	$0839	MOVF	lcd8bit_lcd8_out_local_i, W
$014B	$0784	ADDWF	FSR, F
$014C	$	lcd8bit_L_44:
$014C	$0800	MOVF	INDF, W
$014D	$1303	BCF	STATUS,RP1
$014E	$1283	BCF	STATUS,RP0
$014F	$00BA	MOVWF	lcd8bit_lcd8_out_local_a
$0150	$292C	GOTO	lcd8bit_L_38
$0151	$	lcd8bit_L_43:
$0151	$3001	MOVLW	1
$0152	$1303	BCF	STATUS,RP1
$0153	$1283	BCF	STATUS,RP0
$0154	$00A2	MOVWF	lcd8bit_main_global_com
$0155	$0008	RETURN
$0156	$	LiquidCristal_le_teclas:
$0156	$1303	BCF	STATUS,RP1
$0157	$1283	BCF	STATUS,RP0
$0158	$0AA3	INCF	main_global_indice, F
$0159	$3001	MOVLW	1
$015A	$0223	SUBWF	main_global_indice, W
$015B	$1D03	BTFSS	STATUS, Z
$015C	$2962	GOTO	LiquidCristal_L_1
$015D	$	LiquidCristal_L_0:
$015D	$30FF	MOVLW	255
$015E	$1303	BCF	STATUS,RP1
$015F	$1283	BCF	STATUS,RP0
$0160	$00F1	MOVWF	STACK_1
$0161	$2965	GOTO	LiquidCristal_L_3
$0162	$	LiquidCristal_L_1:
$0162	$1303	BCF	STATUS,RP1
$0163	$1283	BCF	STATUS,RP0
$0164	$01F1	CLRF	STACK_1
$0165	$	LiquidCristal_L_3:
$0165	$30FF	MOVLW	255
$0166	$1303	BCF	STATUS,RP1
$0167	$1283	BCF	STATUS,RP0
$0168	$0271	SUBWF	STACK_1, W
$0169	$1D03	BTFSS	STATUS, Z
$016A	$29C1	GOTO	LiquidCristal_L_5
$016B	$	LiquidCristal_L_4:
$016B	$300E	MOVLW	14
$016C	$1303	BCF	STATUS,RP1
$016D	$1283	BCF	STATUS,RP0
$016E	$0088	MOVWF	PORTD
$016F	$10A4	BCF	main_global_teclado_1, 1
$0170	$1124	BCF	main_global_teclado_1, 2
$0171	$11A4	BCF	main_global_teclado_1, 3
$0172	$3000	MOVLW	0
$0173	$1A05	BTFSC	PORTA, 4
$0174	$3001	MOVLW	1
$0175	$00F1	MOVWF	STACK_1
$0176	$3000	MOVLW	0
$0177	$0271	SUBWF	STACK_1, W
$0178	$1D03	BTFSS	STATUS, Z
$0179	$297F	GOTO	LiquidCristal_L_7
$017A	$	LiquidCristal_L_6:
$017A	$30FF	MOVLW	255
$017B	$1303	BCF	STATUS,RP1
$017C	$1283	BCF	STATUS,RP0
$017D	$00F2	MOVWF	STACK_2
$017E	$2982	GOTO	LiquidCristal_L_9
$017F	$	LiquidCristal_L_7:
$017F	$1303	BCF	STATUS,RP1
$0180	$1283	BCF	STATUS,RP0
$0181	$01F2	CLRF	STACK_2
$0182	$	LiquidCristal_L_9:
$0182	$30FF	MOVLW	255
$0183	$1303	BCF	STATUS,RP1
$0184	$1283	BCF	STATUS,RP0
$0185	$0272	SUBWF	STACK_2, W
$0186	$1D03	BTFSS	STATUS, Z
$0187	$298B	GOTO	LiquidCristal_L_11
$0188	$	LiquidCristal_L_10:
$0188	$1303	BCF	STATUS,RP1
$0189	$1283	BCF	STATUS,RP0
$018A	$14A4	BSF	main_global_teclado_1, 1
$018B	$	LiquidCristal_L_11:
$018B	$	LiquidCristal_L_8:
$018B	$3000	MOVLW	0
$018C	$1303	BCF	STATUS,RP1
$018D	$1283	BCF	STATUS,RP0
$018E	$1A85	BTFSC	PORTA, 5
$018F	$3001	MOVLW	1
$0190	$00F1	MOVWF	STACK_1
$0191	$3000	MOVLW	0
$0192	$0271	SUBWF	STACK_1, W
$0193	$1D03	BTFSS	STATUS, Z
$0194	$299A	GOTO	LiquidCristal_L_13
$0195	$	LiquidCristal_L_12:
$0195	$30FF	MOVLW	255
$0196	$1303	BCF	STATUS,RP1
$0197	$1283	BCF	STATUS,RP0
$0198	$00F2	MOVWF	STACK_2
$0199	$299D	GOTO	LiquidCristal_L_15
$019A	$	LiquidCristal_L_13:
$019A	$1303	BCF	STATUS,RP1
$019B	$1283	BCF	STATUS,RP0
$019C	$01F2	CLRF	STACK_2
$019D	$	LiquidCristal_L_15:
$019D	$30FF	MOVLW	255
$019E	$1303	BCF	STATUS,RP1
$019F	$1283	BCF	STATUS,RP0
$01A0	$0272	SUBWF	STACK_2, W
$01A1	$1D03	BTFSS	STATUS, Z
$01A2	$29A6	GOTO	LiquidCristal_L_17
$01A3	$	LiquidCristal_L_16:
$01A3	$1303	BCF	STATUS,RP1
$01A4	$1283	BCF	STATUS,RP0
$01A5	$1524	BSF	main_global_teclado_1, 2
$01A6	$	LiquidCristal_L_17:
$01A6	$	LiquidCristal_L_14:
$01A6	$3000	MOVLW	0
$01A7	$1303	BCF	STATUS,RP1
$01A8	$1283	BCF	STATUS,RP0
$01A9	$1809	BTFSC	PORTE, 0
$01AA	$3001	MOVLW	1
$01AB	$00F1	MOVWF	STACK_1
$01AC	$3000	MOVLW	0
$01AD	$0271	SUBWF	STACK_1, W
$01AE	$1D03	BTFSS	STATUS, Z
$01AF	$29B5	GOTO	LiquidCristal_L_19
$01B0	$	LiquidCristal_L_18:
$01B0	$30FF	MOVLW	255
$01B1	$1303	BCF	STATUS,RP1
$01B2	$1283	BCF	STATUS,RP0
$01B3	$00F2	MOVWF	STACK_2
$01B4	$29B8	GOTO	LiquidCristal_L_21
$01B5	$	LiquidCristal_L_19:
$01B5	$1303	BCF	STATUS,RP1
$01B6	$1283	BCF	STATUS,RP0
$01B7	$01F2	CLRF	STACK_2
$01B8	$	LiquidCristal_L_21:
$01B8	$30FF	MOVLW	255
$01B9	$1303	BCF	STATUS,RP1
$01BA	$1283	BCF	STATUS,RP0
$01BB	$0272	SUBWF	STACK_2, W
$01BC	$1D03	BTFSS	STATUS, Z
$01BD	$29C1	GOTO	LiquidCristal_L_23
$01BE	$	LiquidCristal_L_22:
$01BE	$1303	BCF	STATUS,RP1
$01BF	$1283	BCF	STATUS,RP0
$01C0	$15A4	BSF	main_global_teclado_1, 3
$01C1	$	LiquidCristal_L_23:
$01C1	$	LiquidCristal_L_20:
$01C1	$	LiquidCristal_L_5:
$01C1	$	LiquidCristal_L_2:
$01C1	$3002	MOVLW	2
$01C2	$1303	BCF	STATUS,RP1
$01C3	$1283	BCF	STATUS,RP0
$01C4	$0223	SUBWF	main_global_indice, W
$01C5	$1D03	BTFSS	STATUS, Z
$01C6	$29CC	GOTO	LiquidCristal_L_25
$01C7	$	LiquidCristal_L_24:
$01C7	$30FF	MOVLW	255
$01C8	$1303	BCF	STATUS,RP1
$01C9	$1283	BCF	STATUS,RP0
$01CA	$00F1	MOVWF	STACK_1
$01CB	$29CF	GOTO	LiquidCristal_L_27
$01CC	$	LiquidCristal_L_25:
$01CC	$1303	BCF	STATUS,RP1
$01CD	$1283	BCF	STATUS,RP0
$01CE	$01F1	CLRF	STACK_1
$01CF	$	LiquidCristal_L_27:
$01CF	$30FF	MOVLW	255
$01D0	$1303	BCF	STATUS,RP1
$01D1	$1283	BCF	STATUS,RP0
$01D2	$0271	SUBWF	STACK_1, W
$01D3	$1D03	BTFSS	STATUS, Z
$01D4	$2A2B	GOTO	LiquidCristal_L_29
$01D5	$	LiquidCristal_L_28:
$01D5	$300D	MOVLW	13
$01D6	$1303	BCF	STATUS,RP1
$01D7	$1283	BCF	STATUS,RP0
$01D8	$0088	MOVWF	PORTD
$01D9	$1224	BCF	main_global_teclado_1, 4
$01DA	$12A4	BCF	main_global_teclado_1, 5
$01DB	$1324	BCF	main_global_teclado_1, 6
$01DC	$3000	MOVLW	0
$01DD	$1A05	BTFSC	PORTA, 4
$01DE	$3001	MOVLW	1
$01DF	$00F1	MOVWF	STACK_1
$01E0	$3000	MOVLW	0
$01E1	$0271	SUBWF	STACK_1, W
$01E2	$1D03	BTFSS	STATUS, Z
$01E3	$29E9	GOTO	LiquidCristal_L_31
$01E4	$	LiquidCristal_L_30:
$01E4	$30FF	MOVLW	255
$01E5	$1303	BCF	STATUS,RP1
$01E6	$1283	BCF	STATUS,RP0
$01E7	$00F2	MOVWF	STACK_2
$01E8	$29EC	GOTO	LiquidCristal_L_33
$01E9	$	LiquidCristal_L_31:
$01E9	$1303	BCF	STATUS,RP1
$01EA	$1283	BCF	STATUS,RP0
$01EB	$01F2	CLRF	STACK_2
$01EC	$	LiquidCristal_L_33:
$01EC	$30FF	MOVLW	255
$01ED	$1303	BCF	STATUS,RP1
$01EE	$1283	BCF	STATUS,RP0
$01EF	$0272	SUBWF	STACK_2, W
$01F0	$1D03	BTFSS	STATUS, Z
$01F1	$29F5	GOTO	LiquidCristal_L_35
$01F2	$	LiquidCristal_L_34:
$01F2	$1303	BCF	STATUS,RP1
$01F3	$1283	BCF	STATUS,RP0
$01F4	$1624	BSF	main_global_teclado_1, 4
$01F5	$	LiquidCristal_L_35:
$01F5	$	LiquidCristal_L_32:
$01F5	$3000	MOVLW	0
$01F6	$1303	BCF	STATUS,RP1
$01F7	$1283	BCF	STATUS,RP0
$01F8	$1A85	BTFSC	PORTA, 5
$01F9	$3001	MOVLW	1
$01FA	$00F1	MOVWF	STACK_1
$01FB	$3000	MOVLW	0
$01FC	$0271	SUBWF	STACK_1, W
$01FD	$1D03	BTFSS	STATUS, Z
$01FE	$2A04	GOTO	LiquidCristal_L_37
$01FF	$	LiquidCristal_L_36:
$01FF	$30FF	MOVLW	255
$0200	$1303	BCF	STATUS,RP1
$0201	$1283	BCF	STATUS,RP0
$0202	$00F2	MOVWF	STACK_2
$0203	$2A07	GOTO	LiquidCristal_L_39
$0204	$	LiquidCristal_L_37:
$0204	$1303	BCF	STATUS,RP1
$0205	$1283	BCF	STATUS,RP0
$0206	$01F2	CLRF	STACK_2
$0207	$	LiquidCristal_L_39:
$0207	$30FF	MOVLW	255
$0208	$1303	BCF	STATUS,RP1
$0209	$1283	BCF	STATUS,RP0
$020A	$0272	SUBWF	STACK_2, W
$020B	$1D03	BTFSS	STATUS, Z
$020C	$2A10	GOTO	LiquidCristal_L_41
$020D	$	LiquidCristal_L_40:
$020D	$1303	BCF	STATUS,RP1
$020E	$1283	BCF	STATUS,RP0
$020F	$16A4	BSF	main_global_teclado_1, 5
$0210	$	LiquidCristal_L_41:
$0210	$	LiquidCristal_L_38:
$0210	$3000	MOVLW	0
$0211	$1303	BCF	STATUS,RP1
$0212	$1283	BCF	STATUS,RP0
$0213	$1809	BTFSC	PORTE, 0
$0214	$3001	MOVLW	1
$0215	$00F1	MOVWF	STACK_1
$0216	$3000	MOVLW	0
$0217	$0271	SUBWF	STACK_1, W
$0218	$1D03	BTFSS	STATUS, Z
$0219	$2A1F	GOTO	LiquidCristal_L_43
$021A	$	LiquidCristal_L_42:
$021A	$30FF	MOVLW	255
$021B	$1303	BCF	STATUS,RP1
$021C	$1283	BCF	STATUS,RP0
$021D	$00F2	MOVWF	STACK_2
$021E	$2A22	GOTO	LiquidCristal_L_45
$021F	$	LiquidCristal_L_43:
$021F	$1303	BCF	STATUS,RP1
$0220	$1283	BCF	STATUS,RP0
$0221	$01F2	CLRF	STACK_2
$0222	$	LiquidCristal_L_45:
$0222	$30FF	MOVLW	255
$0223	$1303	BCF	STATUS,RP1
$0224	$1283	BCF	STATUS,RP0
$0225	$0272	SUBWF	STACK_2, W
$0226	$1D03	BTFSS	STATUS, Z
$0227	$2A2B	GOTO	LiquidCristal_L_47
$0228	$	LiquidCristal_L_46:
$0228	$1303	BCF	STATUS,RP1
$0229	$1283	BCF	STATUS,RP0
$022A	$1724	BSF	main_global_teclado_1, 6
$022B	$	LiquidCristal_L_47:
$022B	$	LiquidCristal_L_44:
$022B	$	LiquidCristal_L_29:
$022B	$	LiquidCristal_L_26:
$022B	$3002	MOVLW	2
$022C	$1303	BCF	STATUS,RP1
$022D	$1283	BCF	STATUS,RP0
$022E	$0223	SUBWF	main_global_indice, W
$022F	$1D03	BTFSS	STATUS, Z
$0230	$2A36	GOTO	LiquidCristal_L_49
$0231	$	LiquidCristal_L_48:
$0231	$30FF	MOVLW	255
$0232	$1303	BCF	STATUS,RP1
$0233	$1283	BCF	STATUS,RP0
$0234	$00F1	MOVWF	STACK_1
$0235	$2A39	GOTO	LiquidCristal_L_51
$0236	$	LiquidCristal_L_49:
$0236	$1303	BCF	STATUS,RP1
$0237	$1283	BCF	STATUS,RP0
$0238	$01F1	CLRF	STACK_1
$0239	$	LiquidCristal_L_51:
$0239	$30FF	MOVLW	255
$023A	$1303	BCF	STATUS,RP1
$023B	$1283	BCF	STATUS,RP0
$023C	$0271	SUBWF	STACK_1, W
$023D	$1D03	BTFSS	STATUS, Z
$023E	$2A95	GOTO	LiquidCristal_L_53
$023F	$	LiquidCristal_L_52:
$023F	$300B	MOVLW	11
$0240	$1303	BCF	STATUS,RP1
$0241	$1283	BCF	STATUS,RP0
$0242	$0088	MOVWF	PORTD
$0243	$13A4	BCF	main_global_teclado_1, 7
$0244	$1025	BCF	main_global_teclado_2, 0
$0245	$10A5	BCF	main_global_teclado_2, 1
$0246	$3000	MOVLW	0
$0247	$1A05	BTFSC	PORTA, 4
$0248	$3001	MOVLW	1
$0249	$00F1	MOVWF	STACK_1
$024A	$3000	MOVLW	0
$024B	$0271	SUBWF	STACK_1, W
$024C	$1D03	BTFSS	STATUS, Z
$024D	$2A53	GOTO	LiquidCristal_L_55
$024E	$	LiquidCristal_L_54:
$024E	$30FF	MOVLW	255
$024F	$1303	BCF	STATUS,RP1
$0250	$1283	BCF	STATUS,RP0
$0251	$00F2	MOVWF	STACK_2
$0252	$2A56	GOTO	LiquidCristal_L_57
$0253	$	LiquidCristal_L_55:
$0253	$1303	BCF	STATUS,RP1
$0254	$1283	BCF	STATUS,RP0
$0255	$01F2	CLRF	STACK_2
$0256	$	LiquidCristal_L_57:
$0256	$30FF	MOVLW	255
$0257	$1303	BCF	STATUS,RP1
$0258	$1283	BCF	STATUS,RP0
$0259	$0272	SUBWF	STACK_2, W
$025A	$1D03	BTFSS	STATUS, Z
$025B	$2A5F	GOTO	LiquidCristal_L_59
$025C	$	LiquidCristal_L_58:
$025C	$1303	BCF	STATUS,RP1
$025D	$1283	BCF	STATUS,RP0
$025E	$17A4	BSF	main_global_teclado_1, 7
$025F	$	LiquidCristal_L_59:
$025F	$	LiquidCristal_L_56:
$025F	$3000	MOVLW	0
$0260	$1303	BCF	STATUS,RP1
$0261	$1283	BCF	STATUS,RP0
$0262	$1A85	BTFSC	PORTA, 5
$0263	$3001	MOVLW	1
$0264	$00F1	MOVWF	STACK_1
$0265	$3000	MOVLW	0
$0266	$0271	SUBWF	STACK_1, W
$0267	$1D03	BTFSS	STATUS, Z
$0268	$2A6E	GOTO	LiquidCristal_L_61
$0269	$	LiquidCristal_L_60:
$0269	$30FF	MOVLW	255
$026A	$1303	BCF	STATUS,RP1
$026B	$1283	BCF	STATUS,RP0
$026C	$00F2	MOVWF	STACK_2
$026D	$2A71	GOTO	LiquidCristal_L_63
$026E	$	LiquidCristal_L_61:
$026E	$1303	BCF	STATUS,RP1
$026F	$1283	BCF	STATUS,RP0
$0270	$01F2	CLRF	STACK_2
$0271	$	LiquidCristal_L_63:
$0271	$30FF	MOVLW	255
$0272	$1303	BCF	STATUS,RP1
$0273	$1283	BCF	STATUS,RP0
$0274	$0272	SUBWF	STACK_2, W
$0275	$1D03	BTFSS	STATUS, Z
$0276	$2A7A	GOTO	LiquidCristal_L_65
$0277	$	LiquidCristal_L_64:
$0277	$1303	BCF	STATUS,RP1
$0278	$1283	BCF	STATUS,RP0
$0279	$1425	BSF	main_global_teclado_2, 0
$027A	$	LiquidCristal_L_65:
$027A	$	LiquidCristal_L_62:
$027A	$3000	MOVLW	0
$027B	$1303	BCF	STATUS,RP1
$027C	$1283	BCF	STATUS,RP0
$027D	$1809	BTFSC	PORTE, 0
$027E	$3001	MOVLW	1
$027F	$00F1	MOVWF	STACK_1
$0280	$3000	MOVLW	0
$0281	$0271	SUBWF	STACK_1, W
$0282	$1D03	BTFSS	STATUS, Z
$0283	$2A89	GOTO	LiquidCristal_L_67
$0284	$	LiquidCristal_L_66:
$0284	$30FF	MOVLW	255
$0285	$1303	BCF	STATUS,RP1
$0286	$1283	BCF	STATUS,RP0
$0287	$00F2	MOVWF	STACK_2
$0288	$2A8C	GOTO	LiquidCristal_L_69
$0289	$	LiquidCristal_L_67:
$0289	$1303	BCF	STATUS,RP1
$028A	$1283	BCF	STATUS,RP0
$028B	$01F2	CLRF	STACK_2
$028C	$	LiquidCristal_L_69:
$028C	$30FF	MOVLW	255
$028D	$1303	BCF	STATUS,RP1
$028E	$1283	BCF	STATUS,RP0
$028F	$0272	SUBWF	STACK_2, W
$0290	$1D03	BTFSS	STATUS, Z
$0291	$2A95	GOTO	LiquidCristal_L_71
$0292	$	LiquidCristal_L_70:
$0292	$1303	BCF	STATUS,RP1
$0293	$1283	BCF	STATUS,RP0
$0294	$14A5	BSF	main_global_teclado_2, 1
$0295	$	LiquidCristal_L_71:
$0295	$	LiquidCristal_L_68:
$0295	$	LiquidCristal_L_53:
$0295	$	LiquidCristal_L_50:
$0295	$3004	MOVLW	4
$0296	$1303	BCF	STATUS,RP1
$0297	$1283	BCF	STATUS,RP0
$0298	$0223	SUBWF	main_global_indice, W
$0299	$1D03	BTFSS	STATUS, Z
$029A	$2AA0	GOTO	LiquidCristal_L_73
$029B	$	LiquidCristal_L_72:
$029B	$30FF	MOVLW	255
$029C	$1303	BCF	STATUS,RP1
$029D	$1283	BCF	STATUS,RP0
$029E	$00F1	MOVWF	STACK_1
$029F	$2AA3	GOTO	LiquidCristal_L_75
$02A0	$	LiquidCristal_L_73:
$02A0	$1303	BCF	STATUS,RP1
$02A1	$1283	BCF	STATUS,RP0
$02A2	$01F1	CLRF	STACK_1
$02A3	$	LiquidCristal_L_75:
$02A3	$30FF	MOVLW	255
$02A4	$1303	BCF	STATUS,RP1
$02A5	$1283	BCF	STATUS,RP0
$02A6	$0271	SUBWF	STACK_1, W
$02A7	$1D03	BTFSS	STATUS, Z
$02A8	$2B02	GOTO	LiquidCristal_L_77
$02A9	$	LiquidCristal_L_76:
$02A9	$3007	MOVLW	7
$02AA	$1303	BCF	STATUS,RP1
$02AB	$1283	BCF	STATUS,RP0
$02AC	$0088	MOVWF	PORTD
$02AD	$1125	BCF	main_global_teclado_2, 2
$02AE	$1024	BCF	main_global_teclado_1, 0
$02AF	$11A5	BCF	main_global_teclado_2, 3
$02B0	$3000	MOVLW	0
$02B1	$1A05	BTFSC	PORTA, 4
$02B2	$3001	MOVLW	1
$02B3	$00F1	MOVWF	STACK_1
$02B4	$3000	MOVLW	0
$02B5	$0271	SUBWF	STACK_1, W
$02B6	$1D03	BTFSS	STATUS, Z
$02B7	$2ABD	GOTO	LiquidCristal_L_79
$02B8	$	LiquidCristal_L_78:
$02B8	$30FF	MOVLW	255
$02B9	$1303	BCF	STATUS,RP1
$02BA	$1283	BCF	STATUS,RP0
$02BB	$00F2	MOVWF	STACK_2
$02BC	$2AC0	GOTO	LiquidCristal_L_81
$02BD	$	LiquidCristal_L_79:
$02BD	$1303	BCF	STATUS,RP1
$02BE	$1283	BCF	STATUS,RP0
$02BF	$01F2	CLRF	STACK_2
$02C0	$	LiquidCristal_L_81:
$02C0	$30FF	MOVLW	255
$02C1	$1303	BCF	STATUS,RP1
$02C2	$1283	BCF	STATUS,RP0
$02C3	$0272	SUBWF	STACK_2, W
$02C4	$1D03	BTFSS	STATUS, Z
$02C5	$2AC9	GOTO	LiquidCristal_L_83
$02C6	$	LiquidCristal_L_82:
$02C6	$1303	BCF	STATUS,RP1
$02C7	$1283	BCF	STATUS,RP0
$02C8	$1525	BSF	main_global_teclado_2, 2
$02C9	$	LiquidCristal_L_83:
$02C9	$	LiquidCristal_L_80:
$02C9	$3000	MOVLW	0
$02CA	$1303	BCF	STATUS,RP1
$02CB	$1283	BCF	STATUS,RP0
$02CC	$1A85	BTFSC	PORTA, 5
$02CD	$3001	MOVLW	1
$02CE	$00F1	MOVWF	STACK_1
$02CF	$3000	MOVLW	0
$02D0	$0271	SUBWF	STACK_1, W
$02D1	$1D03	BTFSS	STATUS, Z
$02D2	$2AD8	GOTO	LiquidCristal_L_85
$02D3	$	LiquidCristal_L_84:
$02D3	$30FF	MOVLW	255
$02D4	$1303	BCF	STATUS,RP1
$02D5	$1283	BCF	STATUS,RP0
$02D6	$00F2	MOVWF	STACK_2
$02D7	$2ADB	GOTO	LiquidCristal_L_87
$02D8	$	LiquidCristal_L_85:
$02D8	$1303	BCF	STATUS,RP1
$02D9	$1283	BCF	STATUS,RP0
$02DA	$01F2	CLRF	STACK_2
$02DB	$	LiquidCristal_L_87:
$02DB	$30FF	MOVLW	255
$02DC	$1303	BCF	STATUS,RP1
$02DD	$1283	BCF	STATUS,RP0
$02DE	$0272	SUBWF	STACK_2, W
$02DF	$1D03	BTFSS	STATUS, Z
$02E0	$2AE4	GOTO	LiquidCristal_L_89
$02E1	$	LiquidCristal_L_88:
$02E1	$1303	BCF	STATUS,RP1
$02E2	$1283	BCF	STATUS,RP0
$02E3	$1424	BSF	main_global_teclado_1, 0
$02E4	$	LiquidCristal_L_89:
$02E4	$	LiquidCristal_L_86:
$02E4	$3000	MOVLW	0
$02E5	$1303	BCF	STATUS,RP1
$02E6	$1283	BCF	STATUS,RP0
$02E7	$1809	BTFSC	PORTE, 0
$02E8	$3001	MOVLW	1
$02E9	$00F1	MOVWF	STACK_1
$02EA	$3000	MOVLW	0
$02EB	$0271	SUBWF	STACK_1, W
$02EC	$1D03	BTFSS	STATUS, Z
$02ED	$2AF3	GOTO	LiquidCristal_L_91
$02EE	$	LiquidCristal_L_90:
$02EE	$30FF	MOVLW	255
$02EF	$1303	BCF	STATUS,RP1
$02F0	$1283	BCF	STATUS,RP0
$02F1	$00F2	MOVWF	STACK_2
$02F2	$2AF6	GOTO	LiquidCristal_L_93
$02F3	$	LiquidCristal_L_91:
$02F3	$1303	BCF	STATUS,RP1
$02F4	$1283	BCF	STATUS,RP0
$02F5	$01F2	CLRF	STACK_2
$02F6	$	LiquidCristal_L_93:
$02F6	$30FF	MOVLW	255
$02F7	$1303	BCF	STATUS,RP1
$02F8	$1283	BCF	STATUS,RP0
$02F9	$0272	SUBWF	STACK_2, W
$02FA	$1D03	BTFSS	STATUS, Z
$02FB	$2AFF	GOTO	LiquidCristal_L_95
$02FC	$	LiquidCristal_L_94:
$02FC	$1303	BCF	STATUS,RP1
$02FD	$1283	BCF	STATUS,RP0
$02FE	$15A5	BSF	main_global_teclado_2, 3
$02FF	$	LiquidCristal_L_95:
$02FF	$	LiquidCristal_L_92:
$02FF	$1303	BCF	STATUS,RP1
$0300	$1283	BCF	STATUS,RP0
$0301	$01A3	CLRF	main_global_indice
$0302	$	LiquidCristal_L_77:
$0302	$	LiquidCristal_L_74:
$0302	$0008	RETURN
$0303	$	LiquidCristal_main:
$0303	$3030	MOVLW	48
$0304	$1303	BCF	STATUS,RP1
$0305	$1683	BSF	STATUS,RP0
$0306	$0085	MOVWF	TRISA
$0307	$0186	CLRF	TRISB
$0308	$0188	CLRF	TRISD
$0309	$3001	MOVLW	1
$030A	$0089	MOVWF	TRISE
$030B	$3080	MOVLW	128
$030C	$0081	MOVWF	OPTION_REG
$030D	$1283	BCF	STATUS,RP0
$030E	$01A3	CLRF	main_global_indice
$030F	$01A4	CLRF	main_global_teclado_1
$0310	$01A5	CLRF	main_global_teclado_2
$0311	$3007	MOVLW	7
$0312	$1683	BSF	STATUS,RP0
$0313	$009F	MOVWF	ADCON1
$0314	$3009	MOVLW	PORTE
$0315	$1283	BCF	STATUS,RP0
$0316	$00B9	MOVWF	Lcd8bit_Lcd8_Init_param_portctrl
$0317	$3008	MOVLW	PORTD
$0318	$00BA	MOVWF	Lcd8bit_Lcd8_Init_param_portdata
$0319	$2065	CALL	Lcd8bit_Lcd8_Init
$031A	$3001	MOVLW	1
$031B	$1303	BCF	STATUS,RP1
$031C	$1283	BCF	STATUS,RP0
$031D	$00BE	MOVWF	lcd8bit_lcd8_cmd_param_out_char
$031E	$2020	CALL	lcd8bit_lcd8_cmd
$031F	$300C	MOVLW	12
$0320	$1303	BCF	STATUS,RP1
$0321	$1283	BCF	STATUS,RP0
$0322	$00BE	MOVWF	lcd8bit_lcd8_cmd_param_out_char
$0323	$2020	CALL	lcd8bit_lcd8_cmd
$0324	$3001	MOVLW	1
$0325	$1303	BCF	STATUS,RP1
$0326	$1283	BCF	STATUS,RP0
$0327	$00BB	MOVWF	lcd8bit_lcd8_out_param_row
$0328	$3001	MOVLW	1
$0329	$00BC	MOVWF	lcd8bit_lcd8_out_param_column
$032A	$3054	MOVLW	84
$032B	$00A6	MOVWF	liquidcristal_main_local_local_text_1
$032C	$3065	MOVLW	101
$032D	$00A7	MOVWF	liquidcristal_main_local_local_text_2
$032E	$3073	MOVLW	115
$032F	$00A8	MOVWF	liquidcristal_main_local_local_text_3
$0330	$3074	MOVLW	116
$0331	$00A9	MOVWF	liquidcristal_main_local_local_text_4
$0332	$3065	MOVLW	101
$0333	$00AA	MOVWF	liquidcristal_main_local_local_text_5
$0334	$3020	MOVLW	32
$0335	$00AB	MOVWF	liquidcristal_main_local_local_text_6
$0336	$3064	MOVLW	100
$0337	$00AC	MOVWF	liquidcristal_main_local_local_text_7
$0338	$306F	MOVLW	111
$0339	$00AD	MOVWF	liquidcristal_main_local_local_text_8
$033A	$3073	MOVLW	115
$033B	$00AE	MOVWF	liquidcristal_main_local_local_text_9
$033C	$3020	MOVLW	32
$033D	$00AF	MOVWF	liquidcristal_main_local_local_text_10
$033E	$3042	MOVLW	66
$033F	$00B0	MOVWF	liquidcristal_main_local_local_text_11
$0340	$306F	MOVLW	111
$0341	$00B1	MOVWF	liquidcristal_main_local_local_text_12
$0342	$3074	MOVLW	116
$0343	$00B2	MOVWF	liquidcristal_main_local_local_text_13
$0344	$306F	MOVLW	111
$0345	$00B3	MOVWF	liquidcristal_main_local_local_text_14
$0346	$3065	MOVLW	101
$0347	$00B4	MOVWF	liquidcristal_main_local_local_text_15
$0348	$3073	MOVLW	115
$0349	$00B5	MOVWF	liquidcristal_main_local_local_text_16
$034A	$01B6	CLRF	liquidcristal_main_local_local_text_17
$034B	$3026	MOVLW	liquidcristal_main_local_local_text_1
$034C	$00BD	MOVWF	lcd8bit_lcd8_out_param_text
$034D	$20E6	CALL	lcd8bit_lcd8_out
$034E	$	LiquidCristal_main_loop_principal:
$034E	$	LiquidCristal_L_96:
$034E	$	LiquidCristal_L_97:
$034E	$2156	CALL	LiquidCristal_le_teclas
$034F	$3000	MOVLW	0
$0350	$1303	BCF	STATUS,RP1
$0351	$1283	BCF	STATUS,RP0
$0352	$1824	BTFSC	main_global_teclado_1, 0
$0353	$3001	MOVLW	1
$0354	$00F2	MOVWF	STACK_2
$0355	$3001	MOVLW	1
$0356	$0272	SUBWF	STACK_2, W
$0357	$1D03	BTFSS	STATUS, Z
$0358	$2B5E	GOTO	LiquidCristal_L_100
$0359	$	LiquidCristal_L_99:
$0359	$30FF	MOVLW	255
$035A	$1303	BCF	STATUS,RP1
$035B	$1283	BCF	STATUS,RP0
$035C	$00F3	MOVWF	STACK_3
$035D	$2B61	GOTO	LiquidCristal_L_102
$035E	$	LiquidCristal_L_100:
$035E	$1303	BCF	STATUS,RP1
$035F	$1283	BCF	STATUS,RP0
$0360	$01F3	CLRF	STACK_3
$0361	$	LiquidCristal_L_102:
$0361	$30FF	MOVLW	255
$0362	$1303	BCF	STATUS,RP1
$0363	$1283	BCF	STATUS,RP0
$0364	$0273	SUBWF	STACK_3, W
$0365	$1D03	BTFSS	STATUS, Z
$0366	$2B85	GOTO	LiquidCristal_L_104
$0367	$	LiquidCristal_L_103:
$0367	$3002	MOVLW	2
$0368	$1303	BCF	STATUS,RP1
$0369	$1283	BCF	STATUS,RP0
$036A	$00BB	MOVWF	lcd8bit_lcd8_out_param_row
$036B	$3003	MOVLW	3
$036C	$00BC	MOVWF	lcd8bit_lcd8_out_param_column
$036D	$3042	MOVLW	66
$036E	$00A6	MOVWF	liquidcristal_main_local_local_text_1
$036F	$306F	MOVLW	111
$0370	$00A7	MOVWF	liquidcristal_main_local_local_text_2
$0371	$3074	MOVLW	116
$0372	$00A8	MOVWF	liquidcristal_main_local_local_text_3
$0373	$3061	MOVLW	97
$0374	$00A9	MOVWF	liquidcristal_main_local_local_text_4
$0375	$306F	MOVLW	111
$0376	$00AA	MOVWF	liquidcristal_main_local_local_text_5
$0377	$3020	MOVLW	32
$0378	$00AB	MOVWF	liquidcristal_main_local_local_text_6
$0379	$3030	MOVLW	48
$037A	$00AC	MOVWF	liquidcristal_main_local_local_text_7
$037B	$3020	MOVLW	32
$037C	$00AD	MOVWF	liquidcristal_main_local_local_text_8
$037D	$304F	MOVLW	79
$037E	$00AE	MOVWF	liquidcristal_main_local_local_text_9
$037F	$306E	MOVLW	110
$0380	$00AF	MOVWF	liquidcristal_main_local_local_text_10
$0381	$01B0	CLRF	liquidcristal_main_local_local_text_11
$0382	$3026	MOVLW	liquidcristal_main_local_local_text_1
$0383	$00BD	MOVWF	lcd8bit_lcd8_out_param_text
$0384	$20E6	CALL	lcd8bit_lcd8_out
$0385	$	LiquidCristal_L_104:
$0385	$	LiquidCristal_L_101:
$0385	$3000	MOVLW	0
$0386	$1303	BCF	STATUS,RP1
$0387	$1283	BCF	STATUS,RP0
$0388	$18A4	BTFSC	main_global_teclado_1, 1
$0389	$3001	MOVLW	1
$038A	$00F2	MOVWF	STACK_2
$038B	$3001	MOVLW	1
$038C	$0272	SUBWF	STACK_2, W
$038D	$1D03	BTFSS	STATUS, Z
$038E	$2B94	GOTO	LiquidCristal_L_106
$038F	$	LiquidCristal_L_105:
$038F	$30FF	MOVLW	255
$0390	$1303	BCF	STATUS,RP1
$0391	$1283	BCF	STATUS,RP0
$0392	$00F3	MOVWF	STACK_3
$0393	$2B97	GOTO	LiquidCristal_L_108
$0394	$	LiquidCristal_L_106:
$0394	$1303	BCF	STATUS,RP1
$0395	$1283	BCF	STATUS,RP0
$0396	$01F3	CLRF	STACK_3
$0397	$	LiquidCristal_L_108:
$0397	$30FF	MOVLW	255
$0398	$1303	BCF	STATUS,RP1
$0399	$1283	BCF	STATUS,RP0
$039A	$0273	SUBWF	STACK_3, W
$039B	$1D03	BTFSS	STATUS, Z
$039C	$2BBB	GOTO	LiquidCristal_L_110
$039D	$	LiquidCristal_L_109:
$039D	$3002	MOVLW	2
$039E	$1303	BCF	STATUS,RP1
$039F	$1283	BCF	STATUS,RP0
$03A0	$00BB	MOVWF	lcd8bit_lcd8_out_param_row
$03A1	$3003	MOVLW	3
$03A2	$00BC	MOVWF	lcd8bit_lcd8_out_param_column
$03A3	$3042	MOVLW	66
$03A4	$00A6	MOVWF	liquidcristal_main_local_local_text_1
$03A5	$306F	MOVLW	111
$03A6	$00A7	MOVWF	liquidcristal_main_local_local_text_2
$03A7	$3074	MOVLW	116
$03A8	$00A8	MOVWF	liquidcristal_main_local_local_text_3
$03A9	$3061	MOVLW	97
$03AA	$00A9	MOVWF	liquidcristal_main_local_local_text_4
$03AB	$306F	MOVLW	111
$03AC	$00AA	MOVWF	liquidcristal_main_local_local_text_5
$03AD	$3020	MOVLW	32
$03AE	$00AB	MOVWF	liquidcristal_main_local_local_text_6
$03AF	$3031	MOVLW	49
$03B0	$00AC	MOVWF	liquidcristal_main_local_local_text_7
$03B1	$3020	MOVLW	32
$03B2	$00AD	MOVWF	liquidcristal_main_local_local_text_8
$03B3	$304F	MOVLW	79
$03B4	$00AE	MOVWF	liquidcristal_main_local_local_text_9
$03B5	$306E	MOVLW	110
$03B6	$00AF	MOVWF	liquidcristal_main_local_local_text_10
$03B7	$01B0	CLRF	liquidcristal_main_local_local_text_11
$03B8	$3026	MOVLW	liquidcristal_main_local_local_text_1
$03B9	$00BD	MOVWF	lcd8bit_lcd8_out_param_text
$03BA	$20E6	CALL	lcd8bit_lcd8_out
$03BB	$	LiquidCristal_L_110:
$03BB	$	LiquidCristal_L_107:
$03BB	$3000	MOVLW	0
$03BC	$1303	BCF	STATUS,RP1
$03BD	$1283	BCF	STATUS,RP0
$03BE	$1924	BTFSC	main_global_teclado_1, 2
$03BF	$3001	MOVLW	1
$03C0	$00F2	MOVWF	STACK_2
$03C1	$3001	MOVLW	1
$03C2	$0272	SUBWF	STACK_2, W
$03C3	$1D03	BTFSS	STATUS, Z
$03C4	$2BCA	GOTO	LiquidCristal_L_112
$03C5	$	LiquidCristal_L_111:
$03C5	$30FF	MOVLW	255
$03C6	$1303	BCF	STATUS,RP1
$03C7	$1283	BCF	STATUS,RP0
$03C8	$00F3	MOVWF	STACK_3
$03C9	$2BCD	GOTO	LiquidCristal_L_114
$03CA	$	LiquidCristal_L_112:
$03CA	$1303	BCF	STATUS,RP1
$03CB	$1283	BCF	STATUS,RP0
$03CC	$01F3	CLRF	STACK_3
$03CD	$	LiquidCristal_L_114:
$03CD	$30FF	MOVLW	255
$03CE	$1303	BCF	STATUS,RP1
$03CF	$1283	BCF	STATUS,RP0
$03D0	$0273	SUBWF	STACK_3, W
$03D1	$1D03	BTFSS	STATUS, Z
$03D2	$2BF1	GOTO	LiquidCristal_L_116
$03D3	$	LiquidCristal_L_115:
$03D3	$3002	MOVLW	2
$03D4	$1303	BCF	STATUS,RP1
$03D5	$1283	BCF	STATUS,RP0
$03D6	$00BB	MOVWF	lcd8bit_lcd8_out_param_row
$03D7	$3003	MOVLW	3
$03D8	$00BC	MOVWF	lcd8bit_lcd8_out_param_column
$03D9	$3042	MOVLW	66
$03DA	$00A6	MOVWF	liquidcristal_main_local_local_text_1
$03DB	$306F	MOVLW	111
$03DC	$00A7	MOVWF	liquidcristal_main_local_local_text_2
$03DD	$3074	MOVLW	116
$03DE	$00A8	MOVWF	liquidcristal_main_local_local_text_3
$03DF	$3061	MOVLW	97
$03E0	$00A9	MOVWF	liquidcristal_main_local_local_text_4
$03E1	$306F	MOVLW	111
$03E2	$00AA	MOVWF	liquidcristal_main_local_local_text_5
$03E3	$3020	MOVLW	32
$03E4	$00AB	MOVWF	liquidcristal_main_local_local_text_6
$03E5	$3032	MOVLW	50
$03E6	$00AC	MOVWF	liquidcristal_main_local_local_text_7
$03E7	$3020	MOVLW	32
$03E8	$00AD	MOVWF	liquidcristal_main_local_local_text_8
$03E9	$304F	MOVLW	79
$03EA	$00AE	MOVWF	liquidcristal_main_local_local_text_9
$03EB	$306E	MOVLW	110
$03EC	$00AF	MOVWF	liquidcristal_main_local_local_text_10
$03ED	$01B0	CLRF	liquidcristal_main_local_local_text_11
$03EE	$3026	MOVLW	liquidcristal_main_local_local_text_1
$03EF	$00BD	MOVWF	lcd8bit_lcd8_out_param_text
$03F0	$20E6	CALL	lcd8bit_lcd8_out
$03F1	$	LiquidCristal_L_116:
$03F1	$	LiquidCristal_L_113:
$03F1	$3000	MOVLW	0
$03F2	$1303	BCF	STATUS,RP1
$03F3	$1283	BCF	STATUS,RP0
$03F4	$19A4	BTFSC	main_global_teclado_1, 3
$03F5	$3001	MOVLW	1
$03F6	$00F2	MOVWF	STACK_2
$03F7	$3001	MOVLW	1
$03F8	$0272	SUBWF	STACK_2, W
$03F9	$1D03	BTFSS	STATUS, Z
$03FA	$2C00	GOTO	LiquidCristal_L_118
$03FB	$	LiquidCristal_L_117:
$03FB	$30FF	MOVLW	255
$03FC	$1303	BCF	STATUS,RP1
$03FD	$1283	BCF	STATUS,RP0
$03FE	$00F3	MOVWF	STACK_3
$03FF	$2C03	GOTO	LiquidCristal_L_120
$0400	$	LiquidCristal_L_118:
$0400	$1303	BCF	STATUS,RP1
$0401	$1283	BCF	STATUS,RP0
$0402	$01F3	CLRF	STACK_3
$0403	$	LiquidCristal_L_120:
$0403	$30FF	MOVLW	255
$0404	$1303	BCF	STATUS,RP1
$0405	$1283	BCF	STATUS,RP0
$0406	$0273	SUBWF	STACK_3, W
$0407	$1D03	BTFSS	STATUS, Z
$0408	$2C27	GOTO	LiquidCristal_L_122
$0409	$	LiquidCristal_L_121:
$0409	$3002	MOVLW	2
$040A	$1303	BCF	STATUS,RP1
$040B	$1283	BCF	STATUS,RP0
$040C	$00BB	MOVWF	lcd8bit_lcd8_out_param_row
$040D	$3003	MOVLW	3
$040E	$00BC	MOVWF	lcd8bit_lcd8_out_param_column
$040F	$3042	MOVLW	66
$0410	$00A6	MOVWF	liquidcristal_main_local_local_text_1
$0411	$306F	MOVLW	111
$0412	$00A7	MOVWF	liquidcristal_main_local_local_text_2
$0413	$3074	MOVLW	116
$0414	$00A8	MOVWF	liquidcristal_main_local_local_text_3
$0415	$3061	MOVLW	97
$0416	$00A9	MOVWF	liquidcristal_main_local_local_text_4
$0417	$306F	MOVLW	111
$0418	$00AA	MOVWF	liquidcristal_main_local_local_text_5
$0419	$3020	MOVLW	32
$041A	$00AB	MOVWF	liquidcristal_main_local_local_text_6
$041B	$3033	MOVLW	51
$041C	$00AC	MOVWF	liquidcristal_main_local_local_text_7
$041D	$3020	MOVLW	32
$041E	$00AD	MOVWF	liquidcristal_main_local_local_text_8
$041F	$304F	MOVLW	79
$0420	$00AE	MOVWF	liquidcristal_main_local_local_text_9
$0421	$306E	MOVLW	110
$0422	$00AF	MOVWF	liquidcristal_main_local_local_text_10
$0423	$01B0	CLRF	liquidcristal_main_local_local_text_11
$0424	$3026	MOVLW	liquidcristal_main_local_local_text_1
$0425	$00BD	MOVWF	lcd8bit_lcd8_out_param_text
$0426	$20E6	CALL	lcd8bit_lcd8_out
$0427	$	LiquidCristal_L_122:
$0427	$	LiquidCristal_L_119:
$0427	$3000	MOVLW	0
$0428	$1303	BCF	STATUS,RP1
$0429	$1283	BCF	STATUS,RP0
$042A	$1A24	BTFSC	main_global_teclado_1, 4
$042B	$3001	MOVLW	1
$042C	$00F2	MOVWF	STACK_2
$042D	$3001	MOVLW	1
$042E	$0272	SUBWF	STACK_2, W
$042F	$1D03	BTFSS	STATUS, Z
$0430	$2C36	GOTO	LiquidCristal_L_124
$0431	$	LiquidCristal_L_123:
$0431	$30FF	MOVLW	255
$0432	$1303	BCF	STATUS,RP1
$0433	$1283	BCF	STATUS,RP0
$0434	$00F3	MOVWF	STACK_3
$0435	$2C39	GOTO	LiquidCristal_L_126
$0436	$	LiquidCristal_L_124:
$0436	$1303	BCF	STATUS,RP1
$0437	$1283	BCF	STATUS,RP0
$0438	$01F3	CLRF	STACK_3
$0439	$	LiquidCristal_L_126:
$0439	$30FF	MOVLW	255
$043A	$1303	BCF	STATUS,RP1
$043B	$1283	BCF	STATUS,RP0
$043C	$0273	SUBWF	STACK_3, W
$043D	$1D03	BTFSS	STATUS, Z
$043E	$2C5D	GOTO	LiquidCristal_L_128
$043F	$	LiquidCristal_L_127:
$043F	$3002	MOVLW	2
$0440	$1303	BCF	STATUS,RP1
$0441	$1283	BCF	STATUS,RP0
$0442	$00BB	MOVWF	lcd8bit_lcd8_out_param_row
$0443	$3003	MOVLW	3
$0444	$00BC	MOVWF	lcd8bit_lcd8_out_param_column
$0445	$3042	MOVLW	66
$0446	$00A6	MOVWF	liquidcristal_main_local_local_text_1
$0447	$306F	MOVLW	111
$0448	$00A7	MOVWF	liquidcristal_main_local_local_text_2
$0449	$3074	MOVLW	116
$044A	$00A8	MOVWF	liquidcristal_main_local_local_text_3
$044B	$3061	MOVLW	97
$044C	$00A9	MOVWF	liquidcristal_main_local_local_text_4
$044D	$306F	MOVLW	111
$044E	$00AA	MOVWF	liquidcristal_main_local_local_text_5
$044F	$3020	MOVLW	32
$0450	$00AB	MOVWF	liquidcristal_main_local_local_text_6
$0451	$3034	MOVLW	52
$0452	$00AC	MOVWF	liquidcristal_main_local_local_text_7
$0453	$3020	MOVLW	32
$0454	$00AD	MOVWF	liquidcristal_main_local_local_text_8
$0455	$304F	MOVLW	79
$0456	$00AE	MOVWF	liquidcristal_main_local_local_text_9
$0457	$306E	MOVLW	110
$0458	$00AF	MOVWF	liquidcristal_main_local_local_text_10
$0459	$01B0	CLRF	liquidcristal_main_local_local_text_11
$045A	$3026	MOVLW	liquidcristal_main_local_local_text_1
$045B	$00BD	MOVWF	lcd8bit_lcd8_out_param_text
$045C	$20E6	CALL	lcd8bit_lcd8_out
$045D	$	LiquidCristal_L_128:
$045D	$	LiquidCristal_L_125:
$045D	$3000	MOVLW	0
$045E	$1303	BCF	STATUS,RP1
$045F	$1283	BCF	STATUS,RP0
$0460	$1AA4	BTFSC	main_global_teclado_1, 5
$0461	$3001	MOVLW	1
$0462	$00F2	MOVWF	STACK_2
$0463	$3001	MOVLW	1
$0464	$0272	SUBWF	STACK_2, W
$0465	$1D03	BTFSS	STATUS, Z
$0466	$2C6C	GOTO	LiquidCristal_L_130
$0467	$	LiquidCristal_L_129:
$0467	$30FF	MOVLW	255
$0468	$1303	BCF	STATUS,RP1
$0469	$1283	BCF	STATUS,RP0
$046A	$00F3	MOVWF	STACK_3
$046B	$2C6F	GOTO	LiquidCristal_L_132
$046C	$	LiquidCristal_L_130:
$046C	$1303	BCF	STATUS,RP1
$046D	$1283	BCF	STATUS,RP0
$046E	$01F3	CLRF	STACK_3
$046F	$	LiquidCristal_L_132:
$046F	$30FF	MOVLW	255
$0470	$1303	BCF	STATUS,RP1
$0471	$1283	BCF	STATUS,RP0
$0472	$0273	SUBWF	STACK_3, W
$0473	$1D03	BTFSS	STATUS, Z
$0474	$2C93	GOTO	LiquidCristal_L_134
$0475	$	LiquidCristal_L_133:
$0475	$3002	MOVLW	2
$0476	$1303	BCF	STATUS,RP1
$0477	$1283	BCF	STATUS,RP0
$0478	$00BB	MOVWF	lcd8bit_lcd8_out_param_row
$0479	$3003	MOVLW	3
$047A	$00BC	MOVWF	lcd8bit_lcd8_out_param_column
$047B	$3042	MOVLW	66
$047C	$00A6	MOVWF	liquidcristal_main_local_local_text_1
$047D	$306F	MOVLW	111
$047E	$00A7	MOVWF	liquidcristal_main_local_local_text_2
$047F	$3074	MOVLW	116
$0480	$00A8	MOVWF	liquidcristal_main_local_local_text_3
$0481	$3061	MOVLW	97
$0482	$00A9	MOVWF	liquidcristal_main_local_local_text_4
$0483	$306F	MOVLW	111
$0484	$00AA	MOVWF	liquidcristal_main_local_local_text_5
$0485	$3020	MOVLW	32
$0486	$00AB	MOVWF	liquidcristal_main_local_local_text_6
$0487	$3035	MOVLW	53
$0488	$00AC	MOVWF	liquidcristal_main_local_local_text_7
$0489	$3020	MOVLW	32
$048A	$00AD	MOVWF	liquidcristal_main_local_local_text_8
$048B	$304F	MOVLW	79
$048C	$00AE	MOVWF	liquidcristal_main_local_local_text_9
$048D	$306E	MOVLW	110
$048E	$00AF	MOVWF	liquidcristal_main_local_local_text_10
$048F	$01B0	CLRF	liquidcristal_main_local_local_text_11
$0490	$3026	MOVLW	liquidcristal_main_local_local_text_1
$0491	$00BD	MOVWF	lcd8bit_lcd8_out_param_text
$0492	$20E6	CALL	lcd8bit_lcd8_out
$0493	$	LiquidCristal_L_134:
$0493	$	LiquidCristal_L_131:
$0493	$3000	MOVLW	0
$0494	$1303	BCF	STATUS,RP1
$0495	$1283	BCF	STATUS,RP0
$0496	$1B24	BTFSC	main_global_teclado_1, 6
$0497	$3001	MOVLW	1
$0498	$00F2	MOVWF	STACK_2
$0499	$3001	MOVLW	1
$049A	$0272	SUBWF	STACK_2, W
$049B	$1D03	BTFSS	STATUS, Z
$049C	$2CA2	GOTO	LiquidCristal_L_136
$049D	$	LiquidCristal_L_135:
$049D	$30FF	MOVLW	255
$049E	$1303	BCF	STATUS,RP1
$049F	$1283	BCF	STATUS,RP0
$04A0	$00F3	MOVWF	STACK_3
$04A1	$2CA5	GOTO	LiquidCristal_L_138
$04A2	$	LiquidCristal_L_136:
$04A2	$1303	BCF	STATUS,RP1
$04A3	$1283	BCF	STATUS,RP0
$04A4	$01F3	CLRF	STACK_3
$04A5	$	LiquidCristal_L_138:
$04A5	$30FF	MOVLW	255
$04A6	$1303	BCF	STATUS,RP1
$04A7	$1283	BCF	STATUS,RP0
$04A8	$0273	SUBWF	STACK_3, W
$04A9	$1D03	BTFSS	STATUS, Z
$04AA	$2CC9	GOTO	LiquidCristal_L_140
$04AB	$	LiquidCristal_L_139:
$04AB	$3002	MOVLW	2
$04AC	$1303	BCF	STATUS,RP1
$04AD	$1283	BCF	STATUS,RP0
$04AE	$00BB	MOVWF	lcd8bit_lcd8_out_param_row
$04AF	$3003	MOVLW	3
$04B0	$00BC	MOVWF	lcd8bit_lcd8_out_param_column
$04B1	$3042	MOVLW	66
$04B2	$00A6	MOVWF	liquidcristal_main_local_local_text_1
$04B3	$306F	MOVLW	111
$04B4	$00A7	MOVWF	liquidcristal_main_local_local_text_2
$04B5	$3074	MOVLW	116
$04B6	$00A8	MOVWF	liquidcristal_main_local_local_text_3
$04B7	$3061	MOVLW	97
$04B8	$00A9	MOVWF	liquidcristal_main_local_local_text_4
$04B9	$306F	MOVLW	111
$04BA	$00AA	MOVWF	liquidcristal_main_local_local_text_5
$04BB	$3020	MOVLW	32
$04BC	$00AB	MOVWF	liquidcristal_main_local_local_text_6
$04BD	$3036	MOVLW	54
$04BE	$00AC	MOVWF	liquidcristal_main_local_local_text_7
$04BF	$3020	MOVLW	32
$04C0	$00AD	MOVWF	liquidcristal_main_local_local_text_8
$04C1	$304F	MOVLW	79
$04C2	$00AE	MOVWF	liquidcristal_main_local_local_text_9
$04C3	$306E	MOVLW	110
$04C4	$00AF	MOVWF	liquidcristal_main_local_local_text_10
$04C5	$01B0	CLRF	liquidcristal_main_local_local_text_11
$04C6	$3026	MOVLW	liquidcristal_main_local_local_text_1
$04C7	$00BD	MOVWF	lcd8bit_lcd8_out_param_text
$04C8	$20E6	CALL	lcd8bit_lcd8_out
$04C9	$	LiquidCristal_L_140:
$04C9	$	LiquidCristal_L_137:
$04C9	$3000	MOVLW	0
$04CA	$1303	BCF	STATUS,RP1
$04CB	$1283	BCF	STATUS,RP0
$04CC	$1BA4	BTFSC	main_global_teclado_1, 7
$04CD	$3001	MOVLW	1
$04CE	$00F2	MOVWF	STACK_2
$04CF	$3001	MOVLW	1
$04D0	$0272	SUBWF	STACK_2, W
$04D1	$1D03	BTFSS	STATUS, Z
$04D2	$2CD8	GOTO	LiquidCristal_L_142
$04D3	$	LiquidCristal_L_141:
$04D3	$30FF	MOVLW	255
$04D4	$1303	BCF	STATUS,RP1
$04D5	$1283	BCF	STATUS,RP0
$04D6	$00F3	MOVWF	STACK_3
$04D7	$2CDB	GOTO	LiquidCristal_L_144
$04D8	$	LiquidCristal_L_142:
$04D8	$1303	BCF	STATUS,RP1
$04D9	$1283	BCF	STATUS,RP0
$04DA	$01F3	CLRF	STACK_3
$04DB	$	LiquidCristal_L_144:
$04DB	$30FF	MOVLW	255
$04DC	$1303	BCF	STATUS,RP1
$04DD	$1283	BCF	STATUS,RP0
$04DE	$0273	SUBWF	STACK_3, W
$04DF	$1D03	BTFSS	STATUS, Z
$04E0	$2CFF	GOTO	LiquidCristal_L_146
$04E1	$	LiquidCristal_L_145:
$04E1	$3002	MOVLW	2
$04E2	$1303	BCF	STATUS,RP1
$04E3	$1283	BCF	STATUS,RP0
$04E4	$00BB	MOVWF	lcd8bit_lcd8_out_param_row
$04E5	$3003	MOVLW	3
$04E6	$00BC	MOVWF	lcd8bit_lcd8_out_param_column
$04E7	$3042	MOVLW	66
$04E8	$00A6	MOVWF	liquidcristal_main_local_local_text_1
$04E9	$306F	MOVLW	111
$04EA	$00A7	MOVWF	liquidcristal_main_local_local_text_2
$04EB	$3074	MOVLW	116
$04EC	$00A8	MOVWF	liquidcristal_main_local_local_text_3
$04ED	$3061	MOVLW	97
$04EE	$00A9	MOVWF	liquidcristal_main_local_local_text_4
$04EF	$306F	MOVLW	111
$04F0	$00AA	MOVWF	liquidcristal_main_local_local_text_5
$04F1	$3020	MOVLW	32
$04F2	$00AB	MOVWF	liquidcristal_main_local_local_text_6
$04F3	$3037	MOVLW	55
$04F4	$00AC	MOVWF	liquidcristal_main_local_local_text_7
$04F5	$3020	MOVLW	32
$04F6	$00AD	MOVWF	liquidcristal_main_local_local_text_8
$04F7	$304F	MOVLW	79
$04F8	$00AE	MOVWF	liquidcristal_main_local_local_text_9
$04F9	$306E	MOVLW	110
$04FA	$00AF	MOVWF	liquidcristal_main_local_local_text_10
$04FB	$01B0	CLRF	liquidcristal_main_local_local_text_11
$04FC	$3026	MOVLW	liquidcristal_main_local_local_text_1
$04FD	$00BD	MOVWF	lcd8bit_lcd8_out_param_text
$04FE	$20E6	CALL	lcd8bit_lcd8_out
$04FF	$	LiquidCristal_L_146:
$04FF	$	LiquidCristal_L_143:
$04FF	$3000	MOVLW	0
$0500	$1303	BCF	STATUS,RP1
$0501	$1283	BCF	STATUS,RP0
$0502	$1825	BTFSC	main_global_teclado_2, 0
$0503	$3001	MOVLW	1
$0504	$00F2	MOVWF	STACK_2
$0505	$3001	MOVLW	1
$0506	$0272	SUBWF	STACK_2, W
$0507	$1D03	BTFSS	STATUS, Z
$0508	$2D0E	GOTO	LiquidCristal_L_148
$0509	$	LiquidCristal_L_147:
$0509	$30FF	MOVLW	255
$050A	$1303	BCF	STATUS,RP1
$050B	$1283	BCF	STATUS,RP0
$050C	$00F3	MOVWF	STACK_3
$050D	$2D11	GOTO	LiquidCristal_L_150
$050E	$	LiquidCristal_L_148:
$050E	$1303	BCF	STATUS,RP1
$050F	$1283	BCF	STATUS,RP0
$0510	$01F3	CLRF	STACK_3
$0511	$	LiquidCristal_L_150:
$0511	$30FF	MOVLW	255
$0512	$1303	BCF	STATUS,RP1
$0513	$1283	BCF	STATUS,RP0
$0514	$0273	SUBWF	STACK_3, W
$0515	$1D03	BTFSS	STATUS, Z
$0516	$2D35	GOTO	LiquidCristal_L_152
$0517	$	LiquidCristal_L_151:
$0517	$3002	MOVLW	2
$0518	$1303	BCF	STATUS,RP1
$0519	$1283	BCF	STATUS,RP0
$051A	$00BB	MOVWF	lcd8bit_lcd8_out_param_row
$051B	$3003	MOVLW	3
$051C	$00BC	MOVWF	lcd8bit_lcd8_out_param_column
$051D	$3042	MOVLW	66
$051E	$00A6	MOVWF	liquidcristal_main_local_local_text_1
$051F	$306F	MOVLW	111
$0520	$00A7	MOVWF	liquidcristal_main_local_local_text_2
$0521	$3074	MOVLW	116
$0522	$00A8	MOVWF	liquidcristal_main_local_local_text_3
$0523	$3061	MOVLW	97
$0524	$00A9	MOVWF	liquidcristal_main_local_local_text_4
$0525	$306F	MOVLW	111
$0526	$00AA	MOVWF	liquidcristal_main_local_local_text_5
$0527	$3020	MOVLW	32
$0528	$00AB	MOVWF	liquidcristal_main_local_local_text_6
$0529	$3038	MOVLW	56
$052A	$00AC	MOVWF	liquidcristal_main_local_local_text_7
$052B	$3020	MOVLW	32
$052C	$00AD	MOVWF	liquidcristal_main_local_local_text_8
$052D	$304F	MOVLW	79
$052E	$00AE	MOVWF	liquidcristal_main_local_local_text_9
$052F	$306E	MOVLW	110
$0530	$00AF	MOVWF	liquidcristal_main_local_local_text_10
$0531	$01B0	CLRF	liquidcristal_main_local_local_text_11
$0532	$3026	MOVLW	liquidcristal_main_local_local_text_1
$0533	$00BD	MOVWF	lcd8bit_lcd8_out_param_text
$0534	$20E6	CALL	lcd8bit_lcd8_out
$0535	$	LiquidCristal_L_152:
$0535	$	LiquidCristal_L_149:
$0535	$3000	MOVLW	0
$0536	$1303	BCF	STATUS,RP1
$0537	$1283	BCF	STATUS,RP0
$0538	$18A5	BTFSC	main_global_teclado_2, 1
$0539	$3001	MOVLW	1
$053A	$00F2	MOVWF	STACK_2
$053B	$3001	MOVLW	1
$053C	$0272	SUBWF	STACK_2, W
$053D	$1D03	BTFSS	STATUS, Z
$053E	$2D44	GOTO	LiquidCristal_L_154
$053F	$	LiquidCristal_L_153:
$053F	$30FF	MOVLW	255
$0540	$1303	BCF	STATUS,RP1
$0541	$1283	BCF	STATUS,RP0
$0542	$00F3	MOVWF	STACK_3
$0543	$2D47	GOTO	LiquidCristal_L_156
$0544	$	LiquidCristal_L_154:
$0544	$1303	BCF	STATUS,RP1
$0545	$1283	BCF	STATUS,RP0
$0546	$01F3	CLRF	STACK_3
$0547	$	LiquidCristal_L_156:
$0547	$30FF	MOVLW	255
$0548	$1303	BCF	STATUS,RP1
$0549	$1283	BCF	STATUS,RP0
$054A	$0273	SUBWF	STACK_3, W
$054B	$1D03	BTFSS	STATUS, Z
$054C	$2D6B	GOTO	LiquidCristal_L_158
$054D	$	LiquidCristal_L_157:
$054D	$3002	MOVLW	2
$054E	$1303	BCF	STATUS,RP1
$054F	$1283	BCF	STATUS,RP0
$0550	$00BB	MOVWF	lcd8bit_lcd8_out_param_row
$0551	$3003	MOVLW	3
$0552	$00BC	MOVWF	lcd8bit_lcd8_out_param_column
$0553	$3042	MOVLW	66
$0554	$00A6	MOVWF	liquidcristal_main_local_local_text_1
$0555	$306F	MOVLW	111
$0556	$00A7	MOVWF	liquidcristal_main_local_local_text_2
$0557	$3074	MOVLW	116
$0558	$00A8	MOVWF	liquidcristal_main_local_local_text_3
$0559	$3061	MOVLW	97
$055A	$00A9	MOVWF	liquidcristal_main_local_local_text_4
$055B	$306F	MOVLW	111
$055C	$00AA	MOVWF	liquidcristal_main_local_local_text_5
$055D	$3020	MOVLW	32
$055E	$00AB	MOVWF	liquidcristal_main_local_local_text_6
$055F	$3039	MOVLW	57
$0560	$00AC	MOVWF	liquidcristal_main_local_local_text_7
$0561	$3020	MOVLW	32
$0562	$00AD	MOVWF	liquidcristal_main_local_local_text_8
$0563	$304F	MOVLW	79
$0564	$00AE	MOVWF	liquidcristal_main_local_local_text_9
$0565	$306E	MOVLW	110
$0566	$00AF	MOVWF	liquidcristal_main_local_local_text_10
$0567	$01B0	CLRF	liquidcristal_main_local_local_text_11
$0568	$3026	MOVLW	liquidcristal_main_local_local_text_1
$0569	$00BD	MOVWF	lcd8bit_lcd8_out_param_text
$056A	$20E6	CALL	lcd8bit_lcd8_out
$056B	$	LiquidCristal_L_158:
$056B	$	LiquidCristal_L_155:
$056B	$3000	MOVLW	0
$056C	$1303	BCF	STATUS,RP1
$056D	$1283	BCF	STATUS,RP0
$056E	$1925	BTFSC	main_global_teclado_2, 2
$056F	$3001	MOVLW	1
$0570	$00F2	MOVWF	STACK_2
$0571	$3001	MOVLW	1
$0572	$0272	SUBWF	STACK_2, W
$0573	$1D03	BTFSS	STATUS, Z
$0574	$2D7A	GOTO	LiquidCristal_L_160
$0575	$	LiquidCristal_L_159:
$0575	$30FF	MOVLW	255
$0576	$1303	BCF	STATUS,RP1
$0577	$1283	BCF	STATUS,RP0
$0578	$00F3	MOVWF	STACK_3
$0579	$2D7D	GOTO	LiquidCristal_L_162
$057A	$	LiquidCristal_L_160:
$057A	$1303	BCF	STATUS,RP1
$057B	$1283	BCF	STATUS,RP0
$057C	$01F3	CLRF	STACK_3
$057D	$	LiquidCristal_L_162:
$057D	$30FF	MOVLW	255
$057E	$1303	BCF	STATUS,RP1
$057F	$1283	BCF	STATUS,RP0
$0580	$0273	SUBWF	STACK_3, W
$0581	$1D03	BTFSS	STATUS, Z
$0582	$2DA1	GOTO	LiquidCristal_L_164
$0583	$	LiquidCristal_L_163:
$0583	$3002	MOVLW	2
$0584	$1303	BCF	STATUS,RP1
$0585	$1283	BCF	STATUS,RP0
$0586	$00BB	MOVWF	lcd8bit_lcd8_out_param_row
$0587	$3003	MOVLW	3
$0588	$00BC	MOVWF	lcd8bit_lcd8_out_param_column
$0589	$3042	MOVLW	66
$058A	$00A6	MOVWF	liquidcristal_main_local_local_text_1
$058B	$306F	MOVLW	111
$058C	$00A7	MOVWF	liquidcristal_main_local_local_text_2
$058D	$3074	MOVLW	116
$058E	$00A8	MOVWF	liquidcristal_main_local_local_text_3
$058F	$3061	MOVLW	97
$0590	$00A9	MOVWF	liquidcristal_main_local_local_text_4
$0591	$306F	MOVLW	111
$0592	$00AA	MOVWF	liquidcristal_main_local_local_text_5
$0593	$3020	MOVLW	32
$0594	$00AB	MOVWF	liquidcristal_main_local_local_text_6
$0595	$3043	MOVLW	67
$0596	$00AC	MOVWF	liquidcristal_main_local_local_text_7
$0597	$3020	MOVLW	32
$0598	$00AD	MOVWF	liquidcristal_main_local_local_text_8
$0599	$304F	MOVLW	79
$059A	$00AE	MOVWF	liquidcristal_main_local_local_text_9
$059B	$306E	MOVLW	110
$059C	$00AF	MOVWF	liquidcristal_main_local_local_text_10
$059D	$01B0	CLRF	liquidcristal_main_local_local_text_11
$059E	$3026	MOVLW	liquidcristal_main_local_local_text_1
$059F	$00BD	MOVWF	lcd8bit_lcd8_out_param_text
$05A0	$20E6	CALL	lcd8bit_lcd8_out
$05A1	$	LiquidCristal_L_164:
$05A1	$	LiquidCristal_L_161:
$05A1	$3000	MOVLW	0
$05A2	$1303	BCF	STATUS,RP1
$05A3	$1283	BCF	STATUS,RP0
$05A4	$19A5	BTFSC	main_global_teclado_2, 3
$05A5	$3001	MOVLW	1
$05A6	$00F2	MOVWF	STACK_2
$05A7	$3001	MOVLW	1
$05A8	$0272	SUBWF	STACK_2, W
$05A9	$1D03	BTFSS	STATUS, Z
$05AA	$2DB0	GOTO	LiquidCristal_L_166
$05AB	$	LiquidCristal_L_165:
$05AB	$30FF	MOVLW	255
$05AC	$1303	BCF	STATUS,RP1
$05AD	$1283	BCF	STATUS,RP0
$05AE	$00F3	MOVWF	STACK_3
$05AF	$2DB3	GOTO	LiquidCristal_L_168
$05B0	$	LiquidCristal_L_166:
$05B0	$1303	BCF	STATUS,RP1
$05B1	$1283	BCF	STATUS,RP0
$05B2	$01F3	CLRF	STACK_3
$05B3	$	LiquidCristal_L_168:
$05B3	$30FF	MOVLW	255
$05B4	$1303	BCF	STATUS,RP1
$05B5	$1283	BCF	STATUS,RP0
$05B6	$0273	SUBWF	STACK_3, W
$05B7	$1D03	BTFSS	STATUS, Z
$05B8	$2DD7	GOTO	LiquidCristal_L_170
$05B9	$	LiquidCristal_L_169:
$05B9	$3002	MOVLW	2
$05BA	$1303	BCF	STATUS,RP1
$05BB	$1283	BCF	STATUS,RP0
$05BC	$00BB	MOVWF	lcd8bit_lcd8_out_param_row
$05BD	$3003	MOVLW	3
$05BE	$00BC	MOVWF	lcd8bit_lcd8_out_param_column
$05BF	$3042	MOVLW	66
$05C0	$00A6	MOVWF	liquidcristal_main_local_local_text_1
$05C1	$306F	MOVLW	111
$05C2	$00A7	MOVWF	liquidcristal_main_local_local_text_2
$05C3	$3074	MOVLW	116
$05C4	$00A8	MOVWF	liquidcristal_main_local_local_text_3
$05C5	$3061	MOVLW	97
$05C6	$00A9	MOVWF	liquidcristal_main_local_local_text_4
$05C7	$306F	MOVLW	111
$05C8	$00AA	MOVWF	liquidcristal_main_local_local_text_5
$05C9	$3020	MOVLW	32
$05CA	$00AB	MOVWF	liquidcristal_main_local_local_text_6
$05CB	$3045	MOVLW	69
$05CC	$00AC	MOVWF	liquidcristal_main_local_local_text_7
$05CD	$3020	MOVLW	32
$05CE	$00AD	MOVWF	liquidcristal_main_local_local_text_8
$05CF	$304F	MOVLW	79
$05D0	$00AE	MOVWF	liquidcristal_main_local_local_text_9
$05D1	$306E	MOVLW	110
$05D2	$00AF	MOVWF	liquidcristal_main_local_local_text_10
$05D3	$01B0	CLRF	liquidcristal_main_local_local_text_11
$05D4	$3026	MOVLW	liquidcristal_main_local_local_text_1
$05D5	$00BD	MOVWF	lcd8bit_lcd8_out_param_text
$05D6	$20E6	CALL	lcd8bit_lcd8_out
$05D7	$	LiquidCristal_L_170:
$05D7	$	LiquidCristal_L_167:
$05D7	$2B4E	GOTO	LiquidCristal_L_96
$05D8	$	LiquidCristal_L_98:
$05D8	$	LiquidCristal_L_171:
$05D8	$2DD8	GOTO	LiquidCristal_L_171


//** Procedures locations **
//ADDRESS		PROCEDURE
//----------------------------------------------
$0004		Delay_1us
$0006		Delay_5500us
$0017		Delay_500us
$0020		Lcd8_Cmd
$0065		Lcd8_Init
$00E6		Lcd8_Out
$0156		Le_Teclas
$0303		main
;*** procedure  	Delay_1us  ***;
;*** procedure  	Delay_500us  ***;
;*** procedure  	Delay_5500us  ***;
;*** procedure  	Lcd8_Cmd  ***;
;*** procedure  	Lcd8_Init  ***;
;*** procedure  	Lcd8_Out  ***;
;*** procedure  	Le_Teclas  ***;
;*** procedure  	main  ***;


//** Labels locations **
//ADDRESS		LABEL
//----------------------------------------------
$0004		delays_delay_1us:
$0006		delays_delay_5500us:
$000C		delays_L_5:
$000F		delays_L_6:
$0012		delays_L_7:
$0014		delays_L_8:
$0017		delays_delay_500us:
$001B		delays_L_4:
$0020		lcd8bit_lcd8_cmd:
$003F		lcd8bit_L_0:
$0042		lcd8bit_L_1:
$0043		lcd8bit_L_3:
$0047		lcd8bit_L_4:
$0049		lcd8bit_L_5:
$004A		lcd8bit_L_2:
$0053		lcd8bit_L_6:
$0058		lcd8bit_L_7:
$005B		lcd8bit_L_9:
$0061		lcd8bit_L_10:
$0063		lcd8bit_L_11:
$0064		lcd8bit_L_8:
$0065		lcd8bit_lcd8_init:
$00E6		lcd8bit_lcd8_out:
$00E7		lcd8bit_L_27:
$00ED		lcd8bit_L_26:
$00F2		lcd8bit_L_28:
$00F2		lcd8bit_L_30:
$00F8		lcd8bit_L_29:
$00FD		lcd8bit_L_31:
$00FD		lcd8bit_L_33:
$0103		lcd8bit_L_32:
$0108		lcd8bit_L_34:
$0108		lcd8bit_L_36:
$010E		lcd8bit_L_35:
$0113		lcd8bit_L_37:
$0117		lcd8bit_L_25:
$012C		lcd8bit_L_38:
$0132		lcd8bit_L_39:
$0137		lcd8bit_L_40:
$013A		lcd8bit_L_41:
$0140		lcd8bit_L_42:
$014C		lcd8bit_L_44:
$0151		lcd8bit_L_43:
$0156		LiquidCristal_le_teclas:
$015D		LiquidCristal_L_0:
$0162		LiquidCristal_L_1:
$0165		LiquidCristal_L_3:
$016B		LiquidCristal_L_4:
$017A		LiquidCristal_L_6:
$017F		LiquidCristal_L_7:
$0182		LiquidCristal_L_9:
$0188		LiquidCristal_L_10:
$018B		LiquidCristal_L_11:
$018B		LiquidCristal_L_8:
$0195		LiquidCristal_L_12:
$019A		LiquidCristal_L_13:
$019D		LiquidCristal_L_15:
$01A3		LiquidCristal_L_16:
$01A6		LiquidCristal_L_14:
$01A6		LiquidCristal_L_17:
$01B0		LiquidCristal_L_18:
$01B5		LiquidCristal_L_19:
$01B8		LiquidCristal_L_21:
$01BE		LiquidCristal_L_22:
$01C1		LiquidCristal_L_2:
$01C1		LiquidCristal_L_20:
$01C1		LiquidCristal_L_23:
$01C1		LiquidCristal_L_5:
$01C7		LiquidCristal_L_24:
$01CC		LiquidCristal_L_25:
$01CF		LiquidCristal_L_27:
$01D5		LiquidCristal_L_28:
$01E4		LiquidCristal_L_30:
$01E9		LiquidCristal_L_31:
$01EC		LiquidCristal_L_33:
$01F2		LiquidCristal_L_34:
$01F5		LiquidCristal_L_32:
$01F5		LiquidCristal_L_35:
$01FF		LiquidCristal_L_36:
$0204		LiquidCristal_L_37:
$0207		LiquidCristal_L_39:
$020D		LiquidCristal_L_40:
$0210		LiquidCristal_L_38:
$0210		LiquidCristal_L_41:
$021A		LiquidCristal_L_42:
$021F		LiquidCristal_L_43:
$0222		LiquidCristal_L_45:
$0228		LiquidCristal_L_46:
$022B		LiquidCristal_L_26:
$022B		LiquidCristal_L_29:
$022B		LiquidCristal_L_44:
$022B		LiquidCristal_L_47:
$0231		LiquidCristal_L_48:
$0236		LiquidCristal_L_49:
$0239		LiquidCristal_L_51:
$023F		LiquidCristal_L_52:
$024E		LiquidCristal_L_54:
$0253		LiquidCristal_L_55:
$0256		LiquidCristal_L_57:
$025C		LiquidCristal_L_58:
$025F		LiquidCristal_L_56:
$025F		LiquidCristal_L_59:
$0269		LiquidCristal_L_60:
$026E		LiquidCristal_L_61:
$0271		LiquidCristal_L_63:
$0277		LiquidCristal_L_64:
$027A		LiquidCristal_L_62:
$027A		LiquidCristal_L_65:
$0284		LiquidCristal_L_66:
$0289		LiquidCristal_L_67:
$028C		LiquidCristal_L_69:
$0292		LiquidCristal_L_70:
$0295		LiquidCristal_L_50:
$0295		LiquidCristal_L_53:
$0295		LiquidCristal_L_68:
$0295		LiquidCristal_L_71:
$029B		LiquidCristal_L_72:
$02A0		LiquidCristal_L_73:
$02A3		LiquidCristal_L_75:
$02A9		LiquidCristal_L_76:
$02B8		LiquidCristal_L_78:
$02BD		LiquidCristal_L_79:
$02C0		LiquidCristal_L_81:
$02C6		LiquidCristal_L_82:
$02C9		LiquidCristal_L_80:
$02C9		LiquidCristal_L_83:
$02D3		LiquidCristal_L_84:
$02D8		LiquidCristal_L_85:
$02DB		LiquidCristal_L_87:
$02E1		LiquidCristal_L_88:
$02E4		LiquidCristal_L_86:
$02E4		LiquidCristal_L_89:
$02EE		LiquidCristal_L_90:
$02F3		LiquidCristal_L_91:
$02F6		LiquidCristal_L_93:
$02FC		LiquidCristal_L_94:
$02FF		LiquidCristal_L_92:
$02FF		LiquidCristal_L_95:
$0302		LiquidCristal_L_74:
$0302		LiquidCristal_L_77:
$0303		LiquidCristal_main:
$034E		LiquidCristal_L_96:
$034E		LiquidCristal_L_97:
$034E		LiquidCristal_main_loop_principal:
$0359		LiquidCristal_L_99:
$035E		LiquidCristal_L_100:
$0361		LiquidCristal_L_102:
$0367		LiquidCristal_L_103:
$0385		LiquidCristal_L_101:
$0385		LiquidCristal_L_104:
$038F		LiquidCristal_L_105:
$0394		LiquidCristal_L_106:
$0397		LiquidCristal_L_108:
$039D		LiquidCristal_L_109:
$03BB		LiquidCristal_L_107:
$03BB		LiquidCristal_L_110:
$03C5		LiquidCristal_L_111:
$03CA		LiquidCristal_L_112:
$03CD		LiquidCristal_L_114:
$03D3		LiquidCristal_L_115:
$03F1		LiquidCristal_L_113:
$03F1		LiquidCristal_L_116:
$03FB		LiquidCristal_L_117:
$0400		LiquidCristal_L_118:
$0403		LiquidCristal_L_120:
$0409		LiquidCristal_L_121:
$0427		LiquidCristal_L_119:
$0427		LiquidCristal_L_122:
$0431		LiquidCristal_L_123:
$0436		LiquidCristal_L_124:
$0439		LiquidCristal_L_126:
$043F		LiquidCristal_L_127:
$045D		LiquidCristal_L_125:
$045D		LiquidCristal_L_128:
$0467		LiquidCristal_L_129:
$046C		LiquidCristal_L_130:
$046F		LiquidCristal_L_132:
$0475		LiquidCristal_L_133:
$0493		LiquidCristal_L_131:
$0493		LiquidCristal_L_134:
$049D		LiquidCristal_L_135:
$04A2		LiquidCristal_L_136:
$04A5		LiquidCristal_L_138:
$04AB		LiquidCristal_L_139:
$04C9		LiquidCristal_L_137:
$04C9		LiquidCristal_L_140:
$04D3		LiquidCristal_L_141:
$04D8		LiquidCristal_L_142:
$04DB		LiquidCristal_L_144:
$04E1		LiquidCristal_L_145:
$04FF		LiquidCristal_L_143:
$04FF		LiquidCristal_L_146:
$0509		LiquidCristal_L_147:
$050E		LiquidCristal_L_148:
$0511		LiquidCristal_L_150:
$0517		LiquidCristal_L_151:
$0535		LiquidCristal_L_149:
$0535		LiquidCristal_L_152:
$053F		LiquidCristal_L_153:
$0544		LiquidCristal_L_154:
$0547		LiquidCristal_L_156:
$054D		LiquidCristal_L_157:
$056B		LiquidCristal_L_155:
$056B		LiquidCristal_L_158:
$0575		LiquidCristal_L_159:
$057A		LiquidCristal_L_160:
$057D		LiquidCristal_L_162:
$0583		LiquidCristal_L_163:
$05A1		LiquidCristal_L_161:
$05A1		LiquidCristal_L_164:
$05AB		LiquidCristal_L_165:
$05B0		LiquidCristal_L_166:
$05B3		LiquidCristal_L_168:
$05B9		LiquidCristal_L_169:
$05D7		LiquidCristal_L_167:
$05D7		LiquidCristal_L_170:
$05D8		LiquidCristal_L_171:
$05D8		LiquidCristal_L_98:


//** Variables locations **
//ADDRESS		VARIABLE
//----------------------------------------------
$0000		INDF
$0002		PCL
$0003		STATUS
$0004		FSR
$0005		PORTA
$0008		PORTD
$0009		PORTE
$000A		PCLATH
$0020		lcd8bit_main_global_dataaddress
$0021		lcd8bit_main_global_ctrladdress
$0022		lcd8bit_main_global_com
$0023		main_global_indice
$0024		main_global_teclado
$0026		liquidcristal_main_local_local_text
$0039		lcd8bit_lcd8_init_param_portctrl
$0039		lcd8bit_lcd8_out_local_i
$003A		lcd8bit_lcd8_init_param_portdata
$003A		lcd8bit_lcd8_out_local_a
$003B		lcd8bit_lcd8_out_param_row
$003C		lcd8bit_lcd8_out_param_column
$003D		lcd8bit_lcd8_out_param_text
$003E		lcd8bit_lcd8_cmd_param_out_char
$0070		STACK_0
$0071		STACK_1
$0072		STACK_2
$0073		STACK_3
$0074		STACK_4
$0081		OPTION_REG
$0085		TRISA
$0086		TRISB
$0088		TRISD
$0089		TRISE
$009F		ADCON1


