
ROM used: 73 (1%)
          73 (1%) including unused fragments

          0 Average locations per line
          7 Average locations per statement

RAM used: 7 (2%) at main() level
          7 (2%) worst case

Stack used: 0 worst case (out of 8 total available)

Lines Stmts  %   Files
----- ----- ---  -----
   25    10 100  exercicio1.c
  309     0   0  ..\..\..\..\..\..\..\..\Program Files\PICC\devices\16F877A.h
----- -----
  334    10 Total

Page ROM  %  RAM   Vol Diff  Functions:
---- --- --- ---   --- ----  ----------
0     69  95   0   214  2.7  main

Program metrics:
    Functions               1
    Statements              10
    Comments                76
    Volume (V)              214
    Difficilty (D)          2.7
    Effort to implement (E) 581
    Time to implement (T)   1 minutes
    Est Delivered Bugs (B)  0
    Cyclomatic Complexity   3
    Maintainability (MI)    145

 Segment     Used  Free
-----------  ----  ----
00000-00003     4  0  
00004-007FF    69  1975  
00800-00FFF     0  2048  
01000-017FF     0  2048  
01800-01FFF     0  2048  



