CCS PCM C Compiler, Version 4.038, 33467               28-out-10 10:38

               Filename: C:\Users\Fabio Dela Bruna\Documents\Curso de Ciência da Computação\8º Semestre\Programação para Microcontroladores - Prof. Fernando Kestering Longo\Exercícios\Lista5\exercicio1.lst

               ROM used: 73 words (1%)
                         Largest free fragment is 2048
               RAM used: 7 (2%) at main() level
                         7 (2%) worst case
               Stack:    0 locations

*
0000:  MOVLW  00
0001:  MOVWF  0A
0002:  GOTO   004
0003:  NOP
.................... #include <16F877A.h> 
.................... //////// Standard Header file for the PIC16F877A device //////////////// 
.................... #device PIC16F877A 
.................... #list 
....................  
.................... #fuses XT, PROTECT 
.................... #use delay(clock=4MHz) 
.................... #use rs232(baud=9600,xmit=pin_c6,rcv=pin_c7) 
....................  
....................  
.................... void main() { 
0004:  CLRF   04
0005:  BCF    03.7
0006:  MOVLW  1F
0007:  ANDWF  03,F
0008:  MOVLW  19
0009:  BSF    03.5
000A:  MOVWF  19
000B:  MOVLW  A6
000C:  MOVWF  18
000D:  MOVLW  90
000E:  BCF    03.5
000F:  MOVWF  18
0010:  BSF    03.5
0011:  BSF    1F.0
0012:  BSF    1F.1
0013:  BSF    1F.2
0014:  BCF    1F.3
0015:  MOVLW  07
0016:  MOVWF  1C
....................  
....................    setup_ccp1(CCP_PWM); 
0017:  MOVLW  FF
0018:  BCF    03.5
0019:  MOVWF  20
001A:  BCF    20.2
001B:  MOVF   20,W
001C:  BSF    03.5
001D:  MOVWF  07
001E:  BCF    03.5
001F:  BCF    07.2
0020:  MOVLW  0C
0021:  MOVWF  17
....................    setup_timer_2(T2_DIV_BY_4, 9, 1); 
0022:  MOVLW  00
0023:  MOVWF  78
0024:  IORLW  05
0025:  MOVWF  12
0026:  MOVLW  09
0027:  BSF    03.5
0028:  MOVWF  12
....................  
....................    while(true) { 
....................  
....................       if(input(pin_a0)) 
0029:  BSF    05.0
002A:  BCF    03.5
002B:  BTFSS  05.0
002C:  GOTO   032
....................          set_pwm1_duty(1000); // 25% 
002D:  MOVLW  FA
002E:  MOVWF  15
002F:  MOVF   17,W
0030:  ANDLW  CF
0031:  MOVWF  17
....................       if(input(pin_a1))          
0032:  BSF    03.5
0033:  BSF    05.1
0034:  BCF    03.5
0035:  BTFSS  05.1
0036:  GOTO   03C
....................          set_pwm1_duty(2000); // 50% 
0037:  MOVLW  F4
0038:  MOVWF  15
0039:  MOVF   17,W
003A:  ANDLW  CF
003B:  MOVWF  17
....................       if(input(pin_a2)) 
003C:  BSF    03.5
003D:  BSF    05.2
003E:  BCF    03.5
003F:  BTFSS  05.2
0040:  GOTO   046
....................          set_pwm1_duty(3000); // 75% 
0041:  MOVLW  EE
0042:  MOVWF  15
0043:  MOVF   17,W
0044:  ANDLW  CF
0045:  MOVWF  17
....................       
....................        
....................    } 
0046:  BSF    03.5
0047:  GOTO   029
.................... } 
....................  
0048:  SLEEP

Configuration Fuses:
   Word  1: 1F71   XT NOWDT PUT PROTECT NODEBUG BROWNOUT NOLVP NOCPD NOWRT
