MPASM 03.80.04 Internal                           MEMORIA.ASM   5-15-2005  13:46:30         PAGE  1


LOC  OBJECT CODE     LINE SOURCE TEXT
  VALUE

                      00001 ;*      *       *       *       *       *       *       *       *       *
                      00002 ;*                                                                      *
                      00003 ;*                     EXEMPLO3: UTILIZANDO O LCD                       *
                      00004 ;*                   APOSTILA MÓDULO B  -  PIC16F877A                   *
                      00005 ;*                    ÁPICE TECNOLOGIA E TREINAMENTO                    *
                      00006 ;*          VERSÃO 1.0                          DATA:03/05/2005         *
                      00007 ;*                                                                      *
                      00008 ;*      *       *       *       *       *       *       *       *       *
                      00009 
                      00010 ;*      *       *       *       *       *       *       *       *       *
                      00011 ;*                       OBJETIVO DO ARQUIVO FONTE                      *
                      00012 ;*                                                                      *
                      00013 ;*                    DEMONSTRAR A UTILIZAÇÃO DO LCD                    *
                      00014 ;*                                                                      *
                      00015 ;*      *       *       *       *       *       *       *       *       *
                      00016 
                      00017  #INCLUDE <P16F877.INC>         ;ARQUIVO PADRÃO PARA PIC16F877A
                      00001         LIST
                      00002 ; P16F877.INC  Standard Header File, Version 1.00    Microchip Technology, Inc.
                      00373         LIST
2007   3F35           00018  __CONFIG _CP_OFF & _XT_OSC & _PWRTE_ON & _LVP_OFF & _WDT_ON & _BODEN_OFF & _CPD_OFF & _DEBUG_OFF
                      00019         
                      00020         ;NESTE PONTO É INFORMADO A CONFIGURAÇÃO DA MÁQUINA, OU SEJA, SE TERÁ
                      00021         ;CÓDIGO DE PROTEÇÃO OU O TIPO DE CRISTAL QUE SERÁ UTILIZADO     
                      00022 
                      00023         ;CONFIGURAÇÃO DA MÁQUINA
                      00024         ; CODE PROTECT                  -> DESLIGADO
                      00025         ; OSCILADOR                     -> CRISTAL OU RESSONADOR
                      00026         ; POWER-UP                      -> LIGADO
                      00027         ; DEBUF                         -> DESLIGADO            
                      00028         ; PROGRAMAÇÃO EM BAIXA VOLTAGEM -> DESLIGADO
                      00029         ; WATCH DOG                     -> LIGADO
                      00030         ; BROWN-OUT RESET               -> DESLIGADO
                      00031         ; PROTEÇÃO DE EEPROM            -> DESLIGADO
                      00032                 
                      00033 ;*      *       *       *       *       *       *       *       *       *
                      00034 ;*                         PAGINAÇÃO DE MEMÓRIA                         *
                      00035 ;*      *       *       *       *       *       *       *       *       *
                      00036 
                      00037 ; AQUI CRIAREMOS UM PSEUDÔNIMO PARA UM COMANDO. POR EXEMPLO, O COMANDO
                      00038 ; "BCF STATUS,RP0" PODE SER SUBSTITUÍDO SEM PROBLEMAS POR "BANK0". O 
                      00039 ; COMPILADOR IRÁ SUBSTITUIR INTERNAMENTE "BANK0" POR "BCF STATUS,RP0".
                      00040 ; ESTA APLICAÇÃO É VÁLIDA PARA OUTROS TIPOS DE COMANDOS
                      00041 
                      00042 #DEFINE BANK0   BCF     STATUS,RP0      ; ESCOLHE BANCO DE MEMÓRIA 0
                      00043 #DEFINE BANK1   BSF     STATUS,RP0      ; ESCOLHE BANCO DE MEMÓRIA 1
                      00044 
                      00045 ;*      *       *       *       *       *       *       *       *       *
                      00046 ;*                           DEFINICAO DE RAM                           *
                      00047 ;*      *       *       *       *       *       *       *       *       *
                      00048 
                      00049 ; AQUI IREMOS CRIAR AS VARIÁVEIS DO NOSSO SISTEMA
                      00050 
MPASM 03.80.04 Internal                           MEMORIA.ASM   5-15-2005  13:46:30         PAGE  2


LOC  OBJECT CODE     LINE SOURCE TEXT
  VALUE

                      00051         CBLOCK 0x20      ; INÍCIO DO BLOCO DE RAM(GPR)
  00000020            00052                 TEMPO1   ; VARIÁVEL DA ROTINA DE TEMPO          
  00000021            00053                 TEMPO2   ; VARIÁVEL DA ROTINA DE TEMPO                          
  00000022            00054                 TECLADO1 ; VARIÁVEL PARA MARCAR AS TECLAS  
  00000023            00055                 TECLADO2 ; VARIÁVEL PARA MARCAR AS TECLAS
  00000024            00056                 INDICE   ; VARIÁVEL DE ÍNDICE
  00000025            00057                 TEMP     ; VARIÁVEL TEMPORÁRIA          
                      00058         ENDC             ; FIM DO BLOCO DE RAM(GPR)
                      00059         
                      00060         CBLOCK 0x70
  00000070            00061                 W_TEMP   ; VARIÁVEIS TEMPORÁRIAS
  00000071            00062                 STATUS_TEMP     
  00000072            00063                 FSR_TEMP
  00000073            00064                 PCLATH_TEMP
                      00065         ENDC
                      00066                 
                      00067 ;*      *       *       *       *       *       *       *       *       *
                      00068 ;*                        DEFINICAO DE FLAGS                            *
                      00069 ;*      *       *       *       *       *       *       *       *       *
                      00070 
                      00071 ; AQUI SÃO DEFINIDOS OS FLAGS QUE SERÃO UTILIZADOS PELO SISTEMA
                      00072 
                      00073 #DEFINE  TECLA_0        TECLADO1,0  ; TECLA 0 DO TECLADO MATRICIAL
                      00074 #DEFINE  TECLA_1        TECLADO1,1  ; TECLA 1 DO TECLADO MATRICIAL      
                      00075 #DEFINE  TECLA_2        TECLADO1,2  ; TECLA 2 DO TECLADO MATRICIAL      
                      00076 #DEFINE  TECLA_3        TECLADO1,3  ; TECLA 3 DO TECLADO MATRICIAL
                      00077 #DEFINE  TECLA_4        TECLADO1,4  ; TECLA 4 DO TECLADO MATRICIAL
                      00078 #DEFINE  TECLA_5        TECLADO1,5  ; TECLA 5 DO TECLADO MATRICIAL
                      00079 #DEFINE  TECLA_6        TECLADO1,6  ; TECLA 6 DO TECLADO MATRICIAL
                      00080 #DEFINE  TECLA_7        TECLADO1,7  ; TECLA 7 DO TECLADO MATRICIAL
                      00081 #DEFINE  TECLA_8        TECLADO2,0  ; TECLA 8 DO TECLADO MATRICIAL
                      00082 #DEFINE  TECLA_9        TECLADO2,1  ; TECLA 9 DO TECLADO MATRICIAL
                      00083 #DEFINE  TECLA_C        TECLADO2,2  ; TECLA CORRIGE DO TECLADO MATRICIAL
                      00084 #DEFINE  TECLA_E        TECLADO2,3  ; TECLA ENTER DO TECLADO MATRICIAL
                      00085         
                      00086 ;*      *       *       *       *       *       *       *       *       *
                      00087 ;*                      DEFINICAO DE CONSTANTES                         *
                      00088 ;*      *       *       *       *       *       *       *       *       *
                      00089 
                      00090 ; AQUI SÃO DEFINIDOS AS CONSTANTES QUE SERÃO UTILIZADOS PELO SISTEMA
                      00091 
                      00092 #DEFINE LINHA_SUP       0x80    ; CONSTANTE PARA LINHA SUPERIOR
                      00093 #DEFINE LINHA_INF       0xC0    ; CONSTANTE PARA LINHA INFERIOR
                      00094 #DEFINE TEMPO_BEEP      .10     ; CONSTANTE PARA TOCAR BEEP(MULTIPLOS DE 1ms) 
                      00095 
                      00096 #DEFINE SEL_LINHA1      B'00001110'  ; SELECIONA LINHA 1        
                      00097 #DEFINE SEL_LINHA2      B'00001101'  ; SELECIONA LINHA 2                
                      00098 #DEFINE SEL_LINHA3      B'00001011'  ; SELECIONA LINHA 3                
                      00099 #DEFINE SEL_LINHA4      B'00000111'  ; SELECIONA LINHA 4        
                      00100 
                      00101 ;*      *       *       *       *       *       *       *       *       *
                      00102 ;*                        ENTRADAS DO SISTEMA                           *
                      00103 ;*      *       *       *       *       *       *       *       *       *
MPASM 03.80.04 Internal                           MEMORIA.ASM   5-15-2005  13:46:30         PAGE  3


LOC  OBJECT CODE     LINE SOURCE TEXT
  VALUE

                      00104 
                      00105 #DEFINE COL1            PORTA,4      ; PINO DE ENTRADA DA COLUNA1       
                      00106 #DEFINE COL2            PORTA,5      ; PINO DE ENTRADA DA COLUNA2               
                      00107 #DEFINE COL3            PORTE,0      ; PINO DE ENTRADA DA COLUNA3               
                      00108 
                      00109 ;*      *       *       *       *       *       *       *       *       *
                      00110 ;*                        SAÍDAS DO SISTEMA                             *
                      00111 ;*      *       *       *       *       *       *       *       *       *
                      00112 
                      00113 ; AQUI SÃO DEFINIDAS AS SAÍDAS QUE SERÃO UTILIZADOS PELO SISTEMA
                      00114 
                      00115 #DEFINE BUS             PORTD   ; DEFINE O BARRAMENTO COMO O PORTD 
                      00116 #DEFINE RS              PORTE,1 ; RS DO DISPLAY
                      00117 #DEFINE EN              PORTE,2 ; EN DO DISPLAY
                      00118 #DEFINE BEEP            PORTC,5 ; SAÍDA PARA LIGAR O BEEP
                      00119 
                      00120 ;*      *       *       *       *       *       *       *       *       *
                      00121 ;*                          VETOR DE RESET                              *
                      00122 ;*      *       *       *       *       *       *       *       *       *
                      00123 
0000                  00124         ORG     0x0000          ; ENDEREÇO INICIAL DA MÁQUINA
0000   28A8           00125         GOTO    CONFIG_         ; SALTA PARA CONFIGURAR A MÁQUINA
                      00126 
                      00127 ;*      *       *       *       *       *       *       *       *       *
                      00128 ;*                       VETOR DE INTERRUPÇÃO                           *
                      00129 ;*      *       *       *       *       *       *       *       *       *
                      00130 
0004                  00131         ORG     0x0004          ; ENDEREÇO INICIAL DO VETOR DE INTERRUPÇÃO
0004                  00132 SALVA_CONTEXTO
0004   00F0           00133         MOVWF   W_TEMP          ; SALVA W
0005   0E03           00134         SWAPF   STATUS,W        
0006   00F1           00135         MOVWF   STATUS_TEMP     ; SALVA STATUS
0007   0804           00136         MOVF    FSR,W
0008   00F2           00137         MOVWF   FSR_TEMP        ; SALVA FSR     
Message[305]: Using default destination of 1 (file).
0009   088A           00138         MOVF    PCLATH  
000A   00F3           00139         MOVWF   PCLATH_TEMP     ; SALVA PCLATH
                      00140         
000B   0183           00141         CLRF    STATUS          ; GARANTE BANCO 0
000C   018A           00142         CLRF    PCLATH          ; GARANTE PÁGINA 0
                      00143         
000D   190B           00144         BTFSC   INTCON,T0IF     ; INTERRUPÇÃO DE TIMER0?
000E   2818           00145         GOTO    TRATA_TIMER0    ; SIM, ENTÃO TRATA
                      00146         
000F                  00147 SAI_INTERRUPCAO 
000F   0872           00148         MOVF    FSR_TEMP,W
0010   0084           00149         MOVWF   FSR             ; RECUPERA FSR
0011   0873           00150         MOVF    PCLATH_TEMP,W   
0012   008A           00151         MOVWF   PCLATH          ; RECUPERA PCLATH
0013   0E71           00152         SWAPF   STATUS_TEMP,W
0014   0083           00153         MOVWF   STATUS          ; RECUPERA STATUS
0015   0EF0           00154         SWAPF   W_TEMP,F
0016   0E70           00155         SWAPF   W_TEMP,W        ; RECUPERA W
MPASM 03.80.04 Internal                           MEMORIA.ASM   5-15-2005  13:46:30         PAGE  4


LOC  OBJECT CODE     LINE SOURCE TEXT
  VALUE

0017   0009           00156         RETFIE                  ; RETORNA DA INTERRUPÇÃO
                      00157 
                      00158 ;*      *       *       *       *       *       *       *       *       *
                      00159 ;*                  TRATATAMENTO DE INTERRUPÇÃO DE TIMER0               *
                      00160 ;*      *       *       *       *       *       *       *       *       *
                      00161 
0018                  00162 TRATA_TIMER0
                      00163         
0018   110B           00164         BCF     INTCON,T0IF      ; LIMPA FLAG DE INTERRUPÇÃO
Message[305]: Using default destination of 1 (file).
0019   0AA4           00165         INCF    INDICE           ; INCREMENTA INDICE 
001A   3003           00166         MOVLW   B'00000011'      
001B   0524           00167         ANDWF   INDICE,W         ; MASCARA OS BITS SUPERIORES   
001C   0782           00168         ADDWF   PCL,F            ; SOMA CONTEÚDO COM PCL        
001D   2821           00169         GOTO    VERIFICA_LINHA1  ; SALTA PARA TRATAR A LINHA 1
001E   282D           00170         GOTO    VERIFICA_LINHA2  ; SALTA PARA TRATAR A LINHA 2
001F   2839           00171         GOTO    VERIFICA_LINHA3  ; SALTA PARA TRATAR A LINHA 3
0020   2845           00172         GOTO    VERIFICA_LINHA4  ; SALTA PARA TRATAR A LINHA 4
                      00173         
                      00174 
0021                  00175 VERIFICA_LINHA1
                      00176         
0021   300E           00177         MOVLW   SEL_LINHA1      
0022   0088           00178         MOVWF   BUS             ; SELECIONA A LINHA 1   
                      00179         
0023   10A2           00180         BCF     TECLA_1         ; LIMPA FLAG DA TECLA 1 PRESSIONADA
0024   1122           00181         BCF     TECLA_2         ; LIMPA FLAG DA TECLA 2 PRESSIONADA
0025   11A2           00182         BCF     TECLA_3         ; LIMPA FLAG DA TECLA 3 PRESSIONADA
                      00183                 
0026   1E05           00184         BTFSS   COL1            ; COLUNA1 ESTÁ PRESSIONADA?
0027   14A2           00185         BSF     TECLA_1         ; SIM, ENTÃO SETA TECLA_1
                      00186         
0028   1E85           00187         BTFSS   COL2            ; COLUNA2 ESTÁ PRESSIONADA?
0029   1522           00188         BSF     TECLA_2         ; SIM, ENTÃO SETA TECLA_2
                      00189         
002A   1C09           00190         BTFSS   COL3            ; COLUNA3 ESTÁ PRESSIONADA?
002B   15A2           00191         BSF     TECLA_3         ; SIM, ENTÃO SETA TECLA_3
                      00192         
002C   280F           00193         GOTO    SAI_INTERRUPCAO ; SAI DA INTERRUPÇÃO
                      00194         
002D                  00195 VERIFICA_LINHA2
                      00196         
002D   300D           00197         MOVLW   SEL_LINHA2
002E   0088           00198         MOVWF   BUS             ; SELECIONA A LINHA 2   
                      00199         
002F   1222           00200         BCF     TECLA_4         ; LIMPA FLAG DA TECLA 4 PRESSIONADA
0030   12A2           00201         BCF     TECLA_5         ; LIMPA FLAG DA TECLA 5 PRESSIONADA
0031   1322           00202         BCF     TECLA_6         ; LIMPA FLAG DA TECLA 6 PRESSIONADA
                      00203                 
0032   1E05           00204         BTFSS   COL1            ; COLUNA1 ESTÁ PRESSIONADA?
0033   1622           00205         BSF     TECLA_4         ; SIM, ENTÃO SETA TECLA_4
                      00206         
0034   1E85           00207         BTFSS   COL2            ; COLUNA2 ESTÁ PRESSIONADA?
MPASM 03.80.04 Internal                           MEMORIA.ASM   5-15-2005  13:46:30         PAGE  5


LOC  OBJECT CODE     LINE SOURCE TEXT
  VALUE

0035   16A2           00208         BSF     TECLA_5         ; SIM, ENTÃO SETA TECLA_5
                      00209         
0036   1C09           00210         BTFSS   COL3            ; COLUNA3 ESTÁ PRESSIONADA?
0037   1722           00211         BSF     TECLA_6         ; SIM, ENTÃO SETA TECLA_6
                      00212         
0038   280F           00213         GOTO    SAI_INTERRUPCAO ; SAI DA INTERRUPÇÃO
                      00214 
0039                  00215 VERIFICA_LINHA3
                      00216         
0039   300B           00217         MOVLW   SEL_LINHA3
003A   0088           00218         MOVWF   BUS             ; SELECIONA A LINHA 3   
                      00219         
003B   13A2           00220         BCF     TECLA_7         ; LIMPA FLAG DA TECLA 7 PRESSIONADA
003C   1023           00221         BCF     TECLA_8         ; LIMPA FLAG DA TECLA 8 PRESSIONADA
003D   10A3           00222         BCF     TECLA_9         ; LIMPA FLAG DA TECLA 9 PRESSIONADA
                      00223                 
003E   1E05           00224         BTFSS   COL1            ; COLUNA1 ESTÁ PRESSIONADA?
003F   17A2           00225         BSF     TECLA_7         ; SIM, ENTÃO SETA TECLA_7
                      00226         
0040   1E85           00227         BTFSS   COL2            ; COLUNA2 ESTÁ PRESSIONADA?
0041   1423           00228         BSF     TECLA_8         ; SIM, ENTÃO SETA TECLA_8
                      00229         
0042   1C09           00230         BTFSS   COL3            ; COLUNA3 ESTÁ PRESSIONADA?
0043   14A3           00231         BSF     TECLA_9         ; SIM, ENTÃO SETA TECLA_9
                      00232         
0044   280F           00233         GOTO    SAI_INTERRUPCAO ; SAI DA INTERRUPÇÃO
                      00234 
0045                  00235 VERIFICA_LINHA4
                      00236         
0045   3007           00237         MOVLW   SEL_LINHA4      
0046   0088           00238         MOVWF   BUS             ; SELECIONA A LINHA 4   
                      00239         
0047   11A3           00240         BCF     TECLA_E         ; LIMPA FLAG DA TECLA ENTER PRESSIONADA
0048   1123           00241         BCF     TECLA_C         ; LIMPA FLAG DA TECLA CORRIGE PRESSIONADA
0049   1022           00242         BCF     TECLA_0         ; LIMPA FLAG DA TECLA 0 PRESSIONADA
                      00243                 
004A   1E05           00244         BTFSS   COL1            ; COLUNA1 ESTÁ PRESSIONADA?
004B   1523           00245         BSF     TECLA_C         ; SIM, ENTÃO SETA TECLA_C
                      00246         
004C   1E85           00247         BTFSS   COL2            ; COLUNA2 ESTÁ PRESSIONADA?
004D   1422           00248         BSF     TECLA_0         ; SIM, ENTÃO SETA TECLA_0
                      00249         
004E   1C09           00250         BTFSS   COL3            ; COLUNA3 ESTÁ PRESSIONADA?
004F   15A3           00251         BSF     TECLA_E         ; SIM, ENTÃO SETA TECLA_E
                      00252         
0050   280F           00253         GOTO    SAI_INTERRUPCAO ; SAI DA INTERRUPÇÃO
                      00254 
                      00255 ;*      *       *       *       *       *       *       *       *       *
                      00256 ;*                    ROTINA DE DELAY DE 1ms A 256ms                    *
                      00257 ;*      *       *       *       *       *       *       *       *       *
                      00258 
0051                  00259 DELAY
                      00260         
MPASM 03.80.04 Internal                           MEMORIA.ASM   5-15-2005  13:46:30         PAGE  6


LOC  OBJECT CODE     LINE SOURCE TEXT
  VALUE

0051   3064           00261         MOVLW   .100
                      00262         
0052                  00263 DELAY_MS
                      00264         
0052   0064           00265         CLRWDT
                      00266         
0053   00A1           00267         MOVWF   TEMPO2          ; SALVA O VALOR MULTIPLICADOR
0054   01A0           00268         CLRF    TEMPO1          ; LIMPA REGISTRADOR
                      00269 
0055                  00270 DELAY_A
                      00271         
0055   0000           00272         NOP                     ; PERDE 1 CICLO DE MÁQUINA
0056   0BA0           00273         DECFSZ  TEMPO1,F        ; DECREMENTA REGISTRADOR, ACABOU?
0057   2855           00274         GOTO    $-2             ; NÃO, ENTÃO RETORNA DUAS POSIÇÕES 
0058   0BA1           00275         DECFSZ  TEMPO2,F
0059   2855           00276         GOTO    DELAY_A
                      00277         
005A   0008           00278         RETURN                  ; RETORNA DA INTERRUPÇÃO
                      00279 
                      00280 ;*      *       *       *       *       *       *       *       *       *
                      00281 ;*                ROTINA PARA ESCREVER DADOS NO DISPLAY                 *
                      00282 ;*      *       *       *       *       *       *       *       *       *
                      00283 
005B                  00284 ENVIA_COMANDO
                      00285         
005B   1089           00286         BCF     RS              ; PÕE EM MODO DE COMANDO
                      00287         
005C                  00288 ENVIA_DADO
                      00289         
005C   138B           00290         BCF     INTCON,GIE      ; DESLIGA A INTERRUPÇÃO
                      00291         
005D   0088           00292         MOVWF   BUS             ; MOVE DADO PARA O PORTD
                      00293                 
005E   285F           00294         GOTO    $+1             ; DEÇAY PARA ACOMODAÇÃO
005F   2860           00295         GOTO    $+1             
                      00296         
0060   1509           00297         BSF     EN              ; GERA PULSO DE CLOCK
0061   2862           00298         GOTO    $+1
0062   1109           00299         BCF     EN
                      00300         
0063   1489           00301         BSF     RS              ; VOLTA PARA O MODO DADOS
0064   3001           00302         MOVLW   .1
0065   2052           00303         CALL    DELAY_MS
0066   178B           00304         BSF     INTCON,GIE      ; LIGA A INTERRUPÇÃO
0067   0008           00305         RETURN                  ; RETORNA DA INTERRUPÇÃO
                      00306 
                      00307 ;*      *       *       *       *       *       *       *       *       *
                      00308 ;*                      ROTINA PARA TOCAR O BEEP                        *
                      00309 ;*      *       *       *       *       *       *       *       *       *
                      00310 
0068                  00311 TOCA_BEEP
                      00312         
0068   1687           00313         BSF     BEEP
MPASM 03.80.04 Internal                           MEMORIA.ASM   5-15-2005  13:46:30         PAGE  7


LOC  OBJECT CODE     LINE SOURCE TEXT
  VALUE

0069   300A           00314         MOVLW   TEMPO_BEEP
006A   2052           00315         CALL    DELAY_MS
006B   1287           00316         BCF     BEEP
006C   0008           00317         RETURN  
                      00318 
                      00319 ;*      *       *       *       *       *       *       *       *       *
                      00320 ;*                   ROTINA DE ATUALIZAÇÃO DA TELA DO LCD               *
                      00321 ;*      *       *       *       *       *       *       *       *       *
                      00322 
006D                  00323 ATUALIZA_TELA
                      00324         
006D   00A5           00325         MOVWF   TEMP            ; SALVA O DADO EM TEMP
                      00326         
006E   2068           00327         CALL    TOCA_BEEP       ; CHAMA ROTINA PARA TOCAR O BEEP
                      00328         
006F   3001           00329         MOVLW   0x01
0070   205B           00330         CALL    ENVIA_COMANDO   ; COMANDO PARA LIMPAR A TELA
                      00331         
0071   3001           00332         MOVLW   .1
0072   2052           00333         CALL    DELAY_MS        ; DELAY DE 1ms  
                      00334         
0073   3082           00335         MOVLW   0x82
0074   205B           00336         CALL    ENVIA_COMANDO   ; COMANDO PARA POSICIONAR O DISPLAY
                      00337         
0075   3041           00338         MOVLW   'A'
0076   205C           00339         CALL    ENVIA_DADO      ; ENVIA CARACTER ASCII  
                      00340         
0077   3020           00341         MOVLW   ' '
0078   205C           00342         CALL    ENVIA_DADO      ; ENVIA CARACTER ASCII  
                      00343         
0079   3054           00344         MOVLW   'T'
007A   205C           00345         CALL    ENVIA_DADO      ; ENVIA CARACTER ASCII  
                      00346         
007B   3065           00347         MOVLW   'e'
007C   205C           00348         CALL    ENVIA_DADO      ; ENVIA CARACTER ASCII  
                      00349         
007D   3063           00350         MOVLW   'c'
007E   205C           00351         CALL    ENVIA_DADO      ; ENVIA CARACTER ASCII  
                      00352         
007F   306C           00353         MOVLW   'l'
0080   205C           00354         CALL    ENVIA_DADO      ; ENVIA CARACTER ASCII  
                      00355         
0081   3061           00356         MOVLW   'a'
0082   205C           00357         CALL    ENVIA_DADO      ; ENVIA CARACTER ASCII  
                      00358         
0083   3020           00359         MOVLW   ' '
0084   205C           00360         CALL    ENVIA_DADO      ; ENVIA CARACTER ASCII  
                      00361         
0085   0825           00362         MOVF    TEMP,W          ; ENVIA O CARACTER DA 
0086   205C           00363         CALL    ENVIA_DADO      ; TECLA CORRESPONDENTE
                      00364         
0087   3020           00365         MOVLW   ' '
0088   205C           00366         CALL    ENVIA_DADO      ; ENVIA CARACTER ASCII  
MPASM 03.80.04 Internal                           MEMORIA.ASM   5-15-2005  13:46:30         PAGE  8


LOC  OBJECT CODE     LINE SOURCE TEXT
  VALUE

                      00367         
0089   3066           00368         MOVLW   'f'
008A   205C           00369         CALL    ENVIA_DADO      ; ENVIA CARACTER ASCII  
                      00370          
008B   306F           00371         MOVLW   'o'
008C   205C           00372         CALL    ENVIA_DADO      ; ENVIA CARACTER ASCII  
                      00373          
008D   3069           00374         MOVLW   'i'
008E   205C           00375         CALL    ENVIA_DADO      ; ENVIA CARACTER ASCII  
                      00376          
008F   30C3           00377         MOVLW   0xC3
0090   205B           00378         CALL    ENVIA_COMANDO   ; COMANDO PARA POSICIONAR O DISPLAY
                      00379         
0091   3050           00380         MOVLW   'P'
0092   205C           00381         CALL    ENVIA_DADO      ; ENVIA CARACTER ASCII  
                      00382          
0093   3072           00383         MOVLW   'r'
0094   205C           00384         CALL    ENVIA_DADO      ; ENVIA CARACTER ASCII  
                      00385          
0095   3065           00386         MOVLW   'e'
0096   205C           00387         CALL    ENVIA_DADO      ; ENVIA CARACTER ASCII  
                      00388          
0097   3073           00389         MOVLW   's'
0098   205C           00390         CALL    ENVIA_DADO      ; ENVIA CARACTER ASCII  
                      00391         
0099   3073           00392         MOVLW   's'
009A   205C           00393         CALL    ENVIA_DADO      ; ENVIA CARACTER ASCII  
                      00394         
009B   3069           00395         MOVLW   'i'
009C   205C           00396         CALL    ENVIA_DADO      ; ENVIA CARACTER ASCII  
                      00397          
009D   306F           00398         MOVLW   'o'
009E   205C           00399         CALL    ENVIA_DADO      ; ENVIA CARACTER ASCII  
                      00400         
009F   306E           00401         MOVLW   'n'
00A0   205C           00402         CALL    ENVIA_DADO      ; ENVIA CARACTER ASCII  
                      00403         
00A1   3061           00404         MOVLW   'a'
00A2   205C           00405         CALL    ENVIA_DADO      ; ENVIA CARACTER ASCII  
                      00406         
00A3   3064           00407         MOVLW   'd'
00A4   205C           00408         CALL    ENVIA_DADO      ; ENVIA CARACTER ASCII  
                      00409         
00A5   3061           00410         MOVLW   'a'
00A6   205C           00411         CALL    ENVIA_DADO      ; ENVIA CARACTER ASCII  
                      00412         
00A7   0008           00413         RETURN                  ; RETORNA DA ROTINA     
                      00414                 
                      00415 ;*      *       *       *       *       *       *       *       *       *
                      00416 ;*                        CONFIGURACOES INICIAIS                        *
                      00417 ;*      *       *       *       *       *       *       *       *       *
                      00418 
00A8                  00419 CONFIG_
MPASM 03.80.04 Internal                           MEMORIA.ASM   5-15-2005  13:46:30         PAGE  9


LOC  OBJECT CODE     LINE SOURCE TEXT
  VALUE

                      00420 
00A8   0185           00421         CLRF    PORTA           ; LIMPA O PORTA
00A9   0186           00422         CLRF    PORTB           ; LIMPA O PORTB
00AA   0187           00423         CLRF    PORTC           ; LIMPA O PORTC
00AB   0188           00424         CLRF    PORTD           ; LIMPA O PORTD
00AC   0189           00425         CLRF    PORTE           ; LIMPA O PORTE
                      00426         
00AD   1683           00427         BANK1                   ; SELECIONA BANCO1 DE MEMÓRIA
                      00428         
00AE   30FF           00429         MOVLW   B'11111111'
Message[302]: Register in operand not in bank 0.  Ensure that bank bits are correct.
00AF   0085           00430         MOVWF   TRISA
                      00431         
00B0   30C0           00432         MOVLW   B'11000000'
Message[302]: Register in operand not in bank 0.  Ensure that bank bits are correct.
00B1   0086           00433         MOVWF   TRISB           ; CONFIGURA I/O DO PORTB
                      00434         
00B2   30DF           00435         MOVLW   B'11011111'
Message[302]: Register in operand not in bank 0.  Ensure that bank bits are correct.
00B3   0087           00436         MOVWF   TRISC           ; CONFIGURA I/O DO PORTB
                      00437         
00B4   3000           00438         MOVLW   B'00000000'     ; CONFIGURA TODOS OS PINOS DESTE
Message[302]: Register in operand not in bank 0.  Ensure that bank bits are correct.
00B5   0088           00439         MOVWF   TRISD           ; PORTB COMO SAÍDA
                      00440         
00B6   3001           00441         MOVLW   B'00000001'
Message[302]: Register in operand not in bank 0.  Ensure that bank bits are correct.
00B7   0089           00442         MOVWF   TRISE           ; CONFIGURA I/O DO PORTE
                      00443         
00B8   308F           00444         MOVLW   B'10001111'     ; DESLIGA PULL-UPS
Message[302]: Register in operand not in bank 0.  Ensure that bank bits are correct.
00B9   0081           00445         MOVWF   OPTION_REG      ; WDT 1:128
                      00446         
00BA   3020           00447         MOVLW   B'00100000'     
00BB   008B           00448         MOVWF   INTCON          ; HABILITA A INTERRUPÇÃO DE TIMER 0
                      00449                                 ; LIGA A CHAVE GERAL DE INTERRUPÇÃO
                      00450         
00BC   3007           00451         MOVLW   B'00000111'     ; DESLIGA OS A/D´S
Message[302]: Register in operand not in bank 0.  Ensure that bank bits are correct.
00BD   009F           00452         MOVWF   ADCON1
                      00453         
00BE   1283           00454         BANK0
                      00455         
00BF   1A03           00456         BTFSC   STATUS,NOT_TO   ; ESTOURO POR WDT?
00C0   28C0           00457         GOTO    $               ; NÃO, ENTÃO AGUARDA
                      00458                 
00C1                  00459 LIMPEZA_DA_RAM
                      00460                                 ; ROTINA DE LIMPEZA DA RAM
                      00461                                 
00C1   3020           00462         MOVLW   0x20
00C2   0084           00463         MOVWF   FSR
00C3   0180           00464         CLRF    INDF
00C4   0A84           00465         INCF    FSR,F
MPASM 03.80.04 Internal                           MEMORIA.ASM   5-15-2005  13:46:30         PAGE 10


LOC  OBJECT CODE     LINE SOURCE TEXT
  VALUE

00C5   3080           00466         MOVLW   0x80
00C6   0604           00467         XORWF   FSR,W
00C7   1D03           00468         BTFSS   STATUS,Z
00C8   28C3           00469         GOTO    $-5
                      00470 
00C9   178B           00471         BSF     INTCON,GIE      ; LIGA AS INTERRUPÇÕES
                      00472         
                      00473 ;*      *       *       *       *       *       *       *       *       *
                      00474 ;*                       INICIALIZAÇÃO DO DISPLAY                       *
                      00475 ;*      *       *       *       *       *       *       *       *       *
                      00476         
                      00477 
                      00478 
00CA   3030           00479         MOVLW   0x30                    
00CB   205B           00480         CALL    ENVIA_COMANDO           ; COMANDO DE INICIALIZAÇÃO
                      00481         
00CC   3003           00482         MOVLW   .3                      
00CD   2052           00483         CALL    DELAY_MS                ; DELAY DE 3ms
                      00484         
00CE   3030           00485         MOVLW   0x30                    
00CF   205B           00486         CALL    ENVIA_COMANDO           ; COMANDO DE INICIALIZAÇÃO      
                      00487         
00D0   3030           00488         MOVLW   0x30                    
00D1   205B           00489         CALL    ENVIA_COMANDO           ; COMANDO DE INICIALIZAÇÃO
                      00490         
00D2   3038           00491         MOVLW   0x38                    
00D3   205B           00492         CALL    ENVIA_COMANDO           ; INTERFACE DE 8 VIAS
                      00493         
00D4   3001           00494         MOVLW   0x01                    
00D5   205B           00495         CALL    ENVIA_COMANDO           ; LIMPA O DISPLAY
                      00496         
00D6   3001           00497         MOVLW   .1
00D7   2052           00498         CALL    DELAY_MS                ; CHAMA DELAY DE 3ms
                      00499         
00D8   300C           00500         MOVLW   0x0C                    
00D9   205B           00501         CALL    ENVIA_COMANDO           ; LIGAR O DISPLAY SEM CURSOR
                      00502         
00DA   3006           00503         MOVLW   0x06                    
00DB   205B           00504         CALL    ENVIA_COMANDO           ; LIGAR O DISPLAY SEM CURSOR
                      00505         
                      00506                                                                 
                      00507 ;*      *       *       *       *       *       *       *       *       *
                      00508 ;*                       INICIALIZAÇÃO DAS VARIÁVEIS                    *
                      00509 ;*      *       *       *       *       *       *       *       *       *
                      00510         
                      00511 ;*      *       *       *       *       *       *       *       *       *
                      00512 ;*                          ROTINA PRINCIPAL                            *
                      00513 ;*      *       *       *       *       *       *       *       *       *
                      00514 
00DC                  00515 LOOP
00DC   0064           00516         CLRWDT                  ; LIMPA O WATCHDOG
                      00517         
00DD   3030           00518         MOVLW   '0'             ; MOVE CARACTER ASCII DA TECLA PARA W
MPASM 03.80.04 Internal                           MEMORIA.ASM   5-15-2005  13:46:30         PAGE 11


LOC  OBJECT CODE     LINE SOURCE TEXT
  VALUE

00DE   1822           00519         BTFSC   TECLA_0         ; A TECLA ESTÁ PRESSIONADA?
00DF   206D           00520         CALL    ATUALIZA_TELA   ; SIM, ENTÃO CHAMA A ROTINA DE ATUALIZAÇÃO
                      00521         
00E0   3031           00522         MOVLW   '1'             ; MOVE CARACTER ASCII DA TECLA PARA W
00E1   18A2           00523         BTFSC   TECLA_1         ; A TECLA ESTÁ PRESSIONADA?
00E2   206D           00524         CALL    ATUALIZA_TELA   ; SIM, ENTÃO CHAMA A ROTINA DE ATUALIZAÇÃO
                      00525         
00E3   3032           00526         MOVLW   '2'             ; MOVE CARACTER ASCII DA TECLA PARA W
00E4   1922           00527         BTFSC   TECLA_2         ; A TECLA ESTÁ PRESSIONADA?
00E5   206D           00528         CALL    ATUALIZA_TELA   ; SIM, ENTÃO CHAMA A ROTINA DE ATUALIZAÇÃO
                      00529         
00E6   3033           00530         MOVLW   '3'             ; MOVE CARACTER ASCII DA TECLA PARA W
00E7   19A2           00531         BTFSC   TECLA_3         ; A TECLA ESTÁ PRESSIONADA?
00E8   206D           00532         CALL    ATUALIZA_TELA   ; SIM, ENTÃO CHAMA A ROTINA DE ATUALIZAÇÃO
                      00533         
00E9   3034           00534         MOVLW   '4'             ; MOVE CARACTER ASCII DA TECLA PARA W
00EA   1A22           00535         BTFSC   TECLA_4         ; A TECLA ESTÁ PRESSIONADA?
00EB   206D           00536         CALL    ATUALIZA_TELA   ; SIM, ENTÃO CHAMA A ROTINA DE ATUALIZAÇÃO
                      00537         
00EC   3035           00538         MOVLW   '5'             ; MOVE CARACTER ASCII DA TECLA PARA W
00ED   1AA2           00539         BTFSC   TECLA_5         ; A TECLA ESTÁ PRESSIONADA?
00EE   206D           00540         CALL    ATUALIZA_TELA   ; SIM, ENTÃO CHAMA A ROTINA DE ATUALIZAÇÃO
                      00541         
00EF   3036           00542         MOVLW   '6'             ; MOVE CARACTER ASCII DA TECLA PARA W
00F0   1B22           00543         BTFSC   TECLA_6         ; A TECLA ESTÁ PRESSIONADA?
00F1   206D           00544         CALL    ATUALIZA_TELA   ; SIM, ENTÃO CHAMA A ROTINA DE ATUALIZAÇÃO
                      00545         
00F2   3037           00546         MOVLW   '7'             ; MOVE CARACTER ASCII DA TECLA PARA W
00F3   1BA2           00547         BTFSC   TECLA_7         ; A TECLA ESTÁ PRESSIONADA?
00F4   206D           00548         CALL    ATUALIZA_TELA   ; SIM, ENTÃO CHAMA A ROTINA DE ATUALIZAÇÃO
                      00549         
00F5   3038           00550         MOVLW   '8'             ; MOVE CARACTER ASCII DA TECLA PARA W
00F6   1823           00551         BTFSC   TECLA_8         ; A TECLA ESTÁ PRESSIONADA?
00F7   206D           00552         CALL    ATUALIZA_TELA   ; SIM, ENTÃO CHAMA A ROTINA DE ATUALIZAÇÃO
                      00553         
00F8   3039           00554         MOVLW   '9'             ; MOVE CARACTER ASCII DA TECLA PARA W
00F9   18A3           00555         BTFSC   TECLA_9         ; A TECLA ESTÁ PRESSIONADA?
00FA   206D           00556         CALL    ATUALIZA_TELA   ; SIM, ENTÃO CHAMA A ROTINA DE ATUALIZAÇÃO
                      00557         
00FB   3043           00558         MOVLW   'C'             ; MOVE CARACTER ASCII DA TECLA PARA W
00FC   1923           00559         BTFSC   TECLA_C         ; A TECLA ESTÁ PRESSIONADA?
00FD   206D           00560         CALL    ATUALIZA_TELA   ; SIM, ENTÃO CHAMA A ROTINA DE ATUALIZAÇÃO
                      00561         
00FE   3045           00562         MOVLW   'E'             ; MOVE CARACTER ASCII DA TECLA PARA W
00FF   19A3           00563         BTFSC   TECLA_E         ; A TECLA ESTÁ PRESSIONADA?
0100   206D           00564         CALL    ATUALIZA_TELA   ; SIM, ENTÃO CHAMA A ROTINA DE ATUALIZAÇÃO
                      00565         
0101   28DC           00566         GOTO    LOOP            ; SALTA PARA O LOOP PRINCIPAL
                      00567                 
                      00568 ;*      *       *       *       *       *       *       *       *       *
                      00569 ;*                           FIM DO PROGRAMA                            *
                      00570 ;*      *       *       *       *       *       *       *       *       *
                      00571 
MPASM 03.80.04 Internal                           MEMORIA.ASM   5-15-2005  13:46:30         PAGE 12


LOC  OBJECT CODE     LINE SOURCE TEXT
  VALUE

                      00572 
                      00573         END                     ; FIM DO PROGRAMA
MPASM 03.80.04 Internal                           MEMORIA.ASM   5-15-2005  13:46:30         PAGE 13


SYMBOL TABLE
  LABEL                             VALUE 

ACKDT                             00000005
ACKEN                             00000004
ACKSTAT                           00000006
ADCON0                            0000001F
ADCON1                            0000009F
ADCS0                             00000006
ADCS1                             00000007
ADDEN                             00000003
ADFM                              00000007
ADIE                              00000006
ADIF                              00000006
ADON                              00000000
ADRESH                            0000001E
ADRESL                            0000009E
ATUALIZA_TELA                     0000006D
BANK0                             BCF     STATUS,RP0
BANK1                             BSF     STATUS,RP0
BCLIE                             00000003
BCLIF                             00000003
BEEP                              PORTC,5
BF                                00000000
BRGH                              00000002
BUS                               PORTD
C                                 00000000
CCP1CON                           00000017
CCP1IE                            00000002
CCP1IF                            00000002
CCP1M0                            00000000
CCP1M1                            00000001
CCP1M2                            00000002
CCP1M3                            00000003
CCP1X                             00000005
CCP1Y                             00000004
CCP2CON                           0000001D
CCP2IE                            00000000
CCP2IF                            00000000
CCP2M0                            00000000
CCP2M1                            00000001
CCP2M2                            00000002
CCP2M3                            00000003
CCP2X                             00000005
CCP2Y                             00000004
CCPR1H                            00000016
CCPR1L                            00000015
CCPR2H                            0000001C
CCPR2L                            0000001B
CHS0                              00000003
CHS1                              00000004
CHS2                              00000005
CKE                               00000006
CKP                               00000004
COL1                              PORTA,4
COL2                              PORTA,5
MPASM 03.80.04 Internal                           MEMORIA.ASM   5-15-2005  13:46:30         PAGE 14


SYMBOL TABLE
  LABEL                             VALUE 

COL3                              PORTE,0
CONFIG_                           000000A8
CREN                              00000004
CSRC                              00000007
D                                 00000005
DATA_ADDRESS                      00000005
DC                                00000001
DELAY                             00000051
DELAY_A                           00000055
DELAY_MS                          00000052
D_A                               00000005
EEADR                             0000010D
EEADRH                            0000010F
EECON1                            0000018C
EECON2                            0000018D
EEDATA                            0000010C
EEDATH                            0000010E
EEIE                              00000004
EEIF                              00000004
EEPGD                             00000007
EN                                PORTE,2
ENVIA_COMANDO                     0000005B
ENVIA_DADO                        0000005C
F                                 00000001
FERR                              00000002
FSR                               00000004
FSR_TEMP                          00000072
GCEN                              00000007
GIE                               00000007
GO                                00000002
GO_DONE                           00000002
I2C_DATA                          00000005
I2C_READ                          00000002
I2C_START                         00000003
I2C_STOP                          00000004
IBF                               00000007
IBOV                              00000005
INDF                              00000000
INDICE                            00000024
INTCON                            0000000B
INTE                              00000004
INTEDG                            00000006
INTF                              00000001
IRP                               00000007
LIMPEZA_DA_RAM                    000000C1
LINHA_INF                         0xC0
LINHA_SUP                         0x80
LOOP                              000000DC
NOT_A                             00000005
NOT_ADDRESS                       00000005
NOT_BO                            00000000
NOT_BOR                           00000000
NOT_DONE                          00000002
MPASM 03.80.04 Internal                           MEMORIA.ASM   5-15-2005  13:46:30         PAGE 15


SYMBOL TABLE
  LABEL                             VALUE 

NOT_PD                            00000003
NOT_POR                           00000001
NOT_RBPU                          00000007
NOT_RC8                           00000006
NOT_T1SYNC                        00000002
NOT_TO                            00000004
NOT_TX8                           00000006
NOT_W                             00000002
NOT_WRITE                         00000002
OBF                               00000006
OERR                              00000001
OPTION_REG                        00000081
P                                 00000004
PCFG0                             00000000
PCFG1                             00000001
PCFG2                             00000002
PCFG3                             00000003
PCL                               00000002
PCLATH                            0000000A
PCLATH_TEMP                       00000073
PCON                              0000008E
PEIE                              00000006
PEN                               00000002
PIE1                              0000008C
PIE2                              0000008D
PIR1                              0000000C
PIR2                              0000000D
PORTA                             00000005
PORTB                             00000006
PORTC                             00000007
PORTD                             00000008
PORTE                             00000009
PR2                               00000092
PS0                               00000000
PS1                               00000001
PS2                               00000002
PSA                               00000003
PSPIE                             00000007
PSPIF                             00000007
PSPMODE                           00000004
R                                 00000002
RBIE                              00000003
RBIF                              00000000
RC8_9                             00000006
RC9                               00000006
RCD8                              00000000
RCEN                              00000003
RCIE                              00000005
RCIF                              00000005
RCREG                             0000001A
RCSTA                             00000018
RD                                00000000
READ_WRITE                        00000002
MPASM 03.80.04 Internal                           MEMORIA.ASM   5-15-2005  13:46:30         PAGE 16


SYMBOL TABLE
  LABEL                             VALUE 

RP0                               00000005
RP1                               00000006
RS                                PORTE,1
RSEN                              00000001
RX9                               00000006
RX9D                              00000000
R_W                               00000002
S                                 00000003
SAI_INTERRUPCAO                   0000000F
SALVA_CONTEXTO                    00000004
SEL_LINHA1                        B'00001110'
SEL_LINHA2                        B'00001101'
SEL_LINHA3                        B'00001011'
SEL_LINHA4                        B'00000111'
SEN                               00000000
SMP                               00000007
SPBRG                             00000099
SPEN                              00000007
SREN                              00000005
SSPADD                            00000093
SSPBUF                            00000013
SSPCON                            00000014
SSPCON2                           00000091
SSPEN                             00000005
SSPIE                             00000003
SSPIF                             00000003
SSPM0                             00000000
SSPM1                             00000001
SSPM2                             00000002
SSPM3                             00000003
SSPOV                             00000006
SSPSTAT                           00000094
STATUS                            00000003
STATUS_TEMP                       00000071
SYNC                              00000004
T0CS                              00000005
T0IE                              00000005
T0IF                              00000002
T0SE                              00000004
T1CKPS0                           00000004
T1CKPS1                           00000005
T1CON                             00000010
T1INSYNC                          00000002
T1OSCEN                           00000003
T1SYNC                            00000002
T2CKPS0                           00000000
T2CKPS1                           00000001
T2CON                             00000012
TECLADO1                          00000022
TECLADO2                          00000023
TECLA_0                           TECLADO1,0
TECLA_1                           TECLADO1,1
TECLA_2                           TECLADO1,2
MPASM 03.80.04 Internal                           MEMORIA.ASM   5-15-2005  13:46:30         PAGE 17


SYMBOL TABLE
  LABEL                             VALUE 

TECLA_3                           TECLADO1,3
TECLA_4                           TECLADO1,4
TECLA_5                           TECLADO1,5
TECLA_6                           TECLADO1,6
TECLA_7                           TECLADO1,7
TECLA_8                           TECLADO2,0
TECLA_9                           TECLADO2,1
TECLA_C                           TECLADO2,2
TECLA_E                           TECLADO2,3
TEMP                              00000025
TEMPO1                            00000020
TEMPO2                            00000021
TEMPO_BEEP                        .10
TMR0                              00000001
TMR1CS                            00000001
TMR1H                             0000000F
TMR1IE                            00000000
TMR1IF                            00000000
TMR1L                             0000000E
TMR1ON                            00000000
TMR2                              00000011
TMR2IE                            00000001
TMR2IF                            00000001
TMR2ON                            00000002
TOCA_BEEP                         00000068
TOUTPS0                           00000003
TOUTPS1                           00000004
TOUTPS2                           00000005
TOUTPS3                           00000006
TRATA_TIMER0                      00000018
TRISA                             00000085
TRISB                             00000086
TRISC                             00000087
TRISD                             00000088
TRISE                             00000089
TRISE0                            00000000
TRISE1                            00000001
TRISE2                            00000002
TRMT                              00000001
TX8_9                             00000006
TX9                               00000006
TX9D                              00000000
TXD8                              00000000
TXEN                              00000005
TXIE                              00000004
TXIF                              00000004
TXREG                             00000019
TXSTA                             00000098
UA                                00000001
VERIFICA_LINHA1                   00000021
VERIFICA_LINHA2                   0000002D
VERIFICA_LINHA3                   00000039
VERIFICA_LINHA4                   00000045
MPASM 03.80.04 Internal                           MEMORIA.ASM   5-15-2005  13:46:30         PAGE 18


SYMBOL TABLE
  LABEL                             VALUE 

W                                 00000000
WCOL                              00000007
WR                                00000001
WREN                              00000002
WRERR                             00000003
W_TEMP                            00000070
Z                                 00000002
_BODEN_OFF                        00003FBF
_BODEN_ON                         00003FFF
_CPD_OFF                          00003FFF
_CPD_ON                           00003EFF
_CP_ALL                           00000FCF
_CP_HALF                          00001FDF
_CP_OFF                           00003FFF
_CP_UPPER_256                     00002FEF
_DEBUG_OFF                        00003FFF
_DEBUG_ON                         000037FF
_HS_OSC                           00003FFE
_LP_OSC                           00003FFC
_LVP_OFF                          00003F7F
_LVP_ON                           00003FFF
_PWRTE_OFF                        00003FFF
_PWRTE_ON                         00003FF7
_RC_OSC                           00003FFF
_WDT_OFF                          00003FFB
_WDT_ON                           00003FFF
_WRT_ENABLE_OFF                   00003DFF
_WRT_ENABLE_ON                    00003FFF
_XT_OSC                           00003FFD
__16F877                          00000001


MEMORY USAGE MAP ('X' = Used,  '-' = Unused)

0000 : X---XXXXXXXXXXXX XXXXXXXXXXXXXXXX XXXXXXXXXXXXXXXX XXXXXXXXXXXXXXXX
0040 : XXXXXXXXXXXXXXXX XXXXXXXXXXXXXXXX XXXXXXXXXXXXXXXX XXXXXXXXXXXXXXXX
0080 : XXXXXXXXXXXXXXXX XXXXXXXXXXXXXXXX XXXXXXXXXXXXXXXX XXXXXXXXXXXXXXXX
00C0 : XXXXXXXXXXXXXXXX XXXXXXXXXXXXXXXX XXXXXXXXXXXXXXXX XXXXXXXXXXXXXXXX
0100 : XX-------------- ---------------- ---------------- ----------------
2000 : -------X-------- ---------------- ---------------- ----------------

All other memory blocks unused.

Program Memory Words Used:   255
Program Memory Words Free:  7937


Errors   :     0
Warnings :     0 reported,     0 suppressed
Messages :     9 reported,     0 suppressed

MPASM 03.80.04 Internal                           MEMORIA.ASM   5-15-2005  13:46:30         PAGE 19





Error[173]  : source file path exceeds 62 characters (D:\CURSO\PIC\ASSEMBLY\MóDULO B\EXEMPLOS\MEM.NãO VOLáTEL\MEMORIA.ASM)
