;  ASM code generated by mikroVirtualMachine for PIC - V. 5.0.0.2
;  Date/Time: 29/05/06 20:00:48
;  Info: http://www.mikroelektronika.co.yu


; ADDRESS	OPCODE	ASM
; ----------------------------------------------
$0000	$29DF			GOTO	Ad1_main
$0004	$	delays_delay_1us:
^delays.pbas, 5 :: 		sub procedure Delay_1us
^delays.pbas, 6 :: 		Delay_us(1)
$0004	$0000			NOP
$0005	$	delays_L_0:
$0005	$0008			RETURN
$0006	$	delays_delay_5500us:
^delays.pbas, 29 :: 		sub procedure Delay_5500us
^delays.pbas, 30 :: 		Delay_us(5500)
$0006	$3008			MOVLW	8
$0007	$1303			BCF	STATUS, RP1
$0008	$1283			BCF	STATUS, RP0
$0009	$00FB			MOVWF	STACK_11
$000A	$30FF			MOVLW	255
$000B	$00FA			MOVWF	STACK_10
$000C	$0BFB			DECFSZ	STACK_11, F
$000D	$280F			GOTO	$+2
$000E	$2812			GOTO	$+4
$000F	$0BFA			DECFSZ	STACK_10, F
$0010	$280F			GOTO	$-1
$0011	$280C			GOTO	$-5
$0012	$301E			MOVLW	30
$0013	$00FA			MOVWF	STACK_10
$0014	$0BFA			DECFSZ	STACK_10, F
$0015	$2814			GOTO	$-1
$0016	$	delays_L_6:
$0016	$0008			RETURN
$0017	$	delays_delay_500us:
^delays.pbas, 25 :: 		sub procedure Delay_500us
^delays.pbas, 26 :: 		Delay_us(498)
$0017	$30A5			MOVLW	165
$0018	$1303			BCF	STATUS, RP1
$0019	$1283			BCF	STATUS, RP0
$001A	$00FA			MOVWF	STACK_10
$001B	$0BFA			DECFSZ	STACK_10, F
$001C	$281B			GOTO	$-1
$001D	$0000			NOP
$001E	$0000			NOP
$001F	$	delays_L_5:
$001F	$0008			RETURN
$0020	$	lcd8bit_lcd8_cmd:
$0020	$1303			BCF	STATUS, RP1
$0021	$1283			BCF	STATUS, RP0
$0022	$0820			MOVF	lcd8bit_main_global_dataaddress, 0
$0023	$0084			MOVWF	FSR
$0024	$0180			CLRF	INDF, 1
$0025	$1BC0			BTFSC	FARG_LCD8_CMD, 7
$0026	$1780			BSF	INDF, __LCD8_DB7
$0027	$1B40			BTFSC	FARG_LCD8_CMD, 6
$0028	$1700			BSF	INDF, __LCD8_DB6
$0029	$1AC0			BTFSC	FARG_LCD8_CMD, 5
$002A	$1680			BSF	INDF, __LCD8_DB5
$002B	$1A40			BTFSC	FARG_LCD8_CMD, 4
$002C	$1600			BSF	INDF, __LCD8_DB4
$002D	$19C0			BTFSC	FARG_LCD8_CMD, 3
$002E	$1580			BSF	INDF, __LCD8_DB3
$002F	$1940			BTFSC	FARG_LCD8_CMD, 2
$0030	$1500			BSF	INDF, __LCD8_DB2
$0031	$18C0			BTFSC	FARG_LCD8_CMD, 1
$0032	$1480			BSF	INDF, __LCD8_DB1
$0033	$1840			BTFSC	FARG_LCD8_CMD, 0
$0034	$1400			BSF	INDF, __LCD8_DB0
$0035	$0821			MOVF	lcd8bit_main_global_ctrladdress, 0
$0036	$0084			MOVWF	FSR
$0037	$0822			MOVF	lcd8bit_main_global_com, 0
$0038	$3A01			XORLW	1
$0039	$1D03			BTFSS	STATUS, Z
$003A	$283D			GOTO	lcd8bit_L_2
$003B	$	lcd8bit_L_1:
$003B	$1100			BCF	INDF, __LCD8_RS
$003C	$283E			GOTO	lcd8bit_L_3
$003D	$	lcd8bit_L_2:
$003D	$1500			BSF	INDF, __LCD8_RS
$003E	$	lcd8bit_L_3:
$003E	$1480			BSF	INDF, __LCD8_ENABLE
$003F	$2004			CALL	delays_delay_1us
$0040	$1080			BCF	INDF, __LCD8_ENABLE
$0041	$0822			MOVF	lcd8bit_main_global_com, 0
$0042	$3A01			XORLW	1
$0043	$1D03			BTFSS	STATUS, Z
$0044	$2847			GOTO	lcd8bit_L_5
$0045	$	lcd8bit_L_4:
$0045	$2006			CALL	delays_delay_5500us
$0046	$2848			GOTO	lcd8bit_L_6
$0047	$	lcd8bit_L_5:
$0047	$2017			CALL	delays_delay_500us
$0048	$	lcd8bit_L_6:
$0048	$	lcd8bit_L_0:
$0048	$0008			RETURN
$0049	$	delays_delay_22us:
^delays.pbas, 13 :: 		sub procedure Delay_22us
^delays.pbas, 14 :: 		Delay_us(22)
$0049	$3007			MOVLW	7
$004A	$1303			BCF	STATUS, RP1
$004B	$1283			BCF	STATUS, RP0
$004C	$00FA			MOVWF	STACK_10
$004D	$0BFA			DECFSZ	STACK_10, F
$004E	$284D			GOTO	$-1
$004F	$	delays_L_2:
$004F	$0008			RETURN
$0050	$	math_div_16x16_u:
$0050	$1303			BCF	STATUS, RP1
$0051	$1283			BCF	STATUS, RP0
$0052	$01F8			CLRF	STACK_8
$0053	$01F9			CLRF	STACK_9
$0054	$3010			MOVLW	16
$0055	$00FC			MOVWF	STACK_12
$0056	$0D71			RLF	STACK_1, W
$0057	$0DF8			RLF	STACK_8, F
$0058	$0DF9			RLF	STACK_9, F
$0059	$0874			MOVF	STACK_4, W
$005A	$02F8			SUBWF	STACK_8, F
$005B	$0875			MOVF	STACK_5, W
$005C	$1C03			BTFSS	STATUS, C
$005D	$0F75			INCFSZ	STACK_5, W
$005E	$02F9			SUBWF	STACK_9, F
$005F	$1803			BTFSC	STATUS, C
$0060	$2868			GOTO	$+8
$0061	$0874			MOVF	STACK_4, W
$0062	$07F8			ADDWF	STACK_8, F
$0063	$0875			MOVF	STACK_5, W
$0064	$1803			BTFSC	STATUS, C
$0065	$0F75			INCFSZ	STACK_5, W
$0066	$07F9			ADDWF	STACK_9, F
$0067	$1003			BCF	STATUS, C
$0068	$0DF0			RLF	STACK_0, F
$0069	$0DF1			RLF	STACK_1, F
$006A	$0BFC			DECFSZ	STACK_12, F
$006B	$2856			GOTO	$-21
$006C	$	math_L_3:
$006C	$0008			RETURN
$006D	$	lcd8bit_lcd8_out:
$006D	$	lcd8bit_L_26:
$006D	$1303			BCF	STATUS, RP1
$006E	$1283			BCF	STATUS, RP0
$006F	$083B			MOVF	FARG_Lcd8_Out, 0
$0070	$3A01			XORLW	1
$0071	$1D03			BTFSS	STATUS, Z
$0072	$2876			GOTO	lcd8bit_L_27
$0073	$	lcd8bit_L_25:
$0073	$3080			MOVLW	128
$0074	$00BB			MOVWF	FARG_Lcd8_Out
$0075	$288D			GOTO	lcd8bit_L_24
$0076	$	lcd8bit_L_27:
$0076	$	lcd8bit_L_29:
$0076	$083B			MOVF	FARG_Lcd8_Out, 0
$0077	$3A02			XORLW	2
$0078	$1D03			BTFSS	STATUS, Z
$0079	$287D			GOTO	lcd8bit_L_30
$007A	$	lcd8bit_L_28:
$007A	$30C0			MOVLW	192
$007B	$00BB			MOVWF	FARG_Lcd8_Out
$007C	$288D			GOTO	lcd8bit_L_24
$007D	$	lcd8bit_L_30:
$007D	$	lcd8bit_L_32:
$007D	$083B			MOVF	FARG_Lcd8_Out, 0
$007E	$3A03			XORLW	3
$007F	$1D03			BTFSS	STATUS, Z
$0080	$2884			GOTO	lcd8bit_L_33
$0081	$	lcd8bit_L_31:
$0081	$3094			MOVLW	148
$0082	$00BB			MOVWF	FARG_Lcd8_Out
$0083	$288D			GOTO	lcd8bit_L_24
$0084	$	lcd8bit_L_33:
$0084	$	lcd8bit_L_35:
$0084	$083B			MOVF	FARG_Lcd8_Out, 0
$0085	$3A04			XORLW	4
$0086	$1D03			BTFSS	STATUS, Z
$0087	$288B			GOTO	lcd8bit_L_36
$0088	$	lcd8bit_L_34:
$0088	$30D4			MOVLW	212
$0089	$00BB			MOVWF	FARG_Lcd8_Out
$008A	$288D			GOTO	lcd8bit_L_24
$008B	$	lcd8bit_L_36:
$008B	$3080			MOVLW	128
$008C	$00BB			MOVWF	FARG_Lcd8_Out
$008D	$	lcd8bit_L_24:
$008D	$083C			MOVF	FARG_Lcd8_Out+1, 0
$008E	$073B			ADDWF	FARG_Lcd8_Out, 0
$008F	$00F0			MOVWF	STACK_0
$0090	$03F0			DECF	STACK_0, 1
$0091	$0870			MOVF	STACK_0, 0
$0092	$00BB			MOVWF	FARG_Lcd8_Out
$0093	$0870			MOVF	STACK_0, 0
$0094	$00C0			MOVWF	FARG_Lcd8_Cmd
$0095	$2020			CALL	lcd8bit_lcd8_cmd
$0096	$01A2			CLRF	lcd8bit_main_global_com, 1
$0097	$01BE			CLRF	lcd8bit_lcd8_out_local_i, 1
$0098	$083D			MOVF	FARG_Lcd8_Out+2, 0
$0099	$0084			MOVWF	FSR
$009A	$0800			MOVF	INDF, 0
$009B	$00BF			MOVWF	lcd8bit_lcd8_out_local_a
$009C	$	lcd8bit_L_38:
$009C	$083F			MOVF	lcd8bit_lcd8_out_local_a, 0
$009D	$3A00			XORLW	0
$009E	$1903			BTFSC	STATUS, Z
$009F	$28AC			GOTO	lcd8bit_L_39
$00A0	$083F			MOVF	lcd8bit_lcd8_out_local_a, 0
$00A1	$00C0			MOVWF	FARG_Lcd8_Cmd
$00A2	$2020			CALL	lcd8bit_lcd8_cmd
$00A3	$0ABE			INCF	lcd8bit_lcd8_out_local_i, 1
$00A4	$083E			MOVF	lcd8bit_lcd8_out_local_i, 0
$00A5	$073D			ADDWF	FARG_Lcd8_Out+2, 0
$00A6	$00F0			MOVWF	STACK_0
$00A7	$0870			MOVF	STACK_0, 0
$00A8	$0084			MOVWF	FSR
$00A9	$0800			MOVF	INDF, 0
$00AA	$00BF			MOVWF	lcd8bit_lcd8_out_local_a
$00AB	$289C			GOTO	lcd8bit_L_38
$00AC	$	lcd8bit_L_39:
$00AC	$3001			MOVLW	1
$00AD	$00A2			MOVWF	lcd8bit_main_global_com
$00AE	$	lcd8bit_L_23:
$00AE	$0008			RETURN
$00AF	$	adclib_a_c_adc_read:
$00AF	$1303			BCF	STATUS, RP1
$00B0	$1283			BCF	STATUS, RP0
$00B1	$019F			CLRF	ADCON0, 1
$00B2	$30C0			MOVLW	192
$00B3	$049F			IORWF	ADCON0, 1
$00B4	$3040			MOVLW	64
$00B5	$1683			BSF	STATUS, RP0
$00B6	$041F			IORWF	ADCON1, 0
$00B7	$00F0			MOVWF	STACK_0
$00B8	$0870			MOVF	STACK_0, 0
$00B9	$009F			MOVWF	ADCON1
$00BA	$3080			MOVLW	128
$00BB	$0470			IORWF	STACK_0, 0
$00BC	$009F			MOVWF	ADCON1
$00BD	$1283			BCF	STATUS, RP0
$00BE	$083B			MOVF	FARG_ADC_read, 0
$00BF	$00F0			MOVWF	STACK_0
$00C0	$0DF0			RLF	STACK_0, 1
$00C1	$1070			BCF	STACK_0, 0
$00C2	$0DF0			RLF	STACK_0, 1
$00C3	$1070			BCF	STACK_0, 0
$00C4	$0DF0			RLF	STACK_0, 1
$00C5	$1070			BCF	STACK_0, 0
$00C6	$0870			MOVF	STACK_0, 0
$00C7	$049F			IORWF	ADCON0, 1
$00C8	$141F			BSF	ADCON0, 0
$00C9	$2049			CALL	delays_delay_22us
$00CA	$151F			BSF	ADCON0, 2
$00CB	$	adclib_a_c_L_2:
$00CB	$3000			MOVLW	0
$00CC	$191F			BTFSC	ADCON0, 2
$00CD	$3001			MOVLW	1
$00CE	$00F2			MOVWF	STACK_2
$00CF	$0872			MOVF	STACK_2, 0
$00D0	$3A01			XORLW	1
$00D1	$1D03			BTFSS	STATUS, Z
$00D2	$28D5			GOTO	adclib_a_c_L_3
$00D3	$0000			NOP
$00D4	$28CB			GOTO	adclib_a_c_L_2
$00D5	$	adclib_a_c_L_3:
$00D5	$081E			MOVF	ADRESH, 0
$00D6	$00F2			MOVWF	STACK_2
$00D7	$01F3			CLRF	STACK_2+1
$00D8	$0872			MOVF	STACK_2, 0
$00D9	$00F3			MOVWF	STACK_2+1
$00DA	$01F2			CLRF	STACK_2
$00DB	$0872			MOVF	STACK_2, 0
$00DC	$00BC			MOVWF	adclib_a_c_adc_read_local_result
$00DD	$0873			MOVF	STACK_2+1, 0
$00DE	$00BD			MOVWF	adclib_a_c_adc_read_local_result+1
$00DF	$1683			BSF	STATUS, RP0
$00E0	$081E			MOVF	ADRESL, 0
$00E1	$0472			IORWF	STACK_2, 0
$00E2	$1283			BCF	STATUS, RP0
$00E3	$00BC			MOVWF	adclib_a_c_adc_read_local_result
$00E4	$0873			MOVF	STACK_2+1, 0
$00E5	$00BD			MOVWF	adclib_a_c_adc_read_local_result+1
$00E6	$3000			MOVLW	0
$00E7	$04BD			IORWF	adclib_a_c_adc_read_local_result+1, 1
$00E8	$101F			BCF	ADCON0, 0
$00E9	$	adclib_a_c_L_0:
$00E9	$083C			MOVF	adclib_a_c_adc_read_local_result, 0
$00EA	$00F0			MOVWF	STACK_0
$00EB	$083D			MOVF	adclib_a_c_adc_read_local_result+1, 0
$00EC	$00F1			MOVWF	STACK_0+1
$00ED	$0008			RETURN
$00EE	$	conv_wordtostr:
$00EE	$3001			MOVLW	1
$00EF	$1303			BCF	STATUS, RP1
$00F0	$1283			BCF	STATUS, RP0
$00F1	$00BE			MOVWF	conv_wordtostr_local_len
$00F2	$083C			MOVF	FARG_WordToStr+1, 0
$00F3	$3C00			SUBLW	0
$00F4	$1D03			BTFSS	STATUS, Z
$00F5	$28F8			GOTO	L_WordToStr_0
$00F6	$083B			MOVF	FARG_WordToStr, 0
$00F7	$3C09			SUBLW	9
$00F8	$	L_WordToStr_0:
$00F8	$1803			BTFSC	STATUS, C
$00F9	$28FB			GOTO	conv_L_15
$00FA	$	conv_L_14:
$00FA	$0ABE			INCF	conv_wordtostr_local_len, 1
$00FB	$	conv_L_15:
$00FB	$	conv_L_16:
$00FB	$083C			MOVF	FARG_WordToStr+1, 0
$00FC	$3C00			SUBLW	0
$00FD	$1D03			BTFSS	STATUS, Z
$00FE	$2901			GOTO	L_WordToStr_1
$00FF	$083B			MOVF	FARG_WordToStr, 0
$0100	$3C63			SUBLW	99
$0101	$	L_WordToStr_1:
$0101	$1803			BTFSC	STATUS, C
$0102	$2904			GOTO	conv_L_18
$0103	$	conv_L_17:
$0103	$0ABE			INCF	conv_wordtostr_local_len, 1
$0104	$	conv_L_18:
$0104	$	conv_L_19:
$0104	$083C			MOVF	FARG_WordToStr+1, 0
$0105	$3C03			SUBLW	3
$0106	$1D03			BTFSS	STATUS, Z
$0107	$290A			GOTO	L_WordToStr_2
$0108	$083B			MOVF	FARG_WordToStr, 0
$0109	$3CE7			SUBLW	231
$010A	$	L_WordToStr_2:
$010A	$1803			BTFSC	STATUS, C
$010B	$290D			GOTO	conv_L_21
$010C	$	conv_L_20:
$010C	$0ABE			INCF	conv_wordtostr_local_len, 1
$010D	$	conv_L_21:
$010D	$	conv_L_22:
$010D	$083C			MOVF	FARG_WordToStr+1, 0
$010E	$3C27			SUBLW	39
$010F	$1D03			BTFSS	STATUS, Z
$0110	$2913			GOTO	L_WordToStr_3
$0111	$083B			MOVF	FARG_WordToStr, 0
$0112	$3C0F			SUBLW	15
$0113	$	L_WordToStr_3:
$0113	$1803			BTFSC	STATUS, C
$0114	$2916			GOTO	conv_L_24
$0115	$	conv_L_23:
$0115	$0ABE			INCF	conv_wordtostr_local_len, 1
$0116	$	conv_L_24:
$0116	$	conv_L_25:
$0116	$083D			MOVF	FARG_WordToStr+2, 0
$0117	$0084			MOVWF	FSR
$0118	$3020			MOVLW	32
$0119	$0080			MOVWF	INDF
$011A	$0A84			INCF	FSR, 1
$011B	$0080			MOVWF	INDF
$011C	$0A84			INCF	FSR, 1
$011D	$0080			MOVWF	INDF
$011E	$0A84			INCF	FSR, 1
$011F	$0080			MOVWF	INDF
$0120	$0A84			INCF	FSR, 1
$0121	$0080			MOVWF	INDF
$0122	$0A84			INCF	FSR, 1
$0123	$0180			CLRF	INDF
$0124	$0384			DECF	FSR, 1
$0125	$	conv_L_28:
$0125	$083E			MOVF	conv_wordtostr_local_len, 0
$0126	$3C00			SUBLW	0
$0127	$1803			BTFSC	STATUS, C
$0128	$2947			GOTO	conv_L_29
$0129	$300A			MOVLW	10
$012A	$00F4			MOVWF	STACK_4
$012B	$01F5			CLRF	STACK_4+1
$012C	$083B			MOVF	FARG_WordToStr, 0
$012D	$00F0			MOVWF	STACK_0
$012E	$083C			MOVF	FARG_WordToStr+1, 0
$012F	$00F1			MOVWF	STACK_0+1
$0130	$2050			CALL	math_div_16x16_u
$0131	$0878			MOVF	STACK_8, 0
$0132	$00F0			MOVWF	STACK_0
$0133	$0879			MOVF	STACK_9, 0
$0134	$00F1			MOVWF	STACK_1
$0135	$3030			MOVLW	48
$0136	$0770			ADDWF	STACK_0, 0
$0137	$0080			MOVWF	INDF
$0138	$0384			DECF	FSR, 1
$0139	$300A			MOVLW	10
$013A	$00F4			MOVWF	STACK_4
$013B	$01F5			CLRF	STACK_4+1
$013C	$083B			MOVF	FARG_WordToStr, 0
$013D	$00F0			MOVWF	STACK_0
$013E	$083C			MOVF	FARG_WordToStr+1, 0
$013F	$00F1			MOVWF	STACK_0+1
$0140	$2050			CALL	math_div_16x16_u
$0141	$0870			MOVF	STACK_0, 0
$0142	$00BB			MOVWF	FARG_WordToStr
$0143	$0871			MOVF	STACK_0+1, 0
$0144	$00BC			MOVWF	FARG_WordToStr+1
$0145	$03BE			DECF	conv_wordtostr_local_len, 1
$0146	$2925			GOTO	conv_L_28
$0147	$	conv_L_29:
$0147	$	conv_L_13:
$0147	$0008			RETURN
$0148	$	strcat_strcat:
$0148	$1303			BCF	STATUS, RP1
$0149	$1283			BCF	STATUS, RP0
$014A	$01BD			CLRF	strcat_strcat_local_i, 1
$014B	$01BE			CLRF	strcat_strcat_local_j, 1
$014C	$	strcat_L_2:
$014C	$083D			MOVF	strcat_strcat_local_i, 0
$014D	$073B			ADDWF	FARG_strcat, 0
$014E	$00F0			MOVWF	STACK_0
$014F	$0870			MOVF	STACK_0, 0
$0150	$0084			MOVWF	FSR
$0151	$0800			MOVF	INDF, 0
$0152	$00F1			MOVWF	STACK_1
$0153	$0871			MOVF	STACK_1, 0
$0154	$3A00			XORLW	0
$0155	$1903			BTFSC	STATUS, Z
$0156	$2959			GOTO	strcat_L_3
$0157	$0ABD			INCF	strcat_strcat_local_i, 1
$0158	$294C			GOTO	strcat_L_2
$0159	$	strcat_L_3:
$0159	$	strcat_L_7:
$0159	$083E			MOVF	strcat_strcat_local_j, 0
$015A	$073C			ADDWF	FARG_strcat+1, 0
$015B	$00F0			MOVWF	STACK_0
$015C	$0870			MOVF	STACK_0, 0
$015D	$0084			MOVWF	FSR
$015E	$0800			MOVF	INDF, 0
$015F	$00F1			MOVWF	STACK_1
$0160	$0871			MOVF	STACK_1, 0
$0161	$3A00			XORLW	0
$0162	$1903			BTFSC	STATUS, Z
$0163	$2975			GOTO	strcat_L_8
$0164	$083D			MOVF	strcat_strcat_local_i, 0
$0165	$073B			ADDWF	FARG_strcat, 0
$0166	$00F1			MOVWF	STACK_1
$0167	$083E			MOVF	strcat_strcat_local_j, 0
$0168	$073C			ADDWF	FARG_strcat+1, 0
$0169	$00F0			MOVWF	STACK_0
$016A	$0870			MOVF	STACK_0, 0
$016B	$0084			MOVWF	FSR
$016C	$0800			MOVF	INDF, 0
$016D	$00F0			MOVWF	STACK_0
$016E	$0871			MOVF	STACK_1, 0
$016F	$0084			MOVWF	FSR
$0170	$0870			MOVF	STACK_0, 0
$0171	$0080			MOVWF	INDF
$0172	$0ABD			INCF	strcat_strcat_local_i, 1
$0173	$0ABE			INCF	strcat_strcat_local_j, 1
$0174	$2959			GOTO	strcat_L_7
$0175	$	strcat_L_8:
$0175	$083D			MOVF	strcat_strcat_local_i, 0
$0176	$073B			ADDWF	FARG_strcat, 0
$0177	$00F0			MOVWF	STACK_0
$0178	$0870			MOVF	STACK_0, 0
$0179	$0084			MOVWF	FSR
$017A	$0180			CLRF	INDF, 1
$017B	$	strcat_L_0:
$017B	$0008			RETURN
$017C	$	lcd8bit_lcd8_init:
$017C	$2006			CALL	delays_delay_5500us
$017D	$2006			CALL	delays_delay_5500us
$017E	$2006			CALL	delays_delay_5500us
$017F	$083C			MOVF	FARG_Lcd8_Init+1, 0
$0180	$00A0			MOVWF	lcd8bit_main_global_dataaddress
$0181	$083B			MOVF	FARG_Lcd8_Init, 0
$0182	$00A1			MOVWF	lcd8bit_main_global_ctrladdress
$0183	$083C			MOVF	FARG_Lcd8_Init+1, 0
$0184	$0084			MOVWF	FSR
$0185	$1784			BSF	FSR, 7
$0186	$0180			CLRF	INDF, 1
$0187	$083B			MOVF	FARG_Lcd8_Init, 0
$0188	$0084			MOVWF	FSR
$0189	$1180			BCF	INDF, __LCD8_RW
$018A	$1784			BSF	FSR, 7
$018B	$1100			BCF	INDF, __LCD8_RS
$018C	$1180			BCF	INDF, __LCD8_RW
$018D	$1080			BCF	INDF, __LCD8_ENABLE
$018E	$1384			BCF	FSR, 7
$018F	$0820			MOVF	lcd8bit_main_global_dataaddress, 0
$0190	$0084			MOVWF	FSR
$0191	$3030			MOVLW	48
$0192	$0080			MOVWF	INDF
$0193	$2006			CALL	delays_delay_5500us
$0194	$2006			CALL	delays_delay_5500us
$0195	$0821			MOVF	lcd8bit_main_global_ctrladdress, 0
$0196	$0084			MOVWF	FSR
$0197	$1480			BSF	INDF, __LCD8_ENABLE
$0198	$2004			CALL	delays_delay_1us
$0199	$1080			BCF	INDF, __LCD8_ENABLE
$019A	$0820			MOVF	lcd8bit_main_global_dataaddress, 0
$019B	$0084			MOVWF	FSR
$019C	$3030			MOVLW	48
$019D	$0080			MOVWF	INDF
$019E	$2006			CALL	delays_delay_5500us
$019F	$2006			CALL	delays_delay_5500us
$01A0	$0821			MOVF	lcd8bit_main_global_ctrladdress, 0
$01A1	$0084			MOVWF	FSR
$01A2	$1480			BSF	INDF, __LCD8_ENABLE
$01A3	$2004			CALL	delays_delay_1us
$01A4	$1080			BCF	INDF, __LCD8_ENABLE
$01A5	$0820			MOVF	lcd8bit_main_global_dataaddress, 0
$01A6	$0084			MOVWF	FSR
$01A7	$3030			MOVLW	48
$01A8	$0080			MOVWF	INDF
$01A9	$2006			CALL	delays_delay_5500us
$01AA	$2006			CALL	delays_delay_5500us
$01AB	$0821			MOVF	lcd8bit_main_global_ctrladdress, 0
$01AC	$0084			MOVWF	FSR
$01AD	$1480			BSF	INDF, __LCD8_ENABLE
$01AE	$2004			CALL	delays_delay_1us
$01AF	$1080			BCF	INDF, __LCD8_ENABLE
$01B0	$0820			MOVF	lcd8bit_main_global_dataaddress, 0
$01B1	$0084			MOVWF	FSR
$01B2	$3038			MOVLW	56
$01B3	$0080			MOVWF	INDF
$01B4	$2006			CALL	delays_delay_5500us
$01B5	$2006			CALL	delays_delay_5500us
$01B6	$0821			MOVF	lcd8bit_main_global_ctrladdress, 0
$01B7	$0084			MOVWF	FSR
$01B8	$1480			BSF	INDF, __LCD8_ENABLE
$01B9	$2004			CALL	delays_delay_1us
$01BA	$1080			BCF	INDF, __LCD8_ENABLE
$01BB	$0820			MOVF	lcd8bit_main_global_dataaddress, 0
$01BC	$0084			MOVWF	FSR
$01BD	$3010			MOVLW	16
$01BE	$0080			MOVWF	INDF
$01BF	$2006			CALL	delays_delay_5500us
$01C0	$2006			CALL	delays_delay_5500us
$01C1	$0821			MOVF	lcd8bit_main_global_ctrladdress, 0
$01C2	$0084			MOVWF	FSR
$01C3	$1480			BSF	INDF, __LCD8_ENABLE
$01C4	$2004			CALL	delays_delay_1us
$01C5	$1080			BCF	INDF, __LCD8_ENABLE
$01C6	$0820			MOVF	lcd8bit_main_global_dataaddress, 0
$01C7	$0084			MOVWF	FSR
$01C8	$3001			MOVLW	1
$01C9	$0080			MOVWF	INDF
$01CA	$2006			CALL	delays_delay_5500us
$01CB	$2006			CALL	delays_delay_5500us
$01CC	$0821			MOVF	lcd8bit_main_global_ctrladdress, 0
$01CD	$0084			MOVWF	FSR
$01CE	$1480			BSF	INDF, __LCD8_ENABLE
$01CF	$2004			CALL	delays_delay_1us
$01D0	$1080			BCF	INDF, __LCD8_ENABLE
$01D1	$0820			MOVF	lcd8bit_main_global_dataaddress, 0
$01D2	$0084			MOVWF	FSR
$01D3	$300F			MOVLW	15
$01D4	$0080			MOVWF	INDF
$01D5	$2006			CALL	delays_delay_5500us
$01D6	$2006			CALL	delays_delay_5500us
$01D7	$0821			MOVF	lcd8bit_main_global_ctrladdress, 0
$01D8	$0084			MOVWF	FSR
$01D9	$1480			BSF	INDF, __LCD8_ENABLE
$01DA	$2004			CALL	delays_delay_1us
$01DB	$1080			BCF	INDF, __LCD8_ENABLE
$01DC	$3001			MOVLW	1
$01DD	$00A2			MOVWF	lcd8bit_main_global_com
$01DE	$	lcd8bit_L_22:
$01DE	$0008			RETURN
$01DF	$	Ad1_main:
^Ad1.pbas, 26 :: 		dim string_ad as string[10]
$01DF	$	Ad1_main_main:
^Ad1.pbas, 55 :: 		adcon1=%10000100
$01DF	$3084			MOVLW	132
$01E0	$1303			BCF	STATUS, RP1
$01E1	$1683			BSF	STATUS, RP0
$01E2	$009F			MOVWF	ADCON1
^Ad1.pbas, 56 :: 		adcon0=%01000001              ' Configura o ad
$01E3	$3041			MOVLW	65
$01E4	$1283			BCF	STATUS, RP0
$01E5	$009F			MOVWF	ADCON0
^Ad1.pbas, 57 :: 		trisa=%11111111               ' põe todos os pinos para entrada
$01E6	$30FF			MOVLW	255
$01E7	$1683			BSF	STATUS, RP0
$01E8	$0085			MOVWF	TRISA
^Ad1.pbas, 58 :: 		trisd=%00000000
$01E9	$0188			CLRF	TRISD, 1
^Ad1.pbas, 59 :: 		trise=%00000001               ' configura i/os
$01EA	$3001			MOVLW	1
$01EB	$0089			MOVWF	TRISE
^Ad1.pbas, 60 :: 		option_reg=%10000000          ' configura prescaler do timer 0
$01EC	$3080			MOVLW	128
$01ED	$0081			MOVWF	OPTION_REG
^Ad1.pbas, 61 :: 		Lcd8_Config(PORTE, PORTD, 2, 1, 3, 7, 6, 5, 4, 3, 2, 1, 0)
$01EE	$3009			MOVLW	PORTE
$01EF	$1283			BCF	STATUS, RP0
$01F0	$00BB			MOVWF	farg_Lcd8_Init
$01F1	$3008			MOVLW	PORTD
$01F2	$00BC			MOVWF	farg_Lcd8_Init+1
$01F3	$217C			CALL	lcd8bit_lcd8_init
^Ad1.pbas, 62 :: 		Lcd8_Cmd(LCD_CLEAR)           ' limpa o display
$01F4	$3001			MOVLW	1
$01F5	$00C0			MOVWF	FARG_Lcd8_Cmd
$01F6	$2020			CALL	lcd8bit_lcd8_cmd
^Ad1.pbas, 63 :: 		Lcd8_Cmd(LCD_CURSOR_OFF)      ' Desliga o cursor
$01F7	$300C			MOVLW	12
$01F8	$00C0			MOVWF	FARG_Lcd8_Cmd
$01F9	$2020			CALL	lcd8bit_lcd8_cmd
^Ad1.pbas, 64 :: 		Lcd8_out(1, 3, "Medicao AD")  ' Mostra mensagem no display
$01FA	$3001			MOVLW	1
$01FB	$00BB			MOVWF	FARG_Lcd8_Out
$01FC	$3003			MOVLW	3
$01FD	$00BC			MOVWF	FARG_Lcd8_Out+1
$01FE	$304D			MOVLW	77
$01FF	$00A3			MOVWF	?Local_Text+0
$0200	$3065			MOVLW	101
$0201	$00A4			MOVWF	?Local_Text+1
$0202	$3064			MOVLW	100
$0203	$00A5			MOVWF	?Local_Text+2
$0204	$3069			MOVLW	105
$0205	$00A6			MOVWF	?Local_Text+3
$0206	$3063			MOVLW	99
$0207	$00A7			MOVWF	?Local_Text+4
$0208	$3061			MOVLW	97
$0209	$00A8			MOVWF	?Local_Text+5
$020A	$306F			MOVLW	111
$020B	$00A9			MOVWF	?Local_Text+6
$020C	$3020			MOVLW	32
$020D	$00AA			MOVWF	?Local_Text+7
$020E	$3041			MOVLW	65
$020F	$00AB			MOVWF	?Local_Text+8
$0210	$3044			MOVLW	68
$0211	$00AC			MOVWF	?Local_Text+9
$0212	$01AD			CLRF	?Local_Text+10
$0213	$3023			MOVLW	?Local_Text
$0214	$00BD			MOVWF	FARG_Lcd8_Out+2
$0215	$206D			CALL	lcd8bit_lcd8_out
^Ad1.pbas, 70 :: 		while 1=1
$0216	$	Ad1_L_2:
^Ad1.pbas, 72 :: 		leitura_ad= ADC_read(0)                   'faz a leitura do ad
$0216	$01BB			CLRF	FARG_ADC_read, 1
$0217	$20AF			CALL	adclib_a_c_adc_read
$0218	$0870			MOVF	STACK_0, 0
$0219	$00AE			MOVWF	main_global_leitura_ad
$021A	$0871			MOVF	STACK_0+1, 0
$021B	$00AF			MOVWF	main_global_leitura_ad+1
^Ad1.pbas, 73 :: 		wordtostr(leitura_ad,string_ad)           'converte para string
$021C	$0870			MOVF	STACK_0, 0
$021D	$00BB			MOVWF	FARG_WordToStr
$021E	$0871			MOVF	STACK_0+1, 0
$021F	$00BC			MOVWF	FARG_WordToStr+1
$0220	$3030			MOVLW	main_global_string_ad
$0221	$00BD			MOVWF	FARG_WordToStr+2
$0222	$20EE			CALL	conv_wordtostr
^Ad1.pbas, 74 :: 		strcat(string_ad," uad")
$0223	$3030			MOVLW	main_global_string_ad
$0224	$00BB			MOVWF	FARG_strcat
$0225	$3020			MOVLW	32
$0226	$00A3			MOVWF	?Local_Text+0
$0227	$3075			MOVLW	117
$0228	$00A4			MOVWF	?Local_Text+1
$0229	$3061			MOVLW	97
$022A	$00A5			MOVWF	?Local_Text+2
$022B	$3064			MOVLW	100
$022C	$00A6			MOVWF	?Local_Text+3
$022D	$01A7			CLRF	?Local_Text+4
$022E	$3023			MOVLW	?Local_Text
$022F	$00BC			MOVWF	FARG_strcat+1
$0230	$2148			CALL	strcat_strcat
^Ad1.pbas, 75 :: 		Lcd8_out(2,3,string_ad)                   'apresenta o dado no display
$0231	$3002			MOVLW	2
$0232	$00BB			MOVWF	FARG_Lcd8_Out
$0233	$3003			MOVLW	3
$0234	$00BC			MOVWF	FARG_Lcd8_Out+1
$0235	$3030			MOVLW	main_global_string_ad
$0236	$00BD			MOVWF	FARG_Lcd8_Out+2
$0237	$206D			CALL	lcd8bit_lcd8_out
$0238	$2A16			GOTO	Ad1_L_2
^Ad1.pbas, 77 :: 		wend
$0239	$2A39			GOTO	$


//** Procedures locations **
//ADDRESS		PROCEDURE
//----------------------------------------------
$0004		Delay_1us
$0006		Delay_5500us
$0017		Delay_500us
$0020		Lcd8_Cmd
$0049		Delay_22us
$0050		Div_16x16_U
$006D		Lcd8_Out
$00AF		ADC_read
$00EE		WordToStr
$0148		strcat
$017C		Lcd8_Init
$01DF		main


//** Labels locations **
//ADDRESS		LABEL
//----------------------------------------------
$0004		delays_delay_1us:
$0005		delays_L_0:
$0006		delays_delay_5500us:
$0016		delays_L_6:
$0017		delays_delay_500us:
$001F		delays_L_5:
$0020		lcd8bit_lcd8_cmd:
$003B		lcd8bit_L_1:
$003D		lcd8bit_L_2:
$003E		lcd8bit_L_3:
$0045		lcd8bit_L_4:
$0047		lcd8bit_L_5:
$0048		lcd8bit_L_0:
$0048		lcd8bit_L_6:
$0049		delays_delay_22us:
$004F		delays_L_2:
$0050		math_div_16x16_u:
$006C		math_L_3:
$006D		lcd8bit_L_26:
$006D		lcd8bit_lcd8_out:
$0073		lcd8bit_L_25:
$0076		lcd8bit_L_27:
$0076		lcd8bit_L_29:
$007A		lcd8bit_L_28:
$007D		lcd8bit_L_30:
$007D		lcd8bit_L_32:
$0081		lcd8bit_L_31:
$0084		lcd8bit_L_33:
$0084		lcd8bit_L_35:
$0088		lcd8bit_L_34:
$008B		lcd8bit_L_36:
$008D		lcd8bit_L_24:
$009C		lcd8bit_L_38:
$00AC		lcd8bit_L_39:
$00AE		lcd8bit_L_23:
$00AF		adclib_a_c_adc_read:
$00CB		adclib_a_c_L_2:
$00D5		adclib_a_c_L_3:
$00E9		adclib_a_c_L_0:
$00EE		conv_wordtostr:
$00F8		L_WordToStr_0:
$00FA		conv_L_14:
$00FB		conv_L_15:
$00FB		conv_L_16:
$0101		L_WordToStr_1:
$0103		conv_L_17:
$0104		conv_L_18:
$0104		conv_L_19:
$010A		L_WordToStr_2:
$010C		conv_L_20:
$010D		conv_L_21:
$010D		conv_L_22:
$0113		L_WordToStr_3:
$0115		conv_L_23:
$0116		conv_L_24:
$0116		conv_L_25:
$0125		conv_L_28:
$0147		conv_L_13:
$0147		conv_L_29:
$0148		strcat_strcat:
$014C		strcat_L_2:
$0159		strcat_L_3:
$0159		strcat_L_7:
$0175		strcat_L_8:
$017B		strcat_L_0:
$017C		lcd8bit_lcd8_init:
$01DE		lcd8bit_L_22:
$01DF		Ad1_main:
$01DF		Ad1_main_main:
$0216		Ad1_L_2:


//** Variables locations **
//ADDRESS		VARIABLE
//----------------------------------------------
$0000		INDF
$0002		PCL
$0003		STATUS
$0004		FSR
$000A		PCLATH
$001E		ADRESH
$001F		ADCON0
$0020		lcd8bit_main_global_dataaddress
$0021		lcd8bit_main_global_ctrladdress
$0022		lcd8bit_main_global_com
$0023		?Local_Text
$002E		main_global_leitura_ad
$0030		main_global_string_ad
$003B		FARG_ADC_read
$003B		FARG_Lcd8_Init
$003B		FARG_Lcd8_Out
$003B		FARG_strcat
$003B		FARG_WordToStr
$003C		adclib_a_c_adc_read_local_result
$003C		FARG_Lcd8_Init+1
$003C		FARG_Lcd8_Out+1
$003C		FARG_strcat+1
$003D		FARG_Lcd8_Out+2
$003D		FARG_WordToStr+2
$003D		strcat_strcat_local_i
$003E		conv_wordtostr_local_len
$003E		lcd8bit_lcd8_out_local_i
$003E		strcat_strcat_local_j
$003F		lcd8bit_lcd8_out_local_a
$0040		FARG_Lcd8_Cmd
$0070		STACK_0
$0071		STACK_1
$0072		STACK_2
$0073		STACK_3
$0074		STACK_4
$0075		STACK_5
$0076		STACK_6
$0077		STACK_7
$0078		STACK_8
$0079		STACK_9
$007A		STACK_10
$007B		STACK_11
$007C		STACK_12
$007D		STACK_13
$007E		STACK_14
$007F		STACK_15
$0081		OPTION_REG
$0085		TRISA
$0088		TRISD
$0089		TRISE
$009E		ADRESL
$009F		ADCON1


