
ROM used: 365 (4%)
          365 (4%) including unused fragments

          1 Average locations per line
          4 Average locations per statement

RAM used: 20 (11%) at main() level
          21 (12%) worst case

Lines Stmts  %   Files
----- ----- ---  -----
  228    93 100  C:\Cerne\CDs\kit PICLAB16f877A\Exemplos\Exemplos C\Teclado Matricial\teclado.c
  306     0   0  C:\Arquivos de programas\PICC\devices\16F877A.h
----- -----
 1068   186 Total

Page ROM  %  RAM  Functions:
---- --- --- ---  ----------
0     19   5   0  @const51
0     78  21   0  main
0     36  10   0  Inicializa
0    173  47   1  Ist_Timer0
0      8   2   0  @goto10080

 Segment   Used  Free
---------  ----  ----
00000-00003     4  0  
00004-00032    47  0  
00033-007FF   314  1683  
00800-00FFF     0  2048  
01000-017FF     0  2048  
01800-01FFF     0  2048  

