MPASM 03.80.04 Internal                               PWM.ASM   5-15-2005  0:10:03         PAGE  1


LOC  OBJECT CODE     LINE SOURCE TEXT
  VALUE

                      00001 ;*      *       *       *       *       *       *       *       *       *
                      00002 ;*                                                                      *
                      00003 ;*                  EXEMPLO5: UTILIZANDO O PWM DO PIC                   *
                      00004 ;*                   APOSTILA MÓDULO B  -  PIC16F877A                   *
                      00005 ;*                    ÁPICE TECNOLOGIA E TREINAMENTO                    *
                      00006 ;*          VERSÃO 1.0                          DATA:14/05/2005         *
                      00007 ;*                                                                      *
                      00008 ;*      *       *       *       *       *       *       *       *       *
                      00009 
                      00010 ;*      *       *       *       *       *       *       *       *       *
                      00011 ;*                       OBJETIVO DO ARQUIVO FONTE                      *
                      00012 ;*                                                                      *
                      00013 ;*  CONTROLAR A ROTAÇÃO DO VENTILADOR EXTERNO E DO RESITOR DE POTÊNCIA  *
                      00014 ;*  A PARTIR DO CONTROLE QUE SERÁ FEITO NO TECLADO MATRICIAL. O VALOR   *
                      00015 ;*    AJUSTADO SERÁ APRESENTADO NO DISPLAY E AJUSTADO NO MÓDULO CCP     *
                      00016 ;*                                                                      *
                      00017 ;*      *       *       *       *       *       *       *       *       *
                      00018 
                      00019  #INCLUDE <P16F877.INC>         ;ARQUIVO PADRÃO PARA PIC16F877A
                      00001         LIST
                      00002 ; P16F877.INC  Standard Header File, Version 1.00    Microchip Technology, Inc.
                      00373         LIST
2007   3F35           00020  __CONFIG _CP_OFF & _XT_OSC & _PWRTE_ON & _LVP_OFF & _WDT_ON & _BODEN_OFF & _CPD_OFF & _DEBUG_OFF
                      00021         
                      00022         ;NESTE PONTO É INFORMADO A CONFIGURAÇÃO DA MÁQUINA, OU SEJA, SE TERÁ
                      00023         ;CÓDIGO DE PROTEÇÃO OU O TIPO DE CRISTAL QUE SERÁ UTILIZADO     
                      00024 
                      00025         ;CONFIGURAÇÃO DA MÁQUINA
                      00026         ; CODE PROTECT                  -> DESLIGADO
                      00027         ; OSCILADOR                     -> CRISTAL OU RESSONADOR
                      00028         ; POWER-UP                      -> LIGADO
                      00029         ; DEBUF                         -> DESLIGADO            
                      00030         ; PROGRAMAÇÃO EM BAIXA VOLTAGEM -> DESLIGADO
                      00031         ; WATCH DOG                     -> LIGADO
                      00032         ; BROWN-OUT RESET               -> DESLIGADO
                      00033         ; PROTEÇÃO DE EEPROM            -> DESLIGADO
                      00034                 
                      00035 ;*      *       *       *       *       *       *       *       *       *
                      00036 ;*                         PAGINAÇÃO DE MEMÓRIA                         *
                      00037 ;*      *       *       *       *       *       *       *       *       *
                      00038 
                      00039 ; AQUI CRIAREMOS UM PSEUDÔNIMO PARA UM COMANDO. POR EXEMPLO, O COMANDO
                      00040 ; "BCF STATUS,RP0" PODE SER SUBSTITUÍDO SEM PROBLEMAS POR "BANK0". O 
                      00041 ; COMPILADOR IRÁ SUBSTITUIR INTERNAMENTE "BANK0" POR "BCF STATUS,RP0".
                      00042 ; ESTA APLICAÇÃO É VÁLIDA PARA OUTROS TIPOS DE COMANDOS
                      00043 
                      00044 #DEFINE BANK0   BCF     STATUS,RP0      ; ESCOLHE BANCO DE MEMÓRIA 0
                      00045 #DEFINE BANK1   BSF     STATUS,RP0      ; ESCOLHE BANCO DE MEMÓRIA 1
                      00046 
                      00047 ;*      *       *       *       *       *       *       *       *       *
                      00048 ;*                           DEFINICAO DE RAM                           *
                      00049 ;*      *       *       *       *       *       *       *       *       *
                      00050 
MPASM 03.80.04 Internal                               PWM.ASM   5-15-2005  0:10:03         PAGE  2


LOC  OBJECT CODE     LINE SOURCE TEXT
  VALUE

                      00051 ; AQUI IREMOS CRIAR AS VARIÁVEIS DO NOSSO SISTEMA
                      00052 
                      00053         CBLOCK 0x20      ; INÍCIO DO BLOCO DE RAM(GPR)
  00000020            00054                 TEMPO1   ; VARIÁVEL DA ROTINA DE TEMPO          
  00000021            00055                 TEMPO2   ; VARIÁVEL DA ROTINA DE TEMPO                          
  00000022            00056                 TECLADO1 ; VARIÁVEL PARA MARCAR AS TECLAS  
  00000023            00057                 TECLADO2 ; VARIÁVEL PARA MARCAR AS TECLAS
  00000024            00058                 INDICE   ; VARIÁVEL DE ÍNDICE
  00000025            00059                 TEMP     ; VARIÁVEL TEMPORÁRIA          
                      00060         ENDC             ; FIM DO BLOCO DE RAM(GPR)
                      00061         
                      00062         CBLOCK 0x70
  00000070            00063                 W_TEMP   ; VARIÁVEIS TEMPORÁRIAS
  00000071            00064                 STATUS_TEMP     
  00000072            00065                 FSR_TEMP
  00000073            00066                 PCLATH_TEMP
                      00067         ENDC
                      00068                 
                      00069 ;*      *       *       *       *       *       *       *       *       *
                      00070 ;*                        DEFINICAO DE FLAGS                            *
                      00071 ;*      *       *       *       *       *       *       *       *       *
                      00072 
                      00073 ; AQUI SÃO DEFINIDOS OS FLAGS QUE SERÃO UTILIZADOS PELO SISTEMA
                      00074 
                      00075 #DEFINE  TECLA_0        TECLADO1,0  ; TECLA 0 DO TECLADO MATRICIAL
                      00076 #DEFINE  TECLA_1        TECLADO1,1  ; TECLA 1 DO TECLADO MATRICIAL      
                      00077 #DEFINE  TECLA_2        TECLADO1,2  ; TECLA 2 DO TECLADO MATRICIAL      
                      00078 #DEFINE  TECLA_3        TECLADO1,3  ; TECLA 3 DO TECLADO MATRICIAL
                      00079 #DEFINE  TECLA_4        TECLADO1,4  ; TECLA 4 DO TECLADO MATRICIAL
                      00080 #DEFINE  TECLA_5        TECLADO1,5  ; TECLA 5 DO TECLADO MATRICIAL
                      00081 #DEFINE  TECLA_6        TECLADO1,6  ; TECLA 6 DO TECLADO MATRICIAL
                      00082 #DEFINE  TECLA_7        TECLADO1,7  ; TECLA 7 DO TECLADO MATRICIAL
                      00083 #DEFINE  TECLA_8        TECLADO2,0  ; TECLA 8 DO TECLADO MATRICIAL
                      00084 #DEFINE  TECLA_9        TECLADO2,1  ; TECLA 9 DO TECLADO MATRICIAL
                      00085 #DEFINE  TECLA_C        TECLADO2,2  ; TECLA CORRIGE DO TECLADO MATRICIAL
                      00086 #DEFINE  TECLA_E        TECLADO2,3  ; TECLA ENTER DO TECLADO MATRICIAL
                      00087         
                      00088 ;*      *       *       *       *       *       *       *       *       *
                      00089 ;*                      DEFINICAO DE CONSTANTES                         *
                      00090 ;*      *       *       *       *       *       *       *       *       *
                      00091 
                      00092 ; AQUI SÃO DEFINIDOS AS CONSTANTES QUE SERÃO UTILIZADOS PELO SISTEMA
                      00093 
                      00094 #DEFINE LINHA_SUP       0x80    ; CONSTANTE PARA LINHA SUPERIOR
                      00095 #DEFINE LINHA_INF       0xC0    ; CONSTANTE PARA LINHA INFERIOR
                      00096 
                      00097 #DEFINE SEL_LINHA1      B'00001110'  ; SELECIONA LINHA 1        
                      00098 #DEFINE SEL_LINHA2      B'00001101'  ; SELECIONA LINHA 2                
                      00099 #DEFINE SEL_LINHA3      B'00001011'  ; SELECIONA LINHA 3                
                      00100 #DEFINE SEL_LINHA4      B'00000111'  ; SELECIONA LINHA 4        
                      00101 
                      00102 ;*      *       *       *       *       *       *       *       *       *
                      00103 ;*                        ENTRADAS DO SISTEMA                           *
MPASM 03.80.04 Internal                               PWM.ASM   5-15-2005  0:10:03         PAGE  3


LOC  OBJECT CODE     LINE SOURCE TEXT
  VALUE

                      00104 ;*      *       *       *       *       *       *       *       *       *
                      00105 
                      00106 #DEFINE COL1            PORTA,4      ; PINO DE ENTRADA DA COLUNA1       
                      00107 #DEFINE COL2            PORTA,5      ; PINO DE ENTRADA DA COLUNA2               
                      00108 #DEFINE COL3            PORTE,0      ; PINO DE ENTRADA DA COLUNA3               
                      00109 
                      00110 ;*      *       *       *       *       *       *       *       *       *
                      00111 ;*                        SAÍDAS DO SISTEMA                             *
                      00112 ;*      *       *       *       *       *       *       *       *       *
                      00113 
                      00114 ; AQUI SÃO DEFINIDAS AS SAÍDAS QUE SERÃO UTILIZADOS PELO SISTEMA
                      00115 
                      00116 #DEFINE BUS             PORTD   ; DEFINE O BARRAMENTO COMO O PORTD 
                      00117 #DEFINE RS              PORTE,1 ; RS DO DISPLAY
                      00118 #DEFINE EN              PORTE,2 ; EN DO DISPLAY
                      00119 
                      00120 ;*      *       *       *       *       *       *       *       *       *
                      00121 ;*                          VETOR DE RESET                              *
                      00122 ;*      *       *       *       *       *       *       *       *       *
                      00123 
0000                  00124         ORG     0x0000          ; ENDEREÇO INICIAL DA MÁQUINA
0000   290C           00125         GOTO    CONFIG_         ; SALTA PARA CONFIGURAR A MÁQUINA
                      00126 
                      00127 ;*      *       *       *       *       *       *       *       *       *
                      00128 ;*                       VETOR DE INTERRUPÇÃO                           *
                      00129 ;*      *       *       *       *       *       *       *       *       *
                      00130 
0004                  00131         ORG     0x0004          ; ENDEREÇO INICIAL DO VETOR DE INTERRUPÇÃO
0004                  00132 SALVA_CONTEXTO
0004   00F0           00133         MOVWF   W_TEMP          ; SALVA W
0005   0E03           00134         SWAPF   STATUS,W        
0006   00F1           00135         MOVWF   STATUS_TEMP     ; SALVA STATUS
0007   0804           00136         MOVF    FSR,W
0008   00F2           00137         MOVWF   FSR_TEMP        ; SALVA FSR     
Message[305]: Using default destination of 1 (file).
0009   088A           00138         MOVF    PCLATH  
000A   00F3           00139         MOVWF   PCLATH_TEMP     ; SALVA PCLATH
                      00140         
000B   0183           00141         CLRF    STATUS          ; GARANTE BANCO 0
000C   018A           00142         CLRF    PCLATH          ; GARANTE PÁGINA 0
                      00143         
000D   190B           00144         BTFSC   INTCON,T0IF     ; INTERRUPÇÃO DE TIMER0?
000E   2818           00145         GOTO    TRATA_TIMER0    ; SIM, ENTÃO TRATA
                      00146         
000F                  00147 SAI_INTERRUPCAO 
000F   0872           00148         MOVF    FSR_TEMP,W
0010   0084           00149         MOVWF   FSR             ; RECUPERA FSR
0011   0873           00150         MOVF    PCLATH_TEMP,W   
0012   008A           00151         MOVWF   PCLATH          ; RECUPERA PCLATH
0013   0E71           00152         SWAPF   STATUS_TEMP,W
0014   0083           00153         MOVWF   STATUS          ; RECUPERA STATUS
0015   0EF0           00154         SWAPF   W_TEMP,F
0016   0E70           00155         SWAPF   W_TEMP,W        ; RECUPERA W
MPASM 03.80.04 Internal                               PWM.ASM   5-15-2005  0:10:03         PAGE  4


LOC  OBJECT CODE     LINE SOURCE TEXT
  VALUE

0017   0009           00156         RETFIE                  ; RETORNA DA INTERRUPÇÃO
                      00157 
                      00158 ;*      *       *       *       *       *       *       *       *       *
                      00159 ;*                  TRATATAMENTO DE INTERRUPÇÃO DE TIMER0               *
                      00160 ;*      *       *       *       *       *       *       *       *       *
                      00161 
0018                  00162 TRATA_TIMER0
                      00163         
0018   110B           00164         BCF     INTCON,T0IF      ; LIMPA FLAG DE INTERRUPÇÃO
Message[305]: Using default destination of 1 (file).
0019   0AA4           00165         INCF    INDICE           ; INCREMENTA INDICE 
001A   3003           00166         MOVLW   B'00000011'      
001B   0524           00167         ANDWF   INDICE,W         ; MASCARA OS BITS SUPERIORES   
001C   0782           00168         ADDWF   PCL,F            ; SOMA CONTEÚDO COM PCL        
001D   2821           00169         GOTO    VERIFICA_LINHA1  ; SALTA PARA TRATAR A LINHA 1
001E   282D           00170         GOTO    VERIFICA_LINHA2  ; SALTA PARA TRATAR A LINHA 2
001F   2839           00171         GOTO    VERIFICA_LINHA3  ; SALTA PARA TRATAR A LINHA 3
0020   2845           00172         GOTO    VERIFICA_LINHA4  ; SALTA PARA TRATAR A LINHA 4
                      00173         
                      00174 
0021                  00175 VERIFICA_LINHA1
                      00176         
0021   300E           00177         MOVLW   SEL_LINHA1      
0022   0088           00178         MOVWF   BUS             ; SELECIONA A LINHA 1   
                      00179         
0023   10A2           00180         BCF     TECLA_1         ; LIMPA FLAG DA TECLA 1 PRESSIONADA
0024   1122           00181         BCF     TECLA_2         ; LIMPA FLAG DA TECLA 2 PRESSIONADA
0025   11A2           00182         BCF     TECLA_3         ; LIMPA FLAG DA TECLA 3 PRESSIONADA
                      00183                 
0026   1E05           00184         BTFSS   COL1            ; COLUNA1 ESTÁ PRESSIONADA?
0027   14A2           00185         BSF     TECLA_1         ; SIM, ENTÃO SETA TECLA_1
                      00186         
0028   1E85           00187         BTFSS   COL2            ; COLUNA2 ESTÁ PRESSIONADA?
0029   1522           00188         BSF     TECLA_2         ; SIM, ENTÃO SETA TECLA_2
                      00189         
002A   1C09           00190         BTFSS   COL3            ; COLUNA3 ESTÁ PRESSIONADA?
002B   15A2           00191         BSF     TECLA_3         ; SIM, ENTÃO SETA TECLA_3
                      00192         
002C   280F           00193         GOTO    SAI_INTERRUPCAO ; SAI DA INTERRUPÇÃO
                      00194         
002D                  00195 VERIFICA_LINHA2
                      00196         
002D   300D           00197         MOVLW   SEL_LINHA2
002E   0088           00198         MOVWF   BUS             ; SELECIONA A LINHA 2   
                      00199         
002F   1222           00200         BCF     TECLA_4         ; LIMPA FLAG DA TECLA 4 PRESSIONADA
0030   12A2           00201         BCF     TECLA_5         ; LIMPA FLAG DA TECLA 5 PRESSIONADA
0031   1322           00202         BCF     TECLA_6         ; LIMPA FLAG DA TECLA 6 PRESSIONADA
                      00203                 
0032   1E05           00204         BTFSS   COL1            ; COLUNA1 ESTÁ PRESSIONADA?
0033   1622           00205         BSF     TECLA_4         ; SIM, ENTÃO SETA TECLA_4
                      00206         
0034   1E85           00207         BTFSS   COL2            ; COLUNA2 ESTÁ PRESSIONADA?
MPASM 03.80.04 Internal                               PWM.ASM   5-15-2005  0:10:03         PAGE  5


LOC  OBJECT CODE     LINE SOURCE TEXT
  VALUE

0035   16A2           00208         BSF     TECLA_5         ; SIM, ENTÃO SETA TECLA_5
                      00209         
0036   1C09           00210         BTFSS   COL3            ; COLUNA3 ESTÁ PRESSIONADA?
0037   1722           00211         BSF     TECLA_6         ; SIM, ENTÃO SETA TECLA_6
                      00212         
0038   280F           00213         GOTO    SAI_INTERRUPCAO ; SAI DA INTERRUPÇÃO
                      00214 
0039                  00215 VERIFICA_LINHA3
                      00216         
0039   300B           00217         MOVLW   SEL_LINHA3
003A   0088           00218         MOVWF   BUS             ; SELECIONA A LINHA 3   
                      00219         
003B   13A2           00220         BCF     TECLA_7         ; LIMPA FLAG DA TECLA 7 PRESSIONADA
003C   1023           00221         BCF     TECLA_8         ; LIMPA FLAG DA TECLA 8 PRESSIONADA
003D   10A3           00222         BCF     TECLA_9         ; LIMPA FLAG DA TECLA 9 PRESSIONADA
                      00223                 
003E   1E05           00224         BTFSS   COL1            ; COLUNA1 ESTÁ PRESSIONADA?
003F   17A2           00225         BSF     TECLA_7         ; SIM, ENTÃO SETA TECLA_7
                      00226         
0040   1E85           00227         BTFSS   COL2            ; COLUNA2 ESTÁ PRESSIONADA?
0041   1423           00228         BSF     TECLA_8         ; SIM, ENTÃO SETA TECLA_8
                      00229         
0042   1C09           00230         BTFSS   COL3            ; COLUNA3 ESTÁ PRESSIONADA?
0043   14A3           00231         BSF     TECLA_9         ; SIM, ENTÃO SETA TECLA_9
                      00232         
0044   280F           00233         GOTO    SAI_INTERRUPCAO ; SAI DA INTERRUPÇÃO
                      00234 
0045                  00235 VERIFICA_LINHA4
                      00236         
0045   3007           00237         MOVLW   SEL_LINHA4      
0046   0088           00238         MOVWF   BUS             ; SELECIONA A LINHA 4   
                      00239         
0047   11A3           00240         BCF     TECLA_E         ; LIMPA FLAG DA TECLA ENTER PRESSIONADA
0048   1123           00241         BCF     TECLA_C         ; LIMPA FLAG DA TECLA CORRIGE PRESSIONADA
0049   1022           00242         BCF     TECLA_0         ; LIMPA FLAG DA TECLA 0 PRESSIONADA
                      00243                 
004A   1E05           00244         BTFSS   COL1            ; COLUNA1 ESTÁ PRESSIONADA?
004B   1523           00245         BSF     TECLA_C         ; SIM, ENTÃO SETA TECLA_C
                      00246         
004C   1E85           00247         BTFSS   COL2            ; COLUNA2 ESTÁ PRESSIONADA?
004D   1422           00248         BSF     TECLA_0         ; SIM, ENTÃO SETA TECLA_0
                      00249         
004E   1C09           00250         BTFSS   COL3            ; COLUNA3 ESTÁ PRESSIONADA?
004F   15A3           00251         BSF     TECLA_E         ; SIM, ENTÃO SETA TECLA_E
                      00252         
0050   280F           00253         GOTO    SAI_INTERRUPCAO ; SAI DA INTERRUPÇÃO
                      00254 
                      00255 ;*      *       *       *       *       *       *       *       *       *
                      00256 ;*                    ROTINA DE DELAY DE 1ms A 256ms                    *
                      00257 ;*      *       *       *       *       *       *       *       *       *
                      00258 
0051                  00259 DELAY_MS
                      00260         
MPASM 03.80.04 Internal                               PWM.ASM   5-15-2005  0:10:03         PAGE  6


LOC  OBJECT CODE     LINE SOURCE TEXT
  VALUE

0051   0064           00261         CLRWDT
                      00262         
0052   00A1           00263         MOVWF   TEMPO2          ; SALVA O VALOR MULTIPLICADOR
0053   01A0           00264         CLRF    TEMPO1          ; LIMPA REGISTRADOR
                      00265 
0054                  00266 DELAY_A
                      00267         
0054   0000           00268         NOP                     ; PERDE 1 CICLO DE MÁQUINA
0055   0BA0           00269         DECFSZ  TEMPO1,F        ; DECREMENTA REGISTRADOR, ACABOU?
0056   2854           00270         GOTO    $-2             ; NÃO, ENTÃO RETORNA DUAS POSIÇÕES 
0057   0BA1           00271         DECFSZ  TEMPO2,F
0058   2854           00272         GOTO    DELAY_A
                      00273         
0059   0008           00274         RETURN                  ; RETORNA DA INTERRUPÇÃO
                      00275 
                      00276 ;*      *       *       *       *       *       *       *       *       *
                      00277 ;*                ROTINA PARA ESCREVER DADOS NO DISPLAY                 *
                      00278 ;*      *       *       *       *       *       *       *       *       *
                      00279 
005A                  00280 ENVIA_COMANDO
                      00281         
005A   1089           00282         BCF     RS              ; PÕE EM MODO DE COMANDO
                      00283         
005B                  00284 ENVIA_DADO
                      00285         
005B   138B           00286         BCF     INTCON,GIE      ; DESLIGA A INTERRUPÇÃO
                      00287         
005C   0088           00288         MOVWF   BUS             ; MOVE DADO PARA O PORTD
                      00289                 
005D   285E           00290         GOTO    $+1             ; DEÇAY PARA ACOMODAÇÃO
005E   285F           00291         GOTO    $+1             
                      00292         
005F   1509           00293         BSF     EN              ; GERA PULSO DE CLOCK
0060   2861           00294         GOTO    $+1
0061   1109           00295         BCF     EN
                      00296         
0062   1489           00297         BSF     RS              ; VOLTA PARA O MODO DADOS
0063   3001           00298         MOVLW   .1
0064   2051           00299         CALL    DELAY_MS
0065   178B           00300         BSF     INTCON,GIE      ; LIGA A INTERRUPÇÃO
0066   0008           00301         RETURN                  ; RETORNA DA INTERRUPÇÃO
                      00302 
                      00303 ;*      *       *       *       *       *       *       *       *       *
                      00304 ;*                   ROTINA DE ATUALIZAÇÃO DA TELA DO LCD               *
                      00305 ;*      *       *       *       *       *       *       *       *       *
                      00306 
0067                  00307 ATUALIZA_TELA
                      00308         
                      00309         
0067   3080           00310         MOVLW   0x80
0068   205A           00311         CALL    ENVIA_COMANDO   ; COMANDO PARA POSICIONAR O DISPLAY
                      00312         
0069   3043           00313         MOVLW   'C'
MPASM 03.80.04 Internal                               PWM.ASM   5-15-2005  0:10:03         PAGE  7


LOC  OBJECT CODE     LINE SOURCE TEXT
  VALUE

006A   205B           00314         CALL    ENVIA_DADO      ; ENVIA CARACTER ASCII  
                      00315         
006B   3043           00316         MOVLW   'C'
006C   205B           00317         CALL    ENVIA_DADO      ; ENVIA CARACTER ASCII  
                      00318         
006D   3050           00319         MOVLW   'P'
006E   205B           00320         CALL    ENVIA_DADO      ; ENVIA CARACTER ASCII  
                      00321         
006F   3031           00322         MOVLW   '1'
0070   205B           00323         CALL    ENVIA_DADO      ; ENVIA CARACTER ASCII  
                      00324         
0071   3028           00325         MOVLW   '('
0072   205B           00326         CALL    ENVIA_DADO      ; ENVIA CARACTER ASCII  
                      00327         
0073   3056           00328         MOVLW   'V'
0074   205B           00329         CALL    ENVIA_DADO      ; ENVIA CARACTER ASCII  
                      00330         
0075   3065           00331         MOVLW   'e'
0076   205B           00332         CALL    ENVIA_DADO      ; ENVIA CARACTER ASCII  
                      00333         
0077   306E           00334         MOVLW   'n'
0078   205B           00335         CALL    ENVIA_DADO      ; ENVIA CARACTER ASCII  
                      00336         
0079   3074           00337         MOVLW   't'
007A   205B           00338         CALL    ENVIA_DADO      ; ENVIA CARACTER ASCII  
                      00339         
007B   307D           00340         MOVLW   '}'
007C   205B           00341         CALL    ENVIA_DADO      ; ENVIA CARACTER ASCII  
                      00342         
007D   303A           00343         MOVLW   ':'
007E   205B           00344         CALL    ENVIA_DADO      ; ENVIA CARACTER ASCII  
                      00345         
007F   3020           00346         MOVLW   ' '
0080   205B           00347         CALL    ENVIA_DADO      ; ENVIA CARACTER ASCII  
                      00348         
0081   3030           00349         MOVLW   '0'
0082   205B           00350         CALL    ENVIA_DADO      ; ENVIA CARACTER ASCII  
                      00351         
0083   3020           00352         MOVLW   ' '
0084   205B           00353         CALL    ENVIA_DADO      ; ENVIA CARACTER ASCII  
                      00354         
0085   3020           00355         MOVLW   ' '
0086   205B           00356         CALL    ENVIA_DADO      ; ENVIA CARACTER ASCII  
                      00357         
0087   3025           00358         MOVLW   '%'
0088   205B           00359         CALL    ENVIA_DADO      ; ENVIA CARACTER ASCII  
                      00360         
0089   30C0           00361         MOVLW   0xC0
008A   205A           00362         CALL    ENVIA_COMANDO   ; COMANDO PARA POSICIONAR O DISPLAY
                      00363         
008B   3043           00364         MOVLW   'C'
008C   205B           00365         CALL    ENVIA_DADO      ; ENVIA CARACTER ASCII  
                      00366         
MPASM 03.80.04 Internal                               PWM.ASM   5-15-2005  0:10:03         PAGE  8


LOC  OBJECT CODE     LINE SOURCE TEXT
  VALUE

008D   3043           00367         MOVLW   'C'
008E   205B           00368         CALL    ENVIA_DADO      ; ENVIA CARACTER ASCII  
                      00369         
008F   3050           00370         MOVLW   'P'
0090   205B           00371         CALL    ENVIA_DADO      ; ENVIA CARACTER ASCII  
                      00372         
0091   3032           00373         MOVLW   '2'
0092   205B           00374         CALL    ENVIA_DADO      ; ENVIA CARACTER ASCII  
                      00375         
0093   3028           00376         MOVLW   '('
0094   205B           00377         CALL    ENVIA_DADO      ; ENVIA CARACTER ASCII  
                      00378         
0095   3052           00379         MOVLW   'R'
0096   205B           00380         CALL    ENVIA_DADO      ; ENVIA CARACTER ASCII  
                      00381         
0097   3065           00382         MOVLW   'e'
0098   205B           00383         CALL    ENVIA_DADO      ; ENVIA CARACTER ASCII  
                      00384         
0099   3073           00385         MOVLW   's'
009A   205B           00386         CALL    ENVIA_DADO      ; ENVIA CARACTER ASCII  
                      00387         
009B   3069           00388         MOVLW   'i'
009C   205B           00389         CALL    ENVIA_DADO      ; ENVIA CARACTER ASCII  
                      00390         
009D   307D           00391         MOVLW   '}'
009E   205B           00392         CALL    ENVIA_DADO      ; ENVIA CARACTER ASCII  
                      00393         
009F   303A           00394         MOVLW   ':'
00A0   205B           00395         CALL    ENVIA_DADO      ; ENVIA CARACTER ASCII  
                      00396         
                      00397         
00A1   3020           00398         MOVLW   ' '
00A2   205B           00399         CALL    ENVIA_DADO      ; ENVIA CARACTER ASCII  
                      00400                 
00A3   3030           00401         MOVLW   '0'
00A4   205B           00402         CALL    ENVIA_DADO      ; ENVIA CARACTER ASCII  
                      00403         
00A5   3020           00404         MOVLW   ' '
00A6   205B           00405         CALL    ENVIA_DADO      ; ENVIA CARACTER ASCII  
                      00406         
00A7   3020           00407         MOVLW   ' '
00A8   205B           00408         CALL    ENVIA_DADO      ; ENVIA CARACTER ASCII  
                      00409         
00A9   3025           00410         MOVLW   '%'
00AA   205B           00411         CALL    ENVIA_DADO      ; ENVIA CARACTER ASCII  
                      00412         
00AB   0008           00413         RETURN                  ; RETORNA DA ROTINA     
                      00414 
00AC                  00415 ATUALIZA_0
                      00416         
00AC   00A5           00417         MOVWF   TEMP
                      00418         
00AD   3A8B           00419         XORLW   0x8B            ; VERIFICA SE É PARA ATUALIZAR
MPASM 03.80.04 Internal                               PWM.ASM   5-15-2005  0:10:03         PAGE  9


LOC  OBJECT CODE     LINE SOURCE TEXT
  VALUE

00AE   3000           00420         MOVLW   .0              ; O CCP1 OU O CCP2
00AF   1D03           00421         BTFSS   STATUS,Z
00B0   009B           00422         MOVWF   CCPR2L
00B1   1903           00423         BTFSC   STATUS,Z
00B2   0095           00424         MOVWF   CCPR1L
                      00425         
00B3   0825           00426         MOVF    TEMP,W          ; POSICIONA LINHA DO DISPLAY
00B4   205A           00427         CALL    ENVIA_COMANDO   ; CHAMA ROTINA PARA ENVIAR COMANDO
                      00428         
00B5   3020           00429         MOVLW   ' '
00B6   205B           00430         CALL    ENVIA_DADO      ; ENVIA CARACTER ASCII  
                      00431         
00B7   3030           00432         MOVLW   '0'
00B8   205B           00433         CALL    ENVIA_DADO      ; ENVIA CARACTER ASCII  
                      00434         
00B9   3020           00435         MOVLW   ' '
00BA   205B           00436         CALL    ENVIA_DADO      ; ENVIA CARACTER ASCII  
                      00437         
00BB   0008           00438         RETURN                  ; RETORNA DA ROTINA     
                      00439 
                      00440 
00BC                  00441 ATUALIZA_20
                      00442         
00BC   00A5           00443         MOVWF   TEMP
                      00444         
00BD   3A8B           00445         XORLW   0x8B            ; VERIFICA SE É PARA ATUALIZAR
00BE   3032           00446         MOVLW   .50             ; O CCP1 OU O CCP2
00BF   1D03           00447         BTFSS   STATUS,Z
00C0   009B           00448         MOVWF   CCPR2L
00C1   1903           00449         BTFSC   STATUS,Z
00C2   0095           00450         MOVWF   CCPR1L
                      00451 
00C3   0825           00452         MOVF    TEMP,W
00C4   205A           00453         CALL    ENVIA_COMANDO   ; CHAMA ROTINA PARA ENVIAR COMANDO
                      00454         
00C5   3020           00455         MOVLW   ' '
00C6   205B           00456         CALL    ENVIA_DADO      ; ENVIA CARACTER ASCII  
                      00457         
00C7   3032           00458         MOVLW   '2'
00C8   205B           00459         CALL    ENVIA_DADO      ; ENVIA CARACTER ASCII  
                      00460         
00C9   3030           00461         MOVLW   '0'
00CA   205B           00462         CALL    ENVIA_DADO      ; ENVIA CARACTER ASCII  
                      00463         
00CB   0008           00464         RETURN                  ; RETORNA DA ROTINA     
                      00465 
00CC                  00466 ATUALIZA_40
                      00467         
00CC   00A5           00468         MOVWF   TEMP
                      00469         
00CD   3A8B           00470         XORLW   0x8B            ; VERIFICA SE É PARA ATUALIZAR
00CE   3065           00471         MOVLW   .101            ; O CCP1 OU O CCP2
00CF   1D03           00472         BTFSS   STATUS,Z
MPASM 03.80.04 Internal                               PWM.ASM   5-15-2005  0:10:03         PAGE 10


LOC  OBJECT CODE     LINE SOURCE TEXT
  VALUE

00D0   009B           00473         MOVWF   CCPR2L
00D1   1903           00474         BTFSC   STATUS,Z
00D2   0095           00475         MOVWF   CCPR1L
                      00476 
00D3   0825           00477         MOVF    TEMP,W
00D4   205A           00478         CALL    ENVIA_COMANDO   ; CHAMA ROTINA PARA ENVIAR COMANDO
                      00479         
00D5   3020           00480         MOVLW   ' '
00D6   205B           00481         CALL    ENVIA_DADO      ; ENVIA CARACTER ASCII  
                      00482         
00D7   3034           00483         MOVLW   '4'
00D8   205B           00484         CALL    ENVIA_DADO      ; ENVIA CARACTER ASCII  
                      00485         
00D9   3030           00486         MOVLW   '0'
00DA   205B           00487         CALL    ENVIA_DADO      ; ENVIA CARACTER ASCII  
                      00488         
00DB   0008           00489         RETURN                  ; RETORNA DA ROTINA     
                      00490 
00DC                  00491 ATUALIZA_60
                      00492         
00DC   00A5           00493         MOVWF   TEMP
                      00494         
00DD   3A8B           00495         XORLW   0x8B            ; VERIFICA SE É PARA ATUALIZAR
00DE   3098           00496         MOVLW   .152            ; O CCP1 OU O CCP2
00DF   1D03           00497         BTFSS   STATUS,Z
00E0   009B           00498         MOVWF   CCPR2L
00E1   1903           00499         BTFSC   STATUS,Z
00E2   0095           00500         MOVWF   CCPR1L
                      00501 
00E3   0825           00502         MOVF    TEMP,W
00E4   205A           00503         CALL    ENVIA_COMANDO   ; CHAMA ROTINA PARA ENVIAR COMANDO
                      00504         
00E5   3020           00505         MOVLW   ' '
00E6   205B           00506         CALL    ENVIA_DADO      ; ENVIA CARACTER ASCII  
                      00507         
00E7   3036           00508         MOVLW   '6'
00E8   205B           00509         CALL    ENVIA_DADO      ; ENVIA CARACTER ASCII  
                      00510         
00E9   3030           00511         MOVLW   '0'
00EA   205B           00512         CALL    ENVIA_DADO      ; ENVIA CARACTER ASCII  
                      00513         
00EB   0008           00514         RETURN                  ; RETORNA DA ROTINA     
                      00515 
00EC                  00516 ATUALIZA_80
                      00517         
00EC   00A5           00518         MOVWF   TEMP
                      00519         
00ED   3A8B           00520         XORLW   0x8B            ; VERIFICA SE É PARA ATUALIZAR
00EE   30CB           00521         MOVLW   .203            ; O CCP1 OU O CCP2
00EF   1D03           00522         BTFSS   STATUS,Z
00F0   009B           00523         MOVWF   CCPR2L
00F1   1903           00524         BTFSC   STATUS,Z
00F2   0095           00525         MOVWF   CCPR1L
MPASM 03.80.04 Internal                               PWM.ASM   5-15-2005  0:10:03         PAGE 11


LOC  OBJECT CODE     LINE SOURCE TEXT
  VALUE

                      00526 
00F3   0825           00527         MOVF    TEMP,W
00F4   205A           00528         CALL    ENVIA_COMANDO   ; CHAMA ROTINA PARA ENVIAR COMANDO
                      00529         
00F5   3020           00530         MOVLW   ' '
00F6   205B           00531         CALL    ENVIA_DADO      ; ENVIA CARACTER ASCII  
                      00532         
00F7   3038           00533         MOVLW   '8'
00F8   205B           00534         CALL    ENVIA_DADO      ; ENVIA CARACTER ASCII  
                      00535         
00F9   3030           00536         MOVLW   '0'
00FA   205B           00537         CALL    ENVIA_DADO      ; ENVIA CARACTER ASCII  
                      00538         
00FB   0008           00539         RETURN                  ; RETORNA DA ROTINA     
                      00540 
00FC                  00541 ATUALIZA_100
                      00542         
00FC   00A5           00543         MOVWF   TEMP
                      00544         
00FD   3A8B           00545         XORLW   0x8B            ; VERIFICA SE É PARA ATUALIZAR
00FE   30FF           00546         MOVLW   .255            ; O CCP1 OU O CCP2
00FF   1D03           00547         BTFSS   STATUS,Z
0100   009B           00548         MOVWF   CCPR2L
0101   1903           00549         BTFSC   STATUS,Z
0102   0095           00550         MOVWF   CCPR1L
                      00551 
0103   0825           00552         MOVF    TEMP,W
0104   205A           00553         CALL    ENVIA_COMANDO   ; CHAMA ROTINA PARA ENVIAR COMANDO
                      00554         
0105   3031           00555         MOVLW   '1'
0106   205B           00556         CALL    ENVIA_DADO      ; ENVIA CARACTER ASCII  
                      00557         
0107   3030           00558         MOVLW   '0'
0108   205B           00559         CALL    ENVIA_DADO      ; ENVIA CARACTER ASCII  
                      00560         
0109   3030           00561         MOVLW   '0'
010A   205B           00562         CALL    ENVIA_DADO      ; ENVIA CARACTER ASCII  
                      00563         
010B   0008           00564         RETURN                  ; RETORNA DA ROTINA     
                      00565                         
                      00566 ;*      *       *       *       *       *       *       *       *       *
                      00567 ;*                        CONFIGURACOES INICIAIS                        *
                      00568 ;*      *       *       *       *       *       *       *       *       *
                      00569 
010C                  00570 CONFIG_
                      00571 
010C   0185           00572         CLRF    PORTA           ; LIMPA O PORTA
010D   0186           00573         CLRF    PORTB           ; LIMPA O PORTB
010E   0187           00574         CLRF    PORTC           ; LIMPA O PORTC
010F   0188           00575         CLRF    PORTD           ; LIMPA O PORTD
0110   0189           00576         CLRF    PORTE           ; LIMPA O PORTE
                      00577         
0111   1683           00578         BANK1                   ; SELECIONA BANCO1 DE MEMÓRIA
MPASM 03.80.04 Internal                               PWM.ASM   5-15-2005  0:10:03         PAGE 12


LOC  OBJECT CODE     LINE SOURCE TEXT
  VALUE

                      00579         
0112   30FF           00580         MOVLW   B'11111111'
Message[302]: Register in operand not in bank 0.  Ensure that bank bits are correct.
0113   0085           00581         MOVWF   TRISA
                      00582         
0114   30C0           00583         MOVLW   B'11000000'
Message[302]: Register in operand not in bank 0.  Ensure that bank bits are correct.
0115   0086           00584         MOVWF   TRISB           ; CONFIGURA I/O DO PORTB
                      00585         
0116   30D9           00586         MOVLW   B'11011001'
Message[302]: Register in operand not in bank 0.  Ensure that bank bits are correct.
0117   0087           00587         MOVWF   TRISC           ; CONFIGURA I/O DO PORTB
                      00588         
0118   3000           00589         MOVLW   B'00000000'     ; CONFIGURA TODOS OS PINOS DESTE
Message[302]: Register in operand not in bank 0.  Ensure that bank bits are correct.
0119   0088           00590         MOVWF   TRISD           ; PORTB COMO SAÍDA
                      00591         
011A   3001           00592         MOVLW   B'00000001'
Message[302]: Register in operand not in bank 0.  Ensure that bank bits are correct.
011B   0089           00593         MOVWF   TRISE           ; CONFIGURA I/O DO PORTE
                      00594         
011C   308F           00595         MOVLW   B'10001111'     ; DESLIGA PULL-UPS
Message[302]: Register in operand not in bank 0.  Ensure that bank bits are correct.
011D   0081           00596         MOVWF   OPTION_REG      ; WDT 1:128
                      00597         
011E   3020           00598         MOVLW   B'00100000'     
011F   008B           00599         MOVWF   INTCON          ; HABILITA A INTERRUPÇÃO DE TIMER 0
                      00600                                 ; LIGA A CHAVE GERAL DE INTERRUPÇÃO
                      00601         
0120   3007           00602         MOVLW   B'00000111'     ; DESLIGA OS A/D´S
Message[302]: Register in operand not in bank 0.  Ensure that bank bits are correct.
0121   009F           00603         MOVWF   ADCON1
                      00604         
0122   30F9           00605         MOVLW   .249
Message[302]: Register in operand not in bank 0.  Ensure that bank bits are correct.
0123   0092           00606         MOVWF   PR2             ; CONFIGURA BASE DE TEMPO PARA 4kHz
                      00607         
0124   1283           00608         BANK0
                      00609         
0125   3005           00610         MOVLW   B'00000101'
0126   0092           00611         MOVWF   T2CON           ; TIMER 2 ON
                      00612                                 ; PRESCALER 1:4
                      00613         
0127   300F           00614         MOVLW   B'00001111'
0128   0097           00615         MOVWF   CCP1CON
0129   009D           00616         MOVWF   CCP2CON         ; CONFIGURA CCP PARA MODO PWM
                      00617         
012A   0195           00618         CLRF    CCPR1L
012B   019B           00619         CLRF    CCPR2L          ; INICIALIZA OS MÓDULOS 
                      00620         
012C   1A03           00621         BTFSC   STATUS,NOT_TO   ; ESTOURO POR WDT?
012D   292D           00622         GOTO    $               ; NÃO, ENTÃO AGUARDA
                      00623                 
MPASM 03.80.04 Internal                               PWM.ASM   5-15-2005  0:10:03         PAGE 13


LOC  OBJECT CODE     LINE SOURCE TEXT
  VALUE

012E                  00624 LIMPEZA_DA_RAM
                      00625                                 ; ROTINA DE LIMPEZA DA RAM
                      00626                                 
012E   3020           00627         MOVLW   0x20
012F   0084           00628         MOVWF   FSR
0130   0180           00629         CLRF    INDF
0131   0A84           00630         INCF    FSR,F
0132   3080           00631         MOVLW   0x80
0133   0604           00632         XORWF   FSR,W
0134   1D03           00633         BTFSS   STATUS,Z
0135   2930           00634         GOTO    $-5
                      00635 
0136   178B           00636         BSF     INTCON,GIE      ; LIGA AS INTERRUPÇÕES
                      00637         
                      00638 ;*      *       *       *       *       *       *       *       *       *
                      00639 ;*                       INICIALIZAÇÃO DO DISPLAY                       *
                      00640 ;*      *       *       *       *       *       *       *       *       *
                      00641         
                      00642 
                      00643 
0137   3030           00644         MOVLW   0x30                    
0138   205A           00645         CALL    ENVIA_COMANDO           ; COMANDO DE INICIALIZAÇÃO
                      00646         
0139   3003           00647         MOVLW   .3                      
013A   2051           00648         CALL    DELAY_MS                ; DELAY DE 3ms
                      00649         
013B   3030           00650         MOVLW   0x30                    
013C   205A           00651         CALL    ENVIA_COMANDO           ; COMANDO DE INICIALIZAÇÃO      
                      00652         
013D   3030           00653         MOVLW   0x30                    
013E   205A           00654         CALL    ENVIA_COMANDO           ; COMANDO DE INICIALIZAÇÃO
                      00655         
013F   3038           00656         MOVLW   0x38                    
0140   205A           00657         CALL    ENVIA_COMANDO           ; INTERFACE DE 8 VIAS
                      00658         
0141   3001           00659         MOVLW   0x01                    
0142   205A           00660         CALL    ENVIA_COMANDO           ; LIMPA O DISPLAY
                      00661         
0143   3001           00662         MOVLW   .1
0144   2051           00663         CALL    DELAY_MS                ; CHAMA DELAY DE 3ms
                      00664         
0145   300C           00665         MOVLW   0x0C                    
0146   205A           00666         CALL    ENVIA_COMANDO           ; LIGAR O DISPLAY SEM CURSOR
                      00667         
0147   3006           00668         MOVLW   0x06                    
0148   205A           00669         CALL    ENVIA_COMANDO           ; LIGAR O DISPLAY SEM CURSOR
                      00670         
                      00671                                                                 
                      00672 ;*      *       *       *       *       *       *       *       *       *
                      00673 ;*                       INICIALIZAÇÃO DAS VARIÁVEIS                    *
                      00674 ;*      *       *       *       *       *       *       *       *       *
                      00675         
0149   2067           00676         CALL    ATUALIZA_TELA           ; CHAMA ROTINA PARA ATUALIZAR
MPASM 03.80.04 Internal                               PWM.ASM   5-15-2005  0:10:03         PAGE 14


LOC  OBJECT CODE     LINE SOURCE TEXT
  VALUE

                      00677                                         ; A TELA DA PLACA
                      00678                 
                      00679 ;*      *       *       *       *       *       *       *       *       *
                      00680 ;*                          ROTINA PRINCIPAL                            *
                      00681 ;*      *       *       *       *       *       *       *       *       *
                      00682 
014A                  00683 LOOP
014A   0064           00684         CLRWDT                  ; LIMPA O WATCHDOG
                      00685 
014B                  00686 AJUSTA_CCP1
                      00687         
014B   308B           00688         MOVLW   0x8B            ; MOVE POSIÇÃO INICIAL DA MENSAGEM
014C   18A2           00689         BTFSC   TECLA_1         ; A TECLA ESTÁ PRESSIONADA?
014D   20AC           00690         CALL    ATUALIZA_0      ; SIM, ENTÃO CHAMA A ROTINA DE ATUALIZAÇÃO
                      00691         
014E   308B           00692         MOVLW   0x8B            ; MOVE POSIÇÃO INICIAL DA MENSAGEM
014F   1922           00693         BTFSC   TECLA_2         ; A TECLA ESTÁ PRESSIONADA?
0150   20BC           00694         CALL    ATUALIZA_20     ; SIM, ENTÃO CHAMA A ROTINA DE ATUALIZAÇÃO
                      00695         
0151   308B           00696         MOVLW   0x8B            ; MOVE POSIÇÃO INICIAL DA MENSAGEM
0152   19A2           00697         BTFSC   TECLA_3         ; A TECLA ESTÁ PRESSIONADA?
0153   20CC           00698         CALL    ATUALIZA_40     ; SIM, ENTÃO CHAMA A ROTINA DE ATUALIZAÇÃO
                      00699         
0154   308B           00700         MOVLW   0x8B            ; MOVE POSIÇÃO INICIAL DA MENSAGEM
0155   1A22           00701         BTFSC   TECLA_4         ; A TECLA ESTÁ PRESSIONADA?
0156   20DC           00702         CALL    ATUALIZA_60     ; SIM, ENTÃO CHAMA A ROTINA DE ATUALIZAÇÃO
                      00703         
0157   308B           00704         MOVLW   0x8B            ; MOVE POSIÇÃO INICIAL DA MENSAGEM
0158   1AA2           00705         BTFSC   TECLA_5         ; A TECLA ESTÁ PRESSIONADA?
0159   20EC           00706         CALL    ATUALIZA_80     ; SIM, ENTÃO CHAMA A ROTINA DE ATUALIZAÇÃO
                      00707         
015A   308B           00708         MOVLW   0x8B            ; MOVE POSIÇÃO INICIAL DA MENSAGEM
015B   1B22           00709         BTFSC   TECLA_6         ; A TECLA ESTÁ PRESSIONADA?
015C   20FC           00710         CALL    ATUALIZA_100    ; SIM, ENTÃO CHAMA A ROTINA DE ATUALIZAÇÃO
                      00711 
015D                  00712 AJUSTA_CCP2
                      00713         
015D   30CB           00714         MOVLW   0xCB            ; MOVE POSIÇÃO INICIAL DA MENSAGEM
015E   1BA2           00715         BTFSC   TECLA_7         ; A TECLA ESTÁ PRESSIONADA?
015F   20AC           00716         CALL    ATUALIZA_0      ; SIM, ENTÃO CHAMA A ROTINA DE ATUALIZAÇÃO
                      00717         
0160   30CB           00718         MOVLW   0xCB            ; MOVE POSIÇÃO INICIAL DA MENSAGEM
0161   1823           00719         BTFSC   TECLA_8         ; A TECLA ESTÁ PRESSIONADA?
0162   20BC           00720         CALL    ATUALIZA_20     ; SIM, ENTÃO CHAMA A ROTINA DE ATUALIZAÇÃO
                      00721         
0163   30CB           00722         MOVLW   0xCB            ; MOVE POSIÇÃO INICIAL DA MENSAGEM
0164   18A3           00723         BTFSC   TECLA_9         ; A TECLA ESTÁ PRESSIONADA?
0165   20CC           00724         CALL    ATUALIZA_40     ; SIM, ENTÃO CHAMA A ROTINA DE ATUALIZAÇÃO
                      00725         
0166   30CB           00726         MOVLW   0xCB            ; MOVE POSIÇÃO INICIAL DA MENSAGEM
0167   1923           00727         BTFSC   TECLA_C         ; A TECLA ESTÁ PRESSIONADA?
0168   20DC           00728         CALL    ATUALIZA_60     ; SIM, ENTÃO CHAMA A ROTINA DE ATUALIZAÇÃO
                      00729         
MPASM 03.80.04 Internal                               PWM.ASM   5-15-2005  0:10:03         PAGE 15


LOC  OBJECT CODE     LINE SOURCE TEXT
  VALUE

0169   30CB           00730         MOVLW   0xCB            ; MOVE POSIÇÃO INICIAL DA MENSAGEM
016A   1822           00731         BTFSC   TECLA_0         ; A TECLA ESTÁ PRESSIONADA?
016B   20EC           00732         CALL    ATUALIZA_80     ; SIM, ENTÃO CHAMA A ROTINA DE ATUALIZAÇÃO
                      00733         
016C   30CB           00734         MOVLW   0xCB            ; MOVE POSIÇÃO INICIAL DA MENSAGEM
016D   19A3           00735         BTFSC   TECLA_E         ; A TECLA ESTÁ PRESSIONADA?
016E   20FC           00736         CALL    ATUALIZA_100    ; SIM, ENTÃO CHAMA A ROTINA DE ATUALIZAÇÃO
                      00737         
016F   294A           00738         GOTO    LOOP            ; SALTA PARA O LOOP PRINCIPAL
                      00739                 
                      00740 ;*      *       *       *       *       *       *       *       *       *
                      00741 ;*                           FIM DO PROGRAMA                            *
                      00742 ;*      *       *       *       *       *       *       *       *       *
                      00743 
                      00744 
                      00745         END                     ; FIM DO PROGRAMA
MPASM 03.80.04 Internal                               PWM.ASM   5-15-2005  0:10:03         PAGE 16


SYMBOL TABLE
  LABEL                             VALUE 

ACKDT                             00000005
ACKEN                             00000004
ACKSTAT                           00000006
ADCON0                            0000001F
ADCON1                            0000009F
ADCS0                             00000006
ADCS1                             00000007
ADDEN                             00000003
ADFM                              00000007
ADIE                              00000006
ADIF                              00000006
ADON                              00000000
ADRESH                            0000001E
ADRESL                            0000009E
AJUSTA_CCP1                       0000014B
AJUSTA_CCP2                       0000015D
ATUALIZA_0                        000000AC
ATUALIZA_100                      000000FC
ATUALIZA_20                       000000BC
ATUALIZA_40                       000000CC
ATUALIZA_60                       000000DC
ATUALIZA_80                       000000EC
ATUALIZA_TELA                     00000067
BANK0                             BCF     STATUS,RP0
BANK1                             BSF     STATUS,RP0
BCLIE                             00000003
BCLIF                             00000003
BF                                00000000
BRGH                              00000002
BUS                               PORTD
C                                 00000000
CCP1CON                           00000017
CCP1IE                            00000002
CCP1IF                            00000002
CCP1M0                            00000000
CCP1M1                            00000001
CCP1M2                            00000002
CCP1M3                            00000003
CCP1X                             00000005
CCP1Y                             00000004
CCP2CON                           0000001D
CCP2IE                            00000000
CCP2IF                            00000000
CCP2M0                            00000000
CCP2M1                            00000001
CCP2M2                            00000002
CCP2M3                            00000003
CCP2X                             00000005
CCP2Y                             00000004
CCPR1H                            00000016
CCPR1L                            00000015
CCPR2H                            0000001C
CCPR2L                            0000001B
MPASM 03.80.04 Internal                               PWM.ASM   5-15-2005  0:10:03         PAGE 17


SYMBOL TABLE
  LABEL                             VALUE 

CHS0                              00000003
CHS1                              00000004
CHS2                              00000005
CKE                               00000006
CKP                               00000004
COL1                              PORTA,4
COL2                              PORTA,5
COL3                              PORTE,0
CONFIG_                           0000010C
CREN                              00000004
CSRC                              00000007
D                                 00000005
DATA_ADDRESS                      00000005
DC                                00000001
DELAY_A                           00000054
DELAY_MS                          00000051
D_A                               00000005
EEADR                             0000010D
EEADRH                            0000010F
EECON1                            0000018C
EECON2                            0000018D
EEDATA                            0000010C
EEDATH                            0000010E
EEIE                              00000004
EEIF                              00000004
EEPGD                             00000007
EN                                PORTE,2
ENVIA_COMANDO                     0000005A
ENVIA_DADO                        0000005B
F                                 00000001
FERR                              00000002
FSR                               00000004
FSR_TEMP                          00000072
GCEN                              00000007
GIE                               00000007
GO                                00000002
GO_DONE                           00000002
I2C_DATA                          00000005
I2C_READ                          00000002
I2C_START                         00000003
I2C_STOP                          00000004
IBF                               00000007
IBOV                              00000005
INDF                              00000000
INDICE                            00000024
INTCON                            0000000B
INTE                              00000004
INTEDG                            00000006
INTF                              00000001
IRP                               00000007
LIMPEZA_DA_RAM                    0000012E
LINHA_INF                         0xC0
LINHA_SUP                         0x80
MPASM 03.80.04 Internal                               PWM.ASM   5-15-2005  0:10:03         PAGE 18


SYMBOL TABLE
  LABEL                             VALUE 

LOOP                              0000014A
NOT_A                             00000005
NOT_ADDRESS                       00000005
NOT_BO                            00000000
NOT_BOR                           00000000
NOT_DONE                          00000002
NOT_PD                            00000003
NOT_POR                           00000001
NOT_RBPU                          00000007
NOT_RC8                           00000006
NOT_T1SYNC                        00000002
NOT_TO                            00000004
NOT_TX8                           00000006
NOT_W                             00000002
NOT_WRITE                         00000002
OBF                               00000006
OERR                              00000001
OPTION_REG                        00000081
P                                 00000004
PCFG0                             00000000
PCFG1                             00000001
PCFG2                             00000002
PCFG3                             00000003
PCL                               00000002
PCLATH                            0000000A
PCLATH_TEMP                       00000073
PCON                              0000008E
PEIE                              00000006
PEN                               00000002
PIE1                              0000008C
PIE2                              0000008D
PIR1                              0000000C
PIR2                              0000000D
PORTA                             00000005
PORTB                             00000006
PORTC                             00000007
PORTD                             00000008
PORTE                             00000009
PR2                               00000092
PS0                               00000000
PS1                               00000001
PS2                               00000002
PSA                               00000003
PSPIE                             00000007
PSPIF                             00000007
PSPMODE                           00000004
R                                 00000002
RBIE                              00000003
RBIF                              00000000
RC8_9                             00000006
RC9                               00000006
RCD8                              00000000
RCEN                              00000003
MPASM 03.80.04 Internal                               PWM.ASM   5-15-2005  0:10:03         PAGE 19


SYMBOL TABLE
  LABEL                             VALUE 

RCIE                              00000005
RCIF                              00000005
RCREG                             0000001A
RCSTA                             00000018
RD                                00000000
READ_WRITE                        00000002
RP0                               00000005
RP1                               00000006
RS                                PORTE,1
RSEN                              00000001
RX9                               00000006
RX9D                              00000000
R_W                               00000002
S                                 00000003
SAI_INTERRUPCAO                   0000000F
SALVA_CONTEXTO                    00000004
SEL_LINHA1                        B'00001110'
SEL_LINHA2                        B'00001101'
SEL_LINHA3                        B'00001011'
SEL_LINHA4                        B'00000111'
SEN                               00000000
SMP                               00000007
SPBRG                             00000099
SPEN                              00000007
SREN                              00000005
SSPADD                            00000093
SSPBUF                            00000013
SSPCON                            00000014
SSPCON2                           00000091
SSPEN                             00000005
SSPIE                             00000003
SSPIF                             00000003
SSPM0                             00000000
SSPM1                             00000001
SSPM2                             00000002
SSPM3                             00000003
SSPOV                             00000006
SSPSTAT                           00000094
STATUS                            00000003
STATUS_TEMP                       00000071
SYNC                              00000004
T0CS                              00000005
T0IE                              00000005
T0IF                              00000002
T0SE                              00000004
T1CKPS0                           00000004
T1CKPS1                           00000005
T1CON                             00000010
T1INSYNC                          00000002
T1OSCEN                           00000003
T1SYNC                            00000002
T2CKPS0                           00000000
T2CKPS1                           00000001
MPASM 03.80.04 Internal                               PWM.ASM   5-15-2005  0:10:03         PAGE 20


SYMBOL TABLE
  LABEL                             VALUE 

T2CON                             00000012
TECLADO1                          00000022
TECLADO2                          00000023
TECLA_0                           TECLADO1,0
TECLA_1                           TECLADO1,1
TECLA_2                           TECLADO1,2
TECLA_3                           TECLADO1,3
TECLA_4                           TECLADO1,4
TECLA_5                           TECLADO1,5
TECLA_6                           TECLADO1,6
TECLA_7                           TECLADO1,7
TECLA_8                           TECLADO2,0
TECLA_9                           TECLADO2,1
TECLA_C                           TECLADO2,2
TECLA_E                           TECLADO2,3
TEMP                              00000025
TEMPO1                            00000020
TEMPO2                            00000021
TMR0                              00000001
TMR1CS                            00000001
TMR1H                             0000000F
TMR1IE                            00000000
TMR1IF                            00000000
TMR1L                             0000000E
TMR1ON                            00000000
TMR2                              00000011
TMR2IE                            00000001
TMR2IF                            00000001
TMR2ON                            00000002
TOUTPS0                           00000003
TOUTPS1                           00000004
TOUTPS2                           00000005
TOUTPS3                           00000006
TRATA_TIMER0                      00000018
TRISA                             00000085
TRISB                             00000086
TRISC                             00000087
TRISD                             00000088
TRISE                             00000089
TRISE0                            00000000
TRISE1                            00000001
TRISE2                            00000002
TRMT                              00000001
TX8_9                             00000006
TX9                               00000006
TX9D                              00000000
TXD8                              00000000
TXEN                              00000005
TXIE                              00000004
TXIF                              00000004
TXREG                             00000019
TXSTA                             00000098
UA                                00000001
MPASM 03.80.04 Internal                               PWM.ASM   5-15-2005  0:10:03         PAGE 21


SYMBOL TABLE
  LABEL                             VALUE 

VERIFICA_LINHA1                   00000021
VERIFICA_LINHA2                   0000002D
VERIFICA_LINHA3                   00000039
VERIFICA_LINHA4                   00000045
W                                 00000000
WCOL                              00000007
WR                                00000001
WREN                              00000002
WRERR                             00000003
W_TEMP                            00000070
Z                                 00000002
_BODEN_OFF                        00003FBF
_BODEN_ON                         00003FFF
_CPD_OFF                          00003FFF
_CPD_ON                           00003EFF
_CP_ALL                           00000FCF
_CP_HALF                          00001FDF
_CP_OFF                           00003FFF
_CP_UPPER_256                     00002FEF
_DEBUG_OFF                        00003FFF
_DEBUG_ON                         000037FF
_HS_OSC                           00003FFE
_LP_OSC                           00003FFC
_LVP_OFF                          00003F7F
_LVP_ON                           00003FFF
_PWRTE_OFF                        00003FFF
_PWRTE_ON                         00003FF7
_RC_OSC                           00003FFF
_WDT_OFF                          00003FFB
_WDT_ON                           00003FFF
_WRT_ENABLE_OFF                   00003DFF
_WRT_ENABLE_ON                    00003FFF
_XT_OSC                           00003FFD
__16F877                          00000001


MEMORY USAGE MAP ('X' = Used,  '-' = Unused)

0000 : X---XXXXXXXXXXXX XXXXXXXXXXXXXXXX XXXXXXXXXXXXXXXX XXXXXXXXXXXXXXXX
0040 : XXXXXXXXXXXXXXXX XXXXXXXXXXXXXXXX XXXXXXXXXXXXXXXX XXXXXXXXXXXXXXXX
0080 : XXXXXXXXXXXXXXXX XXXXXXXXXXXXXXXX XXXXXXXXXXXXXXXX XXXXXXXXXXXXXXXX
00C0 : XXXXXXXXXXXXXXXX XXXXXXXXXXXXXXXX XXXXXXXXXXXXXXXX XXXXXXXXXXXXXXXX
0100 : XXXXXXXXXXXXXXXX XXXXXXXXXXXXXXXX XXXXXXXXXXXXXXXX XXXXXXXXXXXXXXXX
0140 : XXXXXXXXXXXXXXXX XXXXXXXXXXXXXXXX XXXXXXXXXXXXXXXX ----------------
2000 : -------X-------- ---------------- ---------------- ----------------

All other memory blocks unused.

Program Memory Words Used:   365
Program Memory Words Free:  7827

MPASM 03.80.04 Internal                               PWM.ASM   5-15-2005  0:10:03         PAGE 22






Errors   :     0
Warnings :     0 reported,     0 suppressed
Messages :    10 reported,     0 suppressed

