
ROM used: 1001 (12%)
          1001 (12%) including unused fragments

          1 Average locations per line
          5 Average locations per statement

RAM used: 22 (13%) at main() level
          32 (18%) worst case

Lines Stmts  %   Files
----- ----- ---  -----
  418   199 100  C:\Cerne\CDs\kit PICLAB16f877A\Exemplos\Exemplos C\Controle de PWM 2\pwm2.c
  306     0   0  C:\Arquivos de programas\PICC\devices\16F877A.h
----- -----
 1448   398 Total

Page ROM  %  RAM  Functions:
---- --- --- ---  ----------
0     21   2   1  @delay_ms1
0    147  15   2  main
0     40   4   5  @DIV1616
0     88   9   8  @PRINTF_LU_342
0     23   2   5  @MUL1616
0    154  15   1  Inicializa
0     21   2   0  @const10123
0     21   2   0  @const10128
0     20   2   1  Atualiza_PWM_0
0     22   2   1  Atualiza_PWM_20
0     22   2   1  Atualiza_PWM_40
0     22   2   1  Atualiza_PWM_60
0     22   2   1  Atualiza_PWM_80
0     22   2   1  Atualiza_PWM_100
0     31   3   1  Lcd_Inst
0     31   3   1  Lcd_Dado
0     28   3   0  Isr_Timer2
0    109  11   0  Ist_Timer0
0      8   1   0  @goto10242
0     13   1   2  Atualiza_Temperatura
0     21   2   3  @DIV88
0     55   5   2  @PRINTF_U_342

 Segment   Used  Free
---------  ----  ----
00000-00003     4  0  
00004-0003B    56  0  
0003C-007FF   941  1047  
00800-00FFF     0  2048  
01000-017FF     0  2048  
01800-01FFF     0  2048  

