
ROM used: 664 (8%)
          664 (8%) including unused fragments

          1 Average locations per line
          5 Average locations per statement

RAM used: 35 (20%) at main() level
          43 (25%) worst case

Lines Stmts  %   Files
----- ----- ---  -----
  367   142 100  C:\Cerne\CDs\kit PICLAB16f877A\Exemplos\Exemplos C\Memória I2C\mem_I2C.c
  306     0   0  C:\Arquivos de programas\PICC\devices\16F877A.h
----- -----
 1346   284 Total

Page ROM  %  RAM  Functions:
---- --- --- ---  ----------
0     21   3   1  @delay_ms1
0     16   2   1  @I2C_WRITEU_1_59_60_4000000
0     17   3   1  @I2C_READU_1_59_60_4000000
0     75  11   0  main
0     92  14   1  Inicializa
0      8   1   0  Restaura_EEPROM
0     96  14   2  Le_Dados
0     51   8   2  Grava_Buffer
0     37   6   1  Lcd_Inst
0     74  11   1  Isr_Serial
0    109  16   0  Ist_Timer0
0      8   1   0  @goto10175

 Segment   Used  Free
---------  ----  ----
00000-00003     4  0  
00004-0003B    56  0  
0003C-007FF   604  1384  
00800-00FFF     0  2048  
01000-017FF     0  2048  
01800-01FFF     0  2048  

