
ROM used: 1266 (15%)
          1266 (15%) including unused fragments

          1 Average locations per line
          2 Average locations per statement

RAM used: 22 (6%) at main() level
          80 (22%) worst case

Stack used: 5 worst case (out of 8 total available)

Lines Stmts  %   Files
----- ----- ---  -----
  134    90  14  exercicio5.c
  309     0   0  16F877A.h
  107    58   9  lcd_4.c
  893   380  58  ..\..\..\..\..\..\..\..\..\Program Files\PICC\drivers\stdlib.h
   28     0   0  ..\..\..\..\..\..\..\..\..\Program Files\PICC\drivers\stddef.h
  417   126  19  ..\..\..\..\..\..\..\..\..\Program Files\PICC\drivers\string.h
   28     0   0  ..\..\..\..\..\..\..\..\..\Program Files\PICC\drivers\ctype.h
----- -----
 1916   654 Total

Page ROM  %  RAM   Vol Diff  Functions:
---- --- --- ---   --- ----  ----------
0     20   2   1             @delay_ms1
0      8   1   0             @const48
0     48   4   1   352  2.8  lcd_send_nibble
0     43   3   3   259  3.8  lcd_send_byte
0     47   4   2   380  4.7  lcd_init
0     25   2   4   246  6.0  lcd_gotoxy
0     64   5   1   531  5.2  lcd_putc
0     10   1   4   125  3.4  lcd_setcursor
0     35   3   8   251  6.5  memchr
 Inline        5             @MUL1616
0    496  39  53  2354 12.5  strtol
0    215  17   7  1940  6.0  MAIN
0     21   2   3             @DIV88
0     53   4   2             @PRINTF_U_61
0    177  14   0   816  2.4  leTeclado

Program metrics:
    Functions               10
    Statements              654
    Comments                851
    Volume (V)              10581
    Difficilty (D)          53.6
    Effort to implement (E) 566895
    Time to implement (T)   8 hours, 45 minutes
    Est Delivered Bugs (B)  2
    Cyclomatic Complexity   49
    Maintainability (MI)    115

 Segment     Used  Free
-----------  ----  ----
00000-00003     4  0  
00004-007FF  1262  782  
00800-00FFF     0  2048  
01000-017FF     0  2048  
01800-01FFF     0  2048  



