
ROM used: 330 (4%)
          330 (4%) including unused fragments

          1 Average locations per line
          5 Average locations per statement

RAM used: 7 (2%) at main() level
          16 (4%) worst case

Stack used: 4 worst case (out of 8 total available)

Lines Stmts  %   Files
----- ----- ---  -----
   24    11  16  exercicio1.c
  309     0   0  16F877A.h
  107    58  84  lcd_4.c
----- -----
  440    69 Total

Page ROM  %  RAM   Vol Diff  Functions:
---- --- --- ---   --- ----  ----------
0     20   6   1             @delay_ms1
0      8   2   0   259  3.8  @const48
0     48  15   1   352  2.8  lcd_send_nibble
0     43  13   3   259  3.8  lcd_send_byte
0     47  14   2   380  4.7  lcd_init
0     25   8   4   246  6.0  lcd_gotoxy
0     64  19   1   531  5.2  lcd_putc
0     52  16   1   216  2.6  MAIN
0     19   6   0             @const69

Program metrics:
    Functions               7
    Statements              69
    Comments                87
    Volume (V)              3430
    Difficilty (D)          28.5
    Effort to implement (E) 97857
    Time to implement (T)   1 hours, 31 minutes
    Est Delivered Bugs (B)  1
    Cyclomatic Complexity   13
    Maintainability (MI)    65

 Segment     Used  Free
-----------  ----  ----
00000-00003     4  0  
00004-007FF   326  1718  
00800-00FFF     0  2048  
01000-017FF     0  2048  
01800-01FFF     0  2048  



