
ROM used: 239 (3%)
          239 (3%) including unused fragments

          1 Average locations per line
          6 Average locations per statement

RAM used: 11 (3%) at main() level
          13 (4%) worst case

Stack used: 1 worst case (out of 8 total available)

Lines Stmts  %   Files
----- ----- ---  -----
   78    41 100  exercicio3.c
  309     0   0  16F877A.h
----- -----
  387    41 Total

Page ROM  %  RAM   Vol Diff  Functions:
---- --- --- ---   --- ----  ----------
0     21   9   1             @delay_ms1
0    193  81   4  1127  5.0  main
0     21   9   3   352  2.8  @DIV88

Program metrics:
    Functions               2
    Statements              41
    Comments                79
    Volume (V)              1689
    Difficilty (D)          7.8
    Effort to implement (E) 13140
    Time to implement (T)   12 minutes
    Est Delivered Bugs (B)  0
    Cyclomatic Complexity   6
    Maintainability (MI)    71

 Segment     Used  Free
-----------  ----  ----
00000-00003     4  0  
00004-007FF   235  1809  
00800-00FFF     0  2048  
01000-017FF     0  2048  
01800-01FFF     0  2048  



