
ROM used: 533 (7%)
          533 (7%) including unused fragments

          1 Average locations per line
          7 Average locations per statement

RAM used: 9 (2%) at main() level
          27 (7%) worst case

Stack used: 6 worst case (out of 8 total available)

Lines Stmts  %   Files
----- ----- ---  -----
   48    23  28  exercicio4.c
  309     0   0  16F877A.h
  107    58  72  lcd_4.c
----- -----
  464    81 Total

Page ROM  %  RAM   Vol Diff  Functions:
---- --- --- ---   --- ----  ----------
0     20   4   1             @delay_ms1
0      8   2   0  1127  5.0  @const48
0     48   9   1   352  2.8  lcd_send_nibble
0     43   8   3   259  3.8  lcd_send_byte
0     47   9   2   380  4.7  lcd_init
0     25   5   4   246  6.0  lcd_gotoxy
0     64  12   1   531  5.2  lcd_putc
0     64  12   3   413  4.0  MAIN
0     67  13   4   442  2.0  incrementa
0      7   1   0             @const76
0     21   4   3             @DIV88
0    101  19   6             @PRINTF_D_61
0      7   1   0             @const85
0      7   1   0             @const88

Program metrics:
    Functions               8
    Statements              81
    Comments                90
    Volume (V)              5673
    Difficilty (D)          32.9
    Effort to implement (E) 186916
    Time to implement (T)   2 hours, 53 minutes
    Est Delivered Bugs (B)  1
    Cyclomatic Complexity   20
    Maintainability (MI)    55

 Segment     Used  Free
-----------  ----  ----
00000-00003     4  0  
00004-007FF   529  1515  
00800-00FFF     0  2048  
01000-017FF     0  2048  
01800-01FFF     0  2048  



