
ROM used: 273 (3%)
          273 (3%) including unused fragments

          1 Average locations per line
          3 Average locations per statement

RAM used: 14 (4%) at main() level
          18 (5%) worst case

Stack used: 1 worst case (out of 8 total available)

Lines Stmts  %   Files
----- ----- ---  -----
   50    22  28  exercicio2.c
  309     0   0  16F877A.h
  107    58  72  lcd_4.c
----- -----
  466    80 Total

Page ROM  %  RAM   Vol Diff  Functions:
---- --- --- ---   --- ----  ----------
0     23   8   1             @delay_ms1
0    186  68   7   582  6.7  MAIN
0     37  14   5             @DIV1616
0     23   8   5             @MUL1616

Program metrics:
    Functions               1
    Statements              80
    Comments                92
    Volume (V)              589
    Difficilty (D)          6.3
    Effort to implement (E) 3696
    Time to implement (T)   3 minutes
    Est Delivered Bugs (B)  0
    Cyclomatic Complexity   3
    Maintainability (MI)    104

 Segment     Used  Free
-----------  ----  ----
00000-00003     4  0  
00004-007FF   269  1775  
00800-00FFF     0  2048  
01000-017FF     0  2048  
01800-01FFF     0  2048  



