;//  ASM code generated by mikroVirtualMachine for PIC - V. 3.0.0.0
;  Date/Time: 27/03/05 19:39:34
;  Info: http://www.mikroelektronika.co.yu


;// ADDRESS	OPCODE	ASM
; ----------------------------------------------
$0000	$2B0E	GOTO	Osciloscopio_main
$0004	$	delays_delay_1us:
$0004	$0000	nop
$0005	$0008	RETURN
$0006	$	delays_delay_5500us:
$0006	$3008	MOVLW	8
$0007	$1303	BCF	STATUS,RP1
$0008	$1283	BCF	STATUS,RP0
$0009	$00F0	MOVWF	STACK_0
$000A	$30FF	MOVLW	255
$000B	$00F1	MOVWF	STACK_1
$000C	$	delays_L_5:
$000C	$0BF0	DECFSZ	STACK_0, F
$000D	$280F	GOTO	delays_L_6
$000E	$2812	GOTO	delays_L_7
$000F	$	delays_L_6:
$000F	$0BF1	DECFSZ	STACK_1,F
$0010	$280F	GOTO	delays_L_6
$0011	$280C	GOTO	delays_L_5
$0012	$	delays_L_7:
$0012	$301E	MOVLW	30
$0013	$00F0	MOVWF	STACK_0
$0014	$	delays_L_8:
$0014	$0BF0	DECFSZ	STACK_0, F
$0015	$2814	GOTO	delays_L_8
$0016	$0008	RETURN
$0017	$	delays_delay_500us:
$0017	$30A5	MOVLW	165
$0018	$1303	BCF	STATUS,RP1
$0019	$1283	BCF	STATUS,RP0
$001A	$00F0	MOVWF	STACK_0
$001B	$	delays_L_4:
$001B	$0BF0	DECFSZ	STACK_0, F
$001C	$281B	GOTO	delays_L_4
$001D	$0000	nop
$001E	$0000	nop
$001F	$0008	RETURN
$0020	$	lcd8bit_lcd8_cmd:
$0020	$1303	BCF	STATUS,RP1
$0021	$1283	BCF	STATUS,RP0
$0022	$082B	MOVF	lcd8bit_main_global_dataaddress, W
$0023	$0084	MOVWF	FSR
$0024	$0180	CLRF	INDF
$0025	$0848	MOVF	lcd8bit_lcd8_cmd_param_out_char, W
$0026	$00F0	MOVWF	STACK_0
$0027	$0870	MOVF	STACK_0, W
$0028	$00C8	MOVWF	lcd8bit_lcd8_cmd_param_out_char
$0029	$1BC8	BTFSC    LCD8BIT_LCD8_CMD_PARAM_OUT_CHAR, 7
$002A	$1780	BSF      INDF, __LCD8_DB7
$002B	$1B48	BTFSC    LCD8BIT_LCD8_CMD_PARAM_OUT_CHAR, 6
$002C	$1700	BSF      INDF, __LCD8_DB6
$002D	$1AC8	BTFSC    LCD8BIT_LCD8_CMD_PARAM_OUT_CHAR, 5
$002E	$1680	BSF      INDF, __LCD8_DB5
$002F	$1A48	BTFSC    LCD8BIT_LCD8_CMD_PARAM_OUT_CHAR, 4
$0030	$1600	BSF      INDF, __LCD8_DB4
$0031	$19C8	BTFSC    LCD8BIT_LCD8_CMD_PARAM_OUT_CHAR, 3
$0032	$1580	BSF      INDF, __LCD8_DB3
$0033	$1948	BTFSC    LCD8BIT_LCD8_CMD_PARAM_OUT_CHAR, 2
$0034	$1500	BSF      INDF, __LCD8_DB2
$0035	$18C8	BTFSC    LCD8BIT_LCD8_CMD_PARAM_OUT_CHAR, 1
$0036	$1480	BSF      INDF, __LCD8_DB1
$0037	$1848	BTFSC    LCD8BIT_LCD8_CMD_PARAM_OUT_CHAR, 0
$0038	$1400	BSF      INDF, __LCD8_DB0
$0039	$082C	MOVF	lcd8bit_main_global_ctrladdress, W
$003A	$0084	MOVWF	FSR
$003B	$3001	MOVLW	1
$003C	$022D	SUBWF	lcd8bit_main_global_com, W
$003D	$1D03	BTFSS	STATUS, Z
$003E	$2842	GOTO	lcd8bit_L_1
$003F	$	lcd8bit_L_0:
$003F	$30FF	MOVLW	255
$0040	$00F1	MOVWF	STACK_1
$0041	$2843	GOTO	lcd8bit_L_3
$0042	$	lcd8bit_L_1:
$0042	$01F1	CLRF	STACK_1
$0043	$	lcd8bit_L_3:
$0043	$30FF	MOVLW	255
$0044	$0271	SUBWF	STACK_1, W
$0045	$1D03	BTFSS	STATUS, Z
$0046	$2849	GOTO	lcd8bit_L_5
$0047	$	lcd8bit_L_4:
$0047	$1100	BCF      INDF, __LCD8_RS
$0048	$284A	goto	lcd8bit_L_2
$0049	$	lcd8bit_L_5:
$0049	$1500	BSF INDF, __LCD8_RS
$004A	$	lcd8bit_L_2:
$004A	$1480	BSF      INDF, __LCD8_ENABLE
$004B	$2004	CALL	delays_delay_1us
$004C	$1080	BCF      INDF, __LCD8_ENABLE
$004D	$3001	MOVLW	1
$004E	$1303	BCF	STATUS,RP1
$004F	$1283	BCF	STATUS,RP0
$0050	$022D	SUBWF	lcd8bit_main_global_com, W
$0051	$1D03	BTFSS	STATUS, Z
$0052	$2858	GOTO	lcd8bit_L_7
$0053	$	lcd8bit_L_6:
$0053	$30FF	MOVLW	255
$0054	$1303	BCF	STATUS,RP1
$0055	$1283	BCF	STATUS,RP0
$0056	$00F1	MOVWF	STACK_1
$0057	$285B	GOTO	lcd8bit_L_9
$0058	$	lcd8bit_L_7:
$0058	$1303	BCF	STATUS,RP1
$0059	$1283	BCF	STATUS,RP0
$005A	$01F1	CLRF	STACK_1
$005B	$	lcd8bit_L_9:
$005B	$30FF	MOVLW	255
$005C	$1303	BCF	STATUS,RP1
$005D	$1283	BCF	STATUS,RP0
$005E	$0271	SUBWF	STACK_1, W
$005F	$1D03	BTFSS	STATUS, Z
$0060	$2863	GOTO	lcd8bit_L_11
$0061	$	lcd8bit_L_10:
$0061	$2006	CALL	delays_delay_5500us
$0062	$2864	goto	lcd8bit_L_8
$0063	$	lcd8bit_L_11:
$0063	$2017	CALL	delays_delay_500us
$0064	$	lcd8bit_L_8:
$0064	$0008	RETURN
$0065	$	delays_delay_22us:
$0065	$3007	MOVLW	7
$0066	$1303	BCF	STATUS,RP1
$0067	$1283	BCF	STATUS,RP0
$0068	$00F0	MOVWF	STACK_0
$0069	$	delays_L_1:
$0069	$1303	BCF	STATUS,RP1
$006A	$1283	BCF	STATUS,RP0
$006B	$0BF0	DECFSZ	STACK_0, F
$006C	$2869	GOTO	delays_L_1
$006D	$0008	RETURN
$006E	$	math_div_16x16_u:
$006E	$1303	BCF	STATUS,RP1
$006F	$1283	BCF	STATUS,RP0
$0070	$01A4	CLRF   MATH_MAIN_GLOBAL_REMAINDER_1
$0071	$01A5	CLRF   MATH_MAIN_GLOBAL_REMAINDER_2
$0072	$3010	MOVLW  16
$0073	$00AA	MOVWF  MATH_MAIN_GLOBAL_LOOPCOUNT
$0074	$0D29	RLF    MATH_MAIN_GLOBAL_X_2,W
$0075	$0DA4	RLF    MATH_MAIN_GLOBAL_REMAINDER_1,F
$0076	$0DA5	RLF    MATH_MAIN_GLOBAL_REMAINDER_2,F
$0077	$0826	MOVF   MATH_MAIN_GLOBAL_Y_1,W
$0078	$02A4	SUBWF  MATH_MAIN_GLOBAL_REMAINDER_1,F
$0079	$0827	MOVF   MATH_MAIN_GLOBAL_Y_2,W
$007A	$1C03	BTFSS  STATUS,C
$007B	$0F27	INCFSZ MATH_MAIN_GLOBAL_Y_2,W
$007C	$02A5	SUBWF  MATH_MAIN_GLOBAL_REMAINDER_2,F
$007D	$1803	BTFSC  STATUS,C
$007E	$2886	GOTO   $+8
$007F	$0826	MOVF   MATH_MAIN_GLOBAL_Y_1,W
$0080	$07A4	ADDWF  MATH_MAIN_GLOBAL_REMAINDER_1,F
$0081	$0827	MOVF   MATH_MAIN_GLOBAL_Y_2,W
$0082	$1803	BTFSC  STATUS,C
$0083	$0F27	INCFSZ MATH_MAIN_GLOBAL_Y_2,W
$0084	$07A5	ADDWF  MATH_MAIN_GLOBAL_REMAINDER_2,F
$0085	$1003	BCF    STATUS,C
$0086	$0DA8	RLF    MATH_MAIN_GLOBAL_X_1,F
$0087	$0DA9	RLF    MATH_MAIN_GLOBAL_X_2,F
$0088	$0BAA	DECFSZ MATH_MAIN_GLOBAL_LOOPCOUNT,F
$0089	$2874	GOTO   $-21
$008A	$0008	RETURN
$008B	$	lcd8bit_lcd8_init:
$008B	$2006	CALL	delays_delay_5500us
$008C	$2006	CALL	delays_delay_5500us
$008D	$2006	CALL	delays_delay_5500us
$008E	$1303	BCF	STATUS,RP1
$008F	$1283	BCF	STATUS,RP0
$0090	$0844	MOVF	lcd8bit_lcd8_init_param_portdata, W
$0091	$00AB	MOVWF	lcd8bit_main_global_dataaddress
$0092	$0843	MOVF	lcd8bit_lcd8_init_param_portctrl, W
$0093	$00AC	MOVWF	lcd8bit_main_global_ctrladdress
$0094	$082B	MOVF	lcd8bit_main_global_dataaddress, W
$0095	$0084	MOVWF	FSR
$0096	$1784	BSF	FSR, 7
$0097	$0180	CLRF	INDF
$0098	$082C	MOVF	lcd8bit_main_global_ctrladdress, W
$0099	$0084	MOVWF	FSR
$009A	$1180	BCF     INDF, __LCD8_RW
$009B	$1784	BSF	FSR, 7
$009C	$1100	BCF   INDF, __LCD8_RS
$009D	$1180	BCF   INDF, __LCD8_RW
$009E	$1080	BCF   INDF, __LCD8_ENABLE
$009F	$1384	BCF	FSR, 7
$00A0	$082B	MOVF	lcd8bit_main_global_dataaddress, W
$00A1	$0084	MOVWF	FSR
$00A2	$3030	MOVLW	48
$00A3	$0080	MOVWF	INDF
$00A4	$2006	CALL	delays_delay_5500us
$00A5	$2006	CALL	delays_delay_5500us
$00A6	$1303	BCF	STATUS,RP1
$00A7	$1283	BCF	STATUS,RP0
$00A8	$082C	MOVF	lcd8bit_main_global_ctrladdress, W
$00A9	$0084	MOVWF	FSR
$00AA	$1480	BSF      INDF, __LCD8_ENABLE
$00AB	$2004	CALL	delays_delay_1us
$00AC	$1080	BCF      INDF, __LCD8_ENABLE
$00AD	$1303	BCF	STATUS,RP1
$00AE	$1283	BCF	STATUS,RP0
$00AF	$082B	MOVF	lcd8bit_main_global_dataaddress, W
$00B0	$0084	MOVWF	FSR
$00B1	$3030	MOVLW	48
$00B2	$0080	MOVWF	INDF
$00B3	$2006	CALL	delays_delay_5500us
$00B4	$2006	CALL	delays_delay_5500us
$00B5	$1303	BCF	STATUS,RP1
$00B6	$1283	BCF	STATUS,RP0
$00B7	$082C	MOVF	lcd8bit_main_global_ctrladdress, W
$00B8	$0084	MOVWF	FSR
$00B9	$1480	BSF      INDF, __LCD8_ENABLE
$00BA	$2004	CALL	delays_delay_1us
$00BB	$1080	BCF      INDF, __LCD8_ENABLE
$00BC	$1303	BCF	STATUS,RP1
$00BD	$1283	BCF	STATUS,RP0
$00BE	$082B	MOVF	lcd8bit_main_global_dataaddress, W
$00BF	$0084	MOVWF	FSR
$00C0	$3030	MOVLW	48
$00C1	$0080	MOVWF	INDF
$00C2	$2006	CALL	delays_delay_5500us
$00C3	$2006	CALL	delays_delay_5500us
$00C4	$1303	BCF	STATUS,RP1
$00C5	$1283	BCF	STATUS,RP0
$00C6	$082C	MOVF	lcd8bit_main_global_ctrladdress, W
$00C7	$0084	MOVWF	FSR
$00C8	$1480	BSF      INDF, __LCD8_ENABLE
$00C9	$2004	CALL	delays_delay_1us
$00CA	$1080	BCF      INDF, __LCD8_ENABLE
$00CB	$1303	BCF	STATUS,RP1
$00CC	$1283	BCF	STATUS,RP0
$00CD	$082B	MOVF	lcd8bit_main_global_dataaddress, W
$00CE	$0084	MOVWF	FSR
$00CF	$3038	MOVLW	56
$00D0	$0080	MOVWF	INDF
$00D1	$2006	CALL	delays_delay_5500us
$00D2	$2006	CALL	delays_delay_5500us
$00D3	$1303	BCF	STATUS,RP1
$00D4	$1283	BCF	STATUS,RP0
$00D5	$082C	MOVF	lcd8bit_main_global_ctrladdress, W
$00D6	$0084	MOVWF	FSR
$00D7	$1480	BSF      INDF, __LCD8_ENABLE
$00D8	$2004	CALL	delays_delay_1us
$00D9	$1080	BCF      INDF, __LCD8_ENABLE
$00DA	$1303	BCF	STATUS,RP1
$00DB	$1283	BCF	STATUS,RP0
$00DC	$082B	MOVF	lcd8bit_main_global_dataaddress, W
$00DD	$0084	MOVWF	FSR
$00DE	$3010	MOVLW	16
$00DF	$0080	MOVWF	INDF
$00E0	$2006	CALL	delays_delay_5500us
$00E1	$2006	CALL	delays_delay_5500us
$00E2	$1303	BCF	STATUS,RP1
$00E3	$1283	BCF	STATUS,RP0
$00E4	$082C	MOVF	lcd8bit_main_global_ctrladdress, W
$00E5	$0084	MOVWF	FSR
$00E6	$1480	BSF      INDF, __LCD8_ENABLE
$00E7	$2004	CALL	delays_delay_1us
$00E8	$1080	BCF      INDF, __LCD8_ENABLE
$00E9	$1303	BCF	STATUS,RP1
$00EA	$1283	BCF	STATUS,RP0
$00EB	$082B	MOVF	lcd8bit_main_global_dataaddress, W
$00EC	$0084	MOVWF	FSR
$00ED	$3001	MOVLW	1
$00EE	$0080	MOVWF	INDF
$00EF	$2006	CALL	delays_delay_5500us
$00F0	$2006	CALL	delays_delay_5500us
$00F1	$1303	BCF	STATUS,RP1
$00F2	$1283	BCF	STATUS,RP0
$00F3	$082C	MOVF	lcd8bit_main_global_ctrladdress, W
$00F4	$0084	MOVWF	FSR
$00F5	$1480	BSF      INDF, __LCD8_ENABLE
$00F6	$2004	CALL	delays_delay_1us
$00F7	$1080	BCF      INDF, __LCD8_ENABLE
$00F8	$1303	BCF	STATUS,RP1
$00F9	$1283	BCF	STATUS,RP0
$00FA	$082B	MOVF	lcd8bit_main_global_dataaddress, W
$00FB	$0084	MOVWF	FSR
$00FC	$300F	MOVLW	15
$00FD	$0080	MOVWF	INDF
$00FE	$2006	CALL	delays_delay_5500us
$00FF	$2006	CALL	delays_delay_5500us
$0100	$1303	BCF	STATUS,RP1
$0101	$1283	BCF	STATUS,RP0
$0102	$082C	MOVF	lcd8bit_main_global_ctrladdress, W
$0103	$0084	MOVWF	FSR
$0104	$1480	BSF      INDF, __LCD8_ENABLE
$0105	$2004	CALL	delays_delay_1us
$0106	$1080	BCF      INDF, __LCD8_ENABLE
$0107	$3001	MOVLW	1
$0108	$1303	BCF	STATUS,RP1
$0109	$1283	BCF	STATUS,RP0
$010A	$00AD	MOVWF	lcd8bit_main_global_com
$010B	$0008	RETURN
$010C	$	lcd8bit_lcd8_out:
$010C	$0000	nop
$010D	$	lcd8bit_L_27:
$010D	$3001	MOVLW	1
$010E	$1303	BCF	STATUS,RP1
$010F	$1283	BCF	STATUS,RP0
$0110	$0245	SUBWF	lcd8bit_lcd8_out_param_row, W
$0111	$1D03	BTFSS	STATUS, Z
$0112	$2918	GOTO	lcd8bit_L_28
$0113	$	lcd8bit_L_26:
$0113	$3080	MOVLW	128
$0114	$1303	BCF	STATUS,RP1
$0115	$1283	BCF	STATUS,RP0
$0116	$00C5	MOVWF	lcd8bit_lcd8_out_param_row
$0117	$293D	GOTO	lcd8bit_L_25
$0118	$	lcd8bit_L_28:
$0118	$	lcd8bit_L_30:
$0118	$3002	MOVLW	2
$0119	$1303	BCF	STATUS,RP1
$011A	$1283	BCF	STATUS,RP0
$011B	$0245	SUBWF	lcd8bit_lcd8_out_param_row, W
$011C	$1D03	BTFSS	STATUS, Z
$011D	$2923	GOTO	lcd8bit_L_31
$011E	$	lcd8bit_L_29:
$011E	$30C0	MOVLW	192
$011F	$1303	BCF	STATUS,RP1
$0120	$1283	BCF	STATUS,RP0
$0121	$00C5	MOVWF	lcd8bit_lcd8_out_param_row
$0122	$293D	GOTO	lcd8bit_L_25
$0123	$	lcd8bit_L_31:
$0123	$	lcd8bit_L_33:
$0123	$3003	MOVLW	3
$0124	$1303	BCF	STATUS,RP1
$0125	$1283	BCF	STATUS,RP0
$0126	$0245	SUBWF	lcd8bit_lcd8_out_param_row, W
$0127	$1D03	BTFSS	STATUS, Z
$0128	$292E	GOTO	lcd8bit_L_34
$0129	$	lcd8bit_L_32:
$0129	$3094	MOVLW	148
$012A	$1303	BCF	STATUS,RP1
$012B	$1283	BCF	STATUS,RP0
$012C	$00C5	MOVWF	lcd8bit_lcd8_out_param_row
$012D	$293D	GOTO	lcd8bit_L_25
$012E	$	lcd8bit_L_34:
$012E	$	lcd8bit_L_36:
$012E	$3004	MOVLW	4
$012F	$1303	BCF	STATUS,RP1
$0130	$1283	BCF	STATUS,RP0
$0131	$0245	SUBWF	lcd8bit_lcd8_out_param_row, W
$0132	$1D03	BTFSS	STATUS, Z
$0133	$2939	GOTO	lcd8bit_L_37
$0134	$	lcd8bit_L_35:
$0134	$30D4	MOVLW	212
$0135	$1303	BCF	STATUS,RP1
$0136	$1283	BCF	STATUS,RP0
$0137	$00C5	MOVWF	lcd8bit_lcd8_out_param_row
$0138	$293D	GOTO	lcd8bit_L_25
$0139	$	lcd8bit_L_37:
$0139	$3080	MOVLW	128
$013A	$1303	BCF	STATUS,RP1
$013B	$1283	BCF	STATUS,RP0
$013C	$00C5	MOVWF	lcd8bit_lcd8_out_param_row
$013D	$	lcd8bit_L_25:
$013D	$1303	BCF	STATUS,RP1
$013E	$1283	BCF	STATUS,RP0
$013F	$0846	MOVF	lcd8bit_lcd8_out_param_column, W
$0140	$0745	ADDWF	lcd8bit_lcd8_out_param_row, W
$0141	$00F1	MOVWF	STACK_1
$0142	$03F1	DECF	STACK_1, F
$0143	$0871	MOVF	STACK_1, W
$0144	$00C5	MOVWF	lcd8bit_lcd8_out_param_row
$0145	$0845	MOVF	lcd8bit_lcd8_out_param_row, W
$0146	$00C8	MOVWF	lcd8bit_lcd8_cmd_param_out_char
$0147	$2020	CALL	lcd8bit_lcd8_cmd
$0148	$1303	BCF	STATUS,RP1
$0149	$1283	BCF	STATUS,RP0
$014A	$01AD	CLRF	lcd8bit_main_global_com
$014B	$01C3	CLRF	lcd8bit_lcd8_out_local_i
$014C	$0847	MOVF	lcd8bit_lcd8_out_param_text, W
$014D	$0084	MOVWF	FSR
$014E	$3000	MOVLW	0
$014F	$0784	ADDWF	FSR, F
$0150	$0800	MOVF	INDF, W
$0151	$00C4	MOVWF	lcd8bit_lcd8_out_local_a
$0152	$	lcd8bit_L_38:
$0152	$3000	MOVLW	0
$0153	$1303	BCF	STATUS,RP1
$0154	$1283	BCF	STATUS,RP0
$0155	$0244	SUBWF	lcd8bit_lcd8_out_local_a, W
$0156	$1903	BTFSC	STATUS, Z
$0157	$295D	GOTO	lcd8bit_L_40
$0158	$	lcd8bit_L_39:
$0158	$30FF	MOVLW	255
$0159	$1303	BCF	STATUS,RP1
$015A	$1283	BCF	STATUS,RP0
$015B	$00F1	MOVWF	STACK_1
$015C	$2960	GOTO	lcd8bit_L_41
$015D	$	lcd8bit_L_40:
$015D	$1303	BCF	STATUS,RP1
$015E	$1283	BCF	STATUS,RP0
$015F	$01F1	CLRF	STACK_1
$0160	$	lcd8bit_L_41:
$0160	$30FF	MOVLW	255
$0161	$1303	BCF	STATUS,RP1
$0162	$1283	BCF	STATUS,RP0
$0163	$0271	SUBWF	STACK_1, W
$0164	$1D03	BTFSS	STATUS, Z
$0165	$2977	GOTO	lcd8bit_L_43
$0166	$	lcd8bit_L_42:
$0166	$1303	BCF	STATUS,RP1
$0167	$1283	BCF	STATUS,RP0
$0168	$0844	MOVF	lcd8bit_lcd8_out_local_a, W
$0169	$00C8	MOVWF	lcd8bit_lcd8_cmd_param_out_char
$016A	$2020	CALL	lcd8bit_lcd8_cmd
$016B	$1303	BCF	STATUS,RP1
$016C	$1283	BCF	STATUS,RP0
$016D	$0AC3	INCF	lcd8bit_lcd8_out_local_i, F
$016E	$0847	MOVF	lcd8bit_lcd8_out_param_text, W
$016F	$0084	MOVWF	FSR
$0170	$0843	MOVF	lcd8bit_lcd8_out_local_i, W
$0171	$0784	ADDWF	FSR, F
$0172	$	lcd8bit_L_44:
$0172	$0800	MOVF	INDF, W
$0173	$1303	BCF	STATUS,RP1
$0174	$1283	BCF	STATUS,RP0
$0175	$00C4	MOVWF	lcd8bit_lcd8_out_local_a
$0176	$2952	GOTO	lcd8bit_L_38
$0177	$	lcd8bit_L_43:
$0177	$3001	MOVLW	1
$0178	$1303	BCF	STATUS,RP1
$0179	$1283	BCF	STATUS,RP0
$017A	$00AD	MOVWF	lcd8bit_main_global_com
$017B	$0008	RETURN
$017C	$	usartlib_u_a_usart_init:
$017C	$1303	BCF	STATUS,RP1
$017D	$1683	BSF	STATUS,RP0
$017E	$1698	BSF	TXSTA, 5
$017F	$3090	MOVLW	144
$0180	$1283	BCF	STATUS,RP0
$0181	$0098	MOVWF	RCSTA
$0182	$1683	BSF	STATUS,RP0
$0183	$1787	BSF	TRISC, 7
$0184	$1307	BCF	TRISC, 6
$0185	$	usartlib_u_a_L_0:
$0185	$3000	MOVLW	0
$0186	$1303	BCF	STATUS,RP1
$0187	$1283	BCF	STATUS,RP0
$0188	$1A8C	BTFSC	PIR1, 5
$0189	$3001	MOVLW	1
$018A	$00F1	MOVWF	STACK_1
$018B	$3001	MOVLW	1
$018C	$0271	SUBWF	STACK_1, W
$018D	$1D03	BTFSS	STATUS, Z
$018E	$2994	GOTO	usartlib_u_a_L_2
$018F	$	usartlib_u_a_L_1:
$018F	$30FF	MOVLW	255
$0190	$1303	BCF	STATUS,RP1
$0191	$1283	BCF	STATUS,RP0
$0192	$00F2	MOVWF	STACK_2
$0193	$2997	GOTO	usartlib_u_a_L_3
$0194	$	usartlib_u_a_L_2:
$0194	$1303	BCF	STATUS,RP1
$0195	$1283	BCF	STATUS,RP0
$0196	$01F2	CLRF	STACK_2
$0197	$	usartlib_u_a_L_3:
$0197	$30FF	MOVLW	255
$0198	$1303	BCF	STATUS,RP1
$0199	$1283	BCF	STATUS,RP0
$019A	$0272	SUBWF	STACK_2, W
$019B	$1D03	BTFSS	STATUS, Z
$019C	$29A2	GOTO	usartlib_u_a_L_5
$019D	$	usartlib_u_a_L_4:
$019D	$1303	BCF	STATUS,RP1
$019E	$1283	BCF	STATUS,RP0
$019F	$081A	MOVF	RCREG, W
$01A0	$00C3	MOVWF	usartlib_u_a_usart_init_local_i
$01A1	$2985	GOTO	usartlib_u_a_L_0
$01A2	$	usartlib_u_a_L_5:
$01A2	$0008	RETURN
$01A3	$	adclib_a_c_adc_read:
$01A3	$1303	BCF	STATUS,RP1
$01A4	$1283	BCF	STATUS,RP0
$01A5	$019F	CLRF	ADCON0
$01A6	$30C0	MOVLW	192
$01A7	$041F	IORWF	ADCON0, W
$01A8	$009F	MOVWF	ADCON0
$01A9	$1683	BSF	STATUS,RP0
$01AA	$171F	BSF	ADCON1, 6
$01AB	$179F	BSF	ADCON1, 7
$01AC	$1283	BCF	STATUS,RP0
$01AD	$0845	MOVF	adclib_a_c_adc_read_param_channel, W
$01AE	$00F1	MOVWF	STACK_1
$01AF	$3003	MOVLW	3
$01B0	$00F2	MOVWF	STACK_2
$01B1	$	adclib_a_c_L_0:
$01B1	$3000	MOVLW	0
$01B2	$1303	BCF	STATUS,RP1
$01B3	$1283	BCF	STATUS,RP0
$01B4	$0272	SUBWF	STACK_2, W
$01B5	$1903	BTFSC	STATUS, Z
$01B6	$29BB	GOTO	adclib_a_c_L_1
$01B7	$0DF1	RLF	STACK_1, F
$01B8	$1071	BCF	STACK_1, 0
$01B9	$0BF2	DECFSZ	STACK_2, F
$01BA	$29B1	GOTO	adclib_a_c_L_0
$01BB	$	adclib_a_c_L_1:
$01BB	$1303	BCF	STATUS,RP1
$01BC	$1283	BCF	STATUS,RP0
$01BD	$081F	MOVF	ADCON0, W
$01BE	$0471	IORWF	STACK_1, W
$01BF	$009F	MOVWF	ADCON0
$01C0	$141F	BSF	ADCON0, 0
$01C1	$2065	CALL	delays_delay_22us
$01C2	$1303	BCF	STATUS,RP1
$01C3	$1283	BCF	STATUS,RP0
$01C4	$151F	BSF	ADCON0, 2
$01C5	$	adclib_a_c_L_2:
$01C5	$3000	MOVLW	0
$01C6	$1303	BCF	STATUS,RP1
$01C7	$1283	BCF	STATUS,RP0
$01C8	$191F	BTFSC	ADCON0, 2
$01C9	$3001	MOVLW	1
$01CA	$00F1	MOVWF	STACK_1
$01CB	$3001	MOVLW	1
$01CC	$0271	SUBWF	STACK_1, W
$01CD	$1D03	BTFSS	STATUS, Z
$01CE	$29D4	GOTO	adclib_a_c_L_4
$01CF	$	adclib_a_c_L_3:
$01CF	$30FF	MOVLW	255
$01D0	$1303	BCF	STATUS,RP1
$01D1	$1283	BCF	STATUS,RP0
$01D2	$00F2	MOVWF	STACK_2
$01D3	$29D7	GOTO	adclib_a_c_L_5
$01D4	$	adclib_a_c_L_4:
$01D4	$1303	BCF	STATUS,RP1
$01D5	$1283	BCF	STATUS,RP0
$01D6	$01F2	CLRF	STACK_2
$01D7	$	adclib_a_c_L_5:
$01D7	$30FF	MOVLW	255
$01D8	$1303	BCF	STATUS,RP1
$01D9	$1283	BCF	STATUS,RP0
$01DA	$0272	SUBWF	STACK_2, W
$01DB	$1D03	BTFSS	STATUS, Z
$01DC	$29DF	GOTO	adclib_a_c_L_7
$01DD	$	adclib_a_c_L_6:
$01DD	$0000	nop
$01DE	$29C5	GOTO	adclib_a_c_L_2
$01DF	$	adclib_a_c_L_7:
$01DF	$1303	BCF	STATUS,RP1
$01E0	$1283	BCF	STATUS,RP0
$01E1	$081E	MOVF	ADRESH, W
$01E2	$00C3	MOVWF	adclib_a_c_adc_read_local_result_1
$01E3	$01C4	CLRF	adclib_a_c_adc_read_local_result_2
$01E4	$3008	MOVLW	8
$01E5	$00F0	MOVWF	STACK_0
$01E6	$	adclib_a_c_L_8:
$01E6	$3000	MOVLW	0
$01E7	$1303	BCF	STATUS,RP1
$01E8	$1283	BCF	STATUS,RP0
$01E9	$0270	SUBWF	STACK_0, W
$01EA	$1903	BTFSC	STATUS, Z
$01EB	$29F1	GOTO	adclib_a_c_L_9
$01EC	$0DC3	RLF	adclib_a_c_adc_read_local_result_1, F
$01ED	$0DC4	RLF	adclib_a_c_adc_read_local_result_2, F
$01EE	$1043	BCF	adclib_a_c_adc_read_local_result_1, 0
$01EF	$0BF0	DECFSZ	STACK_0, F
$01F0	$29E6	GOTO	adclib_a_c_L_8
$01F1	$	adclib_a_c_L_9:
$01F1	$1303	BCF	STATUS,RP1
$01F2	$1683	BSF	STATUS,RP0
$01F3	$081E	MOVF	ADRESL, W
$01F4	$1283	BCF	STATUS,RP0
$01F5	$0443	IORWF	adclib_a_c_adc_read_local_result_1, W
$01F6	$00F0	MOVWF	STACK_0
$01F7	$0844	MOVF	adclib_a_c_adc_read_local_result_2, W
$01F8	$00F1	MOVWF	STACK_1
$01F9	$0870	MOVF	STACK_0, W
$01FA	$00C3	MOVWF	adclib_a_c_adc_read_local_result_1
$01FB	$0871	MOVF	STACK_1, W
$01FC	$00C4	MOVWF	adclib_a_c_adc_read_local_result_2
$01FD	$101F	BCF	ADCON0, 0
$01FE	$0008	RETURN
$01FF	$	usartlib_u_a_usart_write:
$01FF	$	usartlib_u_a_L_6:
$01FF	$3000	MOVLW	0
$0200	$1303	BCF	STATUS,RP1
$0201	$1683	BSF	STATUS,RP0
$0202	$1898	BTFSC	TXSTA, 1
$0203	$3001	MOVLW	1
$0204	$00F1	MOVWF	STACK_1
$0205	$3000	MOVLW	0
$0206	$0271	SUBWF	STACK_1, W
$0207	$1D03	BTFSS	STATUS, Z
$0208	$2A0E	GOTO	usartlib_u_a_L_8
$0209	$	usartlib_u_a_L_7:
$0209	$30FF	MOVLW	255
$020A	$1303	BCF	STATUS,RP1
$020B	$1283	BCF	STATUS,RP0
$020C	$00F2	MOVWF	STACK_2
$020D	$2A11	GOTO	usartlib_u_a_L_9
$020E	$	usartlib_u_a_L_8:
$020E	$1303	BCF	STATUS,RP1
$020F	$1283	BCF	STATUS,RP0
$0210	$01F2	CLRF	STACK_2
$0211	$	usartlib_u_a_L_9:
$0211	$30FF	MOVLW	255
$0212	$1303	BCF	STATUS,RP1
$0213	$1283	BCF	STATUS,RP0
$0214	$0272	SUBWF	STACK_2, W
$0215	$1D03	BTFSS	STATUS, Z
$0216	$2A19	GOTO	usartlib_u_a_L_11
$0217	$	usartlib_u_a_L_10:
$0217	$0000	nop
$0218	$29FF	GOTO	usartlib_u_a_L_6
$0219	$	usartlib_u_a_L_11:
$0219	$1303	BCF	STATUS,RP1
$021A	$1283	BCF	STATUS,RP0
$021B	$0843	MOVF	usartlib_u_a_usart_write_param_data, W
$021C	$0099	MOVWF	TXREG
$021D	$0008	RETURN
$021E	$	math_mul_16x16_u:
$021E	$1303	BCF	STATUS,RP1
$021F	$1283	BCF	STATUS,RP0
$0220	$01A3	CLRF   MATH_MAIN_GLOBAL_UPPERWORD_2
$0221	$01A2	CLRF   MATH_MAIN_GLOBAL_UPPERWORD_1
$0222	$01A1	CLRF   MATH_MAIN_GLOBAL_LOWERWORD_2
$0223	$3080	MOVLW  128
$0224	$00A0	MOVWF  MATH_MAIN_GLOBAL_LOWERWORD_1
$0225	$0CA9	RRF    MATH_MAIN_GLOBAL_X_2,F
$0226	$0CA8	RRF    MATH_MAIN_GLOBAL_X_1,F
$0227	$1C03	BTFSS  STATUS,C
$0228	$2A32	GOTO   $+10
$0229	$0826	MOVF   MATH_MAIN_GLOBAL_Y_1,W
$022A	$07A1	ADDWF  MATH_MAIN_GLOBAL_LOWERWORD_2,F
$022B	$0827	MOVF   MATH_MAIN_GLOBAL_Y_2,W
$022C	$1803	BTFSC  STATUS,C
$022D	$0F27	INCFSZ MATH_MAIN_GLOBAL_Y_2,W
$022E	$07A2	ADDWF  MATH_MAIN_GLOBAL_UPPERWORD_1,F
$022F	$1803	BTFSC  STATUS,C
$0230	$0AA3	INCF   MATH_MAIN_GLOBAL_UPPERWORD_2,F
$0231	$1003	BCF    STATUS,C
$0232	$1FA8	BTFSS  MATH_MAIN_GLOBAL_X_1,7
$0233	$2A3A	GOTO   $+7
$0234	$0826	MOVF   MATH_MAIN_GLOBAL_Y_1,W
$0235	$07A2	ADDWF  MATH_MAIN_GLOBAL_UPPERWORD_1,F
$0236	$0827	MOVF   MATH_MAIN_GLOBAL_Y_2,W
$0237	$1803	BTFSC  STATUS,C
$0238	$0F27	INCFSZ MATH_MAIN_GLOBAL_Y_2,W
$0239	$07A3	ADDWF  MATH_MAIN_GLOBAL_UPPERWORD_2,F
$023A	$0CA3	RRF    MATH_MAIN_GLOBAL_UPPERWORD_2,F
$023B	$0CA2	RRF    MATH_MAIN_GLOBAL_UPPERWORD_1,F
$023C	$0CA1	RRF    MATH_MAIN_GLOBAL_LOWERWORD_2,F
$023D	$0CA0	RRF    MATH_MAIN_GLOBAL_LOWERWORD_1,F
$023E	$1C03	BTFSS  STATUS,C
$023F	$2A25	GOTO   $-26
$0240	$0008	RETURN
$0241	$	conv_wordtostr:
$0241	$1303	BCF	STATUS,RP1
$0242	$1283	BCF	STATUS,RP0
$0243	$0846	MOVF	conv_wordtostr_param_output, W
$0244	$0084	MOVWF	FSR
$0245	$3020	MOVLW	32
$0246	$0080	MOVWF	INDF
$0247	$0A84	INCF	FSR, F
$0248	$0080	MOVWF	INDF
$0249	$0A84	INCF	FSR, F
$024A	$0080	MOVWF	INDF
$024B	$0A84	INCF	FSR, F
$024C	$0080	MOVWF	INDF
$024D	$0A84	INCF	FSR, F
$024E	$0080	MOVWF	INDF
$024F	$0A84	INCF	FSR, F
$0250	$0180	CLRF	INDF
$0251	$3001	MOVLW	1
$0252	$00C3	MOVWF	conv_wordtostr_local_len
$0253	$3009	MOVLW	9
$0254	$00F2	MOVWF	STACK_2
$0255	$3000	MOVLW	0
$0256	$00F3	MOVWF	STACK_3
$0257	$0845	MOVF	conv_wordtostr_param_input_2, W
$0258	$0273	SUBWF	STACK_3, W
$0259	$1D03	BTFSS	STATUS, Z
$025A	$2A5D	GOTO	conv_L_23
$025B	$0844	MOVF	conv_wordtostr_param_input_1, W
$025C	$0272	SUBWF	STACK_2, W
$025D	$	conv_L_23:
$025D	$1803	BTFSC	STATUS, C
$025E	$2A64	GOTO	conv_L_21
$025F	$	conv_L_20:
$025F	$30FF	MOVLW	255
$0260	$1303	BCF	STATUS,RP1
$0261	$1283	BCF	STATUS,RP0
$0262	$00F1	MOVWF	STACK_1
$0263	$2A67	GOTO	conv_L_24
$0264	$	conv_L_21:
$0264	$1303	BCF	STATUS,RP1
$0265	$1283	BCF	STATUS,RP0
$0266	$01F1	CLRF	STACK_1
$0267	$	conv_L_24:
$0267	$30FF	MOVLW	255
$0268	$1303	BCF	STATUS,RP1
$0269	$1283	BCF	STATUS,RP0
$026A	$0271	SUBWF	STACK_1, W
$026B	$1D03	BTFSS	STATUS, Z
$026C	$2A70	GOTO	conv_L_26
$026D	$	conv_L_25:
$026D	$1303	BCF	STATUS,RP1
$026E	$1283	BCF	STATUS,RP0
$026F	$0AC3	INCF	conv_wordtostr_local_len, F
$0270	$	conv_L_26:
$0270	$	conv_L_22:
$0270	$3063	MOVLW	99
$0271	$1303	BCF	STATUS,RP1
$0272	$1283	BCF	STATUS,RP0
$0273	$00F2	MOVWF	STACK_2
$0274	$3000	MOVLW	0
$0275	$00F3	MOVWF	STACK_3
$0276	$0845	MOVF	conv_wordtostr_param_input_2, W
$0277	$0273	SUBWF	STACK_3, W
$0278	$1D03	BTFSS	STATUS, Z
$0279	$2A7C	GOTO	conv_L_30
$027A	$0844	MOVF	conv_wordtostr_param_input_1, W
$027B	$0272	SUBWF	STACK_2, W
$027C	$	conv_L_30:
$027C	$1803	BTFSC	STATUS, C
$027D	$2A83	GOTO	conv_L_28
$027E	$	conv_L_27:
$027E	$30FF	MOVLW	255
$027F	$1303	BCF	STATUS,RP1
$0280	$1283	BCF	STATUS,RP0
$0281	$00F1	MOVWF	STACK_1
$0282	$2A86	GOTO	conv_L_31
$0283	$	conv_L_28:
$0283	$1303	BCF	STATUS,RP1
$0284	$1283	BCF	STATUS,RP0
$0285	$01F1	CLRF	STACK_1
$0286	$	conv_L_31:
$0286	$30FF	MOVLW	255
$0287	$1303	BCF	STATUS,RP1
$0288	$1283	BCF	STATUS,RP0
$0289	$0271	SUBWF	STACK_1, W
$028A	$1D03	BTFSS	STATUS, Z
$028B	$2A8F	GOTO	conv_L_33
$028C	$	conv_L_32:
$028C	$1303	BCF	STATUS,RP1
$028D	$1283	BCF	STATUS,RP0
$028E	$0AC3	INCF	conv_wordtostr_local_len, F
$028F	$	conv_L_33:
$028F	$	conv_L_29:
$028F	$30E7	MOVLW	231
$0290	$1303	BCF	STATUS,RP1
$0291	$1283	BCF	STATUS,RP0
$0292	$00F2	MOVWF	STACK_2
$0293	$3003	MOVLW	3
$0294	$00F3	MOVWF	STACK_3
$0295	$0845	MOVF	conv_wordtostr_param_input_2, W
$0296	$0273	SUBWF	STACK_3, W
$0297	$1D03	BTFSS	STATUS, Z
$0298	$2A9B	GOTO	conv_L_37
$0299	$0844	MOVF	conv_wordtostr_param_input_1, W
$029A	$0272	SUBWF	STACK_2, W
$029B	$	conv_L_37:
$029B	$1803	BTFSC	STATUS, C
$029C	$2AA2	GOTO	conv_L_35
$029D	$	conv_L_34:
$029D	$30FF	MOVLW	255
$029E	$1303	BCF	STATUS,RP1
$029F	$1283	BCF	STATUS,RP0
$02A0	$00F1	MOVWF	STACK_1
$02A1	$2AA5	GOTO	conv_L_38
$02A2	$	conv_L_35:
$02A2	$1303	BCF	STATUS,RP1
$02A3	$1283	BCF	STATUS,RP0
$02A4	$01F1	CLRF	STACK_1
$02A5	$	conv_L_38:
$02A5	$30FF	MOVLW	255
$02A6	$1303	BCF	STATUS,RP1
$02A7	$1283	BCF	STATUS,RP0
$02A8	$0271	SUBWF	STACK_1, W
$02A9	$1D03	BTFSS	STATUS, Z
$02AA	$2AAE	GOTO	conv_L_40
$02AB	$	conv_L_39:
$02AB	$1303	BCF	STATUS,RP1
$02AC	$1283	BCF	STATUS,RP0
$02AD	$0AC3	INCF	conv_wordtostr_local_len, F
$02AE	$	conv_L_40:
$02AE	$	conv_L_36:
$02AE	$300F	MOVLW	15
$02AF	$1303	BCF	STATUS,RP1
$02B0	$1283	BCF	STATUS,RP0
$02B1	$00F2	MOVWF	STACK_2
$02B2	$3027	MOVLW	39
$02B3	$00F3	MOVWF	STACK_3
$02B4	$0845	MOVF	conv_wordtostr_param_input_2, W
$02B5	$0273	SUBWF	STACK_3, W
$02B6	$1D03	BTFSS	STATUS, Z
$02B7	$2ABA	GOTO	conv_L_44
$02B8	$0844	MOVF	conv_wordtostr_param_input_1, W
$02B9	$0272	SUBWF	STACK_2, W
$02BA	$	conv_L_44:
$02BA	$1803	BTFSC	STATUS, C
$02BB	$2AC1	GOTO	conv_L_42
$02BC	$	conv_L_41:
$02BC	$30FF	MOVLW	255
$02BD	$1303	BCF	STATUS,RP1
$02BE	$1283	BCF	STATUS,RP0
$02BF	$00F1	MOVWF	STACK_1
$02C0	$2AC4	GOTO	conv_L_45
$02C1	$	conv_L_42:
$02C1	$1303	BCF	STATUS,RP1
$02C2	$1283	BCF	STATUS,RP0
$02C3	$01F1	CLRF	STACK_1
$02C4	$	conv_L_45:
$02C4	$30FF	MOVLW	255
$02C5	$1303	BCF	STATUS,RP1
$02C6	$1283	BCF	STATUS,RP0
$02C7	$0271	SUBWF	STACK_1, W
$02C8	$1D03	BTFSS	STATUS, Z
$02C9	$2ACD	GOTO	conv_L_47
$02CA	$	conv_L_46:
$02CA	$1303	BCF	STATUS,RP1
$02CB	$1283	BCF	STATUS,RP0
$02CC	$0AC3	INCF	conv_wordtostr_local_len, F
$02CD	$	conv_L_47:
$02CD	$	conv_L_43:
$02CD	$1303	BCF	STATUS,RP1
$02CE	$1283	BCF	STATUS,RP0
$02CF	$0846	MOVF	conv_wordtostr_param_output, W
$02D0	$0084	MOVWF	FSR
$02D1	$3004	MOVLW	4
$02D2	$0784	ADDWF	FSR, F
$02D3	$3030	MOVLW	48
$02D4	$0080	MOVWF	INDF
$02D5	$	conv_L_48:
$02D5	$1303	BCF	STATUS,RP1
$02D6	$1283	BCF	STATUS,RP0
$02D7	$01F2	CLRF	STACK_2
$02D8	$0843	MOVF	conv_wordtostr_local_len, W
$02D9	$0272	SUBWF	STACK_2, W
$02DA	$1803	BTFSC	STATUS, C
$02DB	$2AE1	GOTO	conv_L_50
$02DC	$	conv_L_49:
$02DC	$30FF	MOVLW	255
$02DD	$1303	BCF	STATUS,RP1
$02DE	$1283	BCF	STATUS,RP0
$02DF	$00F1	MOVWF	STACK_1
$02E0	$2AE4	GOTO	conv_L_51
$02E1	$	conv_L_50:
$02E1	$1303	BCF	STATUS,RP1
$02E2	$1283	BCF	STATUS,RP0
$02E3	$01F1	CLRF	STACK_1
$02E4	$	conv_L_51:
$02E4	$30FF	MOVLW	255
$02E5	$1303	BCF	STATUS,RP1
$02E6	$1283	BCF	STATUS,RP0
$02E7	$0271	SUBWF	STACK_1, W
$02E8	$1D03	BTFSS	STATUS, Z
$02E9	$2B0D	GOTO	conv_L_53
$02EA	$	conv_L_52:
$02EA	$300A	MOVLW	10
$02EB	$1303	BCF	STATUS,RP1
$02EC	$1283	BCF	STATUS,RP0
$02ED	$00A6	MOVWF	Math_main_global_Y_1
$02EE	$3000	MOVLW	0
$02EF	$00A7	MOVWF	Math_main_global_Y_2
$02F0	$0844	MOVF	conv_wordtostr_param_input_1, W
$02F1	$00A8	MOVWF	Math_main_global_X_1
$02F2	$0845	MOVF	conv_wordtostr_param_input_2, W
$02F3	$00A9	MOVWF	Math_main_global_X_2
$02F4	$206E	CALL	Math_Div_16X16_U
$02F5	$0824	MOVF	Math_main_Global_Remainder_1, W
$02F6	$0080	MOVWF	INDF
$02F7	$300A	MOVLW	10
$02F8	$00A6	MOVWF	Math_main_global_Y_1
$02F9	$3000	MOVLW	0
$02FA	$00A7	MOVWF	Math_main_global_Y_2
$02FB	$0844	MOVF	conv_wordtostr_param_input_1, W
$02FC	$00A8	MOVWF	Math_main_global_X_1
$02FD	$0845	MOVF	conv_wordtostr_param_input_2, W
$02FE	$00A9	MOVWF	Math_main_global_X_2
$02FF	$206E	CALL	Math_Div_16X16_U
$0300	$0828	MOVF	Math_main_global_X_1, W
$0301	$00F2	MOVWF	STACK_2
$0302	$0829	MOVF	Math_main_global_X_2, W
$0303	$00F3	MOVWF	STACK_3
$0304	$0872	MOVF	STACK_2, W
$0305	$00C4	MOVWF	conv_wordtostr_param_input_1
$0306	$0873	MOVF	STACK_3, W
$0307	$00C5	MOVWF	conv_wordtostr_param_input_2
$0308	$3030	MOVLW    48
$0309	$0780	ADDWF    INDF,F
$030A	$0384	DECF     FSR,F
$030B	$03C3	DECF	conv_wordtostr_local_len, F
$030C	$2AD5	GOTO	conv_L_48
$030D	$	conv_L_53:
$030D	$0008	RETURN
$030E	$	Osciloscopio_main:
$030E	$3084	MOVLW	132
$030F	$1303	BCF	STATUS,RP1
$0310	$1683	BSF	STATUS,RP0
$0311	$009F	MOVWF	ADCON1
$0312	$3041	MOVLW	65
$0313	$1283	BCF	STATUS,RP0
$0314	$009F	MOVWF	ADCON0
$0315	$30FF	MOVLW	255
$0316	$1683	BSF	STATUS,RP0
$0317	$0085	MOVWF	TRISA
$0318	$0188	CLRF	TRISD
$0319	$3001	MOVLW	1
$031A	$0089	MOVWF	TRISE
$031B	$3080	MOVLW	128
$031C	$0081	MOVWF	OPTION_REG
$031D	$3009	MOVLW	PORTE
$031E	$1283	BCF	STATUS,RP0
$031F	$00C3	MOVWF	Lcd8bit_Lcd8_Init_param_portctrl
$0320	$3008	MOVLW	PORTD
$0321	$00C4	MOVWF	Lcd8bit_Lcd8_Init_param_portdata
$0322	$208B	CALL	Lcd8bit_Lcd8_Init
$0323	$3001	MOVLW	1
$0324	$1303	BCF	STATUS,RP1
$0325	$1283	BCF	STATUS,RP0
$0326	$00C8	MOVWF	lcd8bit_lcd8_cmd_param_out_char
$0327	$2020	CALL	lcd8bit_lcd8_cmd
$0328	$300C	MOVLW	12
$0329	$1303	BCF	STATUS,RP1
$032A	$1283	BCF	STATUS,RP0
$032B	$00C8	MOVWF	lcd8bit_lcd8_cmd_param_out_char
$032C	$2020	CALL	lcd8bit_lcd8_cmd
$032D	$3001	MOVLW	1
$032E	$1303	BCF	STATUS,RP1
$032F	$1283	BCF	STATUS,RP0
$0330	$00C5	MOVWF	lcd8bit_lcd8_out_param_row
$0331	$3003	MOVLW	3
$0332	$00C6	MOVWF	lcd8bit_lcd8_out_param_column
$0333	$3056	MOVLW	86
$0334	$00B6	MOVWF	osciloscopio_main_local_local_text_1
$0335	$306F	MOVLW	111
$0336	$00B7	MOVWF	osciloscopio_main_local_local_text_2
$0337	$306C	MOVLW	108
$0338	$00B8	MOVWF	osciloscopio_main_local_local_text_3
$0339	$3074	MOVLW	116
$033A	$00B9	MOVWF	osciloscopio_main_local_local_text_4
$033B	$3069	MOVLW	105
$033C	$00BA	MOVWF	osciloscopio_main_local_local_text_5
$033D	$306D	MOVLW	109
$033E	$00BB	MOVWF	osciloscopio_main_local_local_text_6
$033F	$3065	MOVLW	101
$0340	$00BC	MOVWF	osciloscopio_main_local_local_text_7
$0341	$3074	MOVLW	116
$0342	$00BD	MOVWF	osciloscopio_main_local_local_text_8
$0343	$3072	MOVLW	114
$0344	$00BE	MOVWF	osciloscopio_main_local_local_text_9
$0345	$306F	MOVLW	111
$0346	$00BF	MOVWF	osciloscopio_main_local_local_text_10
$0347	$01C0	CLRF	osciloscopio_main_local_local_text_11
$0348	$3036	MOVLW	osciloscopio_main_local_local_text_1
$0349	$00C7	MOVWF	lcd8bit_lcd8_out_param_text
$034A	$210C	CALL	lcd8bit_lcd8_out
$034B	$3019	MOVLW	25
$034C	$1303	BCF	STATUS,RP1
$034D	$1683	BSF	STATUS,RP0
$034E	$0099	MOVWF	SPBRG
$034F	$1518	BSF	TXSTA, BRGH
$0350	$217C	CALL	usartlib_u_a_usart_init
$0351	$	Osciloscopio_L_0:
$0351	$	Osciloscopio_L_1:
$0351	$1303	BCF	STATUS,RP1
$0352	$1283	BCF	STATUS,RP0
$0353	$01C5	CLRF	adclib_a_c_adc_read_param_channel
$0354	$21A3	CALL	adclib_a_c_adc_read
$0355	$1303	BCF	STATUS,RP1
$0356	$1283	BCF	STATUS,RP0
$0357	$0843	MOVF	adclib_a_c_adc_read_local_result_1, W
$0358	$00AE	MOVWF	main_global_leitura_ad_1
$0359	$0844	MOVF	adclib_a_c_adc_read_local_result_2, W
$035A	$00AF	MOVWF	main_global_leitura_ad_2
$035B	$3004	MOVLW	4
$035C	$00A6	MOVWF	Math_main_global_Y_1
$035D	$3000	MOVLW	0
$035E	$00A7	MOVWF	Math_main_global_Y_2
$035F	$082E	MOVF	main_global_leitura_ad_1, W
$0360	$00A8	MOVWF	Math_main_global_X_1
$0361	$082F	MOVF	main_global_leitura_ad_2, W
$0362	$00A9	MOVWF	Math_main_global_X_2
$0363	$206E	CALL	Math_Div_16X16_U
$0364	$0828	MOVF	Math_main_global_X_1, W
$0365	$00C3	MOVWF	usartlib_u_a_usart_write_param_data
$0366	$21FF	CALL	usartlib_u_a_usart_write
$0367	$3005	MOVLW	5
$0368	$1303	BCF	STATUS,RP1
$0369	$1283	BCF	STATUS,RP0
$036A	$00A6	MOVWF	Math_main_global_Y_1
$036B	$3000	MOVLW	0
$036C	$00A7	MOVWF	Math_main_global_Y_2
$036D	$082E	MOVF	main_global_leitura_ad_1, W
$036E	$00A8	MOVWF	Math_main_global_X_1
$036F	$082F	MOVF	main_global_leitura_ad_2, W
$0370	$00A9	MOVWF	Math_main_global_X_2
$0371	$221E	CALL	Math_Mul_16X16_U
$0372	$0820	MOVF	Math_Main_global_LowerWord_1, W
$0373	$00F1	MOVWF	STACK_1
$0374	$0821	MOVF	Math_Main_global_LowerWord_2, W
$0375	$00F2	MOVWF	STACK_2
$0376	$0871	MOVF	STACK_1, W
$0377	$00AE	MOVWF	main_global_leitura_ad_1
$0378	$0872	MOVF	STACK_2, W
$0379	$00AF	MOVWF	main_global_leitura_ad_2
$037A	$082E	MOVF	main_global_leitura_ad_1, W
$037B	$00C4	MOVWF	conv_wordtostr_param_input_1
$037C	$082F	MOVF	main_global_leitura_ad_2, W
$037D	$00C5	MOVWF	conv_wordtostr_param_input_2
$037E	$3030	MOVLW	main_global_string_ad_1
$037F	$00C6	MOVWF	conv_wordtostr_param_output
$0380	$2241	CALL	conv_wordtostr
$0381	$3002	MOVLW	2
$0382	$1303	BCF	STATUS,RP1
$0383	$1283	BCF	STATUS,RP0
$0384	$00C5	MOVWF	lcd8bit_lcd8_out_param_row
$0385	$3003	MOVLW	3
$0386	$00C6	MOVWF	lcd8bit_lcd8_out_param_column
$0387	$0847	MOVF	lcd8bit_lcd8_out_param_text, W
$0388	$0084	MOVWF	FSR
$0389	$00F1	MOVWF	STACK_1
$038A	$3030	MOVLW	main_global_string_ad_1
$038B	$0084	MOVWF	FSR
$038C	$	Osciloscopio_L_4:
$038C	$3000	MOVLW	0
$038D	$0200	SUBWF	INDF, W
$038E	$1903	BTFSC	STATUS, Z
$038F	$2B9E	GOTO	Osciloscopio_L_3
$0390	$0804	MOVF	FSR, W
$0391	$1303	BCF	STATUS,RP1
$0392	$1283	BCF	STATUS,RP0
$0393	$00F2	MOVWF	STACK_2
$0394	$0800	MOVF	INDF, W
$0395	$00F3	MOVWF	STACK_3
$0396	$0871	MOVF	STACK_1, W
$0397	$0084	MOVWF	FSR
$0398	$0873	MOVF	STACK_3, W
$0399	$0080	MOVWF	INDF
$039A	$0AF1	INCF	STACK_1, F
$039B	$0A72	INCF	STACK_2, W
$039C	$0084	MOVWF	FSR
$039D	$2B8C	GOTO	Osciloscopio_L_4
$039E	$	Osciloscopio_L_3:
$039E	$1303	BCF	STATUS,RP1
$039F	$1283	BCF	STATUS,RP0
$03A0	$0871	MOVF	STACK_1, W
$03A1	$0084	MOVWF	FSR
$03A2	$3020	MOVLW	32
$03A3	$0080	MOVWF	INDF
$03A4	$0A84	INCF	FSR, F
$03A5	$306D	MOVLW	109
$03A6	$0080	MOVWF	INDF
$03A7	$0A84	INCF	FSR, F
$03A8	$3076	MOVLW	118
$03A9	$0080	MOVWF	INDF
$03AA	$0A84	INCF	FSR, F
$03AB	$0180	CLRF	INDF
$03AC	$210C	CALL	lcd8bit_lcd8_out
$03AD	$3003	MOVLW	3
$03AE	$1303	BCF	STATUS,RP1
$03AF	$1283	BCF	STATUS,RP0
$03B0	$00F1	MOVWF	STACK_1
$03B1	$30FF	MOVLW	255
$03B2	$00F2	MOVWF	STACK_2
$03B3	$30FF	MOVLW	255
$03B4	$00F3	MOVWF	STACK_3
$03B5	$0BF1	DECFSZ	STACK_1, F
$03B6	$2BB8	GOTO	$+2
$03B7	$2BBF	GOTO	$+8
$03B8	$0BF2	DECFSZ	STACK_2, F
$03B9	$2BBB	GOTO	$+2
$03BA	$2BBE	GOTO	$+4
$03BB	$0BF3	DECFSZ	STACK_3, F
$03BC	$2BBB	GOTO	$-1
$03BD	$2BB8	GOTO	$-5
$03BE	$2BB5	GOTO	$-9
$03BF	$308C	MOVLW	140
$03C0	$00F1	MOVWF	STACK_1
$03C1	$30FF	MOVLW	255
$03C2	$00F2	MOVWF	STACK_2
$03C3	$0BF1	DECFSZ	STACK_1, F
$03C4	$2BC6	GOTO	$+2
$03C5	$2BC9	GOTO	$+4
$03C6	$0BF2	DECFSZ	STACK_2, F
$03C7	$2BC6	GOTO	$-1
$03C8	$2BC3	GOTO	$-5
$03C9	$30A1	MOVLW	161
$03CA	$00F1	MOVWF	STACK_1
$03CB	$0BF1	DECFSZ	STACK_1, F
$03CC	$2BCB	GOTO	$-1
$03CD	$0000	nop
$03CE	$2B51	GOTO	Osciloscopio_L_0
$03CF	$	Osciloscopio_L_2:
$03CF	$	Osciloscopio_L_5:
$03CF	$2BCF	GOTO	Osciloscopio_L_5


//** Procedures locations **
//ADDRESS		PROCEDURE
//----------------------------------------------
$0004		Delay_1us
$0006		Delay_5500us
$0017		Delay_500us
$0020		Lcd8_Cmd
$0065		Delay_22us
$006E		Div_16x16_U
$008B		Lcd8_Init
$010C		Lcd8_Out
$017C		USART_init
$01A3		ADC_read
$01FF		USART_Write
$021E		Mul_16x16_U
$0241		WordToStr
$030E		main
;*** procedure  	ADC_read  ***;
;*** procedure  	Delay_1us  ***;
;*** procedure  	Delay_22us  ***;
;*** procedure  	Delay_500us  ***;
;*** procedure  	Delay_5500us  ***;
;*** procedure  	Div_16x16_U  ***;
;*** procedure  	Lcd8_Cmd  ***;
;*** procedure  	Lcd8_Init  ***;
;*** procedure  	Lcd8_Out  ***;
;*** procedure  	main  ***;
;*** procedure  	Mul_16x16_U  ***;
;*** procedure  	USART_init  ***;
;*** procedure  	USART_Write  ***;
;*** procedure  	WordToStr  ***;


//** Labels locations **
//ADDRESS		LABEL
//----------------------------------------------
$0004		delays_delay_1us:
$0006		delays_delay_5500us:
$000C		delays_L_5:
$000F		delays_L_6:
$0012		delays_L_7:
$0014		delays_L_8:
$0017		delays_delay_500us:
$001B		delays_L_4:
$0020		lcd8bit_lcd8_cmd:
$003F		lcd8bit_L_0:
$0042		lcd8bit_L_1:
$0043		lcd8bit_L_3:
$0047		lcd8bit_L_4:
$0049		lcd8bit_L_5:
$004A		lcd8bit_L_2:
$0053		lcd8bit_L_6:
$0058		lcd8bit_L_7:
$005B		lcd8bit_L_9:
$0061		lcd8bit_L_10:
$0063		lcd8bit_L_11:
$0064		lcd8bit_L_8:
$0065		delays_delay_22us:
$0069		delays_L_1:
$006E		math_div_16x16_u:
$008B		lcd8bit_lcd8_init:
$010C		lcd8bit_lcd8_out:
$010D		lcd8bit_L_27:
$0113		lcd8bit_L_26:
$0118		lcd8bit_L_28:
$0118		lcd8bit_L_30:
$011E		lcd8bit_L_29:
$0123		lcd8bit_L_31:
$0123		lcd8bit_L_33:
$0129		lcd8bit_L_32:
$012E		lcd8bit_L_34:
$012E		lcd8bit_L_36:
$0134		lcd8bit_L_35:
$0139		lcd8bit_L_37:
$013D		lcd8bit_L_25:
$0152		lcd8bit_L_38:
$0158		lcd8bit_L_39:
$015D		lcd8bit_L_40:
$0160		lcd8bit_L_41:
$0166		lcd8bit_L_42:
$0172		lcd8bit_L_44:
$0177		lcd8bit_L_43:
$017C		usartlib_u_a_usart_init:
$0185		usartlib_u_a_L_0:
$018F		usartlib_u_a_L_1:
$0194		usartlib_u_a_L_2:
$0197		usartlib_u_a_L_3:
$019D		usartlib_u_a_L_4:
$01A2		usartlib_u_a_L_5:
$01A3		adclib_a_c_adc_read:
$01B1		adclib_a_c_L_0:
$01BB		adclib_a_c_L_1:
$01C5		adclib_a_c_L_2:
$01CF		adclib_a_c_L_3:
$01D4		adclib_a_c_L_4:
$01D7		adclib_a_c_L_5:
$01DD		adclib_a_c_L_6:
$01DF		adclib_a_c_L_7:
$01E6		adclib_a_c_L_8:
$01F1		adclib_a_c_L_9:
$01FF		usartlib_u_a_L_6:
$01FF		usartlib_u_a_usart_write:
$0209		usartlib_u_a_L_7:
$020E		usartlib_u_a_L_8:
$0211		usartlib_u_a_L_9:
$0217		usartlib_u_a_L_10:
$0219		usartlib_u_a_L_11:
$021E		math_mul_16x16_u:
$0241		conv_wordtostr:
$025D		conv_L_23:
$025F		conv_L_20:
$0264		conv_L_21:
$0267		conv_L_24:
$026D		conv_L_25:
$0270		conv_L_22:
$0270		conv_L_26:
$027C		conv_L_30:
$027E		conv_L_27:
$0283		conv_L_28:
$0286		conv_L_31:
$028C		conv_L_32:
$028F		conv_L_29:
$028F		conv_L_33:
$029B		conv_L_37:
$029D		conv_L_34:
$02A2		conv_L_35:
$02A5		conv_L_38:
$02AB		conv_L_39:
$02AE		conv_L_36:
$02AE		conv_L_40:
$02BA		conv_L_44:
$02BC		conv_L_41:
$02C1		conv_L_42:
$02C4		conv_L_45:
$02CA		conv_L_46:
$02CD		conv_L_43:
$02CD		conv_L_47:
$02D5		conv_L_48:
$02DC		conv_L_49:
$02E1		conv_L_50:
$02E4		conv_L_51:
$02EA		conv_L_52:
$030D		conv_L_53:
$030E		Osciloscopio_main:
$0351		Osciloscopio_L_0:
$0351		Osciloscopio_L_1:
$038C		Osciloscopio_L_4:
$039E		Osciloscopio_L_3:
$03CF		Osciloscopio_L_2:
$03CF		Osciloscopio_L_5:


//** Variables locations **
//ADDRESS		VARIABLE
//----------------------------------------------
$0000		INDF
$0002		PCL
$0003		STATUS
$0004		FSR
$000A		PCLATH
$000C		PIR1
$0018		RCSTA
$0019		TXREG
$001A		RCREG
$001E		ADRESH
$001F		ADCON0
$0020		math_main_global_lowerword
$0022		math_main_global_upperword
$0024		math_main_global_remainder
$0026		math_main_global_y
$0028		math_main_global_x
$002A		math_main_global_loopcount
$002B		lcd8bit_main_global_dataaddress
$002C		lcd8bit_main_global_ctrladdress
$002D		lcd8bit_main_global_com
$002E		main_global_leitura_ad
$0030		main_global_string_ad
$0036		osciloscopio_main_local_local_text
$0043		adclib_a_c_adc_read_local_result
$0043		conv_wordtostr_local_len
$0043		lcd8bit_lcd8_init_param_portctrl
$0043		lcd8bit_lcd8_out_local_i
$0043		usartlib_u_a_usart_init_local_i
$0043		usartlib_u_a_usart_write_param_data
$0044		conv_wordtostr_param_input
$0044		lcd8bit_lcd8_init_param_portdata
$0044		lcd8bit_lcd8_out_local_a
$0044		usartlib_u_a_usart_init_param_baude_rate
$0045		adclib_a_c_adc_read_param_channel
$0045		lcd8bit_lcd8_out_param_row
$0046		conv_wordtostr_param_output
$0046		lcd8bit_lcd8_out_param_column
$0047		lcd8bit_lcd8_out_param_text
$0048		lcd8bit_lcd8_cmd_param_out_char
$0070		STACK_0
$0071		STACK_1
$0072		STACK_2
$0073		STACK_3
$0074		STACK_4
$0081		OPTION_REG
$0085		TRISA
$0087		TRISC
$0088		TRISD
$0089		TRISE
$0098		TXSTA
$0099		SPBRG
$009E		ADRESL
$009F		ADCON1


