
ROM used: 284 (3%)
          284 (3%) including unused fragments

          1 Average locations per line
          5 Average locations per statement

RAM used: 20 (11%) at main() level
          21 (12%) worst case

Lines Stmts  %   Files
----- ----- ---  -----
  217    60 100  C:\Cerne\CDs\kit PICLAB16f877A\Exemplos\Exemplos C\Relógio Digital\varredura.c
  306     0   0  C:\Arquivos de programas\PICC\devices\16F877A.h
----- -----
 1046   120 Total

Page ROM  %  RAM  Functions:
---- --- --- ---  ----------
0     19   7   0  @const41
0     23   8   0  main
0     39  14   0  Inicializa
0     46  16   0  Isr_Timer1
0     89  31   1  Isr_Timer0
0      8   3   0  @goto10054

 Segment   Used  Free
---------  ----  ----
00000-00003     4  0  
00004-0003B    56  0  
0003C-007FF   224  1764  
00800-00FFF     0  2048  
01000-017FF     0  2048  
01800-01FFF     0  2048  

