
ROM used: 612 (7%)
          612 (7%) including unused fragments

          1 Average locations per line
          5 Average locations per statement

RAM used: 44 (25%) at main() level
          51 (29%) worst case

Lines Stmts  %   Files
----- ----- ---  -----
  344   128 100  C:\Cerne\CDs\kit PICLAB16f877A\Exemplos\Exemplos C\Memória EEPROM\mem_eeprom.c
  306     0   0  C:\Arquivos de programas\PICC\devices\16F877A.h
----- -----
 1300   256 Total

Page ROM  %  RAM  Functions:
---- --- --- ---  ----------
0     21   3   1  @delay_ms1
0     59  10   0  main
0     92  15   1  Inicializa
0      9   1   0  Restaura_EEPROM
0     70  11   2  Le_Dados
0     49   8   2  Grava_Buffer
0     37   6   1  Lcd_Inst
0     74  12   1  Isr_Serial
0    133  22   0  Ist_Timer0
0      8   1   0  @goto10145

 Segment   Used  Free
---------  ----  ----
00000-00003     4  0  
00004-0003B    56  0  
0003C-007FF   552  1436  
00800-00FFF     0  2048  
01000-017FF     0  2048  
01800-01FFF     0  2048  

