
ROM used: 652 (8%)
          2065 (25%) including unused fragments

          1 Average locations per line
          5 Average locations per statement

RAM used: 34 (19%) at main() level
          41 (23%) worst case

Lines Stmts  %   Files
----- ----- ---  -----
  339   128 100  C:\Cerne\CDs\kit PICLAB16f877A\Exemplos\Exemplos C\Memória Flash\mem_flash.c
  306     0   0  C:\Arquivos de programas\PICC\devices\16F877A.h
----- -----
 1290   256 Total

Page ROM  %  RAM  Functions:
---- --- --- ---  ----------
0     21   3   1  @delay_ms1
0     57   9   0  main
0     92  14   1  Inicializa
0      8   1   0  Restaura_EEPROM
0     78  12   4  Le_Dados
0     37   6   4  Grava_Buffer
0     54   8   0  @FLASHLOAD
0     37   6   1  Lcd_Inst
0     74  11   1  Isr_Serial
0    109  17   0  Ist_Timer0
0      8   1   0  @goto10151

 Segment   Used  Free
---------  ----  ----
00000-00003     4  0  
00004-0003B    56  0  
0003C-007FF   575  1413  
00800-00FFF     0  2048  
01000-01010    17  0  
01011-017FF     0  2031  
01800-01FFF     0  2048  

