
ROM used: 40 (0%)
          40 (0%) including unused fragments

          0 Average locations per line
          5 Average locations per statement

RAM used: 8 (2%) at main() level
          8 (2%) worst case

Stack used: 0 worst case (out of 8 total available)

Lines Stmts  %   Files
----- ----- ---  -----
   21     8 100  exercicio11.c
  309     0   0  ..\..\..\..\..\..\..\..\..\Program Files\PICC\devices\16f877A.h
----- -----
  330     8 Total

Page ROM  %  RAM   Vol Diff  Functions:
---- --- --- ---   --- ----  ----------
0     36  90   1   130  3.0  main

Program metrics:
    Functions               1
    Statements              8
    Comments                73
    Volume (V)              130
    Difficilty (D)          3.0
    Effort to implement (E) 384
    Time to implement (T)   0 minutes
    Est Delivered Bugs (B)  0
    Cyclomatic Complexity   1
    Maintainability (MI)    143

 Segment     Used  Free
-----------  ----  ----
00000-00003     4  0  
00004-007FF    36  2008  
00800-00FFF     0  2048  
01000-017FF     0  2048  
01800-01FFF     0  2048  



