
ROM used: 45 (1%)
          45 (1%) including unused fragments

          0 Average locations per line
          4 Average locations per statement

RAM used: 6 (2%) at main() level
          6 (2%) worst case

Stack used: 0 worst case (out of 8 total available)

Lines Stmts  %   Files
----- ----- ---  -----
   24    12 100  exercicio07.c
  309     0   0  ..\..\..\..\..\..\..\..\..\Program Files\PICC\devices\16f877A.h
----- -----
  333    12 Total

Page ROM  %  RAM   Vol Diff  Functions:
---- --- --- ---   --- ----  ----------
0     41  91   0   178  3.0  main

Program metrics:
    Functions               1
    Statements              12
    Comments                73
    Volume (V)              178
    Difficilty (D)          3.0
    Effort to implement (E) 541
    Time to implement (T)   1 minutes
    Est Delivered Bugs (B)  0
    Cyclomatic Complexity   2
    Maintainability (MI)    134

 Segment     Used  Free
-----------  ----  ----
00000-00003     4  0  
00004-007FF    41  2003  
00800-00FFF     0  2048  
01000-017FF     0  2048  
01800-01FFF     0  2048  



