
ROM used: 31 (0%)
          31 (0%) including unused fragments

          0 Average locations per line
          4 Average locations per statement

RAM used: 6 (2%) at main() level
          6 (2%) worst case

Stack used: 0 worst case (out of 8 total available)

Lines Stmts  %   Files
----- ----- ---  -----
   18     7 100  exercicio01.c
  309     0   0  ..\..\..\..\..\..\..\..\..\Program Files\PICC\devices\16F877A.h
----- -----
  327     7 Total

Page ROM  %  RAM   Vol Diff  Functions:
---- --- --- ---   --- ----  ----------
0     27  87   0    86  2.3  main

Program metrics:
    Functions               1
    Statements              7
    Comments                73
    Volume (V)              86
    Difficilty (D)          2.3
    Effort to implement (E) 201
    Time to implement (T)   0 minutes
    Est Delivered Bugs (B)  0
    Cyclomatic Complexity   1
    Maintainability (MI)    147

 Segment     Used  Free
-----------  ----  ----
00000-00003     4  0  
00004-007FF    27  2017  
00800-00FFF     0  2048  
01000-017FF     0  2048  
01800-01FFF     0  2048  



