
ROM used: 77 (1%)
          77 (1%) including unused fragments

          0 Average locations per line
          4 Average locations per statement

RAM used: 8 (2%) at main() level
          8 (2%) worst case

Stack used: 0 worst case (out of 8 total available)

Lines Stmts  %   Files
----- ----- ---  -----
   36    20 100  exercicio13.c
  309     0   0  ..\..\..\..\..\..\..\..\..\Program Files\PICC\devices\16f877A.h
----- -----
  345    20 Total

Page ROM  %  RAM   Vol Diff  Functions:
---- --- --- ---   --- ----  ----------
0     73  95   1   365  4.2  main

Program metrics:
    Functions               1
    Statements              20
    Comments                80
    Volume (V)              365
    Difficilty (D)          4.2
    Effort to implement (E) 1524
    Time to implement (T)   1 minutes
    Est Delivered Bugs (B)  0
    Cyclomatic Complexity   4
    Maintainability (MI)    139

 Segment     Used  Free
-----------  ----  ----
00000-00003     4  0  
00004-007FF    73  1971  
00800-00FFF     0  2048  
01000-017FF     0  2048  
01800-01FFF     0  2048  



