CCS PCM C Compiler, Version 4.038, 33467               23-abr-10 09:21

               Filename: C:\Users\Fabio Dela Bruna\Documents\Curso de Ciência da Computação\7º Semestre\Arquitetura de Microcontroladores - Prof. Fernando Kestering Longo\Exercícios\programas_c\lista1\exercicio10.lst

               ROM used: 82 words (1%)
                         Largest free fragment is 2048
               RAM used: 8 (2%) at main() level
                         8 (2%) worst case
               Stack:    1 locations

*
0000:  MOVLW  00
0001:  MOVWF  0A
0002:  GOTO   004
0003:  NOP
.................... #include <16F877A.h> 
.................... //////// Standard Header file for the PIC16F877A device //////////////// 
.................... #device PIC16F877A 
.................... #list 
....................  
.................... #fuses xt, nolvp, protect 
.................... #use delay(clock=4Mhz) 
....................  
.................... void main() { 
*
0004:  CLRF   04
0005:  BCF    03.7
0006:  MOVLW  1F
0007:  ANDWF  03,F
0008:  BSF    03.5
0009:  BSF    1F.0
000A:  BSF    1F.1
000B:  BSF    1F.2
000C:  BCF    1F.3
000D:  MOVLW  07
000E:  MOVWF  1C
....................  
....................    int b = 0; 
*
0012:  CLRF   21
....................  
....................    while(true) { 
....................    
....................       b = input_b(); 
0013:  MOVLW  FF
0014:  BSF    03.5
0015:  MOVWF  06
0016:  BCF    03.5
0017:  MOVF   06,W
0018:  MOVWF  21
....................        
....................       switch(b) { 
0019:  MOVF   21,W
001A:  ADDLW  FB
001B:  BTFSC  03.0
001C:  GOTO   047
001D:  ADDLW  05
001E:  GOTO   049
....................        
....................          case 0 : output_c(0b00000001); break; 
*
000F:  MOVLW  FF
0010:  BCF    03.5
0011:  MOVWF  20
*
001F:  MOVLW  00
0020:  MOVWF  20
0021:  BSF    03.5
0022:  CLRF   07
0023:  MOVLW  01
0024:  BCF    03.5
0025:  MOVWF  07
0026:  GOTO   047
....................          case 1 : output_c(0b00000010); break; 
0027:  MOVLW  00
0028:  MOVWF  20
0029:  BSF    03.5
002A:  CLRF   07
002B:  MOVLW  02
002C:  BCF    03.5
002D:  MOVWF  07
002E:  GOTO   047
....................          case 2 : output_c(0b00000100); break; 
002F:  MOVLW  00
0030:  MOVWF  20
0031:  BSF    03.5
0032:  CLRF   07
0033:  MOVLW  04
0034:  BCF    03.5
0035:  MOVWF  07
0036:  GOTO   047
....................          case 3 : output_c(0b00001000); break; 
0037:  MOVLW  00
0038:  MOVWF  20
0039:  BSF    03.5
003A:  CLRF   07
003B:  MOVLW  08
003C:  BCF    03.5
003D:  MOVWF  07
003E:  GOTO   047
....................          case 4 : output_c(0b00010000); break; 
003F:  MOVLW  00
0040:  MOVWF  20
0041:  BSF    03.5
0042:  CLRF   07
0043:  MOVLW  10
0044:  BCF    03.5
0045:  MOVWF  07
0046:  GOTO   047
....................        
....................       } 
....................       
....................    } 
0047:  GOTO   013
....................  
.................... } 
0048:  SLEEP

Configuration Fuses:
   Word  1: 1F71   XT NOWDT PUT PROTECT NODEBUG BROWNOUT NOLVP NOCPD NOWRT
