
ROM used: 138 (2%)
          138 (2%) including unused fragments

          0 Average locations per line
          8 Average locations per statement

RAM used: 9 (2%) at main() level
          13 (4%) worst case

Stack used: 2 worst case (out of 8 total available)

Lines Stmts  %   Files
----- ----- ---  -----
   39    17 100  exercicio04.c
  309     0   0  ..\..\..\..\..\..\..\..\..\Program Files\PICC\devices\16F877A.h
----- -----
  348    17 Total

Page ROM  %  RAM   Vol Diff  Functions:
---- --- --- ---   --- ----  ----------
0     21  15   1             @delay_ms1
0     47  34   3   220  5.0  main
0     66  48   3   186  1.4  pisca_led

Program metrics:
    Functions               2
    Statements              17
    Comments                73
    Volume (V)              492
    Difficilty (D)          6.2
    Effort to implement (E) 3053
    Time to implement (T)   3 minutes
    Est Delivered Bugs (B)  0
    Cyclomatic Complexity   2
    Maintainability (MI)    111

 Segment     Used  Free
-----------  ----  ----
00000-00003     4  0  
00004-007FF   134  1910  
00800-00FFF     0  2048  
01000-017FF     0  2048  
01800-01FFF     0  2048  



