
ROM used: 499 (6%)
          499 (6%) including unused fragments

          1 Average locations per line
          4 Average locations per statement

RAM used: 16 (9%) at main() level
          21 (12%) worst case

Lines Stmts  %   Files
----- ----- ---  -----
  258   114 100  C:\Cerne\CDs\kit PICLAB16f877A\Exemplos\Exemplos C\Lcd\lcd.c
  306     0   0  C:\Arquivos de programas\PICC\devices\16f877a.h
----- -----
 1128   228 Total

Page ROM  %  RAM  Functions:
---- --- --- ---  ----------
0     21   4   1  @delay_ms1
0     91  18   0  main
0     79  16   1  Inicializa
0    109  22   0  Ist_Timer0
0      8   2   0  @goto10097
0     43   9   3  Atualiza_tela
0     19   4   0  @const10103
0     16   3   0  @const10108
0     31   6   1  Lcd_Inst
0     31   6   1  Lcd_Dado

 Segment   Used  Free
---------  ----  ----
00000-00003     4  0  
00004-00032    47  0  
00033-007FF   448  1549  
00800-00FFF     0  2048  
01000-017FF     0  2048  
01800-01FFF     0  2048  

