
ROM used: 845 (10%)
          845 (10%) including unused fragments

          2 Average locations per line
          23 Average locations per statement

RAM used: 10 (3%) at main() level
          23 (6%) worst case

Stack used: 2 worst case (out of 8 total available)

Lines Stmts  %   Files
----- ----- ---  -----
   85    36 100  trabalho1.c
  309     0   0  ..\..\..\..\..\..\..\..\Program Files\PICC\devices\16F877A.h
----- -----
  394    36 Total

Page ROM  %  RAM   Vol Diff  Functions:
---- --- --- ---   --- ----  ----------
0     23   3   1             @delay_ms1
0    488  58   4  1323  5.3  main
0     29   3   2             @ITOF
0    117  14  13    59  1.6  @MULFF
0     31   4   4    59  1.6  @SFTOI
0     21   2   3    59  1.6  @DIV88
0    105  12   6             @PRINTF_D_9600_62_63
0     27   3   1    59  1.6  leAd

Program metrics:
    Functions               5
    Statements              36
    Comments                82
    Volume (V)              1911
    Difficilty (D)          12.0
    Effort to implement (E) 22889
    Time to implement (T)   21 minutes
    Est Delivered Bugs (B)  0
    Cyclomatic Complexity   4
    Maintainability (MI)    107

 Segment     Used  Free
-----------  ----  ----
00000-00003     4  0  
00004-007FF   841  1203  
00800-00FFF     0  2048  
01000-017FF     0  2048  
01800-01FFF     0  2048  



