
ROM used: 479 (6%)
          479 (6%) including unused fragments

          1 Average locations per line
          17 Average locations per statement

RAM used: 9 (2%) at main() level
          13 (4%) worst case

Stack used: 2 worst case (out of 8 total available)

Lines Stmts  %   Files
----- ----- ---  -----
   45    29 100  principal.c
  313     0   0  16f877a.h
----- -----
  358    29 Total

Page ROM  %  RAM   Vol Diff  Functions:
---- --- --- ---   --- ----  ----------
0     21   4   1             @delay_ms1
0    221  46   3   845  4.8  main
0     15   3   0    24  1.2  @const66
0     18   4   0             @const67
0     21   4   3    59  1.6  @DIV88
0     56  12   2             @PRINTF_U_9600_62_63
0     28   6   0             @const74
0     20   4   0             @const75
0     25   5   0    59  1.6  @const77
0     29   6   0    59  1.6  @const78
0     21   4   1    59  1.6  leAd

Program metrics:
    Functions               6
    Statements              29
    Comments                75
    Volume (V)              1483
    Difficilty (D)          12.2
    Effort to implement (E) 18125
    Time to implement (T)   17 minutes
    Est Delivered Bugs (B)  0
    Cyclomatic Complexity   2
    Maintainability (MI)    81

 Segment     Used  Free
-----------  ----  ----
00000-00003     4  0  
00004-007FF   475  1569  
00800-00FFF     0  2048  
01000-017FF     0  2048  
01800-01FFF     0  2048  



