;  ASM code generated by mikroVirtualMachine for PIC - V. 5.0.0.2
;  Date/Time: 29/05/06 20:37:38
;  Info: http://www.mikroelektronika.co.yu


; ADDRESS	OPCODE	ASM
; ----------------------------------------------
$0000	$2A2E			GOTO	Scope_main
$0004	$	delays_delay_1us:
^delays.pbas, 5 :: 		sub procedure Delay_1us
^delays.pbas, 6 :: 		Delay_us(1)
$0004	$0000			NOP
$0005	$	delays_L_0:
$0005	$0008			RETURN
$0006	$	delays_delay_5500us:
^delays.pbas, 29 :: 		sub procedure Delay_5500us
^delays.pbas, 30 :: 		Delay_us(5500)
$0006	$3008			MOVLW	8
$0007	$1303			BCF	STATUS, RP1
$0008	$1283			BCF	STATUS, RP0
$0009	$00FB			MOVWF	STACK_11
$000A	$30FF			MOVLW	255
$000B	$00FA			MOVWF	STACK_10
$000C	$0BFB			DECFSZ	STACK_11, F
$000D	$280F			GOTO	$+2
$000E	$2812			GOTO	$+4
$000F	$0BFA			DECFSZ	STACK_10, F
$0010	$280F			GOTO	$-1
$0011	$280C			GOTO	$-5
$0012	$301E			MOVLW	30
$0013	$00FA			MOVWF	STACK_10
$0014	$0BFA			DECFSZ	STACK_10, F
$0015	$2814			GOTO	$-1
$0016	$	delays_L_6:
$0016	$0008			RETURN
$0017	$	delays_delay_500us:
^delays.pbas, 25 :: 		sub procedure Delay_500us
^delays.pbas, 26 :: 		Delay_us(498)
$0017	$30A5			MOVLW	165
$0018	$1303			BCF	STATUS, RP1
$0019	$1283			BCF	STATUS, RP0
$001A	$00FA			MOVWF	STACK_10
$001B	$0BFA			DECFSZ	STACK_10, F
$001C	$281B			GOTO	$-1
$001D	$0000			NOP
$001E	$0000			NOP
$001F	$	delays_L_5:
$001F	$0008			RETURN
$0020	$	lcd8bit_lcd8_cmd:
$0020	$1303			BCF	STATUS, RP1
$0021	$1283			BCF	STATUS, RP0
$0022	$0820			MOVF	lcd8bit_main_global_dataaddress, 0
$0023	$0084			MOVWF	FSR
$0024	$0180			CLRF	INDF, 1
$0025	$1BC0			BTFSC	FARG_LCD8_CMD, 7
$0026	$1780			BSF	INDF, __LCD8_DB7
$0027	$1B40			BTFSC	FARG_LCD8_CMD, 6
$0028	$1700			BSF	INDF, __LCD8_DB6
$0029	$1AC0			BTFSC	FARG_LCD8_CMD, 5
$002A	$1680			BSF	INDF, __LCD8_DB5
$002B	$1A40			BTFSC	FARG_LCD8_CMD, 4
$002C	$1600			BSF	INDF, __LCD8_DB4
$002D	$19C0			BTFSC	FARG_LCD8_CMD, 3
$002E	$1580			BSF	INDF, __LCD8_DB3
$002F	$1940			BTFSC	FARG_LCD8_CMD, 2
$0030	$1500			BSF	INDF, __LCD8_DB2
$0031	$18C0			BTFSC	FARG_LCD8_CMD, 1
$0032	$1480			BSF	INDF, __LCD8_DB1
$0033	$1840			BTFSC	FARG_LCD8_CMD, 0
$0034	$1400			BSF	INDF, __LCD8_DB0
$0035	$0821			MOVF	lcd8bit_main_global_ctrladdress, 0
$0036	$0084			MOVWF	FSR
$0037	$0822			MOVF	lcd8bit_main_global_com, 0
$0038	$3A01			XORLW	1
$0039	$1D03			BTFSS	STATUS, Z
$003A	$283D			GOTO	lcd8bit_L_2
$003B	$	lcd8bit_L_1:
$003B	$1100			BCF	INDF, __LCD8_RS
$003C	$283E			GOTO	lcd8bit_L_3
$003D	$	lcd8bit_L_2:
$003D	$1500			BSF	INDF, __LCD8_RS
$003E	$	lcd8bit_L_3:
$003E	$1480			BSF	INDF, __LCD8_ENABLE
$003F	$2004			CALL	delays_delay_1us
$0040	$1080			BCF	INDF, __LCD8_ENABLE
$0041	$0822			MOVF	lcd8bit_main_global_com, 0
$0042	$3A01			XORLW	1
$0043	$1D03			BTFSS	STATUS, Z
$0044	$2847			GOTO	lcd8bit_L_5
$0045	$	lcd8bit_L_4:
$0045	$2006			CALL	delays_delay_5500us
$0046	$2848			GOTO	lcd8bit_L_6
$0047	$	lcd8bit_L_5:
$0047	$2017			CALL	delays_delay_500us
$0048	$	lcd8bit_L_6:
$0048	$	lcd8bit_L_0:
$0048	$0008			RETURN
$0049	$	delays_delay_22us:
^delays.pbas, 13 :: 		sub procedure Delay_22us
^delays.pbas, 14 :: 		Delay_us(22)
$0049	$3007			MOVLW	7
$004A	$1303			BCF	STATUS, RP1
$004B	$1283			BCF	STATUS, RP0
$004C	$00FA			MOVWF	STACK_10
$004D	$0BFA			DECFSZ	STACK_10, F
$004E	$284D			GOTO	$-1
$004F	$	delays_L_2:
$004F	$0008			RETURN
$0050	$	math_div_16x16_u:
$0050	$1303			BCF	STATUS, RP1
$0051	$1283			BCF	STATUS, RP0
$0052	$01F8			CLRF	STACK_8
$0053	$01F9			CLRF	STACK_9
$0054	$3010			MOVLW	16
$0055	$00FC			MOVWF	STACK_12
$0056	$0D71			RLF	STACK_1, W
$0057	$0DF8			RLF	STACK_8, F
$0058	$0DF9			RLF	STACK_9, F
$0059	$0874			MOVF	STACK_4, W
$005A	$02F8			SUBWF	STACK_8, F
$005B	$0875			MOVF	STACK_5, W
$005C	$1C03			BTFSS	STATUS, C
$005D	$0F75			INCFSZ	STACK_5, W
$005E	$02F9			SUBWF	STACK_9, F
$005F	$1803			BTFSC	STATUS, C
$0060	$2868			GOTO	$+8
$0061	$0874			MOVF	STACK_4, W
$0062	$07F8			ADDWF	STACK_8, F
$0063	$0875			MOVF	STACK_5, W
$0064	$1803			BTFSC	STATUS, C
$0065	$0F75			INCFSZ	STACK_5, W
$0066	$07F9			ADDWF	STACK_9, F
$0067	$1003			BCF	STATUS, C
$0068	$0DF0			RLF	STACK_0, F
$0069	$0DF1			RLF	STACK_1, F
$006A	$0BFC			DECFSZ	STACK_12, F
$006B	$2856			GOTO	$-21
$006C	$	math_L_3:
$006C	$0008			RETURN
$006D	$	lcd8bit_lcd8_out:
$006D	$	lcd8bit_L_26:
$006D	$1303			BCF	STATUS, RP1
$006E	$1283			BCF	STATUS, RP0
$006F	$083B			MOVF	FARG_Lcd8_Out, 0
$0070	$3A01			XORLW	1
$0071	$1D03			BTFSS	STATUS, Z
$0072	$2876			GOTO	lcd8bit_L_27
$0073	$	lcd8bit_L_25:
$0073	$3080			MOVLW	128
$0074	$00BB			MOVWF	FARG_Lcd8_Out
$0075	$288D			GOTO	lcd8bit_L_24
$0076	$	lcd8bit_L_27:
$0076	$	lcd8bit_L_29:
$0076	$083B			MOVF	FARG_Lcd8_Out, 0
$0077	$3A02			XORLW	2
$0078	$1D03			BTFSS	STATUS, Z
$0079	$287D			GOTO	lcd8bit_L_30
$007A	$	lcd8bit_L_28:
$007A	$30C0			MOVLW	192
$007B	$00BB			MOVWF	FARG_Lcd8_Out
$007C	$288D			GOTO	lcd8bit_L_24
$007D	$	lcd8bit_L_30:
$007D	$	lcd8bit_L_32:
$007D	$083B			MOVF	FARG_Lcd8_Out, 0
$007E	$3A03			XORLW	3
$007F	$1D03			BTFSS	STATUS, Z
$0080	$2884			GOTO	lcd8bit_L_33
$0081	$	lcd8bit_L_31:
$0081	$3094			MOVLW	148
$0082	$00BB			MOVWF	FARG_Lcd8_Out
$0083	$288D			GOTO	lcd8bit_L_24
$0084	$	lcd8bit_L_33:
$0084	$	lcd8bit_L_35:
$0084	$083B			MOVF	FARG_Lcd8_Out, 0
$0085	$3A04			XORLW	4
$0086	$1D03			BTFSS	STATUS, Z
$0087	$288B			GOTO	lcd8bit_L_36
$0088	$	lcd8bit_L_34:
$0088	$30D4			MOVLW	212
$0089	$00BB			MOVWF	FARG_Lcd8_Out
$008A	$288D			GOTO	lcd8bit_L_24
$008B	$	lcd8bit_L_36:
$008B	$3080			MOVLW	128
$008C	$00BB			MOVWF	FARG_Lcd8_Out
$008D	$	lcd8bit_L_24:
$008D	$083C			MOVF	FARG_Lcd8_Out+1, 0
$008E	$073B			ADDWF	FARG_Lcd8_Out, 0
$008F	$00F0			MOVWF	STACK_0
$0090	$03F0			DECF	STACK_0, 1
$0091	$0870			MOVF	STACK_0, 0
$0092	$00BB			MOVWF	FARG_Lcd8_Out
$0093	$0870			MOVF	STACK_0, 0
$0094	$00C0			MOVWF	FARG_Lcd8_Cmd
$0095	$2020			CALL	lcd8bit_lcd8_cmd
$0096	$01A2			CLRF	lcd8bit_main_global_com, 1
$0097	$01BE			CLRF	lcd8bit_lcd8_out_local_i, 1
$0098	$083D			MOVF	FARG_Lcd8_Out+2, 0
$0099	$0084			MOVWF	FSR
$009A	$0800			MOVF	INDF, 0
$009B	$00BF			MOVWF	lcd8bit_lcd8_out_local_a
$009C	$	lcd8bit_L_38:
$009C	$083F			MOVF	lcd8bit_lcd8_out_local_a, 0
$009D	$3A00			XORLW	0
$009E	$1903			BTFSC	STATUS, Z
$009F	$28AC			GOTO	lcd8bit_L_39
$00A0	$083F			MOVF	lcd8bit_lcd8_out_local_a, 0
$00A1	$00C0			MOVWF	FARG_Lcd8_Cmd
$00A2	$2020			CALL	lcd8bit_lcd8_cmd
$00A3	$0ABE			INCF	lcd8bit_lcd8_out_local_i, 1
$00A4	$083E			MOVF	lcd8bit_lcd8_out_local_i, 0
$00A5	$073D			ADDWF	FARG_Lcd8_Out+2, 0
$00A6	$00F0			MOVWF	STACK_0
$00A7	$0870			MOVF	STACK_0, 0
$00A8	$0084			MOVWF	FSR
$00A9	$0800			MOVF	INDF, 0
$00AA	$00BF			MOVWF	lcd8bit_lcd8_out_local_a
$00AB	$289C			GOTO	lcd8bit_L_38
$00AC	$	lcd8bit_L_39:
$00AC	$3001			MOVLW	1
$00AD	$00A2			MOVWF	lcd8bit_main_global_com
$00AE	$	lcd8bit_L_23:
$00AE	$0008			RETURN
$00AF	$	adclib_a_c_adc_read:
$00AF	$1303			BCF	STATUS, RP1
$00B0	$1283			BCF	STATUS, RP0
$00B1	$019F			CLRF	ADCON0, 1
$00B2	$30C0			MOVLW	192
$00B3	$049F			IORWF	ADCON0, 1
$00B4	$3040			MOVLW	64
$00B5	$1683			BSF	STATUS, RP0
$00B6	$041F			IORWF	ADCON1, 0
$00B7	$00F0			MOVWF	STACK_0
$00B8	$0870			MOVF	STACK_0, 0
$00B9	$009F			MOVWF	ADCON1
$00BA	$3080			MOVLW	128
$00BB	$0470			IORWF	STACK_0, 0
$00BC	$009F			MOVWF	ADCON1
$00BD	$1283			BCF	STATUS, RP0
$00BE	$083B			MOVF	FARG_ADC_read, 0
$00BF	$00F0			MOVWF	STACK_0
$00C0	$0DF0			RLF	STACK_0, 1
$00C1	$1070			BCF	STACK_0, 0
$00C2	$0DF0			RLF	STACK_0, 1
$00C3	$1070			BCF	STACK_0, 0
$00C4	$0DF0			RLF	STACK_0, 1
$00C5	$1070			BCF	STACK_0, 0
$00C6	$0870			MOVF	STACK_0, 0
$00C7	$049F			IORWF	ADCON0, 1
$00C8	$141F			BSF	ADCON0, 0
$00C9	$2049			CALL	delays_delay_22us
$00CA	$151F			BSF	ADCON0, 2
$00CB	$	adclib_a_c_L_2:
$00CB	$3000			MOVLW	0
$00CC	$191F			BTFSC	ADCON0, 2
$00CD	$3001			MOVLW	1
$00CE	$00F2			MOVWF	STACK_2
$00CF	$0872			MOVF	STACK_2, 0
$00D0	$3A01			XORLW	1
$00D1	$1D03			BTFSS	STATUS, Z
$00D2	$28D5			GOTO	adclib_a_c_L_3
$00D3	$0000			NOP
$00D4	$28CB			GOTO	adclib_a_c_L_2
$00D5	$	adclib_a_c_L_3:
$00D5	$081E			MOVF	ADRESH, 0
$00D6	$00F2			MOVWF	STACK_2
$00D7	$01F3			CLRF	STACK_2+1
$00D8	$0872			MOVF	STACK_2, 0
$00D9	$00F3			MOVWF	STACK_2+1
$00DA	$01F2			CLRF	STACK_2
$00DB	$0872			MOVF	STACK_2, 0
$00DC	$00BC			MOVWF	adclib_a_c_adc_read_local_result
$00DD	$0873			MOVF	STACK_2+1, 0
$00DE	$00BD			MOVWF	adclib_a_c_adc_read_local_result+1
$00DF	$1683			BSF	STATUS, RP0
$00E0	$081E			MOVF	ADRESL, 0
$00E1	$0472			IORWF	STACK_2, 0
$00E2	$1283			BCF	STATUS, RP0
$00E3	$00BC			MOVWF	adclib_a_c_adc_read_local_result
$00E4	$0873			MOVF	STACK_2+1, 0
$00E5	$00BD			MOVWF	adclib_a_c_adc_read_local_result+1
$00E6	$3000			MOVLW	0
$00E7	$04BD			IORWF	adclib_a_c_adc_read_local_result+1, 1
$00E8	$101F			BCF	ADCON0, 0
$00E9	$	adclib_a_c_L_0:
$00E9	$083C			MOVF	adclib_a_c_adc_read_local_result, 0
$00EA	$00F0			MOVWF	STACK_0
$00EB	$083D			MOVF	adclib_a_c_adc_read_local_result+1, 0
$00EC	$00F1			MOVWF	STACK_0+1
$00ED	$0008			RETURN
$00EE	$	usartlib_u_a_usart_write:
$00EE	$	usartlib_u_a_L_14:
$00EE	$3000			MOVLW	0
$00EF	$1303			BCF	STATUS, RP1
$00F0	$1683			BSF	STATUS, RP0
$00F1	$1898			BTFSC	TXSTA, 1
$00F2	$3001			MOVLW	1
$00F3	$00F1			MOVWF	STACK_1
$00F4	$0871			MOVF	STACK_1, 0
$00F5	$3A00			XORLW	0
$00F6	$1D03			BTFSS	STATUS, Z
$00F7	$28FA			GOTO	usartlib_u_a_L_15
$00F8	$0000			NOP
$00F9	$28EE			GOTO	usartlib_u_a_L_14
$00FA	$	usartlib_u_a_L_15:
$00FA	$1283			BCF	STATUS, RP0
$00FB	$083B			MOVF	FARG_USART_Write, 0
$00FC	$0099			MOVWF	TXREG
$00FD	$	usartlib_u_a_L_12:
$00FD	$0008			RETURN
$00FE	$	conv_wordtostr:
$00FE	$3001			MOVLW	1
$00FF	$1303			BCF	STATUS, RP1
$0100	$1283			BCF	STATUS, RP0
$0101	$00BE			MOVWF	conv_wordtostr_local_len
$0102	$083C			MOVF	FARG_WordToStr+1, 0
$0103	$3C00			SUBLW	0
$0104	$1D03			BTFSS	STATUS, Z
$0105	$2908			GOTO	L_WordToStr_0
$0106	$083B			MOVF	FARG_WordToStr, 0
$0107	$3C09			SUBLW	9
$0108	$	L_WordToStr_0:
$0108	$1803			BTFSC	STATUS, C
$0109	$290B			GOTO	conv_L_15
$010A	$	conv_L_14:
$010A	$0ABE			INCF	conv_wordtostr_local_len, 1
$010B	$	conv_L_15:
$010B	$	conv_L_16:
$010B	$083C			MOVF	FARG_WordToStr+1, 0
$010C	$3C00			SUBLW	0
$010D	$1D03			BTFSS	STATUS, Z
$010E	$2911			GOTO	L_WordToStr_1
$010F	$083B			MOVF	FARG_WordToStr, 0
$0110	$3C63			SUBLW	99
$0111	$	L_WordToStr_1:
$0111	$1803			BTFSC	STATUS, C
$0112	$2914			GOTO	conv_L_18
$0113	$	conv_L_17:
$0113	$0ABE			INCF	conv_wordtostr_local_len, 1
$0114	$	conv_L_18:
$0114	$	conv_L_19:
$0114	$083C			MOVF	FARG_WordToStr+1, 0
$0115	$3C03			SUBLW	3
$0116	$1D03			BTFSS	STATUS, Z
$0117	$291A			GOTO	L_WordToStr_2
$0118	$083B			MOVF	FARG_WordToStr, 0
$0119	$3CE7			SUBLW	231
$011A	$	L_WordToStr_2:
$011A	$1803			BTFSC	STATUS, C
$011B	$291D			GOTO	conv_L_21
$011C	$	conv_L_20:
$011C	$0ABE			INCF	conv_wordtostr_local_len, 1
$011D	$	conv_L_21:
$011D	$	conv_L_22:
$011D	$083C			MOVF	FARG_WordToStr+1, 0
$011E	$3C27			SUBLW	39
$011F	$1D03			BTFSS	STATUS, Z
$0120	$2923			GOTO	L_WordToStr_3
$0121	$083B			MOVF	FARG_WordToStr, 0
$0122	$3C0F			SUBLW	15
$0123	$	L_WordToStr_3:
$0123	$1803			BTFSC	STATUS, C
$0124	$2926			GOTO	conv_L_24
$0125	$	conv_L_23:
$0125	$0ABE			INCF	conv_wordtostr_local_len, 1
$0126	$	conv_L_24:
$0126	$	conv_L_25:
$0126	$083D			MOVF	FARG_WordToStr+2, 0
$0127	$0084			MOVWF	FSR
$0128	$3020			MOVLW	32
$0129	$0080			MOVWF	INDF
$012A	$0A84			INCF	FSR, 1
$012B	$0080			MOVWF	INDF
$012C	$0A84			INCF	FSR, 1
$012D	$0080			MOVWF	INDF
$012E	$0A84			INCF	FSR, 1
$012F	$0080			MOVWF	INDF
$0130	$0A84			INCF	FSR, 1
$0131	$0080			MOVWF	INDF
$0132	$0A84			INCF	FSR, 1
$0133	$0180			CLRF	INDF
$0134	$0384			DECF	FSR, 1
$0135	$	conv_L_28:
$0135	$083E			MOVF	conv_wordtostr_local_len, 0
$0136	$3C00			SUBLW	0
$0137	$1803			BTFSC	STATUS, C
$0138	$2957			GOTO	conv_L_29
$0139	$300A			MOVLW	10
$013A	$00F4			MOVWF	STACK_4
$013B	$01F5			CLRF	STACK_4+1
$013C	$083B			MOVF	FARG_WordToStr, 0
$013D	$00F0			MOVWF	STACK_0
$013E	$083C			MOVF	FARG_WordToStr+1, 0
$013F	$00F1			MOVWF	STACK_0+1
$0140	$2050			CALL	math_div_16x16_u
$0141	$0878			MOVF	STACK_8, 0
$0142	$00F0			MOVWF	STACK_0
$0143	$0879			MOVF	STACK_9, 0
$0144	$00F1			MOVWF	STACK_1
$0145	$3030			MOVLW	48
$0146	$0770			ADDWF	STACK_0, 0
$0147	$0080			MOVWF	INDF
$0148	$0384			DECF	FSR, 1
$0149	$300A			MOVLW	10
$014A	$00F4			MOVWF	STACK_4
$014B	$01F5			CLRF	STACK_4+1
$014C	$083B			MOVF	FARG_WordToStr, 0
$014D	$00F0			MOVWF	STACK_0
$014E	$083C			MOVF	FARG_WordToStr+1, 0
$014F	$00F1			MOVWF	STACK_0+1
$0150	$2050			CALL	math_div_16x16_u
$0151	$0870			MOVF	STACK_0, 0
$0152	$00BB			MOVWF	FARG_WordToStr
$0153	$0871			MOVF	STACK_0+1, 0
$0154	$00BC			MOVWF	FARG_WordToStr+1
$0155	$03BE			DECF	conv_wordtostr_local_len, 1
$0156	$2935			GOTO	conv_L_28
$0157	$	conv_L_29:
$0157	$	conv_L_13:
$0157	$0008			RETURN
$0158	$	strcat_strcat:
$0158	$1303			BCF	STATUS, RP1
$0159	$1283			BCF	STATUS, RP0
$015A	$01BD			CLRF	strcat_strcat_local_i, 1
$015B	$01BE			CLRF	strcat_strcat_local_j, 1
$015C	$	strcat_L_2:
$015C	$083D			MOVF	strcat_strcat_local_i, 0
$015D	$073B			ADDWF	FARG_strcat, 0
$015E	$00F0			MOVWF	STACK_0
$015F	$0870			MOVF	STACK_0, 0
$0160	$0084			MOVWF	FSR
$0161	$0800			MOVF	INDF, 0
$0162	$00F1			MOVWF	STACK_1
$0163	$0871			MOVF	STACK_1, 0
$0164	$3A00			XORLW	0
$0165	$1903			BTFSC	STATUS, Z
$0166	$2969			GOTO	strcat_L_3
$0167	$0ABD			INCF	strcat_strcat_local_i, 1
$0168	$295C			GOTO	strcat_L_2
$0169	$	strcat_L_3:
$0169	$	strcat_L_7:
$0169	$083E			MOVF	strcat_strcat_local_j, 0
$016A	$073C			ADDWF	FARG_strcat+1, 0
$016B	$00F0			MOVWF	STACK_0
$016C	$0870			MOVF	STACK_0, 0
$016D	$0084			MOVWF	FSR
$016E	$0800			MOVF	INDF, 0
$016F	$00F1			MOVWF	STACK_1
$0170	$0871			MOVF	STACK_1, 0
$0171	$3A00			XORLW	0
$0172	$1903			BTFSC	STATUS, Z
$0173	$2985			GOTO	strcat_L_8
$0174	$083D			MOVF	strcat_strcat_local_i, 0
$0175	$073B			ADDWF	FARG_strcat, 0
$0176	$00F1			MOVWF	STACK_1
$0177	$083E			MOVF	strcat_strcat_local_j, 0
$0178	$073C			ADDWF	FARG_strcat+1, 0
$0179	$00F0			MOVWF	STACK_0
$017A	$0870			MOVF	STACK_0, 0
$017B	$0084			MOVWF	FSR
$017C	$0800			MOVF	INDF, 0
$017D	$00F0			MOVWF	STACK_0
$017E	$0871			MOVF	STACK_1, 0
$017F	$0084			MOVWF	FSR
$0180	$0870			MOVF	STACK_0, 0
$0181	$0080			MOVWF	INDF
$0182	$0ABD			INCF	strcat_strcat_local_i, 1
$0183	$0ABE			INCF	strcat_strcat_local_j, 1
$0184	$2969			GOTO	strcat_L_7
$0185	$	strcat_L_8:
$0185	$083D			MOVF	strcat_strcat_local_i, 0
$0186	$073B			ADDWF	FARG_strcat, 0
$0187	$00F0			MOVWF	STACK_0
$0188	$0870			MOVF	STACK_0, 0
$0189	$0084			MOVWF	FSR
$018A	$0180			CLRF	INDF, 1
$018B	$	strcat_L_0:
$018B	$0008			RETURN
$018C	$	lcd8bit_lcd8_init:
$018C	$2006			CALL	delays_delay_5500us
$018D	$2006			CALL	delays_delay_5500us
$018E	$2006			CALL	delays_delay_5500us
$018F	$083C			MOVF	FARG_Lcd8_Init+1, 0
$0190	$00A0			MOVWF	lcd8bit_main_global_dataaddress
$0191	$083B			MOVF	FARG_Lcd8_Init, 0
$0192	$00A1			MOVWF	lcd8bit_main_global_ctrladdress
$0193	$083C			MOVF	FARG_Lcd8_Init+1, 0
$0194	$0084			MOVWF	FSR
$0195	$1784			BSF	FSR, 7
$0196	$0180			CLRF	INDF, 1
$0197	$083B			MOVF	FARG_Lcd8_Init, 0
$0198	$0084			MOVWF	FSR
$0199	$1000			BCF	INDF, __LCD8_RW
$019A	$1784			BSF	FSR, 7
$019B	$1100			BCF	INDF, __LCD8_RS
$019C	$1000			BCF	INDF, __LCD8_RW
$019D	$1080			BCF	INDF, __LCD8_ENABLE
$019E	$1384			BCF	FSR, 7
$019F	$0820			MOVF	lcd8bit_main_global_dataaddress, 0
$01A0	$0084			MOVWF	FSR
$01A1	$3030			MOVLW	48
$01A2	$0080			MOVWF	INDF
$01A3	$2006			CALL	delays_delay_5500us
$01A4	$2006			CALL	delays_delay_5500us
$01A5	$0821			MOVF	lcd8bit_main_global_ctrladdress, 0
$01A6	$0084			MOVWF	FSR
$01A7	$1480			BSF	INDF, __LCD8_ENABLE
$01A8	$2004			CALL	delays_delay_1us
$01A9	$1080			BCF	INDF, __LCD8_ENABLE
$01AA	$0820			MOVF	lcd8bit_main_global_dataaddress, 0
$01AB	$0084			MOVWF	FSR
$01AC	$3030			MOVLW	48
$01AD	$0080			MOVWF	INDF
$01AE	$2006			CALL	delays_delay_5500us
$01AF	$2006			CALL	delays_delay_5500us
$01B0	$0821			MOVF	lcd8bit_main_global_ctrladdress, 0
$01B1	$0084			MOVWF	FSR
$01B2	$1480			BSF	INDF, __LCD8_ENABLE
$01B3	$2004			CALL	delays_delay_1us
$01B4	$1080			BCF	INDF, __LCD8_ENABLE
$01B5	$0820			MOVF	lcd8bit_main_global_dataaddress, 0
$01B6	$0084			MOVWF	FSR
$01B7	$3030			MOVLW	48
$01B8	$0080			MOVWF	INDF
$01B9	$2006			CALL	delays_delay_5500us
$01BA	$2006			CALL	delays_delay_5500us
$01BB	$0821			MOVF	lcd8bit_main_global_ctrladdress, 0
$01BC	$0084			MOVWF	FSR
$01BD	$1480			BSF	INDF, __LCD8_ENABLE
$01BE	$2004			CALL	delays_delay_1us
$01BF	$1080			BCF	INDF, __LCD8_ENABLE
$01C0	$0820			MOVF	lcd8bit_main_global_dataaddress, 0
$01C1	$0084			MOVWF	FSR
$01C2	$3038			MOVLW	56
$01C3	$0080			MOVWF	INDF
$01C4	$2006			CALL	delays_delay_5500us
$01C5	$2006			CALL	delays_delay_5500us
$01C6	$0821			MOVF	lcd8bit_main_global_ctrladdress, 0
$01C7	$0084			MOVWF	FSR
$01C8	$1480			BSF	INDF, __LCD8_ENABLE
$01C9	$2004			CALL	delays_delay_1us
$01CA	$1080			BCF	INDF, __LCD8_ENABLE
$01CB	$0820			MOVF	lcd8bit_main_global_dataaddress, 0
$01CC	$0084			MOVWF	FSR
$01CD	$3010			MOVLW	16
$01CE	$0080			MOVWF	INDF
$01CF	$2006			CALL	delays_delay_5500us
$01D0	$2006			CALL	delays_delay_5500us
$01D1	$0821			MOVF	lcd8bit_main_global_ctrladdress, 0
$01D2	$0084			MOVWF	FSR
$01D3	$1480			BSF	INDF, __LCD8_ENABLE
$01D4	$2004			CALL	delays_delay_1us
$01D5	$1080			BCF	INDF, __LCD8_ENABLE
$01D6	$0820			MOVF	lcd8bit_main_global_dataaddress, 0
$01D7	$0084			MOVWF	FSR
$01D8	$3001			MOVLW	1
$01D9	$0080			MOVWF	INDF
$01DA	$2006			CALL	delays_delay_5500us
$01DB	$2006			CALL	delays_delay_5500us
$01DC	$0821			MOVF	lcd8bit_main_global_ctrladdress, 0
$01DD	$0084			MOVWF	FSR
$01DE	$1480			BSF	INDF, __LCD8_ENABLE
$01DF	$2004			CALL	delays_delay_1us
$01E0	$1080			BCF	INDF, __LCD8_ENABLE
$01E1	$0820			MOVF	lcd8bit_main_global_dataaddress, 0
$01E2	$0084			MOVWF	FSR
$01E3	$300F			MOVLW	15
$01E4	$0080			MOVWF	INDF
$01E5	$2006			CALL	delays_delay_5500us
$01E6	$2006			CALL	delays_delay_5500us
$01E7	$0821			MOVF	lcd8bit_main_global_ctrladdress, 0
$01E8	$0084			MOVWF	FSR
$01E9	$1480			BSF	INDF, __LCD8_ENABLE
$01EA	$2004			CALL	delays_delay_1us
$01EB	$1080			BCF	INDF, __LCD8_ENABLE
$01EC	$3001			MOVLW	1
$01ED	$00A2			MOVWF	lcd8bit_main_global_com
$01EE	$	lcd8bit_L_22:
$01EE	$0008			RETURN
$01EF	$	usartlib_u_a_usart_init:
$01EF	$	usartlib_u_a_L_1:
$01EF	$1303			BCF	STATUS, RP1
$01F0	$1683			BSF	STATUS, RP0
$01F1	$1698			BSF	TXSTA, 5
$01F2	$	usartlib_u_a_L_2:
$01F2	$3090			MOVLW	144
$01F3	$1283			BCF	STATUS, RP0
$01F4	$0098			MOVWF	RCSTA
$01F5	$	usartlib_u_a_L_3:
$01F5	$1683			BSF	STATUS, RP0
$01F6	$1787			BSF	TRISC, 7
$01F7	$	usartlib_u_a_L_4:
$01F7	$1307			BCF	TRISC, 6
$01F8	$	usartlib_u_a_L_6:
$01F8	$	usartlib_u_a_L_8:
$01F8	$3000			MOVLW	0
$01F9	$1283			BCF	STATUS, RP0
$01FA	$1A8C			BTFSC	PIR1, 5
$01FB	$3001			MOVLW	1
$01FC	$00F1			MOVWF	STACK_1
$01FD	$0871			MOVF	STACK_1, 0
$01FE	$3A01			XORLW	1
$01FF	$1D03			BTFSS	STATUS, Z
$0200	$2A02			GOTO	usartlib_u_a_L_9
$0201	$29F8			GOTO	usartlib_u_a_L_8
$0202	$	usartlib_u_a_L_9:
$0202	$	usartlib_u_a_L_0:
$0202	$0008			RETURN
$0203	$	math_mul_16x16_u:
$0203	$1303			BCF	STATUS, RP1
$0204	$1283			BCF	STATUS, RP0
$0205	$01FB			CLRF	STACK_11
$0206	$01FA			CLRF	STACK_10
$0207	$01F9			CLRF	STACK_9
$0208	$3080			MOVLW	128
$0209	$00F8			MOVWF	STACK_8
$020A	$0CF1			RRF	STACK_1, F
$020B	$0CF0			RRF	STACK_0, F
$020C	$1C03			BTFSS	STATUS, C
$020D	$2A17			GOTO	$+10
$020E	$0874			MOVF	STACK_4, W
$020F	$07F9			ADDWF	STACK_9, F
$0210	$0875			MOVF	STACK_5, W
$0211	$1803			BTFSC	STATUS, C
$0212	$0F75			INCFSZ	STACK_5, W
$0213	$07FA			ADDWF	STACK_10, F
$0214	$1803			BTFSC	STATUS, C
$0215	$0AFB			INCF	STACK_11, F
$0216	$1003			BCF	STATUS, C
$0217	$1FF0			BTFSS	STACK_0, 7
$0218	$2A1F			GOTO	$+7
$0219	$0874			MOVF	STACK_4, W
$021A	$07FA			ADDWF	STACK_10, F
$021B	$0875			MOVF	STACK_5, W
$021C	$1803			BTFSC	STATUS, C
$021D	$0F75			INCFSZ	STACK_5, W
$021E	$07FB			ADDWF	STACK_11, F
$021F	$0CFB			RRF	STACK_11, F
$0220	$0CFA			RRF	STACK_10, F
$0221	$0CF9			RRF	STACK_9, F
$0222	$0CF8			RRF	STACK_8, F
$0223	$1C03			BTFSS	STATUS, C
$0224	$2A0A			GOTO	$-26
$0225	$087B			MOVF	STACK_11, W
$0226	$00F3			MOVWF	STACK_3
$0227	$087A			MOVF	STACK_10, W
$0228	$00F2			MOVWF	STACK_2
$0229	$0879			MOVF	STACK_9, W
$022A	$00F1			MOVWF	STACK_1
$022B	$0878			MOVF	STACK_8, W
$022C	$00F0			MOVWF	STACK_0
$022D	$	math_L_1:
$022D	$0008			RETURN
$022E	$	Scope_main:
^Scope.pbas, 26 :: 		dim string_ad as string[10]        'define variável para mostrar dados no lcd
$022E	$	Scope_main_main:
^Scope.pbas, 60 :: 		adcon1=%10000100
$022E	$3084			MOVLW	132
$022F	$1303			BCF	STATUS, RP1
$0230	$1683			BSF	STATUS, RP0
$0231	$009F			MOVWF	ADCON1
^Scope.pbas, 61 :: 		adcon0=%01000001             ' Configura o ad
$0232	$3041			MOVLW	65
$0233	$1283			BCF	STATUS, RP0
$0234	$009F			MOVWF	ADCON0
^Scope.pbas, 62 :: 		trisa=%11111111              ' põe todos os pinos para entrada
$0235	$30FF			MOVLW	255
$0236	$1683			BSF	STATUS, RP0
$0237	$0085			MOVWF	TRISA
^Scope.pbas, 63 :: 		trisd=%00000000
$0238	$0188			CLRF	TRISD, 1
^Scope.pbas, 64 :: 		trise=%00000001              'configura i/os
$0239	$3001			MOVLW	1
$023A	$0089			MOVWF	TRISE
^Scope.pbas, 65 :: 		option_reg=%10000000         'configura prescaler do timer 0
$023B	$3080			MOVLW	128
$023C	$0081			MOVWF	OPTION_REG
^Scope.pbas, 66 :: 		Lcd8_Config(PORTE, PORTD, 2, 1, 0, 7, 6, 5, 4, 3, 2, 1, 0)
$023D	$3009			MOVLW	PORTE
$023E	$1283			BCF	STATUS, RP0
$023F	$00BB			MOVWF	farg_Lcd8_Init
$0240	$3008			MOVLW	PORTD
$0241	$00BC			MOVWF	farg_Lcd8_Init+1
$0242	$218C			CALL	lcd8bit_lcd8_init
^Scope.pbas, 67 :: 		Lcd8_Cmd(LCD_CLEAR)           'limpa o display
$0243	$3001			MOVLW	1
$0244	$00C0			MOVWF	FARG_Lcd8_Cmd
$0245	$2020			CALL	lcd8bit_lcd8_cmd
^Scope.pbas, 68 :: 		Lcd8_Cmd(LCD_CURSOR_OFF)      'Desliga o cursor
$0246	$300C			MOVLW	12
$0247	$00C0			MOVWF	FARG_Lcd8_Cmd
$0248	$2020			CALL	lcd8bit_lcd8_cmd
^Scope.pbas, 69 :: 		Lcd8_out(1, 3, "Voltimetro")  'Mostra mensagem no display
$0249	$3001			MOVLW	1
$024A	$00BB			MOVWF	FARG_Lcd8_Out
$024B	$3003			MOVLW	3
$024C	$00BC			MOVWF	FARG_Lcd8_Out+1
$024D	$3056			MOVLW	86
$024E	$00A3			MOVWF	?Local_Text+0
$024F	$306F			MOVLW	111
$0250	$00A4			MOVWF	?Local_Text+1
$0251	$306C			MOVLW	108
$0252	$00A5			MOVWF	?Local_Text+2
$0253	$3074			MOVLW	116
$0254	$00A6			MOVWF	?Local_Text+3
$0255	$3069			MOVLW	105
$0256	$00A7			MOVWF	?Local_Text+4
$0257	$306D			MOVLW	109
$0258	$00A8			MOVWF	?Local_Text+5
$0259	$3065			MOVLW	101
$025A	$00A9			MOVWF	?Local_Text+6
$025B	$3074			MOVLW	116
$025C	$00AA			MOVWF	?Local_Text+7
$025D	$3072			MOVLW	114
$025E	$00AB			MOVWF	?Local_Text+8
$025F	$306F			MOVLW	111
$0260	$00AC			MOVWF	?Local_Text+9
$0261	$01AD			CLRF	?Local_Text+10
$0262	$3023			MOVLW	?Local_Text
$0263	$00BD			MOVWF	FARG_Lcd8_Out+2
$0264	$206D			CALL	lcd8bit_lcd8_out
^Scope.pbas, 70 :: 		Usart_Init(9600)              'nicializa o módulo Usart para trabalhar a 9600bps
$0265	$3019			MOVLW	25
$0266	$1683			BSF	STATUS, RP0
$0267	$0099			MOVWF	SPBRG
$0268	$1518			BSF	TXSTA, BRGH
$0269	$21EF			CALL	usartlib_u_a_usart_init
^Scope.pbas, 77 :: 		while 1=1
$026A	$	Scope_L_2:
^Scope.pbas, 79 :: 		leitura_ad= ADC_read(0)
$026A	$01BB			CLRF	FARG_ADC_read, 1
$026B	$20AF			CALL	adclib_a_c_adc_read
$026C	$0870			MOVF	STACK_0, 0
$026D	$00AE			MOVWF	main_global_leitura_ad
$026E	$0871			MOVF	STACK_0+1, 0
$026F	$00AF			MOVWF	main_global_leitura_ad+1
^Scope.pbas, 80 :: 		Usart_Write(leitura_ad/4)        'Transmite a leitura via canal serial
$0270	$3002			MOVLW	2
$0271	$00F4			MOVWF	STACK_4
$0272	$0874			MOVF	STACK_4, 0
$0273	$	L_main_0:
$0273	$1903			BTFSC	STATUS, Z
$0274	$2A7A			GOTO	L_main_1
$0275	$0CF1			RRF	STACK_0+1, 1
$0276	$0CF0			RRF	STACK_0, 1
$0277	$13F1			BCF	STACK_0+1, 7
$0278	$3FFF			ADDLW	255
$0279	$2A73			GOTO	L_main_0
$027A	$	L_main_1:
$027A	$0870			MOVF	STACK_0, 0
$027B	$00BB			MOVWF	FARG_USART_Write
$027C	$20EE			CALL	usartlib_u_a_usart_write
^Scope.pbas, 81 :: 		leitura_ad=leitura_ad *  5
$027D	$082E			MOVF	main_global_leitura_ad, 0
$027E	$00F0			MOVWF	STACK_0
$027F	$082F			MOVF	main_global_leitura_ad+1, 0
$0280	$00F1			MOVWF	STACK_0+1
$0281	$3005			MOVLW	5
$0282	$00F4			MOVWF	STACK_4
$0283	$01F5			CLRF	STACK_4+1
$0284	$2203			CALL	math_mul_16x16_u
$0285	$0870			MOVF	STACK_0, 0
$0286	$00AE			MOVWF	main_global_leitura_ad
$0287	$0871			MOVF	STACK_0+1, 0
$0288	$00AF			MOVWF	main_global_leitura_ad+1
^Scope.pbas, 82 :: 		wordtostr(leitura_ad,string_ad)  'Converte para string
$0289	$0870			MOVF	STACK_0, 0
$028A	$00BB			MOVWF	FARG_WordToStr
$028B	$0871			MOVF	STACK_0+1, 0
$028C	$00BC			MOVWF	FARG_WordToStr+1
$028D	$3030			MOVLW	main_global_string_ad
$028E	$00BD			MOVWF	FARG_WordToStr+2
$028F	$20FE			CALL	conv_wordtostr
^Scope.pbas, 83 :: 		strcat(string_ad," mv")
$0290	$3030			MOVLW	main_global_string_ad
$0291	$00BB			MOVWF	FARG_strcat
$0292	$3020			MOVLW	32
$0293	$00A3			MOVWF	?Local_Text+0
$0294	$306D			MOVLW	109
$0295	$00A4			MOVWF	?Local_Text+1
$0296	$3076			MOVLW	118
$0297	$00A5			MOVWF	?Local_Text+2
$0298	$01A6			CLRF	?Local_Text+3
$0299	$3023			MOVLW	?Local_Text
$029A	$00BC			MOVWF	FARG_strcat+1
$029B	$2158			CALL	strcat_strcat
^Scope.pbas, 84 :: 		Lcd8_out(2,5,string_ad)
$029C	$3002			MOVLW	2
$029D	$00BB			MOVWF	FARG_Lcd8_Out
$029E	$3005			MOVLW	5
$029F	$00BC			MOVWF	FARG_Lcd8_Out+1
$02A0	$3030			MOVLW	main_global_string_ad
$02A1	$00BD			MOVWF	FARG_Lcd8_Out+2
$02A2	$206D			CALL	lcd8bit_lcd8_out
^Scope.pbas, 85 :: 		delay_ms(500)                    'Aguarda 500 ms
$02A3	$3003			MOVLW	3
$02A4	$00FC			MOVWF	STACK_12
$02A5	$30FF			MOVLW	255
$02A6	$00FB			MOVWF	STACK_11
$02A7	$30FF			MOVLW	255
$02A8	$00FA			MOVWF	STACK_10
$02A9	$0BFC			DECFSZ	STACK_12, F
$02AA	$2AAC			GOTO	$+2
$02AB	$2AB3			GOTO	$+8
$02AC	$0BFB			DECFSZ	STACK_11, F
$02AD	$2AAF			GOTO	$+2
$02AE	$2AB2			GOTO	$+4
$02AF	$0BFA			DECFSZ	STACK_10, F
$02B0	$2AAF			GOTO	$-1
$02B1	$2AAC			GOTO	$-5
$02B2	$2AA9			GOTO	$-9
$02B3	$308C			MOVLW	140
$02B4	$00FB			MOVWF	STACK_11
$02B5	$30FF			MOVLW	255
$02B6	$00FA			MOVWF	STACK_10
$02B7	$0BFB			DECFSZ	STACK_11, F
$02B8	$2ABA			GOTO	$+2
$02B9	$2ABD			GOTO	$+4
$02BA	$0BFA			DECFSZ	STACK_10, F
$02BB	$2ABA			GOTO	$-1
$02BC	$2AB7			GOTO	$-5
$02BD	$30A1			MOVLW	161
$02BE	$00FA			MOVWF	STACK_10
$02BF	$0BFA			DECFSZ	STACK_10, F
$02C0	$2ABF			GOTO	$-1
$02C1	$0000			NOP
$02C2	$2A6A			GOTO	Scope_L_2
^Scope.pbas, 87 :: 		wend
$02C3	$2AC3			GOTO	$


//** Procedures locations **
//ADDRESS		PROCEDURE
//----------------------------------------------
$0004		Delay_1us
$0006		Delay_5500us
$0017		Delay_500us
$0020		Lcd8_Cmd
$0049		Delay_22us
$0050		Div_16x16_U
$006D		Lcd8_Out
$00AF		ADC_read
$00EE		USART_Write
$00FE		WordToStr
$0158		strcat
$018C		Lcd8_Init
$01EF		USART_init
$0203		Mul_16x16_U
$022E		main


//** Labels locations **
//ADDRESS		LABEL
//----------------------------------------------
$0004		delays_delay_1us:
$0005		delays_L_0:
$0006		delays_delay_5500us:
$0016		delays_L_6:
$0017		delays_delay_500us:
$001F		delays_L_5:
$0020		lcd8bit_lcd8_cmd:
$003B		lcd8bit_L_1:
$003D		lcd8bit_L_2:
$003E		lcd8bit_L_3:
$0045		lcd8bit_L_4:
$0047		lcd8bit_L_5:
$0048		lcd8bit_L_0:
$0048		lcd8bit_L_6:
$0049		delays_delay_22us:
$004F		delays_L_2:
$0050		math_div_16x16_u:
$006C		math_L_3:
$006D		lcd8bit_L_26:
$006D		lcd8bit_lcd8_out:
$0073		lcd8bit_L_25:
$0076		lcd8bit_L_27:
$0076		lcd8bit_L_29:
$007A		lcd8bit_L_28:
$007D		lcd8bit_L_30:
$007D		lcd8bit_L_32:
$0081		lcd8bit_L_31:
$0084		lcd8bit_L_33:
$0084		lcd8bit_L_35:
$0088		lcd8bit_L_34:
$008B		lcd8bit_L_36:
$008D		lcd8bit_L_24:
$009C		lcd8bit_L_38:
$00AC		lcd8bit_L_39:
$00AE		lcd8bit_L_23:
$00AF		adclib_a_c_adc_read:
$00CB		adclib_a_c_L_2:
$00D5		adclib_a_c_L_3:
$00E9		adclib_a_c_L_0:
$00EE		usartlib_u_a_L_14:
$00EE		usartlib_u_a_usart_write:
$00FA		usartlib_u_a_L_15:
$00FD		usartlib_u_a_L_12:
$00FE		conv_wordtostr:
$0108		L_WordToStr_0:
$010A		conv_L_14:
$010B		conv_L_15:
$010B		conv_L_16:
$0111		L_WordToStr_1:
$0113		conv_L_17:
$0114		conv_L_18:
$0114		conv_L_19:
$011A		L_WordToStr_2:
$011C		conv_L_20:
$011D		conv_L_21:
$011D		conv_L_22:
$0123		L_WordToStr_3:
$0125		conv_L_23:
$0126		conv_L_24:
$0126		conv_L_25:
$0135		conv_L_28:
$0157		conv_L_13:
$0157		conv_L_29:
$0158		strcat_strcat:
$015C		strcat_L_2:
$0169		strcat_L_3:
$0169		strcat_L_7:
$0185		strcat_L_8:
$018B		strcat_L_0:
$018C		lcd8bit_lcd8_init:
$01EE		lcd8bit_L_22:
$01EF		usartlib_u_a_L_1:
$01EF		usartlib_u_a_usart_init:
$01F2		usartlib_u_a_L_2:
$01F5		usartlib_u_a_L_3:
$01F7		usartlib_u_a_L_4:
$01F8		usartlib_u_a_L_6:
$01F8		usartlib_u_a_L_8:
$0202		usartlib_u_a_L_0:
$0202		usartlib_u_a_L_9:
$0203		math_mul_16x16_u:
$022D		math_L_1:
$022E		Scope_main:
$022E		Scope_main_main:
$026A		Scope_L_2:
$0273		L_main_0:
$027A		L_main_1:


//** Variables locations **
//ADDRESS		VARIABLE
//----------------------------------------------
$0000		INDF
$0002		PCL
$0003		STATUS
$0004		FSR
$000A		PCLATH
$000C		PIR1
$0018		RCSTA
$0019		TXREG
$001A		RCREG
$001E		ADRESH
$001F		ADCON0
$0020		lcd8bit_main_global_dataaddress
$0021		lcd8bit_main_global_ctrladdress
$0022		lcd8bit_main_global_com
$0023		?Local_Text
$002E		main_global_leitura_ad
$0030		main_global_string_ad
$003B		FARG_ADC_read
$003B		FARG_Lcd8_Init
$003B		FARG_Lcd8_Out
$003B		FARG_strcat
$003B		FARG_USART_Write
$003B		FARG_WordToStr
$003B		usartlib_u_a_usart_init_param_baude_rate
$003C		adclib_a_c_adc_read_local_result
$003C		FARG_Lcd8_Init+1
$003C		FARG_Lcd8_Out+1
$003C		FARG_strcat+1
$003D		FARG_Lcd8_Out+2
$003D		FARG_WordToStr+2
$003D		strcat_strcat_local_i
$003E		conv_wordtostr_local_len
$003E		lcd8bit_lcd8_out_local_i
$003E		strcat_strcat_local_j
$003F		lcd8bit_lcd8_out_local_a
$0040		FARG_Lcd8_Cmd
$0070		STACK_0
$0071		STACK_1
$0072		STACK_2
$0073		STACK_3
$0074		STACK_4
$0075		STACK_5
$0076		STACK_6
$0077		STACK_7
$0078		STACK_8
$0079		STACK_9
$007A		STACK_10
$007B		STACK_11
$007C		STACK_12
$007D		STACK_13
$007E		STACK_14
$007F		STACK_15
$0081		OPTION_REG
$0085		TRISA
$0087		TRISC
$0088		TRISD
$0089		TRISE
$0098		TXSTA
$0099		SPBRG
$009E		ADRESL
$009F		ADCON1


