
ROM used: 250 (3%)
          250 (3%) including unused fragments

          1 Average locations per line
          8 Average locations per statement

RAM used: 12 (3%) at main() level
          16 (4%) worst case

Stack used: 1 worst case (out of 8 total available)

Lines Stmts  %   Files
----- ----- ---  -----
   51    30 100  questao2.c
  309     0   0  16F877A.h
----- -----
  360    30 Total

Page ROM  %  RAM   Vol Diff  Functions:
---- --- --- ---   --- ----  ----------
0     21   8   1             @delay_ms1
0    188  75   5   781  5.8  main
0     37  15   5   352  2.8  @DIV1616

Program metrics:
    Functions               2
    Statements              30
    Comments                76
    Volume (V)              1317
    Difficilty (D)          8.5
    Effort to implement (E) 11196
    Time to implement (T)   10 minutes
    Est Delivered Bugs (B)  0
    Cyclomatic Complexity   3
    Maintainability (MI)    87

 Segment     Used  Free
-----------  ----  ----
00000-00003     4  0  
00004-007FF   246  1798  
00800-00FFF     0  2048  
01000-017FF     0  2048  
01800-01FFF     0  2048  



