
ROM used: 525 (6%)
          525 (6%) including unused fragments

          1 Average locations per line
          7 Average locations per statement

RAM used: 9 (2%) at main() level
          27 (7%) worst case

Stack used: 5 worst case (out of 8 total available)

Lines Stmts  %   Files
----- ----- ---  -----
   36    20  26  questao1.c
  309     0   0  16F877A.h
  107    58  74  Lcd_4.c
----- -----
  452    78 Total

Page ROM  %  RAM   Vol Diff  Functions:
---- --- --- ---   --- ----  ----------
0     20   4   1             @delay_ms1
0      8   2   0   811  5.8  @const48
0     48   9   1   352  2.8  lcd_send_nibble
0     43   8   3   259  3.8  lcd_send_byte
0     47   9   2   380  4.7  lcd_init
0     25   5   4   246  6.0  lcd_gotoxy
0     64  12   1   531  5.2  lcd_putc
0    111  21   3   563  3.8  MAIN
0     20   4   0             @const70
0     13   2   0             @const71
0    101  19   9             @PRINTF_LU_61
0     21   4   0             @const75

Program metrics:
    Functions               7
    Statements              78
    Comments                87
    Volume (V)              4682
    Difficilty (D)          31.4
    Effort to implement (E) 146774
    Time to implement (T)   2 hours, 16 minutes
    Est Delivered Bugs (B)  1
    Cyclomatic Complexity   15
    Maintainability (MI)    61

 Segment     Used  Free
-----------  ----  ----
00000-00003     4  0  
00004-007FF   521  1523  
00800-00FFF     0  2048  
01000-017FF     0  2048  
01800-01FFF     0  2048  



