
ROM used: 953 (12%)
          953 (12%) including unused fragments

          2 Average locations per line
          13 Average locations per statement

RAM used: 13 (4%) at main() level
          38 (10%) worst case

Stack used: 3 worst case (out of 8 total available)

Lines Stmts  %   Files
----- ----- ---  -----
  214    76 100  ad.c
  312     0   0  ..\..\..\..\..\..\..\Arquivos de programas\PICC\devices\16F877A.h
----- -----
  526    76 Total

Page ROM  %  RAM   Vol Diff  Functions:
---- --- --- ---   --- ----  ----------
0     21   2   1             @delay_ms1
0    200  21   6  1602  6.2  main
0     18   2   0             @const67
0     21   2   3             @DIV88
0     55   6   2             @PRINTF_U_62
0     31   3   2             @ITOF
0    117  12  13             @MULFF
0     19   2   0             @const79
 Inline        5             @FTOSD
0     66   7  13             @DIV3232
0    233  24  13             @PRINTF_L32D_62FPFPF
0     84   9   1   352  1.4  Inicializa
0     42   4   1   258  1.4  Lcd_Inst
0     42   4   1   258  1.4  Lcd_Dado

Program metrics:
    Functions               4
    Statements              76
    Comments                177
    Volume (V)              3165
    Difficilty (D)          9.9
    Effort to implement (E) 31381
    Time to implement (T)   29 minutes
    Est Delivered Bugs (B)  0
    Cyclomatic Complexity   8
    Maintainability (MI)    50

 Segment     Used  Free
-----------  ----  ----
00000-00003     4  0  
00004-007FF   949  1095  
00800-00FFF     0  2048  
01000-017FF     0  2048  
01800-01FFF     0  2048  



