
ROM used: 88 (1%)
          88 (1%) including unused fragments

          0 Average locations per line
          18 Average locations per statement

RAM used: 14 (4%) at main() level
          15 (4%) worst case

Stack used: 1 worst case (out of 7 total available)

Lines Stmts  %   Files
----- ----- ---  -----
   28     5 100  questao1.c
  309     0   0  ..\..\..\..\..\..\..\..\Program Files\PICC\devices\16F877A.h
----- -----
  337     5 Total

Page ROM  %  RAM   Vol Diff  Functions:
---- --- --- ---   --- ----  ----------
0     10  11   1    18  1.0  serial
0     25  28   0    48  1.4  MAIN

Program metrics:
    Functions               2
    Statements              5
    Comments                78
    Volume (V)              86
    Difficilty (D)          2.5
    Effort to implement (E) 210
    Time to implement (T)   0 minutes
    Est Delivered Bugs (B)  0
    Cyclomatic Complexity   1
    Maintainability (MI)    124

 Segment     Used  Free
-----------  ----  ----
00000-00003     4  0  
00004-00034    49  0  
00035-007FF    35  1960  
00800-00FFF     0  2048  
01000-017FF     0  2048  
01800-01FFF     0  2048  



