;//  ASM code generated by mikroVirtualMachine for PIC - V. 3.0.0.0
;  Date/Time: 27/03/05 21:23:14
;  Info: http://www.mikroelektronika.co.yu


;// ADDRESS	OPCODE	ASM
; ----------------------------------------------
$0000	$283B	GOTO	MemEEPROM_main
$0004	$	eepromlib_e_a_eeprom_read:
$0004	$1303	BCF	STATUS,RP1
$0005	$1283	BCF	STATUS,RP0
$0006	$0822	MOVF	eepromlib_e_a_eeprom_read_param_address, W
$0007	$1703	BSF	STATUS,RP1
$0008	$008D	MOVWF	EEADR
$0009	$1683	BSF	STATUS,RP0
$000A	$138C	BCF	EECON1, 7
$000B	$140C	BSF	EECON1, 0
$000C	$1283	BCF	STATUS,RP0
$000D	$080C	MOVF	EEDATA, W
$000E	$1303	BCF	STATUS,RP1
$000F	$00A1	MOVWF	eepromlib_e_a_eeprom_read_local_result
$0010	$0008	RETURN
$0011	$	eepromlib_e_a_eeprom_write:
$0011	$0000	nop
$0012	$	eepromlib_e_a_L_0:
$0012	$3000	MOVLW	0
$0013	$1703	BSF	STATUS,RP1
$0014	$1683	BSF	STATUS,RP0
$0015	$188C	BTFSC	EECON1, 1
$0016	$3001	MOVLW	1
$0017	$00F1	MOVWF	STACK_1
$0018	$3001	MOVLW	1
$0019	$0271	SUBWF	STACK_1, W
$001A	$1D03	BTFSS	STATUS, Z
$001B	$281F	GOTO	eepromlib_e_a_L_2
$001C	$	eepromlib_e_a_L_1:
$001C	$30FF	MOVLW	255
$001D	$00F2	MOVWF	STACK_2
$001E	$2820	GOTO	eepromlib_e_a_L_3
$001F	$	eepromlib_e_a_L_2:
$001F	$01F2	CLRF	STACK_2
$0020	$	eepromlib_e_a_L_3:
$0020	$30FF	MOVLW	255
$0021	$0272	SUBWF	STACK_2, W
$0022	$1D03	BTFSS	STATUS, Z
$0023	$2826	GOTO	eepromlib_e_a_L_5
$0024	$	eepromlib_e_a_L_4:
$0024	$0000	nop
$0025	$2812	GOTO	eepromlib_e_a_L_0
$0026	$	eepromlib_e_a_L_5:
$0026	$1303	BCF	STATUS,RP1
$0027	$1283	BCF	STATUS,RP0
$0028	$0821	MOVF	eepromlib_e_a_eeprom_write_param_address, W
$0029	$1703	BSF	STATUS,RP1
$002A	$008D	MOVWF	EEADR
$002B	$1303	BCF	STATUS,RP1
$002C	$0822	MOVF	eepromlib_e_a_eeprom_write_param_data, W
$002D	$1703	BSF	STATUS,RP1
$002E	$008C	MOVWF	EEDATA
$002F	$1683	BSF	STATUS,RP0
$0030	$138C	BCF	EECON1, 7
$0031	$150C	BSF	EECON1, 2
$0032	$138B	BCF	INTCON, 7
$0033	$3055	MOVLW	85
$0034	$008D	MOVWF	EECON2
$0035	$30AA	MOVLW	170
$0036	$008D	MOVWF	EECON2
$0037	$148C	BSF	EECON1, 1
$0038	$178B	BSF	INTCON, 7
$0039	$110C	BCF	EECON1, 2
$003A	$0008	RETURN
$003B	$	MemEEPROM_main:
$003B	$1303	BCF	STATUS,RP1
$003C	$1283	BCF	STATUS,RP0
$003D	$0186	CLRF	PORTB
$003E	$1683	BSF	STATUS,RP0
$003F	$0186	CLRF	TRISB
$0040	$0188	CLRF	TRISD
$0041	$3007	MOVLW	7
$0042	$009F	MOVWF	ADCON1
$0043	$3080	MOVLW	128
$0044	$0081	MOVWF	OPTION_REG
$0045	$1283	BCF	STATUS,RP0
$0046	$01A2	CLRF	eepromlib_e_a_eeprom_read_param_address
$0047	$2004	CALL	eepromlib_e_a_eeprom_read
$0048	$1303	BCF	STATUS,RP1
$0049	$1283	BCF	STATUS,RP0
$004A	$0821	MOVF	eepromlib_e_a_eeprom_read_local_result, W
$004B	$00A0	MOVWF	main_global_dado
$004C	$	MemEEPROM_L_0:
$004C	$	MemEEPROM_L_1:
$004C	$1303	BCF	STATUS,RP1
$004D	$1283	BCF	STATUS,RP0
$004E	$1303	BCF	STATUS,RP1
$004F	$1283	BCF	STATUS,RP0
$0050	$1686	BSF	PORTB, 5
$0051	$0820	MOVF	main_global_dado, W
$0052	$0088	MOVWF	PORTD
$0053	$3003	MOVLW	3
$0054	$00F1	MOVWF	STACK_1
$0055	$30FF	MOVLW	255
$0056	$00F2	MOVWF	STACK_2
$0057	$30FF	MOVLW	255
$0058	$00F3	MOVWF	STACK_3
$0059	$0BF1	DECFSZ	STACK_1, F
$005A	$285C	GOTO	$+2
$005B	$2863	GOTO	$+8
$005C	$0BF2	DECFSZ	STACK_2, F
$005D	$285F	GOTO	$+2
$005E	$2862	GOTO	$+4
$005F	$0BF3	DECFSZ	STACK_3, F
$0060	$285F	GOTO	$-1
$0061	$285C	GOTO	$-5
$0062	$2859	GOTO	$-9
$0063	$308C	MOVLW	140
$0064	$00F1	MOVWF	STACK_1
$0065	$30FF	MOVLW	255
$0066	$00F2	MOVWF	STACK_2
$0067	$0BF1	DECFSZ	STACK_1, F
$0068	$286A	GOTO	$+2
$0069	$286D	GOTO	$+4
$006A	$0BF2	DECFSZ	STACK_2, F
$006B	$286A	GOTO	$-1
$006C	$2867	GOTO	$-5
$006D	$30A1	MOVLW	161
$006E	$00F1	MOVWF	STACK_1
$006F	$0BF1	DECFSZ	STACK_1, F
$0070	$286F	GOTO	$-1
$0071	$0000	nop
$0072	$1286	BCF	PORTB, 5
$0073	$30FE	MOVLW	254
$0074	$0088	MOVWF	PORTD
$0075	$3003	MOVLW	3
$0076	$00F1	MOVWF	STACK_1
$0077	$	MemEEPROM_L_3:
$0077	$1303	BCF	STATUS,RP1
$0078	$1283	BCF	STATUS,RP0
$0079	$0BF1	DECFSZ	STACK_1, F
$007A	$2877	GOTO	MemEEPROM_L_3
$007B	$3000	MOVLW	0
$007C	$1A05	BTFSC	PORTA, 4
$007D	$3001	MOVLW	1
$007E	$00F2	MOVWF	STACK_2
$007F	$3000	MOVLW	0
$0080	$0272	SUBWF	STACK_2, W
$0081	$1D03	BTFSS	STATUS, Z
$0082	$2888	GOTO	MemEEPROM_L_5
$0083	$	MemEEPROM_L_4:
$0083	$30FF	MOVLW	255
$0084	$1303	BCF	STATUS,RP1
$0085	$1283	BCF	STATUS,RP0
$0086	$00F3	MOVWF	STACK_3
$0087	$288B	GOTO	MemEEPROM_L_7
$0088	$	MemEEPROM_L_5:
$0088	$1303	BCF	STATUS,RP1
$0089	$1283	BCF	STATUS,RP0
$008A	$01F3	CLRF	STACK_3
$008B	$	MemEEPROM_L_7:
$008B	$30FF	MOVLW	255
$008C	$1303	BCF	STATUS,RP1
$008D	$1283	BCF	STATUS,RP0
$008E	$0273	SUBWF	STACK_3, W
$008F	$1D03	BTFSS	STATUS, Z
$0090	$289C	GOTO	MemEEPROM_L_9
$0091	$	MemEEPROM_L_8:
$0091	$1303	BCF	STATUS,RP1
$0092	$1283	BCF	STATUS,RP0
$0093	$0820	MOVF	main_global_dado, W
$0094	$00F1	MOVWF	STACK_1
$0095	$0AF1	INCF	STACK_1, F
$0096	$0871	MOVF	STACK_1, W
$0097	$00A0	MOVWF	main_global_dado
$0098	$01A1	CLRF	eepromlib_e_a_eeprom_write_param_address
$0099	$0820	MOVF	main_global_dado, W
$009A	$00A2	MOVWF	eepromlib_e_a_eeprom_write_param_data
$009B	$2011	CALL	eepromlib_e_a_eeprom_write
$009C	$	MemEEPROM_L_9:
$009C	$	MemEEPROM_L_6:
$009C	$3000	MOVLW	0
$009D	$1303	BCF	STATUS,RP1
$009E	$1283	BCF	STATUS,RP0
$009F	$1A85	BTFSC	PORTA, 5
$00A0	$3001	MOVLW	1
$00A1	$00F2	MOVWF	STACK_2
$00A2	$3000	MOVLW	0
$00A3	$0272	SUBWF	STACK_2, W
$00A4	$1D03	BTFSS	STATUS, Z
$00A5	$28AB	GOTO	MemEEPROM_L_11
$00A6	$	MemEEPROM_L_10:
$00A6	$30FF	MOVLW	255
$00A7	$1303	BCF	STATUS,RP1
$00A8	$1283	BCF	STATUS,RP0
$00A9	$00F3	MOVWF	STACK_3
$00AA	$28AE	GOTO	MemEEPROM_L_13
$00AB	$	MemEEPROM_L_11:
$00AB	$1303	BCF	STATUS,RP1
$00AC	$1283	BCF	STATUS,RP0
$00AD	$01F3	CLRF	STACK_3
$00AE	$	MemEEPROM_L_13:
$00AE	$30FF	MOVLW	255
$00AF	$1303	BCF	STATUS,RP1
$00B0	$1283	BCF	STATUS,RP0
$00B1	$0273	SUBWF	STACK_3, W
$00B2	$1D03	BTFSS	STATUS, Z
$00B3	$28BF	GOTO	MemEEPROM_L_15
$00B4	$	MemEEPROM_L_14:
$00B4	$1303	BCF	STATUS,RP1
$00B5	$1283	BCF	STATUS,RP0
$00B6	$0820	MOVF	main_global_dado, W
$00B7	$00F1	MOVWF	STACK_1
$00B8	$03F1	DECF	STACK_1, F
$00B9	$0871	MOVF	STACK_1, W
$00BA	$00A0	MOVWF	main_global_dado
$00BB	$01A1	CLRF	eepromlib_e_a_eeprom_write_param_address
$00BC	$0820	MOVF	main_global_dado, W
$00BD	$00A2	MOVWF	eepromlib_e_a_eeprom_write_param_data
$00BE	$2011	CALL	eepromlib_e_a_eeprom_write
$00BF	$	MemEEPROM_L_15:
$00BF	$	MemEEPROM_L_12:
$00BF	$284C	GOTO	MemEEPROM_L_0
$00C0	$	MemEEPROM_L_2:
$00C0	$	MemEEPROM_L_16:
$00C0	$28C0	GOTO	MemEEPROM_L_16


//** Procedures locations **
//ADDRESS		PROCEDURE
//----------------------------------------------
$0004		EEprom_read
$0011		EEprom_write
$003B		main
;*** procedure  	EEprom_read  ***;
;*** procedure  	EEprom_write  ***;
;*** procedure  	main  ***;


//** Labels locations **
//ADDRESS		LABEL
//----------------------------------------------
$0004		eepromlib_e_a_eeprom_read:
$0011		eepromlib_e_a_eeprom_write:
$0012		eepromlib_e_a_L_0:
$001C		eepromlib_e_a_L_1:
$001F		eepromlib_e_a_L_2:
$0020		eepromlib_e_a_L_3:
$0024		eepromlib_e_a_L_4:
$0026		eepromlib_e_a_L_5:
$003B		MemEEPROM_main:
$004C		MemEEPROM_L_0:
$004C		MemEEPROM_L_1:
$0077		MemEEPROM_L_3:
$0083		MemEEPROM_L_4:
$0088		MemEEPROM_L_5:
$008B		MemEEPROM_L_7:
$0091		MemEEPROM_L_8:
$009C		MemEEPROM_L_6:
$009C		MemEEPROM_L_9:
$00A6		MemEEPROM_L_10:
$00AB		MemEEPROM_L_11:
$00AE		MemEEPROM_L_13:
$00B4		MemEEPROM_L_14:
$00BF		MemEEPROM_L_12:
$00BF		MemEEPROM_L_15:
$00C0		MemEEPROM_L_16:
$00C0		MemEEPROM_L_2:


//** Variables locations **
//ADDRESS		VARIABLE
//----------------------------------------------
$0000		INDF
$0002		PCL
$0003		STATUS
$0004		FSR
$0005		PORTA
$0006		PORTB
$0008		PORTD
$000A		PCLATH
$000B		INTCON
$0020		main_global_dado
$0021		eepromlib_e_a_eeprom_read_local_result
$0021		eepromlib_e_a_eeprom_write_param_address
$0022		eepromlib_e_a_eeprom_read_param_address
$0022		eepromlib_e_a_eeprom_write_param_data
$0070		STACK_0
$0071		STACK_1
$0072		STACK_2
$0073		STACK_3
$0074		STACK_4
$0081		OPTION_REG
$0086		TRISB
$0088		TRISD
$009F		ADCON1
$010C		EEDATA
$010D		EEADR
$018C		EECON1
$018D		EECON2


