CCS PCM C Compiler, Version 4.038, 33467               29-abr-10 16:58

               Filename: C:\Users\Fabio Dela Bruna\Documents\Curso de Ciência da Computação\7º Semestre\Arquitetura de Microcontroladores - Prof. Fernando Kestering Longo\Exercícios\programas_c\lista2\exercicio02.lst

               ROM used: 76 words (1%)
                         Largest free fragment is 2048
               RAM used: 9 (2%) at main() level
                         10 (3%) worst case
               Stack:    1 locations

*
0000:  MOVLW  00
0001:  MOVWF  0A
0002:  GOTO   019
0003:  NOP
.................... #include <16F877A.h> 
.................... //////// Standard Header file for the PIC16F877A device //////////////// 
.................... #device PIC16F877A 
.................... #list 
....................  
.................... #fuses xt, nolvp, protect 
.................... #use delay(clock=4Mhz) 
0004:  MOVLW  24
0005:  MOVWF  04
0006:  BCF    03.7
0007:  MOVF   00,W
0008:  BTFSC  03.2
0009:  GOTO   018
000A:  MOVLW  01
000B:  MOVWF  78
000C:  CLRF   77
000D:  DECFSZ 77,F
000E:  GOTO   00D
000F:  DECFSZ 78,F
0010:  GOTO   00C
0011:  MOVLW  4A
0012:  MOVWF  77
0013:  DECFSZ 77,F
0014:  GOTO   013
0015:  GOTO   016
0016:  DECFSZ 00,F
0017:  GOTO   00A
0018:  RETLW  00
....................  
.................... void main() { 
0019:  CLRF   04
001A:  BCF    03.7
001B:  MOVLW  1F
001C:  ANDWF  03,F
001D:  BSF    03.5
001E:  BSF    1F.0
001F:  BSF    1F.1
0020:  BSF    1F.2
0021:  BCF    1F.3
0022:  MOVLW  07
0023:  MOVWF  1C
....................  
....................    int saida; 
....................    int i; 
....................  
....................    while (true) { 
....................     
....................       saida = 1; 
0024:  MOVLW  01
0025:  BCF    03.5
0026:  MOVWF  21
....................        
....................       for(i = 0; i<8; i++) { 
0027:  CLRF   22
0028:  MOVF   22,W
0029:  SUBLW  07
002A:  BTFSS  03.0
002B:  GOTO   03E
....................          output_b(saida); 
002C:  BSF    03.5
002D:  CLRF   06
002E:  BCF    03.5
002F:  MOVF   21,W
0030:  MOVWF  06
....................          saida = saida*2+1; 
0031:  BCF    03.0
0032:  RLF    21,W
0033:  ADDLW  01
0034:  MOVWF  21
....................          delay_ms(1000); 
0035:  MOVLW  04
0036:  MOVWF  23
0037:  MOVLW  FA
0038:  MOVWF  24
0039:  CALL   004
003A:  DECFSZ 23,F
003B:  GOTO   037
....................       } 
003C:  INCF   22,F
003D:  GOTO   028
....................        
....................       output_b(0b00000000); // desliga todos os bits da porta b 
003E:  BSF    03.5
003F:  CLRF   06
0040:  BCF    03.5
0041:  CLRF   06
....................       delay_ms(2000); 
0042:  MOVLW  08
0043:  MOVWF  23
0044:  MOVLW  FA
0045:  MOVWF  24
0046:  CALL   004
0047:  DECFSZ 23,F
0048:  GOTO   044
....................     
....................    } 
0049:  BSF    03.5
004A:  GOTO   024
....................  
.................... } 
004B:  SLEEP

Configuration Fuses:
   Word  1: 1F71   XT NOWDT PUT PROTECT NODEBUG BROWNOUT NOLVP NOCPD NOWRT
