CCS PCM C Compiler, Version 4.038, 33467               29-abr-10 18:08

               Filename: C:\Users\Fabio Dela Bruna\Documents\Curso de Ciência da Computação\7º Semestre\Arquitetura de Microcontroladores - Prof. Fernando Kestering Longo\Exercícios\programas_c\lista2\exercicio05.lst

               ROM used: 71 words (1%)
                         Largest free fragment is 2048
               RAM used: 7 (2%) at main() level
                         8 (2%) worst case
               Stack:    1 locations

*
0000:  MOVLW  00
0001:  MOVWF  0A
0002:  GOTO   019
0003:  NOP
.................... #include <16F877A.h> 
.................... //////// Standard Header file for the PIC16F877A device //////////////// 
.................... #device PIC16F877A 
.................... #list 
....................  
.................... #fuses xt, nolvp, protect 
.................... #use delay(clock=4Mhz) 
0004:  MOVLW  22
0005:  MOVWF  04
0006:  BCF    03.7
0007:  MOVF   00,W
0008:  BTFSC  03.2
0009:  GOTO   018
000A:  MOVLW  01
000B:  MOVWF  78
000C:  CLRF   77
000D:  DECFSZ 77,F
000E:  GOTO   00D
000F:  DECFSZ 78,F
0010:  GOTO   00C
0011:  MOVLW  4A
0012:  MOVWF  77
0013:  DECFSZ 77,F
0014:  GOTO   013
0015:  GOTO   016
0016:  DECFSZ 00,F
0017:  GOTO   00A
0018:  RETLW  00
....................  
.................... void main() { 
0019:  CLRF   04
001A:  BCF    03.7
001B:  MOVLW  1F
001C:  ANDWF  03,F
001D:  BSF    03.5
001E:  BSF    1F.0
001F:  BSF    1F.1
0020:  BSF    1F.2
0021:  BCF    1F.3
0022:  MOVLW  07
0023:  MOVWF  1C
....................  
....................    while(true) { 
....................     
....................       if (input(pin_a0)) { 
0024:  BSF    05.0
0025:  BCF    03.5
0026:  BTFSS  05.0
0027:  GOTO   044
....................        
....................          while (!input(pin_a1)) { 
0028:  BSF    03.5
0029:  BSF    05.1
002A:  BCF    03.5
002B:  BTFSC  05.1
002C:  GOTO   044
....................             output_high(pin_b0); 
002D:  BSF    03.5
002E:  BCF    06.0
002F:  BCF    03.5
0030:  BSF    06.0
....................             delay_ms(1000);       // mantém o led aceso por 1 seg 
0031:  MOVLW  04
0032:  MOVWF  21
0033:  MOVLW  FA
0034:  MOVWF  22
0035:  CALL   004
0036:  DECFSZ 21,F
0037:  GOTO   033
....................             output_low(pin_b0); 
0038:  BSF    03.5
0039:  BCF    06.0
003A:  BCF    03.5
003B:  BCF    06.0
....................             delay_ms(2000);       // mantém o led apagado por 2 seg 
003C:  MOVLW  08
003D:  MOVWF  21
003E:  MOVLW  FA
003F:  MOVWF  22
0040:  CALL   004
0041:  DECFSZ 21,F
0042:  GOTO   03E
....................          } 
0043:  GOTO   028
....................           
....................       } 
....................     
....................    } 
0044:  BSF    03.5
0045:  GOTO   024
....................  
.................... } 
0046:  SLEEP

Configuration Fuses:
   Word  1: 1F71   XT NOWDT PUT PROTECT NODEBUG BROWNOUT NOLVP NOCPD NOWRT
