
ROM used: 35 (0%)
          35 (0%) including unused fragments

          0 Average locations per line
          4 Average locations per statement

RAM used: 6 (2%) at main() level
          6 (2%) worst case

Stack used: 0 worst case (out of 8 total available)

Lines Stmts  %   Files
----- ----- ---  -----
   20     8 100  exercicio07.c
  309     0   0  ..\..\..\..\..\..\..\..\..\Program Files\PICC\devices\16F877A.h
----- -----
  329     8 Total

Page ROM  %  RAM   Vol Diff  Functions:
---- --- --- ---   --- ----  ----------
0     31  89   0   110  2.5  main

Program metrics:
    Functions               1
    Statements              8
    Comments                73
    Volume (V)              110
    Difficilty (D)          2.5
    Effort to implement (E) 271
    Time to implement (T)   0 minutes
    Est Delivered Bugs (B)  0
    Cyclomatic Complexity   2
    Maintainability (MI)    143

 Segment     Used  Free
-----------  ----  ----
00000-00003     4  0  
00004-007FF    31  2013  
00800-00FFF     0  2048  
01000-017FF     0  2048  
01800-01FFF     0  2048  



