
ROM used: 88 (1%)
          88 (1%) including unused fragments

          0 Average locations per line
          7 Average locations per statement

RAM used: 9 (2%) at main() level
          10 (3%) worst case

Stack used: 1 worst case (out of 8 total available)

Lines Stmts  %   Files
----- ----- ---  -----
   29    13 100  exercicio03.c
  309     0   0  ..\..\..\..\..\..\..\..\..\Program Files\PICC\devices\16F877A.h
----- -----
  338    13 Total

Page ROM  %  RAM   Vol Diff  Functions:
---- --- --- ---   --- ----  ----------
0     21  24   1             @delay_ms1
0     63  72   3   414  5.8  main

Program metrics:
    Functions               1
    Statements              13
    Comments                73
    Volume (V)              417
    Difficilty (D)          5.7
    Effort to implement (E) 2357
    Time to implement (T)   2 minutes
    Est Delivered Bugs (B)  0
    Cyclomatic Complexity   2
    Maintainability (MI)    129

 Segment     Used  Free
-----------  ----  ----
00000-00003     4  0  
00004-007FF    84  1960  
00800-00FFF     0  2048  
01000-017FF     0  2048  
01800-01FFF     0  2048  



