
ROM used: 76 (1%)
          76 (1%) including unused fragments

          0 Average locations per line
          8 Average locations per statement

RAM used: 9 (2%) at main() level
          10 (3%) worst case

Stack used: 1 worst case (out of 8 total available)

Lines Stmts  %   Files
----- ----- ---  -----
   26    10 100  exercicio02.c
  309     0   0  ..\..\..\..\..\..\..\..\..\Program Files\PICC\devices\16F877A.h
----- -----
  335    10 Total

Page ROM  %  RAM   Vol Diff  Functions:
---- --- --- ---   --- ----  ----------
0     21  28   1             @delay_ms1
0     51  67   3   272  4.8  main

Program metrics:
    Functions               1
    Statements              10
    Comments                74
    Volume (V)              274
    Difficilty (D)          4.6
    Effort to implement (E) 1265
    Time to implement (T)   1 minutes
    Est Delivered Bugs (B)  0
    Cyclomatic Complexity   1
    Maintainability (MI)    139

 Segment     Used  Free
-----------  ----  ----
00000-00003     4  0  
00004-007FF    72  1972  
00800-00FFF     0  2048  
01000-017FF     0  2048  
01800-01FFF     0  2048  



