CCS PCM C Compiler, Version 4.038, 33467               07-mai-10 10:46

               Filename: C:\Users\Fabio Dela Bruna\Documents\Curso de Ciência da Computação\7º Semestre\Arquitetura de Microcontroladores - Prof. Fernando Kestering Longo\Exercícios\programas_c\lista2\exercicio07.lst

               ROM used: 35 words (0%)
                         Largest free fragment is 2048
               RAM used: 6 (2%) at main() level
                         6 (2%) worst case
               Stack:    0 locations

*
0000:  MOVLW  00
0001:  MOVWF  0A
0002:  GOTO   004
0003:  NOP
.................... #include <16F877A.h> 
.................... //////// Standard Header file for the PIC16F877A device //////////////// 
.................... #device PIC16F877A 
.................... #list 
....................  
.................... #fuses xt, nolvp, protect 
.................... #use delay(clock=4Mhz) 
....................  
.................... void main() { 
0004:  CLRF   04
0005:  BCF    03.7
0006:  MOVLW  1F
0007:  ANDWF  03,F
0008:  BSF    03.5
0009:  BSF    1F.0
000A:  BSF    1F.1
000B:  BSF    1F.2
000C:  BCF    1F.3
000D:  MOVLW  07
000E:  MOVWF  1C
....................  
....................    while(true) { 
....................     
....................       if (input(pin_b0)) { 
000F:  BSF    06.0
0010:  BCF    03.5
0011:  BTFSS  06.0
0012:  GOTO   017
....................          output_high(pin_b2); 
0013:  BSF    03.5
0014:  BCF    06.2
0015:  BCF    03.5
0016:  BSF    06.2
....................       } 
....................        
....................       if (!input(pin_b1)) { 
0017:  BSF    03.5
0018:  BSF    06.1
0019:  BCF    03.5
001A:  BTFSC  06.1
001B:  GOTO   020
....................          output_low(pin_b2); 
001C:  BSF    03.5
001D:  BCF    06.2
001E:  BCF    03.5
001F:  BCF    06.2
....................       } 
....................     
....................    } 
0020:  BSF    03.5
0021:  GOTO   00F
....................  
.................... } 
0022:  SLEEP

Configuration Fuses:
   Word  1: 1F71   XT NOWDT PUT PROTECT NODEBUG BROWNOUT NOLVP NOCPD NOWRT
