
ROM used: 103 (1%)
          103 (1%) including unused fragments

          0 Average locations per line
          8 Average locations per statement

RAM used: 10 (3%) at main() level
          11 (3%) worst case

Stack used: 1 worst case (out of 8 total available)

Lines Stmts  %   Files
----- ----- ---  -----
   30    13 100  exercicio06.c
  309     0   0  ..\..\..\..\..\..\..\..\..\Program Files\PICC\devices\16F877A.h
----- -----
  339    13 Total

Page ROM  %  RAM   Vol Diff  Functions:
---- --- --- ---   --- ----  ----------
0     23  22   1             @delay_ms1
0     76  74   3   354  4.2  main

Program metrics:
    Functions               1
    Statements              13
    Comments                73
    Volume (V)              357
    Difficilty (D)          4.1
    Effort to implement (E) 1449
    Time to implement (T)   1 minutes
    Est Delivered Bugs (B)  0
    Cyclomatic Complexity   1
    Maintainability (MI)    130

 Segment     Used  Free
-----------  ----  ----
00000-00003     4  0  
00004-007FF    99  1945  
00800-00FFF     0  2048  
01000-017FF     0  2048  
01800-01FFF     0  2048  



