

HI-TECH Software PICC Macro Assembler V9.60
                                                      Tue Jul 31 12:35:46 2007


     1                           	processor	16F877A
     2                           	opt	pw 79
     3                           	psect	text0,local,class=CODE,delta=2
     4                           	psect	text1,local,class=CODE,delta=2
     5                           	psect	intcode,global,class=CODE,delta=2
     6                           	psect	intsave_0,global,ovrld,class=COMBANK,spa
      +                          ce=1,delta=1
     7                           	psect	intret,global,class=CODE,delta=2
     8                           	psect	intentry,global,class=CODE,delta=2
     9                           	psect	intsave,global,class=BANK0,space=1,delta
      +                          =1
    10  0000                     
    11  0000                     
    12  0000                     
    13  0000                     
    14  0000                     
    15  0000                     
    16  0000                     
    17  0000                     
    18  0000                     
    19  0000                     
    20                           
    21                           	psect	text0
    22  0014                     _main
    23                           ;inttimer.c: 30: void main(void)
    24  0014  3031               	movlw	49
    25  0015  1283               	bcf	3,5
    26  0016  1303               	bcf	3,6	;carry unused
    27  0017  0090               	movwf	16	;volatile
    28                           ;inttimer.c: 36: INTCON=0b11000000;
    29  0018  30C0               	movlw	-64
    30  0019  008B               	movwf	11	;volatile
    31                           ;inttimer.c: 39: PIE1=0b00000001;
    32  001A  3001               	movlw	1
    33  001B  1683               	bsf	3,5
    34  001C  008C               	movwf	12	;volatile
    35                           ;inttimer.c: 41: TRISB=0;
    36  001D  0186               	clrf	6	;volatile
    37                           ;inttimer.c: 43: TRISD=0;
    38  001E  0188               	clrf	8	;volatile
    39                           ;inttimer.c: 45: RB5=1;
    40  001F  1283               	bcf	3,5
    41  0020  1686               	bsf	6,5
    42                           ;inttimer.c: 47: PORTD=0;
    43  0021  0188               	clrf	8	;volatile
    44                           ;inttimer.c: 49: while(1);
    45  0022                     l2
    46  0022  2822               	goto	l2
    47                           
    48                           	psect	intcode
    49  0008                     _isr
    50  0008                     int_func
    51                           ;inttimer.c: 53: void interrupt isr(void)
    52  0008  0183               	clrf	3	;select bank 0
    53  0009  100C               	bcf	12,0
    54                           ;inttimer.c: 57: RD0=!RD0;
    55  000A  3001               	movlw	1
    56  000B  0688               	xorwf	8
    57                           
    58                           	psect	intsave_0
    59  007F                     saved_w
                     saved_w
    60  007F                     	ds	1
    61                           
    62                           	psect	intret
    63  000C                     int_restore
    64  000C  0820               	movf	saved_status,w
    65  000D  0083               	movwf	3
    66  000E  0EFF               	swapf	saved_w
    67  000F  0E7F               	swapf	saved_w,w
    68  0010  0009               	retfie
    69                           
    70                           	psect	intentry
    71  0004                     int_entry
    72  0004  00FF               	movwf	saved_w
    73  0005  0803               	movf	3,w
    74  0006  0183               	clrf	3
    75  0007  00A0               	movwf	saved_status
    76  0000                     
    77  0000                     
    78  0000                     
    79  0000                     
    80  0000                     
    81  0000                     
    82  0000                     
    83  0000                     
    84  0000                     
    85  0000                     
    86  0000                     
    87  0000                     
    88  0000                     
    89  0000                     
    90  0000                     
    91  0000                     
    92  0000                     
    93  0000                     
    94  0000                     
    95  0000                     
    96  0000                     
    97  0000                     
    98  0000                     
    99  0000                     
   100  0000                     
   101  0000                     
   102  0000                     
   103  0000                     
   104  0000                     
   105  0000                     
   106  0000                     
   107  0000                     
   108  0000                     
   109  0000                     
   110  0000                     
   111  0000                     
   112  0000                     
   113  0000                     
   114  0000                     
   115  0000                     
   116  0000                     
   117  0000                     
   118  0000                     
   119  0000                     
   120  0000                     
   121  0000                     
   122  0000                     
   123  0000                     
   124  0000                     
   125  0000                     
   126  0000                     
   127  0000                     
   128  0000                     
   129  0000                     
   130  0000                     
   131  0000                     
   132  0000                     
   133  0000                     
   134  0000                     
   135  0000                     
   136  0000                     
   137  0000                     
   138  0000                     
   139  0000                     
   140  0000                     
   141  0000                     
   142  0000                     
   143  0000                     
   144  0000                     
   145  0000                     
   146  0000                     
   147  0000                     
   148  0000                     
   149  0000                     
   150  0000                     
   151  0000                     
   152  0000                     
   153  0000                     
   154  0000                     
   155  0000                     
   156  0000                     
   157  0000                     
   158  0000                     
   159  0000                     
   160  0000                     
   161  0000                     
   162  0000                     
   163  0000                     
   164  0000                     
   165  0000                     
   166  0000                     
   167  0000                     
   168  0000                     
   169  0000                     
   170  0000                     
   171  0000                     
   172  0000                     
   173  0000                     
   174  0000                     
   175  0000                     
   176  0000                     
   177  0000                     
   178  0000                     
   179  0000                     
   180  0000                     
   181  0000                     
   182  0000                     
   183  0000                     
   184  0000                     
   185  0000                     
   186  0000                     
   187  0000                     
   188  0000                     
   189  0000                     
   190  0000                     
   191  0000                     
   192  0000                     
   193  0000                     
   194  0000                     
   195  0000                     
   196  0000                     
   197  0000                     
   198  0000                     
   199  0000                     
   200  0000                     
   201  0000                     
   202  0000                     
   203  0000                     
   204  0000                     
   205  0000                     
   206  0000                     
   207  0000                     
   208  0000                     
   209  0000                     
   210  0000                     
   211  0000                     
   212  0000                     
   213  0000                     
   214  0000                     
   215  0000                     
   216  0000                     
   217  0000                     
   218  0000                     
   219  0000                     
   220  0000                     
   221  0000                     
   222  0000                     
   223  0000                     
   224  0000                     
   225  0000                     
   226  0000                     
   227  0000                     
   228  0000                     
   229  0000                     
   230  0000                     
   231  0000                     
   232  0000                     
   233  0000                     
   234  0000                     
   235  0000                     
   236  0000                     
   237  0000                     
   238  0000                     
   239  0000                     
   240  0000                     
   241  0000                     
   242  0000                     
   243  0000                     
   244  0000                     
   245  0000                     
   246  0000                     
   247  0000                     
   248  0000                     
   249  0000                     
   250  0000                     
   251  0000                     
   252  0000                     
   253  0000                     
   254  0000                     
   255  0000                     
   256  0000                     
   257  0000                     
   258  0000                     
   259  0000                     
   260  0000                     
   261  0000                     
   262  0000                     
   263  0000                     
   264  0000                     
   265  0000                     
   266  0000                     
   267  0000                     
   268  0000                     
   269  0000                     
   270  0000                     
   271  0000                     
   272  0000                     
   273  0000                     
   274  0000                     
   275  0000                     
   276  0000                     
   277  0000                     
   278  0000                     
   279  0000                     
   280  0000                     
   281  0000                     
   282  0000                     
   283  0000                     
   284  0000                     
   285  0000                     
   286  0000                     
   287  0000                     
   288  0000                     
   289  0000                     
   290  0000                     
   291  0000                     
   292  0000                     
   293  0000                     
   294  0000                     
   295  0000                     
   296  0000                     
   297  0000                     
   298  0000                     
   299  0000                     
   300  0000                     
   301  0000                     
   302  0000                     
   303  0000                     
   304  0000                     
   305  0000                     
   306  0000                     
   307  0000                     
   308  0000                     
   309  0000                     
   310  0000                     
   311  0000                     
   312  0000                     
   313  0000                     
   314  0000                     
   315  0000                     
   316  0000                     
   317  0000                     
   318  0000                     
   319  0000                     
   320  0000                     
   321  0000                     
   322  0000                     
   323  0000                     
   324  0000                     
   325  0000                     
   326  0000                     
   327  0000                     
   328  0000                     
   329  0000                     
   330  0000                     
   331  0000                     
   332  0000                     
   333  0000                     
   334  0000                     
   335  0000                     
   336  0000                     
   337  0000                     
   338  0000                     
   339  0000                     
   340  0000                     
   341  0000                     
   342  0000                     
   343  0000                     
   344  0000                     
   345  0000                     
   346  0000                     
   347  0000                     
   348  0000                     
   349  0000                     
   350  0000                     
   351  0000                     
   352  0000                     
   353                           
   354                           	psect	intsave
   355  0020                     saved_status
                     saved_status
   356  0020                     	ds	1


HI-TECH Software PICC Macro Assembler V9.60
Symbol Table                                          Tue Jul 31 12:35:46 2007

          l2 0022          _isr 0008         _main 0014         start 0011  
     saved_w 007F     int_entry 0004  saved_status 0020        status 0003  
    int_func 0008   int_restore 000C  
