
ROM used: 635 (8%)
          635 (8%) including unused fragments

          1 Average locations per line
          5 Average locations per statement

RAM used: 19 (5%) at main() level
          27 (7%) worst case

Stack used: 4 worst case (out of 8 total available)

Lines Stmts  %   Files
----- ----- ---  -----
  139    68  54  exercicio1.c
  309     0   0  16F877A.h
  107    58  46  lcd_4.c
----- -----
  555   126 Total

Page ROM  %  RAM   Vol Diff  Functions:
---- --- --- ---   --- ----  ----------
0     20   3   1             @delay_ms1
0      8   1   0             @const48
0     48   8   1   352  2.8  lcd_send_nibble
0     43   7   3   259  3.8  lcd_send_byte
0     47   7   2   380  4.7  lcd_init
0     25   4   4   246  6.0  lcd_gotoxy
0     64  10   1   531  5.2  lcd_putc
0     12   2   4    82  2.7  lcd_setcursor
0    119  19   4   941  5.7  MAIN
0     21   3   0             @const75
0     21   3   0             @const77
0     24   4   0   197  3.6  verificaSenha
0    179  28   0   816  2.4  leTeclado

Program metrics:
    Functions               9
    Statements              126
    Comments                112
    Volume (V)              5830
    Difficilty (D)          36.6
    Effort to implement (E) 213556
    Time to implement (T)   3 hours, 18 minutes
    Est Delivered Bugs (B)  1
    Cyclomatic Complexity   27
    Maintainability (MI)    57

 Segment     Used  Free
-----------  ----  ----
00000-00003     4  0  
00004-007FF   631  1413  
00800-00FFF     0  2048  
01000-017FF     0  2048  
01800-01FFF     0  2048  



