
ROM used: 49 (1%)
          49 (1%) including unused fragments

          0 Average locations per line
          5 Average locations per statement

RAM used: 5 (3%) at main() level
          5 (3%) worst case

Lines Stmts  %   Files
----- ----- ---  -----
   87    10 100  C:\Cerne\CDs\kit PICLAB16f877A\Exemplos\Exemplos C\Botão e Led\bot_led.c
  306     0   0  C:\Arquivos de programas\PICC\devices\16F877A.h
----- -----
  786    20 Total

Page ROM  %  RAM  Functions:
---- --- --- ---  ----------
0     45  92   0  main

 Segment   Used  Free
---------  ----  ----
00000-00003     4  0  
00004-007FF    45  1999  
00800-00FFF     0  2048  
01000-017FF     0  2048  
01800-01FFF     0  2048  

