
ROM used: 159 (2%)
          159 (2%) including unused fragments

          0 Average locations per line
          8 Average locations per statement

RAM used: 9 (2%) at main() level
          13 (4%) worst case

Stack used: 2 worst case (out of 8 total available)

Lines Stmts  %   Files
----- ----- ---  -----
   42    21 100  app.c
  309     0   0  ..\..\..\..\..\..\..\..\..\..\Program Files\PICC\devices\16F877A.h
----- -----
  351    21 Total

Page ROM  %  RAM   Vol Diff  Functions:
---- --- --- ---   --- ----  ----------
0     21  13   1             @delay_ms1
0     70  44   3   356  5.6  main
0     64  40   3   186  1.4  pisca_led

Program metrics:
    Functions               2
    Statements              21
    Comments                73
    Volume (V)              645
    Difficilty (D)          6.8
    Effort to implement (E) 4383
    Time to implement (T)   4 minutes
    Est Delivered Bugs (B)  0
    Cyclomatic Complexity   3
    Maintainability (MI)    106

 Segment     Used  Free
-----------  ----  ----
00000-00003     4  0  
00004-007FF   155  1889  
00800-00FFF     0  2048  
01000-017FF     0  2048  
01800-01FFF     0  2048  



