

HI-TECH Software PICC Macro Assembler V9.60
                                                      Tue Jul 31 16:13:03 2007


     1                           	processor	16F877A
     2                           	opt	pw 79
     3                           	psect	text2,local,class=CODE,delta=2
     4                           	psect	text5,local,class=CODE,delta=2
     5  0000                     
     6  0000                     
     7  0000                     
     8  0000                     
     9  0000                     
    10  0000                     
    11  0000                     
    12  0000                     
    13  0000                     
    14  0000                     
    15                           
    16                           	psect	text2
    17  07A3                     _delay
    18                           ;	_tempo assigned to ?a_delay+0
    19  0000                     _delay$tempo	set	?a_delay
    20                           ;displaylcd.c: 99: void delay(void)
    21  07A3  0183               	clrf	3	;select bank 0
    22  07A4  01A1               	clrf	?a_delay
    23  07A5  0AA1               	incf	?a_delay
    24  07A6  01A2               	clrf	?a_delay+1
    25  07A7                     l8
    26  07A7  0AA1               	incf	?a_delay
    27  07A8  1903               	btfsc	3,2
    28  07A9  0AA2               	incf	?a_delay+1
    29  07AA  3003               	movlw	3
    30  07AB  0222               	subwf	?a_delay+1,w
    31  07AC  30E9               	movlw	233
    32  07AD  1903               	btfsc	3,2
    33  07AE  0221               	subwf	?a_delay,w
    34  07AF  1803               	btfsc	3,0
    35  07B0  0008               	return
    36  07B1  2FA7               	goto	l8
    37  07B2                     _lcd_inst
    38                           ;	_dado assigned to ?a_lcd_inst+0
    39  0000                     _lcd_inst$dado	set	?a_lcd_inst
    40                           ;_dado stored from w
    41  07B2  0183               	clrf	3	;select bank 0
    42  07B3  00A0               	movwf	?a_lcd_inst
    43                           ;displaylcd.c: 109: void lcd_inst(unsigned char
      +                           dado)
    44  07B4  1109               	bcf	9,2
    45                           ;displaylcd.c: 112: PORTD=dado;
    46  07B5  0088               	movwf	8	;volatile
    47                           ;displaylcd.c: 113: RE1=1;
    48  07B6  1489               	bsf	9,1
    49                           ;displaylcd.c: 114: asm("nop");
    50  07B7  0000               	nop	;#
    51                           ;displaylcd.c: 115: asm("nop");
    52  07B8  0000               	nop	;#
    53                           ;displaylcd.c: 116: RE1=0;
    54  07B9  1089               	bcf	9,1
    55                           ;displaylcd.c: 117: delay();
    56  07BA  2FA3               	ljmp	_delay
    57  07BB                     _inicializa_lcd
    58                           ;displaylcd.c: 82: void inicializa_lcd(void)
    59  07BB  3030               	movlw	48
    60  07BC  27B2  120A  118A   	fcall	_lcd_inst
    61                           ;displaylcd.c: 85: delay();
    62  07BF  27A3               	fcall	_delay
    63                           ;displaylcd.c: 86: lcd_inst(0x30);
    64  07C0  3030               	movlw	48
    65  07C1  27B2  120A  118A   	fcall	_lcd_inst
    66                           ;displaylcd.c: 87: lcd_inst(0x30);
    67  07C4  3030               	movlw	48
    68  07C5  27B2  120A  118A   	fcall	_lcd_inst
    69                           ;displaylcd.c: 88: lcd_inst(0x38);
    70  07C8  3038               	movlw	56
    71  07C9  27B2  120A  118A   	fcall	_lcd_inst
    72                           ;displaylcd.c: 89: lcd_inst(0x01);
    73  07CC  3001               	movlw	1
    74  07CD  27B2  120A  118A   	fcall	_lcd_inst
    75                           ;displaylcd.c: 90: delay();
    76  07D0  27A3               	fcall	_delay
    77                           ;displaylcd.c: 91: lcd_inst(0x0C);
    78  07D1  300C               	movlw	12
    79  07D2  27B2  120A  118A   	fcall	_lcd_inst
    80                           ;displaylcd.c: 92: lcd_inst(0x06);
    81  07D5  3006               	movlw	6
    82  07D6  2FB2               	ljmp	_lcd_inst
    83  07D7                     _main
    84                           ;displaylcd.c: 46: void main(void)
    85  07D7  3090               	movlw	-112
    86  07D8  1283               	bcf	3,5
    87  07D9  1303               	bcf	3,6	;carry unused
    88  07DA  0098               	movwf	24	;volatile
    89                           ;displaylcd.c: 51: TXSTA=0b00100100;
    90  07DB  3024               	movlw	36
    91  07DC  1683               	bsf	3,5
    92  07DD  0098               	movwf	24	;volatile
    93                           ;displaylcd.c: 53: SPBRG=25;
    94  07DE  3019               	movlw	25
    95  07DF  0099               	movwf	25	;volatile
    96                           ;displaylcd.c: 55: TRISD=0b00000000;
    97  07E0  0188               	clrf	8	;volatile
    98                           ;displaylcd.c: 57: TRISB=0b00000000;
    99  07E1  0186               	clrf	6	;volatile
   100                           ;displaylcd.c: 59: TRISE=0b00000000;
   101  07E2  0189               	clrf	9	;volatile
   102                           ;displaylcd.c: 61: PORTB=0b00100000;
   103  07E3  3020               	movlw	32
   104  07E4  1283               	bcf	3,5
   105  07E5  0086               	movwf	6	;volatile
   106                           ;displaylcd.c: 63: ADCON1=0b00000111;
   107  07E6  3007               	movlw	7
   108  07E7  1683               	bsf	3,5
   109  07E8  009F               	movwf	31	;volatile
   110                           ;displaylcd.c: 65: inicializa_lcd();
   111  07E9  27BB  120A  118A   	fcall	_inicializa_lcd
   112  07EC                     l3
   113                           ;displaylcd.c: 67: while(1)
   114                           ;displaylcd.c: 68: {
   115  07EC  1E8C               	btfss	12,5
   116  07ED  2FEC               	goto	l3
   117                           ;displaylcd.c: 70: {
   118  07EE  3080               	movlw	-128
   119  07EF  27B2  120A  118A   	fcall	_lcd_inst
   120                           ;displaylcd.c: 72: lcd_dado(RCREG);
   121  07F2  081A               	movf	26,w	;volatile
   122  07F3  27F7  120A  118A   	fcall	_lcd_dado
   123  07F6  2FEC               	goto	l3
   124  07F7                     _lcd_dado
   125                           ;	_dado assigned to ?a_lcd_dado+0
   126  0000                     _lcd_dado$dado	set	?a_lcd_dado
   127                           ;_dado stored from w
   128  07F7  0183               	clrf	3	;select bank 0
   129  07F8  00A0               	movwf	?a_lcd_dado
   130                           ;displaylcd.c: 124: void lcd_dado(unsigned char
      +                           dado)
   131  07F9  1509               	bsf	9,2
   132                           ;displaylcd.c: 127: PORTD=dado;
   133  07FA  0088               	movwf	8	;volatile
   134                           ;displaylcd.c: 128: RE1=1;
   135  07FB  1489               	bsf	9,1
   136                           ;displaylcd.c: 129: asm("nop");
   137  07FC  0000               	nop	;#
   138                           ;displaylcd.c: 130: asm("nop");
   139  07FD  0000               	nop	;#
   140                           ;displaylcd.c: 131: RE1=0;
   141  07FE  1089               	bcf	9,1
   142                           ;displaylcd.c: 132: delay();
   143  07FF  2FA3               	ljmp	_delay
   144                           
   145                           	psect	text5
   146  0000                     
   147  0000                     
   148  0000                     
   149  0000                     
   150  0000                     
   151  0000                     
   152  0000                     
   153  0000                     
   154  0000                     
   155  0000                     
   156  0000                     
   157  0000                     
   158  0000                     
   159  0000                     
   160  0000                     
   161  0000                     
   162  0000                     
   163  0000                     
   164  0000                     
   165  0000                     
   166  0000                     
   167  0000                     
   168  0000                     
   169  0000                     
   170  0000                     
   171  0000                     
   172  0000                     
   173  0000                     
   174  0000                     
   175  0000                     
   176  0000                     
   177  0000                     
   178  0000                     
   179  0000                     
   180  0000                     
   181  0000                     
   182  0000                     
   183  0000                     
   184  0000                     
   185  0000                     
   186  0000                     
   187  0000                     
   188  0000                     
   189  0000                     
   190  0000                     
   191  0000                     
   192  0000                     
   193  0000                     
   194  0000                     
   195  0000                     
   196  0000                     
   197  0000                     
   198  0000                     
   199  0000                     
   200  0000                     
   201  0000                     
   202  0000                     
   203  0000                     
   204  0000                     
   205  0000                     
   206  0000                     
   207  0000                     
   208  0000                     
   209  0000                     
   210  0000                     
   211  0000                     
   212  0000                     
   213  0000                     
   214  0000                     
   215  0000                     
   216  0000                     
   217  0000                     
   218  0000                     
   219  0000                     
   220  0000                     
   221  0000                     
   222  0000                     
   223  0000                     
   224  0000                     
   225  0000                     
   226  0000                     
   227  0000                     
   228  0000                     
   229  0000                     
   230  0000                     
   231  0000                     
   232  0000                     
   233  0000                     
   234  0000                     
   235  0000                     
   236  0000                     
   237  0000                     
   238  0000                     
   239  0000                     
   240  0000                     
   241  0000                     
   242  0000                     
   243  0000                     
   244  0000                     
   245  0000                     
   246  0000                     
   247  0000                     
   248  0000                     
   249  0000                     
   250  0000                     
   251  0000                     
   252  0000                     
   253  0000                     
   254  0000                     
   255  0000                     
   256  0000                     
   257  0000                     
   258  0000                     
   259  0000                     
   260  0000                     
   261  0000                     
   262  0000                     
   263  0000                     
   264  0000                     
   265  0000                     
   266  0000                     
   267  0000                     
   268  0000                     
   269  0000                     
   270  0000                     
   271  0000                     
   272  0000                     
   273  0000                     
   274  0000                     
   275  0000                     
   276  0000                     
   277  0000                     
   278  0000                     
   279  0000                     
   280  0000                     
   281  0000                     
   282  0000                     
   283  0000                     
   284  0000                     
   285  0000                     
   286  0000                     
   287  0000                     
   288  0000                     
   289  0000                     
   290  0000                     
   291  0000                     
   292  0000                     
   293  0000                     
   294  0000                     
   295  0000                     
   296  0000                     
   297  0000                     
   298  0000                     
   299  0000                     
   300  0000                     
   301  0000                     
   302  0000                     
   303  0000                     
   304  0000                     
   305  0000                     
   306  0000                     
   307  0000                     
   308  0000                     
   309  0000                     
   310  0000                     
   311  0000                     
   312  0000                     
   313  0000                     
   314  0000                     
   315  0000                     
   316  0000                     
   317  0000                     
   318  0000                     
   319  0000                     
   320  0000                     
   321  0000                     
   322  0000                     
   323  0000                     
   324  0000                     
   325  0000                     
   326  0000                     
   327  0000                     
   328  0000                     
   329  0000                     
   330  0000                     
   331  0000                     
   332  0000                     
   333  0000                     
   334  0000                     
   335  0000                     
   336  0000                     
   337  0000                     
   338  0000                     
   339  0000                     
   340  0000                     
   341  0000                     
   342  0000                     
   343  0000                     
   344  0000                     
   345  0000                     
   346  0000                     
   347  0000                     
   348  0000                     
   349  0000                     
   350  0000                     
   351  0000                     
   352  0000                     
   353  0000                     
   354  0000                     
   355  0000                     
   356  0000                     
   357  0000                     
   358  0000                     
   359  0000                     
   360  0000                     
   361  0000                     
   362  0000                     
   363  0000                     
   364  0000                     
   365  0000                     
   366  0000                     
   367  0000                     
   368  0000                     
   369  0000                     
   370  0000                     
   371  0000                     
   372  0000                     
   373  0000                     
   374  0000                     
   375  0000                     
   376  0000                     
   377  0000                     
   378  0000                     
   379  0000                     
   380  0000                     
   381  0000                     
   382  0000                     
   383  0000                     
   384  0000                     
   385  0000                     
   386  0000                     
   387  0000                     
   388  0000                     
   389  0000                     
   390  0000                     
   391  0000                     
   392  0000                     
   393  0000                     
   394  0000                     
   395  0000                     
   396  0000                     
   397  0000                     
   398  0000                     
   399  0000                     
   400  0000                     
   401  0000                     
   402  0000                     
   403  0000                     
   404  0000                     
   405  0000                     
   406  0000                     
   407  0000                     
   408  0000                     
   409  0000                     
   410  0000                     
   411  0000                     
   412  0000                     
   413  0000                     
   414  0000                     
   415  0000                     
   416  0000                     
   417  0000                     
   418  0000                     
   419  0000                     
   420  0000                     
   421  0000                     
   422  0000                     


HI-TECH Software PICC Macro Assembler V9.60
Symbol Table                                          Tue Jul 31 16:13:03 2007

             l3 07EC               l8 07A7         ?a_delay 0021  
      _lcd_dado 07F7        _lcd_inst 07B2            _main 07D7  
          start 0000      ?a_lcd_dado 0020      ?a_lcd_inst 0020  
         _delay 07A3           status 0003  _inicializa_lcd 07BB  
