
ROM used: 1296 (16%)
          1296 (16%) including unused fragments

          2 Average locations per line
          18 Average locations per statement

RAM used: 13 (4%) at main() level
          26 (7%) worst case

Stack used: 3 worst case (out of 8 total available)

Lines Stmts  %   Files
----- ----- ---  -----
   56    21  29  questao1.c
  313     0   0  16F877A.h
   88    23  32  ..\..\..\..\PIC_C\PIC C Compiler CCS PCWHD 4.093 FULL Portable\Drivers\2404.c
  183    29  40  ..\..\..\..\PIC_C\PIC C Compiler CCS PCWHD 4.093 FULL Portable\Drivers\external_eeprom.c
----- -----
  640    73 Total

Page ROM  %  RAM   Vol Diff  Functions:
---- --- --- ---   --- ----  ----------
0     23   2   1             @delay_ms1
 Inline        3             @I2C_READ_1
0     74   6   1             @I2C_WRITE_1
0     13   1   0    32  1.0  init_ext_eeprom
0     59   5   1    84  2.4  ext_eeprom_ready
 Inline        4   200  4.5  write_ext_eeprom
 Inline        4   341  4.8  read_ext_eeprom
0    121   9   9   197  5.8  write_int16_ext_eeprom
0    248  19   9   219  5.8  read_int16_ext_eeprom
0    219  17   6   684  5.7  MAIN
0     54   4   0             @const114
0     31   2   2             @ITOF
0    119   9  13             @MULFF
0     33   3   4             @SFTOI
0     23   2   0             @const122
0     21   2   3             @DIV88
0    107   8   6             @PRINTF_D_9600_62_63
0     91   7   9             @PRINTF_LU_9600_62_63
0     27   2   0    59  1.6  @const131
0     29   2   1    59  1.6  leAd

Program metrics:
    Functions               9
    Statements              73
    Comments                192
    Volume (V)              2938
    Difficilty (D)          31.0
    Effort to implement (E) 91022
    Time to implement (T)   1 hours, 24 minutes
    Est Delivered Bugs (B)  1
    Cyclomatic Complexity   3
    Maintainability (MI)    145

 Segment     Used  Free
-----------  ----  ----
00000-00003     4  0  
00004-007FF  1292  752  
00800-00FFF     0  2048  
01000-017FF     0  2048  
01800-01FFF     0  2048  



